wahoo:~$ vmstat 1
procs -----------memory---------- ---swap-- -----io---- -system-- ------cpu-----
 r  b   swpd   free   buff  cache   si   so    bi    bo   in   cs us sy id wa st
 0  0 786836 15600868   8528 178300   17  242    33   246    2    2  1  0 97  1  0
 0  1 786836 15600868   8536 178292    0    0     0    64  107  102  0  0 100  0  0
 0  0 786836 15600868   8536 178324    0    0     0     0   81   91  0  0 100  0  0
 0  0 786836 15600868   8536 178324    0    0     0     0   66   69  0  0 100  0  0
 1  0 786836 13386784   8536 178348    0    0     0     0  931  254  4  2 95  0  0
 1  0 786836 9635480   8536 178544    0    0   196     0 1112  102  6  2 92  0  0
 1  0 786836 5880332   8536 178544    0    0     0     0 1106   87  6  2 92  0  0
 1  0 786836 2831108   8544 178036    0    0    36    20 1430  503  5  3 91  0  0
 1  0 786836 1116384   8544 178020  160    0   160     0 1384 1078  4  5 91  0  0
 0  2 831208 155728   8532 172304   12 44332   116 44920 1194 1334  2  4 92  2  0
 1  3 956796 155128   8532 171876    0 125520    96 125520 1350 1424  0  3 84 14  0
 0  3 1084316 141460   8532 169636    0 127680    60 127680 1210 1315  0  3 87 10  0
 0  3 1201460 150796   8528 167480    0 116984   136 116984 1084 1500  0  2 89  9  0
 0  3 1291828 156932   8484 164176    4 90440   540 90768  995 1031  0  2 81 17  0
 0  4 1411104 157140   5020 138824    8 119204   236 119492 1322 1204  0  4 84 12  0
 0  7 1495672 153968   2868 130140    8 84800   652 84884 1114 1123  0  3 77 20  0
 0  7 1798652 139224   2740 129864   60 302996  1436 302996 2750 3927  0  3 68 29  0
 1  4 1904220 161232   2604 129604   60 105748   944 105812 1008 1169  0  2 68 29  0
 0  5 2022784 154760   2356 128012    8 118644   284 118644 1211 1391  0  3 72 24  0
 2  3 2149520 143184   2496 128804   20 126340   592 126340 1433 1869  0  3 77 20  0
 1  3 2234944 156768   2204 126804   44 85944  2340 85944 2452 2335  1  6 71 22  0
 0  5 2358824 156744   2204 126948   52 123640   876 123640 1576 1704  1  3 75 21  0
 1  7 2467332 155360   2204 126568  168 108284   484 108284 1995 2484  1  5 69 25  0
 2  2 2553432 169460   2336 126396   72 86156   548 86172 1328 1421  1  3 73 24  0
 0  4 2696156 156172   2440 126028   20 142664   488 142664 1734 1791  1  4 86 10  0
 0  5 2815868 155900   2440 126100   28 120232   460 120232 1269 1428  0  3 89  8  0
 2  5 2941640 161560   2440 126036   76 125860   252 125860 1624 2116  1  3 71 25  0
 1  6 3070140 156080   2436 125840   64 128296   160 128296 1371 1769  0  3 76 21  0
 0  4 3169704 154364   2708 126540   60 99656  1012 99656 1178 1526  0  2 78 19  0
 0  4 3275504 156596   2832 126600   32 106060   264 106060 1155 1388  0  3 78 19  0
 1  3 3405116 161756   2956 126400   28 129572   400 129572 1674 1897  1  4 75 21  0
 1  3 3543200 157688   2956 126496    4 137804    16 137804 1253 1727  0  3 78 19  0
 1  3 3681160 178100   2956 126880   32 137816   148 137816 1749 2130  1  4 71 25  0
 0  4 3786488 162956   3084 126992   20 105580   372 105580 1490 1787  0  4 79 17  0
 0  5 3898104 157060   3220 127484   84 111300   980 111300 1945 2021  1  4 84 11  0
 0  5 4025084 157240   3220 127080   32 127172   120 127172 1834 2126  1  4 82 13  0
 2  3 4149348 157556   3220 126952   60 124088   180 124088 1489 1834  1  4 79 17  0
 2  2 4273988 161708   3224 127232   24 124808   288 124808 1554 1934  0  3 84 12  0
 0  4 4401752 155960   3224 127460   24 127580   532 127580 1488 1562  0  3 84 12  0
 0  5 4531820 159144   3224 127420    4 130276   124 130276 1201 1676  0  3 78 18  0
 2  3 4640388 157004   3224 127988   64 108804   416 108804 1166 1557  0  3 76 20  0
 0  4 4764672 156300   3224 128124   40 124208   504 124208 1731 1858  1  4 86 10  0
 0  6 4911264 156972   3224 128056   52 146688   140 146688 1368 1167  1  3 69 27  0
 1  4 5019040 158952   3224 128020   44 107712   576 107712 1584 1444  1  4 72 24  0
 1  5 5136228 172108   3224 128012   44 117132   236 117132 1690 1988  1  4 74 21  0
 0  3 5251884 157536   3228 128012   56 115440   312 115540 1543 1841  1  4 77 18  0
 0  4 5366076 157136   3228 128512   36 114084   680 114084 1152 1400  0  3 81 15  0
 1  3 5490588 155452   3368 128428   28 124604   296 124604 1342 1963  0  3 80 17  0
 0  5 5621276 157160   3372 128960   36 130532   296 130532 1285 1589  0  3 81 16  0
 0  7 5740372 159488   3520 129868   52 119608  1128 119608 1332 1446  0  3 70 27  0
 0  8 5866184 157888   3520 130532   52 125556   468 125556 1239 1617  0  3 69 28  0
 2  5 5958600 158796   3648 131660  104 92568  1584 92632 1225 1221  0  2 64 33  0
 1  7 6087296 159704   3648 132052  124 128724   712 128720 1665 1861  0  3 67 30  0
 1  5 6188124 157328   3652 133524   32 101212  1156 101216 1424 1651  0  4 64 32  0
 1  2 6233420 156956   3840 134548  212 45196  4176 45196 2386 2752  2  7 75 16  0
 1  4 6351180 156808   3804 134512   40 117832  1076 117832 1354 1360  0  4 79 17  0
 0  4 6467044 155524   3616 131200   20 115844   852 115844 1908 2208  1  4 82 13  0
 0  4 6571124 156180   3616 131632   20 103832   932 103832 1007 1153  0  3 84 13  0
 0  4 6683960 179536   3880 132212   80 113220   716 113220 1007 1101  0  3 82 15  0
 1  4 6758712 210048   3960 134368 2024 76364  5408 76364 1610 1344  0  2 88 10  0
 0  4 6754872 202676   4636 137476 4340    0  8148     0 1163 1213  0  0 79 20  0
 0  5 6751032 190872   4660 145564 4600    0 11652     0 1170 1003  0  0 86 13  0
 0  3 6745400 181800   4924 149376 7216    0  9476     0 1422 1436  0  1 82 17  0
 0  2 6736696 171216   4924 152344 9852    0  9976     0 1284 1314  0  0 90 10  0
 0  2 6726712 160380   4924 156780 10148    0 10712     0 1363 1357  0  0 90 10  0
 0  2 6735672 173572   4284 148524 10388 14336 10388 14856 1388 1278  0  1 91  8  0
 0  4 6727480 162232   4292 150252 12052    0 13556    64 1628 1526  0  0 91  8  0
 0  2 6722360 152412   4432 154228 5432    0  9576     0 1030  965  0  0 87 13  0
 1  1 6729528 161012   4432 156528 12128 18432 14480 18432 1687 1549  0  1 91  9  0
procs -----------memory---------- ---swap-- -----io---- -system-- ------cpu-----
 r  b   swpd   free   buff  cache   si   so    bi    bo   in   cs us sy id wa st
 0  1 6724152 162248   4432 156484 15836 16384 16596 16384 2149 1836  0  1 90  9  0
 0  2 6799160 252448   4544 153236 11112 86028 12244 86028 1634 1460  0  2 84 14  0
 0  1 6737208 193772   4544 153640 58708    0 59160     0 3311 4534  1  1 94  4  0
 0  1 6697272 166832   4472 153012 64500 36872 64500 36872 3667 4924  1  2 94  3  0
 1  2 6699832 167556   4416 153140 34876 36864 35448 36876 2272 2855  1  1 93  6  0
 0  2 6704440 173856   4280 152936 32360 36872 32776 36872 2551 2744  1  1 92  6  0
 0  2 6698808 163508   6148 158212 3240    0 10576     0 1384 1100  0  0 82 18  0
 0  2 6691640 152412   6688 161828 5424    0  9420     0 1787 1387  0  1 87 12  0
 0  4 6725944 176352   6860 162860 3260 36872  5260 37228 1189  885  0  1 82 17  0
 0  6 6722104 168752   6860 165424 3888    0  6356     0  986  959  0  0 84 16  0
 0  5 6718520 162412   6868 166800 4456    0  5628    80 1214 1114  0  0 83 17  0
 0  2 6711608 152756   6868 167824 7704    0  8712     0 1708 1539  0  0 85 14  0
 0  8 6743096 173656   6732 168428 4632 34816  5848 34816 1729 1207  0  1 74 25  0
 0  7 6738488 167820   7176 169624 4420    0  6180     0 1235 1197  0  0 75 25  0
 0  5 6732856 160196   7788 171392 5584    0  7732     0 1987 1775  0  1 76 23  0
 0  5 6771768 195784   6556 165844 4176 42776  9036 42828 1512 1244  0  1 84 14  0
 0  3 6835768 264476   6560 165884 2060 65888  3328 65888 1216 1029  0  1 82 17  0
 0  6 6828856 257568   6560 168060 6184    0  8312     0 1842 1734  0  0 79 20  0
 0  4 6824248 252656   6796 168972 5448    0  6520     0 2208 1667  1  1 76 23  0
 0  2 6818104 241516   6956 172760 6544    0 10220     0 2044 1355  0  0 89 10  0
 0  2 6812472 228336   8764 176304 5652    0 10600     0 1342 1186  0  0 94  6  0
 0  2 6807096 214160   9060 183252 5436    0 12620     0 1145  974  0  0 94  5  0
 0  3 6801464 204632   9908 187176 5816    0 10336    52 1515 1075  0  0 90  9  0
 0  9 6799672 198344  10340 187416 1728    0  2400  1304 1140 1321  0  1 77 22  0
 0  3 6795832 186196  10368 193272 4316    0  8596     0 1489 1169  0  1 83 17  0
 0  1 6791480 176928  11212 199660 4404    0 10996     0 2265 1696  1  1 89 10  0
 1  1 6748308 165984  10148 186088 68824 24576 68952 24576 4191 5429  1  2 94  4  0
 0  1 6752312 173336   9952 182360 37808 40964 37808 41908 2341 2969  1  1 94  4  0
 0  1 6731764 160484   9780 178680 55352 34816 55564 34816 3242 4269  1  1 94  3  0
 0  1 6717240 167108   9064 175140 54352 38916 54352 38916 3113 4097  1  2 95  3  0
 0  1 6694712 168896   9024 174688 37560 16384 37560 16452 2146 2874  1  1 93  5  0
 0  1 6665192 165620   8944 173628 49448 32772 49448 32772 3050 3907  1  2 94  4  0
 0  1 6650520 172676   8768 172240 52932 38920 52932 38920 2967 3953  1  2 94  3  0
 0  1 6653496 173936   8688 171532 48884 51204 48884 51204 3014 3850  1  2 94  3  0
 0  1 6609720 191324   8260 168776 61796 16392 61796 16392 3161 4580  1  2 95  2  0
 0  1 6537272 155628   7988 167192 72700   16 72700    16 3667 5344  1  1 94  3  0
 0  2 6532256 170140   7872 171612 13380 8200 18628  8200 2280 2220  0  1 89 10  0
 0  1 6489656 172724   7628 170908 47556 10244 49308 10352 2866 3729  1  1 93  5  0
 0  1 6443216 192372   6732 167008 57684 12308 57704 13072 3362 4375  1  1 93  5  0
 0  2 6469944 216356   6064 163752 42748 69212 42748 69212 2606 3241  1  2 91  7  0
 0  1 6404664 160412   5736 163172 65220  424 65220   424 3284 4846  1  1 95  3  0
 1  1 6399800 152380   4552 162312 55784 51004 55784 51004 3117 4211  1  2 94  3  0
 0  2 6416184 157924   4372 161080 39656 55496 39656 55564 2438 3060  1  2 94  4  0
 0  1 6438968 175108   4328 159976 30944 53248 31104 53248 2348 2786  0  2 90  8  0
 0  1 6448952 187992   3740 159104 39740 49160 39740 49160 2331 3059  1  1 95  3  0
 0  2 6428216 169628   2564 157080 60064 38836 60064 38836 3250 4418  1  2 94  3  0
 0  1 6488888 235020   2188 157164 21972 82008 21972 82008 1629 1826  0  2 95  3  0
 0  1 6419256 168996   2188 157036 68496    0 68496     0 3384 4985  1  1 95  3  0
 0  1 6424376 163436   1944 155836 54744 61440 54948 61440 3223 4122  1  2 92  6  0
 0  2 6434616 168492   1936 153900 55772 66656 55772 66716 3170 4135  1  2 94  4  0
 0  1 6425912 162444   1928 152704 45088 35744 45088 35744 2623 3448  0  1 94  4  0
 1  1 6429752 169248   1928 152064 49412 52976 49412 52976 2910 3754  0  2 94  4  0
 0  1 6443984 169248   1928 152004 40096 53520 40096 53520 2547 3091  1  2 95  3  0
 1  0 6432568 164688   1928 151856 47004 34816 47004 34816 2926 3716  1  2 94  3  0
 0  3 6449464 167704   1920 151236 46524 62760 46524 62760 2840 3531  1  2 92  5  0
 0  1 6453816 175264   1912 151280 38012 41692 38364 41692 2316 3020  0  1 94  5  0
 1  1 6446904 158160   1904 150900 47832 43008 47832 43008 2790 3744  1  1 95  3  0
 0  1 6468408 178068   1884 150096 38072 59392 38072 59392 2450 2982  1  2 93  4  0
 0  3 6443320 160152   1816 149500 58172 33248 58768 33248 3365 4425  1  2 92  6  0
 0  1 6474552 182076   1800 149124 31516 63016 31524 63016 2082 2510  0  2 89  9  0
 1  0 6457144 166012   1792 148692 49020 30720 49020 30720 2781 3756  1  1 94  4  0
 0  2 6478224 182644   1692 146536 45664 72228 45724 72228 2685 3430  1  2 93  5  0
 0  1 6488368 191432   1680 146468 27372 42472 27372 42472 1796 2181  1  1 94  4  0
 0  3 6531128 223436   1656 144744 42736 85208 42808 85208 2937 3384  0  2 88  9  0
 0  2 6475324 167224   1656 145620 57372  820 58108   820 2966 4223  1  1 96  3  0
 0  2 6469948 153624   1656 155500 5176    0 15008     0 1065  944  0  0 95  5  0
 0  2 6492216 171072   1484 148540 46460 68004 47836 68004 3289 3763  1  2 91  6  0
 0  1 6490452 177560   1484 148296 47556 44636 47556 44636 2752 3642  1  2 95  3  0
 0  2 6498616 170504   1484 148028 52100 59836 52100 59836 2893 3886  0  2 94  4  0
procs -----------memory---------- ---swap-- -----io---- -system-- ------cpu-----
 r  b   swpd   free   buff  cache   si   so    bi    bo   in   cs us sy id wa st
 1  1 6505132 177308   3288 148640 25944 32324 28540 32324 2310 2639  0  1 93  6  0
 1  0 6487508 153620   3288 148664 52980 34816 52980 34816 2842 3905  1  2 94  3  0
 1  1 6502712 163448   3292 148144 32432 49896 32432 49908 1900 2524  1  1 86 13  0
 1  0 6495032 158376   3292 148052 51120 42264 51120 42264 2971 3933  1  2 94  4  0
 0  2 6529592 179576   3292 147636 39472 73436 39472 73436 2391 3033  0  2 92  6  0
 0  1 6526776 178576   3560 148072 35208 33060 36204 33060 2437 2897  1  1 93  6  0
 0  1 6516536 162196   3560 147808 48836 38912 48836 38912 2644 3649  1  1 95  3  0
 1  0 6533944 176308   3560 147120 48356 67584 48356 67584 2850 3719  1  2 93  5  0
 0  1 6528568 166480   3560 147348 40480 34816 41008 34816 2623 3238  0  1 92  6  0
 0  1 6445368 160700   3560 147104 83164    0 83164     0 4091 5969  1  2 95  3  0
 0  1 6445112 171284   3560 146480 53876 55300 54192 55300 3295 4107  1  2 92  5  0
 0  1 6431544 155904   3560 146536 61244 47104 61244 47104 3412 4572  1  2 93  4  0
 2  0 6421048 151620   3560 146436 45652 34816 45652 34816 2815 3474  1  2 94  4  0
 0  1 6437944 158676   3560 146360 42600 65536 42600 65544 2740 3244  0  2 94  4  0
 0  1 6430008 153384   3560 146476 42972 36864 42972 36864 2765 3384  1  2 95  3  0
 0  1 6453816 155548   3560 146268 37772 61440 37836 61440 2734 3068  0  2 93  5  0
 0  1 6412600 153336   3556 146136 60004 20480 60004 20480 3179 4382  1  1 95  3  0
 0  1 6423864 158156   3556 145868 41708 53248 41708 53248 2593 3176  1  2 94  4  0
 1  0 6420736 154264   3556 145676 44692 40960 44692 40960 2755 3424  1  2 94  4  0
 0  2 6432824 156532   3560 145524 48408 60988 48408 60992 2817 3635  1  2 92  6  0
 0  2 6435384 153484   3560 145620 51400 53920 51400 53920 3218 3884  1  2 93  4  0
 0  1 6425912 153956   3560 145632 40336 30500 40336 30500 2440 3133  1  1 95  3  0
 0  1 6433336 153712   3560 145444 52372 59392 52372 59392 3188 3958  0  2 94  3  0
 0  1 6436152 154232   3524 145384 42816 45056 42816 45056 2668 3293  1  2 95  3  0
 0  1 6437944 155240   3476 145356 43616 45056 43616 45056 2819 3433  1  2 95  3  0
 0  1 6446904 152444   3440 145464 40280 49152 40280 49152 2764 3185  1  2 94  3  0
 0  1 6455864 153876   3432 145232 38480 47104 38480 47104 2547 3044  1  2 95  3  0
 0  2 6463032 155892   3432 145688 7648 14336  8244 14336 1645 1237  0  1 91  8  0
 0  2 6468920 159096   3392 146220 6268 12288  6596 12288 1234  935  1  1 93  6  0
 0  1 6513976 201840   2976 144968 26256 71680 26800 71680 2182 2230  0  2 91  7  0
 0  1 6478904 182640   2924 144956 60788 26624 60792 26624 3542 4887  1  1 95  3  0
 0  1 6456632 157960   2912 144868 59492 36864 59492 36864 3346 4507  1  2 94  3  0
 0  1 6449720 153424   2912 144868 43796 36864 43796 36864 2790 3421  1  2 94  3  0
 0  1 6462520 154432   2912 144868 41084 53248 41084 53248 2656 3256  0  2 95  3  0
 1  0 6461240 150400   2912 144964 46612 47104 46612 47104 2909 3613  1  2 94  3  0
 0  1 6470968 150392   2880 144900 48160 57344 48160 57344 3126 3622  1  2 94  3  0
 0  1 6479416 152920   2864 145124 45148 53248 45368 53248 2820 3462  0  2 93  4  0
 0  1 6474296 152920   2860 145104 51908 47104 51908 47104 3148 3978  1  2 94  4  0
 1  1 6485304 155692   2852 144916 44308 55296 44308 55296 2850 3453  1  2 94  4  0
 0  1 6475064 151872   2852 144928 47368 36864 47368 36864 2844 3631  1  2 94  4  0
 0  1 6473784 151848   2844 144912 46684 47104 46684 47104 3054 3655  0  2 94  4  0
 0  1 6467384 148084   2840 144876 45440 40960 45440 40960 2863 3502  1  2 94  3  0
 0  1 6473528 150604   2824 144888 42248 49152 42248 49152 2686 3317  0  2 94  4  0
 0  1 6475160 148840   2816 144848 47976 51200 47976 51200 2947 3616  1  2 94  4  0
 0  1 6476036 148588   2800 144888 47012 47104 47012 47104 2949 3563  0  2 95  3  0
 0  1 6467128 145792   2800 144816 45620 38912 45620 38912 2980 3551  0  2 94  4  0
 1  0 6467128 145792   2796 144828 45300 45056 45300 45056 2800 3523  1  2 94  4  0
 0  1 6468920 144808   2792 144760 41076 43008 41076 43008 2827 3278  1  2 93  4  0
 0  1 6475236 147832   2784 144436 53272 61440 53272 61440 3236 4018  0  2 94  3  0
 0  1 6463288 146316   2780 144972 53100 40960 53100 40960 3034 3942  1  2 95  3  0
 0  1 6462776 142780   2772 144672 46356 47104 46356 47104 3020 3660  1  2 94  3  0
 0  1 6465152 144552   2760 144660 49728 51200 49728 51200 3056 3826  0  2 94  3  0
 0  2 6484356 143576   2756 144372 45620 64500 45620 64500 2914 3540  1  2 93  4  0
 0  1 6470456 144592   2744 144396 42452 33804 42452 33804 2725 3266  1  2 94  4  0
 2  0 6468092 144340   2744 144604 45596 43008 45596 43008 2918 3551  1  2 94  4  0
 0  2 6496824 158908   2716 144220 42708 71484 42708 71484 3113 3414  1  2 93  4  0
 0  3 6495380 163396   2684 150404 6124 4292 12168  4292  979  915  0  0 93  6  0
 0  2 6550072 225428   2220 145152 29104 85148 29872 85148 2277 2491  1  2 91  6  0
 0  1 6534456 220632   1952 145032 41644 25564 41644 25564 2343 3200  0  1 95  3  0
 1  1 6522936 204392   1692 142928 72680 61104 72680 61104 3806 5296  1  2 93  4  0
 0  2 6534100 223040   1816 142968 32656 43440 32884 43440 2148 2582  0  1 93  5  0
 0  1 6483412 170208   3476 144056 51028    0 53752     0 3245 4319  1  1 94  5  0
 0  1 6472156 156348   3476 144260 58880 47116 58880 47116 3266 4362  1  2 93  4  0
 1  2 6510648 189296   3484 143628 31368 69768 31368 69780 2207 2522  0  2 92  6  0
 0  2 6478904 166932   3760 145732 42232 10524 44684 10524 2458 3270  1  1 95  4  0
 0  2 6474808 156316   5016 150292 4004    0  9812     0 1290  978  0  0 91  9  0
 0  3 6491972 163868   5288 159556 3304 20480 12144 20480 1320 1050  0  1 87 13  0
 0  5 6495288 172916   5224 152944 16120 18532 19544 18532 1951 1880  0  1 92  7  0
 0  1 6480696 156284   5384 155440 14508    0 17188     0 1514 1623  0  1 93  6  0
procs -----------memory---------- ---swap-- -----io---- -system-- ------cpu-----
 r  b   swpd   free   buff  cache   si   so    bi    bo   in   cs us sy id wa st
 1  1 6481720 164344   5328 155324 54312 57408 54416 57408 3219 4152  0  2 93  4  0
 1  0 6485048 162328   5324 155372 40104 43020 40104 43020 2425 3136  1  1 94  4  0
 0  2 6507320 187632   5332 155640 31168 53592 31920 53648 2715 2960  1  1 90  8  0
 0  1 6485048 167504   5332 155552 64748 43576 64748 43576 3443 4799  1  2 94  3  0
 1  2 6485304 170048   5332 155852 35064 36372 35972 36372 2458 2895  1  1 92  6  0
 0  1 6486728 182208   5332 155324 42220 43452 42220 43452 2440 3195  0  2 95  3  0
 0  1 6459448 164584   5300 154940 54572 29752 54572 29752 2942 3985  1  1 94  4  0
 0  2 6491448 192556   5176 152856 46844 79592 46844 79592 2785 3533  1  2 92  5  0
 1  1 6445624 155764   5100 153256 54892 9160 55012  9208 2865 4076  1  1 93  6  0
 1  1 6475644 195832   4936 152080 45340 74896 45340 74900 2864 3448  1  2 94  3  0
 0  1 6436408 158912   4936 150900 67360 27988 67360 27988 3485 4872  1  1 95  3  0
 0  1 6438200 162692   4296 149500 51940 53788 51940 53788 3014 3781  1  2 94  4  0
 0  1 6431800 169276   3840 148572 50052 43044 50052 43044 2775 3735  1  1 95  3  0
 0  2 6445112 182844   3600 148808 38772 52012 39184 52012 2689 3228  1  1 93  5  0
 0  2 6409616 157896   3424 148684 70208 34144 70208 34144 3541 5057  1  2 94  4  0
 0  2 6424376 176260   3172 148444 19064 33996 19064 34696 1521 1612  0  1 92  7  0
 0  2 6471992 196924   2524 147436 26496 73876 26496 74020 1936 2235  0  2 92  6  0
 0  1 6435812 158108   2384 147328 61428 25052 61428 25052 3010 4472  1  1 94  4  0
 0  1 6448952 161472   2228 146288 65328 78124 65328 78124 3866 5109  1  2 94  3  0
 1  1 6433848 154692   2204 145976 51520 36516 51520 36516 3156 3909  1  2 94  4  0
 0  1 6460472 179892   2096 145200 38472 67024 38472 67024 2378 2947  0  2 94  4  0
 0  2 6446136 161232   3436 147312 14924    0 18396    48 1160 1473  0  0 89 10  0
 0  4 6490680 191432   4200 150000 13580 59492 18060 59492 2070 1655  0  1 87 11  0
 0  2 6466360 169436   4292 152200 25272  664 27128   664 2366 2394  0  1 90  9  0
 0  1 6478976 172436   4404 152824 29132 41304 30092 41304 2151 2418  0  1 93  5  0
 1  1 6552632 247816   4000 149084 23488 97328 23488 97328 1836 1958  0  2 91  7  0
 0  1 6518072 209772   4072 150556 47000 11536 48384 11536 2957 3766  0  1 91  8  0
 1  1 6494520 180604   4072 150024 59468 36960 59468 36960 3202 4530  1  2 94  3  0
 0  1 6470712 179628   4216 150412 45224 21452 45880 21508 3032 3915  1  1 92  7  0
 0  1 6428216 152428   4216 149564 78752 35244 78752 35244 4447 5711  1  2 93  4  0
 0  2 6486028 204056   4216 148828 2512 60180  2512 60880  646  542  0  1 91  9  0
 0  2 6508856 210068   4208 147056 53744 76836 53744 76960 3078 4038  1  2 92  5  0
 0  1 6465592 175104   4188 146652 45196 1464 45476  1464 2369 3365  0  1 90  8  0
 0  4 6524472 251192   4148 143036 26716 85644 26840 85644 2046 2186  0  2 86 12  0
 0  1 6475064 201152   4944 144296 47884    0 49920     0 3007 4098  1  1 93  6  0
 0  2 6454644 168644   4920 143928 61600 42556 61600 42556 3409 4649  1  2 93  5  0
 0  2 6451256 166628   4796 143896 42120 38604 42120 38644 2224 3128  0  1 94  4  0
 0  1 6443196 168392   4732 144180 33608 24604 33716 24604 2152 2769  0  1 95  4  0
 1  1 6450744 178156   3948 142728 45064 52212 45064 52212 2698 3453  1  2 94  4  0
 0  1 6437440 172612   3948 143072 36708 23264 36884 23264 2587 3025  0  1 92  6  0
 0  1 6450648 182944   3692 143012 46588 61052 46668 61052 2836 3502  1  2 93  5  0
 0  1 6448184 171980   3568 142632 40892 38248 40892 38248 2424 3087  1  1 93  5  0
 0  1 6408248 178296   3044 141624 68900 29148 68900 29148 3741 5038  1  2 94  3  0
 0  1 6396216 162924   2808 141444 44208 33436 44208 33436 2619 3313  0  1 95  4  0
 1  0 6406456 177020   2744 141600 34760 44840 35180 44840 2832 2980  1  1 94  4  0
 0  1 6403384 175516   2744 141172 30504 26092 30504 26092 1999 2595  0  1 96  3  0
 0  2 6404664 169468   2744 140896 25468 25384 25468 25384 1839 2287  0  1 95  3  0
 0  2 6389816 157120   2740 149280 15604  700 23920   700 1413 1599  0  0 95  5  0
 0  1 6396472 159860   2068 150540 12628 19180 20192 19188 1712 1533  0  1 92  7  0
 0  2 6403972 173404   2456 151392 21104 28644 22784 28644 2092 2260  0  1 93  6  0
 0  1 6409008 172144   2604 151296 41748 48012 42068 48012 2840 3311  1  2 94  5  0
 0  1 6407736 177180   2604 150824 51204 49580 51204 49580 2853 3789  0  2 94  4  0
 0  1 6425400 202852   2400 149468 37732 55164 37732 55164 2558 3045  0  2 94  4  0
 0  2 6386232 162784   2408 149432 40032    0 40032    12 2196 3076  1  1 95  4  0
 0  2 6426424 197276   2368 147400 48536 88128 48536 88128 3055 3691  0  2 92  5  0
 1  1 6377272 154500   2368 147864 49360   56 49876    56 2811 3877  0  1 94  4  0
 0  1 6380856 170376   2368 147104 47336 51592 47336 51592 3179 3624  1  2 94  4  0
 0  1 6387768 172140   2312 146444 44708 51472 44708 51472 2626 3397  0  2 95  3  0
 0  1 6366908 165588   2160 145728 55592 34952 55592 34952 3092 4112  1  2 94  3  0
 0  1 6353208 156508   2088 144400 49440 35584 49628 35616 2807 3651  1  1 95  3  0
 0  2 6432392 235792   1916 141684 7324 87232  7720 87232 1557 1216  0  2 92  7  0
 0  1 6411400 213136   1964 142024 22360    0 22636     0 1878 2257  0  1 95  4  0
 0  1 6365064 167144   1964 141916 46092    0 46092     0 2359 3493  1  1 96  3  0
 1  2 6369836 162388   1908 141160 54976 59336 54976 59336 3520 4168  1  2 94  4  0
 1  0 6358840 166168   1808 141276 41996 31772 42328 31772 2652 3227  0  1 95  4  0
 0  1 6373432 177556   1812 140640 33784 48084 33784 48088 2423 2627  0  1 92  6  0
 0  1 6351928 156388   1748 140384 53872 32092 53996 32092 3087 4046  1  1 95  4  0
 1  0 6348344 159160   1684 139940 52792 48720 52792 48720 3113 3863  0  2 95  4  0
 1  1 6352184 163160   1608 139740 46116 49756 46116 49756 3044 3381  0  1 93  5  0
procs -----------memory---------- ---swap-- -----io---- -system-- ------cpu-----
 r  b   swpd   free   buff  cache   si   so    bi    bo   in   cs us sy id wa st
 1  1 6346808 157616   1608 139604 7012    0  7012     0  946 1039  0  0 97  3  0
 0  1 6330936 154600   1600 139944 39672 22748 39672 22748 2660 3155  0  1 95  3  0
 0  1 6330584 156120   1592 139604 49588 49484 49628 49484 3414 3790  1  2 92  5  0
 0  1 6323512 147296   1588 139536 32516 24512 32516 24512 2355 2643  0  1 96  3  0
 1  0 6325048 147012   1588 139544 4200 4236  4200  4236  783  907  0  0 97  2  0
 0  1 6327352 147516   1588 139568 3652 4168  3652  4168  748  809  0  0 97  2  0
 0  1 6327608 147784   1588 139392 35180 34556 35180 34556 2381 2746  0  1 96  3  0
 0  1 6339128 153816   1588 139372 38792 50224 38792 50224 3146 3102  0  2 94  4  0
 0  1 6324024 150540   1588 139456 39200 23616 39200 23616 2751 3222  0  1 94  4  0
 1  1 6325816 151564   1588 139280 49848 51072 49848 51072 3756 3801  0  2 94  4  0
 0  1 6325816 149800   1584 139416 49976 50104 49976 50104 3627 3739  1  2 94  3  0
 0  1 6322108 151564   1580 139224 28304 23660 28304 23660 2177 2397  0  1 95  4  0
 0  1 6324792 152320   1580 139236 2608 4556  2640  4556  880  867  0  0 97  3  0
 0  2 6323000 149292   1580 139304 3164    0  3228     0  921  908  0  0 96  3  0
 0  1 6330936 153324   1576 139408 11244 18040 11360 18040 1566 1401  0  1 96  4  0
 0  2 6358072 172696   1560 139176 34520 61280 34520 61280 2727 2818  0  2 93  5  0
 1  0 6349880 176036   1560 138896 40072 31432 40072 31432 2460 3087  1  1 94  4  0
 0  2 6331960 152584   2876 143148 18028    0 23580     0 1780 1899  0  0 93  6  0
 0  4 6363192 180044   3808 145412 2240 33232  6628 33232 1367  883  0  1 85 13  0
 1  0 6350392 163016   4192 147492 28188 15380 36680 15380 2535 2756  1  1 91  7  0
 0  2 6351416 165544   4192 147344 40908 41492 41068 41492 2568 3180  0  1 95  3  0
 1  1 6368056 177356   4192 146716 44476 60800 44476 60800 3106 3443  1  2 93  4  0
 0  5 6365752 172356   4336 150048 3780 1292  7352  1292 1475 1298  0  0 88 11  0
 0  1 6361144 162036   4632 153228 5012    0  8608     0 1766 1438  0  1 87 12  0
 0  3 6367800 178432   4640 151228 51100 57664 51260 58176 3503 3954  1  2 89  8  0
 0  1 6367800 178432   4644 151340   16    0   140   428  266  403  0  0 89 11  0
 0  3 6350392 167992   4644 152712 28000 10264 29636 10864 2282 2572  1  1 90  9  0
 0  1 6364472 179016   4532 152032 43544 57320 43544 57348 2590 3319  0  2 93  5  0
 0  1 6353720 166196   4532 152460 12544    0 12968     0 1387 1622  0  0 96  3  0
 0  2 6351928 168212   4364 152120 28280 25692 28280 25780 2128 2340  0  1 95  4  0
 0  1 6351416 168464   4000 151372 20524 19320 20524 19332 1568 1702  0  1 94  5  0
 0  1 6346824 162920   3992 151472 9844 2364  9944  2364 1266 1588  0  0 95  5  0
 0  1 6359096 171488   3444 149908 41764 52444 41764 52444 2670 3216  0  2 94  4  0
 0  2 6353720 162668   3444 150152 20324 13432 20428 13432 1414 1905  0  1 97  2  0
 0  1 6368056 187612   3164 148456 28872 43172 28872 43172 1997 2279  0  1 93  5  0
 0  1 6342200 160144   3164 148440 27096    0 27096     0 1774 2316  0  1 96  3  0
 1  2 6369592 178028   2616 147788 12600 38556 12856 38556 1494 1365  0  1 95  3  0
 2  2 6366008 172476   4076 150152 3392    0  7164     0  905  786  0  0 92  8  0
 0  3 6360632 159512   4204 156556 5924    0 12712     0 1958 1466  0  1 87 12  0
 0  2 6372408 167820   4096 164384 4436 16124 12436 16124 1379  995  0  1 91  8  0
 0  1 6356812 162804   3712 161028 29112 12976 30360 12976 2275 2613  0  1 94  4  0
 1  2 6375224 178972   3708 160280 44592 62684 44764 62684 3000 3357  0  2 92  6  0
 0  1 6359352 162844   3708 160236 48736 32824 49260 32824 2801 3726  0  1 93  5  0
 0  2 6360632 166088   4376 160608 24020 24812 25648 24812 2497 2480  0  1 93  6  0
 1  0 6371640 174644   4340 160300 25544 35992 25544 36052 2418 2956  0  1 94  4  0
 0  1 6353464 157320   4284 159580 51360 32792 51360 32792 2947 3793  1  1 95  3  0
 1  0 6352952 158800   4132 157412 42264 41972 42264 41972 2512 3193  0  1 94  4  0
 0  1 6370872 175684   3980 153976 37836 55060 37836 55068 2695 2901  0  2 94  4  0
 0  1 6355000 171148   3968 152892 30256 14328 30256 14328 2349 2675  0  1 95  4  0
 0  1 6354232 168604   3972 153692 1012    0  1788     0 1400 1243  0  0 93  7  0
 0  1 6353208 166964   4100 153760 1492    0  1700     0 1082 1015  0  0 95  4  0
 0  1 6351160 164192   4100 153760 2776    0  2776     0 1043 1008  0  0 96  4  0
 0  1 6345272 157892   4100 153756 6356    0  6356     0 1214 1311  0  0 92  8  0
 0  1 6346552 157136   4092 152780 40316 41488 40316 41488 3042 3189  0  2 94  4  0
 0  1 6341432 152588   3944 151680 23124 17904 23228 18768 1781 2143  0  1 93  6  0
 0  1 6368568 179536   3168 149672 38384 65436 38384 65436 2865 3001  0  2 94  4  0
 0  2 6385620 191632   2652 147824 28660 44360 28660 44360 2435 2462  0  1 95  3  0
 2  1 6335708 156352   2652 147712 51008  828 51008   828 2632 3779  1  1 94  5  0
 0  2 6368568 179032   2120 146092 4612 36112  4612 36112 1003  831  0  1 95  4  0
 1  0 6355000 172976   2060 146388 14852   16 15060    16 1520 1896  0  1 96  3  0
 0  1 6352696 170528   2068 146396 2336    0  2336    40  897  980  0  0 90 10  0
 1  0 6345272 159944   2068 146316 10448    0 10448     0 2217 3037  0  0 94  6  0
 0  1 6354232 169268   1972 145244 36940 44500 36940 44500 2666 3057  0  1 93  5  0
 0  1 6349368 158180   1924 144852 44848 39476 44848 39476 2929 3514  0  2 95  4  0
 0  1 6347576 162444   1836 143732 44796 43052 45024 43052 2874 3459  0  2 93  5  0
 0  1 6350392 156656   1752 142960 34144 36680 34144 36680 2220 2649  0  1 95  4  0
 0  1 6344504 159728   1712 142980 22068 15156 22068 15156 1660 1985  0  1 95  4  0
 0  1 6383160 193512   1576 141452 15880 53860 15880 53860 1497 1483  0  1 96  3  0
 1  1 6354744 164752   1576 141452 29056    0 29056     0 1675 2454  0  1 97  2  0
procs -----------memory---------- ---swap-- -----io---- -system-- ------cpu-----
 r  b   swpd   free   buff  cache   si   so    bi    bo   in   cs us sy id wa st
 1  3 6352184 174288   1536 140496 54164 51312 54420 51344 3371 4108  0  2 93  5  0
 0  1 6357048 171304   1536 140176 30240 34724 30472 34724 2122 2436  0  1 91  8  0
 1  1 6332728 153160   1536 140092 62044 37592 62044 37592 3711 4553  1  2 94  4  0
 0  1 6348004 162988   1536 139612 19944 33980 19944 33980 1867 1887  0  1 94  5  0
 0  1 6369236 185604   1536 139388 34272 55348 34272 55348 2399 2652  0  1 92  6  0
 0  1 6360632 186676   1536 138748 52924 43796 52924 43796 3087 3904  0  2 94  4  0
 0  1 6361400 179868   1536 138820 36688 36908 36892 36908 2559 2877  0  1 92  6  0
 0  1 6334708 163992   1536 138616 48248 21644 48248 21644 3019 3793  1  1 94  4  0
 1  0 6342712 163252   1536 138372 42724 50464 42724 50464 2687 3203  0  1 94  4  0
 0  1 6336664 158716   1536 138372 47932 41972 47932 41972 2790 3619  0  1 95  3  0
 0  1 6329400 154944   1536 138208 27400 18804 27400 18804 2031 2421  0  1 95  4  0
 0  2 6354284 175608   1536 138004 34412 58664 34600 58664 2901 2845  0  2 93  5  0
 0  1 6327148 152928   1536 137912 28056  336 28056   336 1810 2395  0  1 96  3  0
 0  1 6351908 173844   1536 137972 2548 26504  2548 26504  913  806  0  1 96  4  0
 0  1 6349604 170316   1536 137960 3280    0  3280     0  875  846  0  0 96  4  0
 0  1 6347044 166788   1536 137936 3640    0  3640     0 1020  979  0  0 96  4  0
 1  1 6358584 179604   1536 137772 37192 48260 37236 48260 2624 3033  0  2 92  6  0
 1  0 6360580 180628   1536 137504 39796 41744 39796 41744 2420 3021  0  1 95  4  0
 0  1 6345784 168280   1536 137616 49504 34888 49504 34888 3188 3762  0  2 94  4  0
 1  0 6327828 153160   1536 137592 38432 19732 38432 19732 2570 3038  0  1 95  4  0
 0  1 6358072 169288   1536 137456 10448 40100 10448 40100 1366 1224  0  1 92  7  0
 1  0 6351416 161484   1536 137484 8188    0  8280     0 1460 1555  0  0 95  4  0
 0  1 6345784 165752   1536 137452 22428 15152 22428 15152 1872 2040  0  1 95  4  0
 0  2 6360632 169784   1536 137256 46200 61368 46200 61368 2713 3438  0  2 91  7  0
 0  2 6352816 161972   1536 137316 44504 36160 44504 36160 2903 3485  0  1 94  4  0
 1  1 6356792 172540   1536 137004 40088 43740 40088 43740 2470 3026  0  1 93  5  0
 0  1 6338104 155668   1536 137288 27064 8192 27260  8192 1916 2283  0  1 93  6  0
 1  0 6330936 6819600   1536 137292 20996 13128 20996 13128 1870 2007  0  2 95  3  0
 0  0 794168 15657012   1676 137632  584    0  1096     0  964  718  0  4 95  1  0
 0  0 794168 15641104   1816 152068   24    0 14596     0  429  466  0  0 99  1  0
 0  0 794168 15641104   1816 152068    0    0     0     0   66   72  0  0 100  0  0
 0  0 794168 15641356   1816 152068    0    0     0     0  248  243  0  0 100  0  0
 0  0 794168 15641356   1816 152068    0    0     0     0   72   74  0  0 100  0  0
 0  0 794168 15641356   1816 152068    0    0     0     0   61   67  0  0 100  0  0
 0  0 794168 15641356   1816 152068    0    0     0     0   66   67  0  0 100  0  0
