bonito:~/git/frozemm/expms-disk/simple$ vmstat 1
procs -----------memory---------- ---swap-- -----io---- -system-- ------cpu-----
 r  b   swpd   free   buff  cache   si   so    bi    bo   in   cs us sy id wa st
 0  0 345188 15755536   9388 130452  624  977   713   982   83   82  0  1 97  2  0
 0  0 345188 15755788   9396 130488    0    0     0    56   82  113  0  0 100  0  0
 1  0 345188 12564556   9396 130488   72    0    72     0 1017  208  5  2 93  0  0
 1  0 345188 8821664   9396 130488    0    0     0     0 1094  111  6  2 92  0  0
 1  0 345188 5082608   9396 130488    0    0     0     0 1244  159  6  2 92  0  0
 1  0 345188 1487620   9396 130488    0    0     0     0 1302  270  6  2 92  0  0
 0  1 349796 162128   9396 121972    0 4760     0  5904  929  681  3  3 93  2  0
 1  0 515248 161612   9372 122116    0 165476     0 165476 1180 1024  1  3 95  2  0
 1  0 689252 161004   9372 121772    0 173816     0 173816 1190  979  1  3 94  3  0
 1  1 857444 160932   9372 121964    0 168392     0 168392 1127  935  0  3 94  3  0
 0  1 995376 161624   9380 121956    0 137920    32 137968 1079  918  0  3 90  8  0
 0  2 1135212 161672   9380 122952    0 139904  1060 139904 1095  995  1  2 92  5  0
 0  1 1248592 161648   9380 123912    8 113344   916 113344 1022  884  1  2 91  7  0
 0  1 1433444 161752   9380 123964    0 184992     0 184992 1231 1037  1  3 93  3  0
 0  1 1609572 162088   9380 123964    0 176160     0 176160 1226 1041  1  3 94  3  0
 1  0 1799524 161872   9380 124120    0 189788     0 189788 1419 1219  1  3 93  2  0
 1  0 1977700 163580   9380 124072    0 178176     0 178176 1226 1060  1  3 94  2  0
 1  0 2153828 161748   9380 124060    0 176128     0 176128 1145 1041  1  3 94  2  0
 0  1 2320996 161888   9388 123960    0 167236     0 167292 1088 1036  1  3 92  4  0
 1  0 2510180 162108   9388 123912    0 189116     0 189116 1256 1228  1  3 93  2  0
 0  1 2690148 162368   9388 123968    0 180164     0 180164 1299 1093  1  3 94  2  0
 0  1 2873188 161864   9388 123968    0 183008     0 183008 1221 1079  1  3 94  2  0
 1  0 3058788 161468   9388 123768    0 185408     0 185408 1184 1038  1  3 94  2  0
 0  1 3233636 160404   9388 123656    4 175008     4 175008 1294 1074  1  3 94  2  0
 0  1 3402404 159796   9388 123756    0 168640     0 168640 1112  946  1  3 94  3  0
 1  0 3560692 161392   9388 123796    0 158396     0 158396 1078  948  1  3 94  3  0
 0  1 3750500 160180   9388 123768    0 189764     0 189764 1201 1066  1  3 94  2  0
 0  1 3932772 159740   9388 123724    0 182240     0 182240 1236 1080  1  3 93  3  0
 0  1 4117092 159572   9388 123704    0 184352     0 184352 1239 1065  1  3 94  2  0
 0  1 4252260 159896   9396 123768    0 135168     0 135180  892  818  1  3 92  5  0
 0  1 4437092 159716   9396 123564    0 184740     0 184740 1273 1137  1  3 94  1  0
 1  0 4623460 159628   9396 123736    0 186604     0 186604 1320 1134  1  3 94  2  0
 1  0 4801892 161008   9396 123816    0 178220     0 178220 1180 1023  1  3 94  2  0
 1  1 4990888 159824   9396 123520    0 189092     0 189092 1271 1058  1  3 94  2  0
 1  0 5178468 159904   9396 123560    0 187456     0 187456 1265 1059  1  4 94  2  0
 0  1 5365604 159844   9396 123736    0 187328     0 187328 1293 1127  1  4 93  3  0
 0  1 5541120 160004   9396 123564    0 175456     0 175456 1178 1028  1  4 94  2  0
 1  1 5717348 161896   9396 123844    0 176124    16 176124 1539 1268  1  4 91  5  0
 2  0 5899364 160304   9396 123704    0 181988     0 181988 1259 1089  1  4 94  2  0
 0  1 5937764 167568   9396 123488 27444 65848 27444 65848 2189 2213  4  1 93  1  0
 0  2 5938788 166364   9396 122260 86692 87612 86740 87612 4334 6114  1  2 93  4  0
 0  1 5971144 218984   9376 119088 62112 94776 62204 94804 3331 4438  0  2 91  7  0
 0  2 5944420 199360   9380 117084 90428 63516 90428 63572 4008 6138  0  2 92  5  0
 1  0 5914980 170868   9380 115360 103604 73744 103604 73744 4628 7082  1  2 95  2  0
 0  2 5914468 183224   9208 112952 65736 65632 66816 65632 3279 4653  0  2 92  5  0
 0  2 5893988 169000   8904 113384 76180 55304 77368 55392 4440 5702  1  2 92  6  0
 0  1 5904228 176820   8776 113376 22736 32768 23088 33516 1936 1951  1  1 92  6  0
 0  2 5896332 163716   8352 112584 79864 71712 79864 71712 3820 5605  1  2 94  4  0
 1  2 5894244 166708   7964 111828 59972 57804 60144 57804 3091 4319  1  2 92  6  0
 0  1 5871608 161016   6920 111156 79604 56916 79756 56916 3915 5624  0  2 93  5  0
 0  3 5816420 168088   4528 105256 67696 12432 67732 13004 3219 4681  2  1 90  7  0
 0  1 5766756 152456   3016 101584 100860 51340 101256 51340 4692 7071  1  2 95  2  0
 0  1 5763940 167544   1820  86832 74952 72064 75332 72064 3681 5264  0  2 92  6  0
 0  1 5757876 167572   1820  86588 71696 65692 71908 65692 3516 5027  1  2 93  4  0
 1  1 5764708 167068   1820  86072 88208 94788 88208 94788 4104 6051  1  2 92  5  0
 0  2 5748068 153900   1820  85960 88172 71684 88172 71684 4064 6054  1  2 93  4  0
 0  2 5752676 159224   3472  88612 7200 12004 11372 12024 1498 1480  0  0 90  9  0
 0  1 5770340 181424   3764  89224 62540 79912 63596 79928 3526 4513  1  2 91  6  0
 0  1 5751396 171312   3764  87376 96920 78152 96920 78152 4248 6557  1  2 94  3  0
 0  1 5731172 152916   3148  84324 89932 69768 89932 69768 4133 6182  0  2 94  3  0
 1  1 5759588 169484   3044  84040 71296 99876 71296 99876 3561 5019  1  2 92  5  0
 0  1 5763172 171564   2996  84216 67916 70888 67916 70888 3493 4782  0  2 93  5  0
 0  2 5765476 165484   3668  86808 28492 30920 31540 30920 2360 2818  0  1 90  9  0
 0  2 5842532 228536   3412  86260 41356 118016 41424 118016 2640 3146  0  2 92  5  0
 0  2 5774436 165284   2876  83808 111328 43180 111364 43180 4774 7564  1  2 93  4  0
 0  2 5768968 156968   2832  83864 64788 59268 64788 59268 3413 4464  3  2 93  2  0
 1  1 5784420 170292   2768  84584 55764 71324 56292 71324 2868 3963  0  2 92  6  0
 1  0 5788244 166812   2740  84320 74348 78044 74348 78044 3725 5218  1  2 93  5  0
 0  2 5842020 204928   3104  85444 23996 77784 26192 77784 2616 2517  0  2 89  9  0
 2  0 5810020 183980   3104  85120 70224 38484 70224 38484 3358 4752  3  1 93  2  0
procs -----------memory---------- ---swap-- -----io---- -system-- ------cpu-----
 r  b   swpd   free   buff  cache   si   so    bi    bo   in   cs us sy id wa st
 1  1 5791844 163600   3104  85184 100196 81920 100196 81920 4576 6816  1  2 94  3  0
 0  2 5791588 174948   3104  86024 76532 76236 77560 76236 3770 5372  1  2 93  5  0
 0  2 5786724 157284   3240  98784 4872    0 17764     0 1077  979  0  0 93  7  0
 0  4 5804404 174156   3240  98324 27736 45200 31984 45200 2525 2711  0  1 89 10  0
 1  0 5801316 163496   3504 100512 39884 37004 42268 37004 2700 3236  1  1 87 11  0
 1  0 5809508 182940   3504  99484 61116 69944 61116 69944 3397 4374  1  2 91  5  0
 0  2 5804644 183696   2452  93204 85468 85008 85468 85008 4050 5881  0  2 92  6  0
 1  0 5737060 156732   2428  92548 100236 42940 100236 42940 4463 6802  2  2 94  2  0
 0  1 5733220 156480   1836  86500 86648 82228 86648 82228 4106 5900  1  2 93  4  0
 0  2 5725796 157700   2400  87240 27808 20532 31604 20548 2446 2810  0  1 91  8  0
 0  1 5772132 201116   2400  85876 61072 107324 61460 107328 3297 4350  0  2 92  6  0
 0  1 5757796 177672   1876  83956 94276 79872 94708 79956 4274 6451  1  2 94  3  0
 0  2 5739620 154048   1844  84020 84144 66212 84504 66212 3977 5832  0  2 92  6  0
 1  1 5751140 161472   2092  86232 10752 21856 12344 21856 1655 1422  0  1 92  7  0
 0  2 5762660 166656   2088  84676 74844 86484 74980 86484 3861 5283  0  2 92  6  0
 0  2 5768548 167860   3400  86524 32704 38484 35952 38484 2765 3115  0  1 92  6  0
 0  2 5828708 239932   3408  86176 30320 90292 30320 90312 1979 2260  0  2 90  8  0
 0  1 5753444 167876   3404  83872 100008 24576 100052 24652 4458 6800  3  2 95  0  0
 0  2 5755748 162080   3404  83780 75820 77792 75820 77792 3777 5348  1  2 91  6  0
 1  0 5774436 176128   3404  83844 61292 79940 61292 79940 3126 4385  0  2 93  5  0
 0  1 5780836 177516   3404  84012 67264 73760 67756 73760 3462 4862  0  2 91  6  0
 0  3 5830756 228656   3404  86172 25660 75580 27888 75580 2354 2477  0  2 86 12  0
 0  2 5779812 165160   3404  85836 111352 60412 111352 60412 4858 7532  0  2 93  5  0
 0  2 5804132 179808   3404  85748 80164 104192 80164 104192 3862 5493  1  2 91  6  0
 0  1 5784676 166668   3412  85684 64088 44684 64088 44708 3068 4476  1  2 91  6  0
 0  1 5788260 159140   3412  85592 94708 98348 94708 98348 4339 6503  1  3 94  3  0
 0  2 5793124 162872   3416  86364 70912 75388 71680 75392 3877 5169  0  2 91  7  0
 1  0 5776740 160336   3416  86168 78404 61936 78404 61936 3746 5357  2  2 94  3  0
 0  1 5773156 153596   3416  86048 95660 92240 95660 92240 4209 6502  1  3 94  3  0
 0  2 5810296 169180   3416  85792 71124 108332 71236 108332 3677 4992  1  2 92  6  0
 0  1 5808228 170284   3416  86148 76260 74072 76260 74072 3689 5276  1  2 93  4  0
 0  1 5803364 157328   3416  85784 80660 75800 80852 75800 3869 5569  1  2 93  4  0
 0  2 5839204 174032   3416  85588 69804 105636 69804 105636 3535 4858  0  2 93  4  0
 0  2 5835876 179788   4088  88788 35080 31632 38684 31632 2276 2829  0  1 93  6  0
 0  3 5831268 170168   5488  93064 4520    0 10560     0 1313  994  0  0 94  6  0
 0  2 5824612 156276   5908  98644 7324    0 13164     0 1543 1369  0  0 90 10  0
 0  2 5794916 171652   5584  96368 30508    0 31680   404 2723 3174  0  1 90  9  0
 1  1 5795940 172588   5620  96160 72768 73544 73160 73544 3956 5306  1  2 91  6  0
 1  1 5780548 165280   6180  98320 15764  200 18504   200 1764 1734  0  0 93  7  0
 0  2 5841252 213412   6100  98136 46496 106972 46608 106972 2797 3451  0  2 90  8  0
 0  4 5840484 207868   5936  96928 67968 66912 68176 66980 3210 4727  1  2 90  8  0
 0  1 5812324 187196   5912  97144 29024  304 29252   304 1857 2488  0  1 89 10  0
 0  3 5789540 154940   5416  97288 75892 53256 76372 53568 4149 5521  1  2 90  6  0
 0  2 5837924 187724   5116  97976 27216 75440 28248 75440 2052 2218  0  1 87 12  0
 0  1 5810788 157292   4976  97368 103404 76116 103404 76116 4705 7087  1  3 93  3  0
 0  2 5870692 208132   4416  95940 51588 111336 51588 111336 2768 3657  0  2 92  5  0
 0  2 5820004 165592   4168  95572 97184 46656 97184 46656 4535 6611  2  2 93  3  0
 1  0 5805156 151708   4144  95908 55584 40692 56148 40768 3214 4183  0  2 92  6  0
 0  1 5815140 156172   3996  96172 86324 96256 86324 96256 4345 5987  1  3 94  3  0
 0  1 5793852 157496   3756  96060 90912 69632 90912 69632 4379 6301  1  2 93  4  0
 1  2 5803876 164300   3260  95524 65692 75352 65692 75572 3641 4647  1  2 93  3  0
 0  1 5831012 182176   2700  95340 48916 76212 48960 76456 2730 3512  0  2 89  9  0
 0  2 5808996 155008   2652  94616 95428 73604 95428 73604 4696 6618  1  2 94  3  0
 0  2 5809508 171936   2584  93892 78888 79736 78888 79736 3996 5534  0  2 93  4  0
 0  1 5778276 153252   2568  93528 103556 71964 103556 71964 4503 6958  1  3 92  4  0
 1  1 5814628 176216   2684  93080 41284 77828 41704 77828 2699 3148  0  2 93  5  0
 0  2 5847652 203180   2612  92260 40868 73760 40868 73800 2237 2902  0  2 89  9  0
 0  2 5887844 251152   3032  90288 56316 96296 56892 96296 3261 4257  0  2 90  7  0
 0  1 5784164 157620   4120  91420 118000 14336 120112 14336 5527 8280  1  1 93  5  0
 0  1 5776496 156020   4120  91520 75460 67584 75460 67584 3871 5277  1  2 94  3  0
 2  0 5775716 150312   4120  90912 76580 75940 76580 75940 3914 5382  1  2 94  3  0
 0  3 5837412 212556   3508  91208 36912 98592 40824 98592 2583 2911  0  2 89  9  0
 0  2 5862756 247584   3508  96312 3660 28988  9340 28988  920  748  0  1 92  8  0
 0  4 5854564 232676   3516 101228 9872    0 14112     0 2084 1818  0  1 89 10  0
 1  0 5776740 155560   2752 100688 78012    0 83468     0 3799 5621  1  1 93  5  0
 1  0 5777512 154552   2752 100576 79600 79872 79600 79880 4289 5654  1  3 94  3  0
 0  1 5770596 153804   2752 101176 70444 63488 70884 63488 3761 5022  0  2 94  3  0
 1  0 5769828 151000   2752 100868 82572 81920 82572 81920 4153 5743  0  2 94  3  0
 0  1 5781700 152984   2752 100724 70140 81920 70224 81920 3861 5007  0  2 92  5  0
 1  0 5760356 150200   3068 101048 76596 55296 77184 55296 4368 5895  1  2 94  3  0
procs -----------memory---------- ---swap-- -----io---- -system-- ------cpu-----
 r  b   swpd   free   buff  cache   si   so    bi    bo   in   cs us sy id wa st
 1  1 5767896 149664   3076 101016 65880 73732 65880 73744 3555 4741  0  2 93  5  0
 0  2 5784804 177384   3076 100772 83792 100628 83792 100628 4260 5848  1  3 94  3  0
 0  1 5758564 155208   3076 100524 89388 63212 89388 63212 4014 6097  1  2 93  5  0
 0  2 5823332 211088   3056  99016 31108 95636 32240 95636 2282 2507  0  2 90  9  0
 0  1 5804132 186960   2800  99504 64880 45676 65504 45676 3301 4625  0  2 87 11  0
 1  1 5831268 222268   2680  97608 76712 103460 76712 103460 3941 5330  0  3 90  7  0
 0  2 5818212 190452   2376  96508 99036 85756 99036 85756 4518 6719  1  2 93  4  0
 1  2 5835764 207400   2100  94032 70944 88480 70944 88480 3488 4952  0  2 92  5  0
 1  0 5786212 165820   2100  93980 82644 32900 82644 32912 3578 5660  1  2 95  3  0
 0  2 5865060 252720   2716  90236 21208 99844 22892 99844 2255 2220  0  1 92  7  0
 0  2 5841764 218456   2532  87472 105188 81792 105216 81880 4791 7160  1  2 94  3  0
 0  2 5804132 182760   2396  87860 71880 33992 72280 33992 3572 5089  1  1 93  5  0
 1  0 5842276 228308   2388  84144 62220 100132 62268 100132 3212 4413  0  2 92  5  0
 1  0 5763684 156300   2388  84240 124412 46192 124412 46192 5542 8391  1  2 95  3  0
 0  1 5784932 170412   2388  84260 53204 74176 53316 74176 6298 3849  1  2 93  4  0
 0  3 5780360 160004   2792  86648 43732 38964 46580 38996 3182 3828  0  1 91  7  0
 0  2 5793892 169516   2764  86528 63260 76692 63260 76692 3377 4573  0  2 92  5  0
 0  1 5795172 176636   2764  86528 66804 67880 67000 67880 3696 4720  0  2 92  6  0
 1  0 5780788 172352   2764  86272 79824 65444 79824 65444 3953 5499  1  2 94  3  0
 0  2 5780324 165540   3684  89692 29484 29100 33692 29100 2113 2486  0  1 91  8  0
 0  3 5774948 153640   5184  94304 5460    0 11536     0 1513 1219  0  1 90  9  0
 0  5 5871460 247864   5320  96288 1420 98140  6788 98140 1274  700  0  2 78 20  0
 0  5 5864804 241564   5460  97120 7540   32  9524    32 1439 1262  0  0 91  8  0
 0  4 5859684 232208   6000 101228 5840    0  9848     0 1223 1157  0  0 88 11  0
 0  1 5828708 200456   6004 102204 31376    0 32328     0 2239 2744  0  1 93  6  0
 0  2 5803620 188832   4488  98884 71140 46124 73224 46660 4104 5590  0  2 92  6  0
 1  1 5769572 154072   4436  99140 68704 34576 68912 34652 3902 4934  0  2 91  7  0
 0  1 5789796 176824   4340  99004 62420 82584 62484 82584 3628 4504  2  2 93  3  0
 0  1 5778532 165996   4280  98552 84592 73232 84592 73392 4126 5857  1  2 92  6  0
 1  0 5770084 164956   4280  97804 85940 77604 85940 77604 4324 5904  0  2 95  3  0
 0  2 5790308 177596   4200  98280 48372 68324 49612 68324 2778 3602  0  1 90  8  0
 0  2 5770084 156656   4100  98608 57620 37452 58064 37508 2932 4208  0  1 91  7  0
 1  0 5790900 175548   5600 100516 11924 32676 15788 32676 1696 1469  0  1 94  5  0
 0  3 5785700 156828   5132 100904 91092 85532 91456 85532 4825 6426  1  2 89  9  0
 0  1 5772644 153048   5132 100828 53152 40200 53464 40200 3451 4091  0  1 92  7  0
 0  1 5794964 195096   4760  99828 64652 86796 64652 86796 3424 4576  0  2 93  5  0
 0  1 5764948 163564   4660  99348 85060 55256 85384 55256 4803 5983  1  2 93  4  0
 1  1 5746020 154004   4616  99020 71124 52032 71592 52032 4343 5257  1  2 90  7  0
 0  2 5764452 172652   4520  98584 44352 62624 44696 63324 3050 3544  0  2 90  8  0
 0  2 5776228 177124   4124  96804 63316 75068 63316 75352 3782 4591  0  2 92  6  0
 1  1 5753700 161816   3648  96260 85716 63248 85728 63248 4061 5891  1  2 93  5  0
 2  0 5740644 160020   3560  95472 73560 60368 73792 60500 4236 5339  1  2 93  4  0
 0  1 5754724 172196   3324  94756 68012 82232 68168 82232 3970 4849  0  2 92  5  0
 0  2 5756772 170432   2788  93556 80220 82184 80220 82184 4362 5602  1  2 93  4  0
 0  2 5754724 170180   2128  91528 64088 61920 64088 61996 3324 4408  0  2 92  6  0
 0  2 5753700 179188   1808  86412 88124 87008 88124 87404 4792 6078  1  2 93  4  0
 1  1 5774180 208968   2972  89244 24156 44488 28364 44488 2499 2572  0  1 91  7  0
 1  1 5758308 1771176   3908  90452 15880    0 18120     0 1633 1645  0  1 92  7  0
 0  0 359524 15823340   4312  92000  432    0  2244     0 1281  751  0  4 93  3  0
 1  1 359524 15823088   4568  92572   32    0   812     0  385  297  0  0 100  0  0
 0  0 359524 15822080   4704  92828    4    0   556    60  227  225  0  0 100  0  0
 0  1 359268 15816212   4728  96308  312    0  3684     0  743  739  0  0 98  1  0
 0  1 355428 15804872   4728 107644 4448    0 11916     0 1098 1547  0  0 97  2  0
