wahoo:~$ vmstat 1
procs -----------memory---------- ---swap-- -----io---- -system-- ------cpu-----
 r  b   swpd   free   buff  cache   si   so    bi    bo   in   cs us sy id wa st
 0  0 791096 15581740  11444 196168   18  243    34   247    2    2  1  0 97  1  0
 0  0 791096 15581488  11444 196168    4    0    32     0  231  196  0  0 100  0  0
 1  0 791096 15581488  11444 196368   12    0   180     0  137  163  0  0 100  0  0
 0  0 791096 15581488  11444 196368    4    0     4     0  106  108  0  0 100  0  0
 1  0 791096 15189816  11452 196364   12    0    12    56  442  279  1  0 99  0  0
 1  0 791096 11456936  11452 196364    0    0     0     0 1257  163  6  2 92  0  0
 1  0 791096 7701884  11452 196392    0    0     0     0 1102  104  6  2 92  0  0
 1  0 791096 3942860  11452 196392    0    0     0     0 1091   66  6  2 92  0  0
 1  0 791096 1689224  10556 185072    0    0     0     0 1122  711  4  4 92  0  0
 1  0 791096 401332  10556 184884    0    0     0     0 1106 1202  3  5 92  0  0
 1  0 883512 159832   7592 174356    0 92372     0 93204 1155 1036  1  3 92  4  0
 0  1 1018240 159164   6360 165396    0 134792     0 134816  994  876  0  3 94  2  0
 0  1 1157432 159600   6360 165140    0 139264     0 139264 1052  916  0  3 95  2  0
 0  1 1287940 161468   6360 165396    0 130400     0 130400  937  846  0  3 95  2  0
 1  0 1426744 160868   6360 165504    0 138788     0 138788 1003  917  0  3 93  3  0
 1  0 1539384 160104   6368 165412    0 112648     0 112688  952  811  0  3 90  7  0
 1  0 1690936 162636   6368 165432    0 151600     0 151600 1098  937  0  3 94  3  0
 2  1 1837624 159380   6368 165412    0 146800     0 146800 1020  903  0  3 94  3  0
 1  0 1969572 172948   6368 163812    0 131928     0 131928  881  676  0  3 92  5  0
 1  0 2110412 156104   3360 138144    0 145336   128 145368 1335 1009  1  4 91  5  0
 0  4 2234136 153724   1952 133172    0 119004  1560 119004 1507 1128  0  4 80 16  0
 0  4 2358036 157360   1880 132520    8 124060   200 124060 1341 1590  0  3 78 18  0
 0  3 2474976 152200   1896 131852    8 116800   292 116800 1191 1588  0  3 75 21  0
 1  3 2598100 153336   1936 131064    4 123360   228 123360 1335 1746  0  3 86 11  0
 1  5 2715716 142108   1940 131516   68 117624   160 117624 1595 2388  0  3 80 16  0
 1  4 2844088 147140   1944 131232   28 128368   100 128368 1570 2061  0  3 77 20  0
 1  4 2977300 144352   1944 131508    8 133216     8 133216 1526 2134  0  3 83 14  0
 1  4 3106392 151644   1940 131388   12 129588    76 129588 1639 2325  0  3 80 17  0
 0  5 3223856 157316   2072 131756   28 117200   348 117200 1761 2751  0  3 82 15  0
 0  7 3353548 159248   2056 131620   12 129524   452 129524 1636 2181  0  4 73 23  0
 1  4 3451984 157444   2328 127320   40 98756  2008 98756 2525 2534  1  6 74 19  0
 1  4 3556084 157136   2332 125956  104 104324   412 104324 2707 2650  1  7 64 27  0
 0  6 3680244 154504   2336 125548   64 123836   464 123836 2550 2212  1  6 68 26  0
 0  6 3803020 158308   2336 125448   64 122960   140 122960 1558 1572  0  3 68 28  0
 2  3 3931256 163832   2604 125716   32 128244   624 128244 1469 1870  0  3 72 24  0
 0  6 4065268 158816   2732 125456   36 134176   164 134176 1560 2052  0  3 72 25  0
 5  4 4185944 158460   2732 125296   64 120712   128 120712 1737 2312  0  3 72 25  0
 0  5 4313904 157452   2732 125340   40 128180    52 128180 1601 2161  0  3 71 25  0
 0  6 4443324 157208   2736 124976   64 129396    68 129396 1536 1907  0  3 72 24  0
 0  7 4578704 157444   2740 125352   32 135452   240 135452 1612 2343  0  3 70 27  0
 0  8 4705748 153508   2868 125596   56 126812   256 126812 1370 1906  0  3 67 29  0
 0  9 4827520 150404   2868 126152   72 121932   288 121932 1299 1879  0  3 68 29  0
 0  7 4951680 148684   3008 126840   32 124160   744 124160 1530 2055  0  3 67 30  0
 1  5 5018484 158948   3548 128512  256 67080  2000 67080 2089 2397  1  5 68 26  0
 0  5 5084872 167632   4092 128524   96 66696  5940 66696 2541 2590  2  7 78 13  0
 0  6 5165992 159764   4120 127204  328 81116  2704 81116 2503 2520  1  8 76 15  0
 0  6 5272120 157584   4120 127312  104 105904   372 105904 1238 1225  0  3 68 29  0
 0  8 5395948 157008   4108 127656   68 123828   416 123828 1485 2019  0  3 74 22  0
 1  8 5530968 158312   4108 127704   96 135532   400 135532 1418 2018  0  3 67 29  0
 0  9 5653344 157016   4108 127520   76 122240    76 122240 1357 2037  0  3 73 24  0
 0 10 5784392 156928   4100 127536   56 131088   132 131088 1490 2009  0  3 69 27  0
 0 10 5909804 157568   4100 128196   52 125392   624 125392 1305 1932  0  3 66 31  0
 0  9 6025672 157224   4100 128296  132 115852   452 115852 1573 2306  0  3 71 25  0
 0  7 6150472 145152   4100 128328  112 124800   212 124800 1493 2084  0  3 81 15  0
 1  6 6275524 157728   4100 129136   96 125440   116 125440 1400 1883  0  3 81 16  0
 1  6 6401724 163232   4196 128784   36 126084   284 126084 1486 2012  0  3 77 20  0
 2  5 6539552 157340   4196 128752   40 137732   204 137732 1579 2176  0  4 72 24  0
 1  5 6599316 157992   4868 130888  168 59800  2608 59800 2134 3027  1  5 70 24  0
 0  7 6621216 168408   5004 132728 1084 22540  3664 22540 2226 2316  1  4 71 25  0
 0  6 6617120 161124   5204 135832 4612    0  7956     0 1219 1249  0  0 76 24  0
 0  6 6642720 257996   4584 134632 4100 28852  8456 28852 1146 1136  0  1 77 22  0
 0  7 6639904 252712   4588 137436 3228    0  6012     0  835 1176  0  0 71 29  0
 0  5 6637088 246680   4864 140244 3720    0  6492     0 1107 1236  0  0 75 24  0
 0  5 6632736 239624   4864 141804 5340    0  7124     0 1217 1321  0  0 87 12  0
 0  4 6628128 232056   4868 142936 5916    0  6852     0 1093 1211  0  0 80 20  0
 0  5 6624544 224952   5020 143760 4740    0  5824    52 1054 1244  0  0 80 19  0
 1  6 6621472 216964   5344 147724 3312    0  7300     0 1711 1760  0  1 77 22  0
 1  4 6617120 201288   6524 154932 4748    0 12900     0 2034 2016  0  1 85 14  0
 0  3 6612512 191256   6808 159364 4980    0  9660     0 1232 1136  0  0 88 12  0
procs -----------memory---------- ---swap-- -----io---- -system-- ------cpu-----
 r  b   swpd   free   buff  cache   si   so    bi    bo   in   cs us sy id wa st
 1  3 6603552 174712   7760 166836 10396    0 15332     0 1951 1741  0  1 86 14  0
 0  3 6588704 157072   7900 173544 16504    0 17608     0 1890 1874  0  1 86 13  0
 0  5 6578208 167612   6776 162484 7696    0 13420   460 1901 1740  0  1 85 14  0
 0  3 6572320 157144   6792 163364 9340    0 10260    64 1464 1263  0  0 86 13  0
 1  5 6575904 170964   7516 166056 5148 8192  8680  8192 1777 1435  0  1 79 21  0
 0  3 6571296 156456   7812 171444 4952    0 10540     0 2700 1968  1  1 78 20  0
 0  3 6581536 166416   7824 176356 6824 16388 11848 16388 1926 1417  0  1 85 14  0
 0  3 6573088 161284   7824 177824 8744    0  9740     0 2291 1479  0  1 85 14  0
 1  0 6551328 154980   7824 176664 34640 12288 35208 12288 2713 3154  1  1 92  7  0
 0  1 6503456 179440   7780 174152 59256 12304 59256 12304 3284 4531  1  2 94  3  0
 0  1 6449184 177724   7520 172500 63336 8232 63336  8316 3246 4678  1  1 94  3  0
 0  1 6414480 171724   7372 170616 72308 36880 72308 36880 3931 5369  1  2 93  4  0
 2  2 6420216 169960   6924 168804 45320 52628 45320 52996 2867 3593  1  2 93  4  0
 1  0 6410784 161392   6640 168224 50488 39540 50760 39540 2993 3906  1  2 94  4  0
 0  2 6431008 174528   5452 166936 49220 68896 49220 68896 2840 3670  1  2 94  4  0
 0  1 6428336 172008   5388 164976 45656 43752 45656 43752 2445 3369  1  2 95  3  0
 0  3 6453280 190608   5136 162248 46796 70936 46796 70936 2821 3593  1  2 93  4  0
 0  1 6410528 168748   4860 160776 51604 15092 51604 15092 3048 3920  1  1 92  5  0
 0  3 6455508 205288   4364 159112 8424 53252  8508 53276 1007  831  0  1 81 17  0
 0  2 6434080 175804   4008 157528 62876 42356 63144 42356 3594 4789  1  2 92  5  0
 0  1 6427900 186704   3712 156256 52656 45708 52656 45708 2997 3989  1  2 94  4  0
 0  2 6408060 163772   3684 155532 41304 20480 41400 20480 2525 3220  1  1 95  4  0
 1  2 6418668 165520   3600 152832 53400 63504 53400 63504 3088 4064  1  2 94  4  0
 1  0 6418976 167852   3540 152720 43760 45060 43760 45060 2527 3359  1  2 94  4  0
 0  1 6446112 177176   3504 152932 29100 55320 29752 55320 2378 2474  1  2 93  5  0
 1  0 6404896 154780   3456 152544 63412 24584 63412 24584 3305 4583  1  1 94  3  0
 0  1 6418208 169680   3404 152180 44500 57352 44500 57352 2804 3424  1  2 93  5  0
 0  2 6427168 169900   3380 152228 33680 45060 33912 45060 2262 2692  1  1 93  5  0
 0  1 6422764 184856   3268 151344 56004 51244 56004 51244 3018 4171  1  2 94  4  0
 0  1 6404640 158932   3248 151004 59704 40980 59704 40980 3350 4386  1  2 94  4  0
 0  2 6416416 162208   3156 150664 53292 64924 53292 64924 3057 4034  1  2 94  3  0
 0  2 6437664 170336   3104 150380 40980 61248 40980 61248 2593 3202  1  2 93  4  0
 1  1 6416416 159500   3028 150024 55544 33620 55544 33620 3057 4201  1  2 94  3  0
 0  1 6442784 179628   2928 149996 31244 57364 31672 57364 2126 2521  1  2 92  6  0
 1  0 6451744 171376   2904 149736 51852 61452 52172 61452 3321 4000  1  2 93  5  0
 1  0 6439248 161272   2812 148860 51816 40972 51816 40972 2866 3888  1  2 94  4  0
 0  1 6453280 198128   2704 146780 47248 63500 47248 63500 2836 3616  0  2 91  6  0
 0  2 6426400 162468   2696 146576 63252 38196 63252 38196 3418 4706  1  2 93  5  0
 0  2 6419488 163224   2652 148908 32132 27340 34800 27340 2209 2680  0  1 94  4  0
 0  2 6414112 152388   2652 154340 6172    0 11192     0 1650 1468  0  1 93  7  0
 0  2 6449952 181060   3328 155408 3400 38912  5872 38912 1307 1381  0  1 90  9  0
 1  1 6465824 197816   2648 150024 28920 44624 31816 44624 2368 2754  0  1 93  5  0
 0  1 6506084 243444   2644 149948 21512 61924 21512 61924 1506 1746  0  2 91  7  0
 1  0 6425956 162552   2644 149976 80868    0 80868     0 3803 5775  1  1 95  3  0
 0  1 6431360 160504   4076 150788 30264 34816 32784 34816 2688 3104  1  1 92  6  0
 0  1 6436640 179648   4004 150380 39864 45056 39864 45084 2276 2967  1  1 92  6  0
 0  1 6416928 165536   3980 149916 70600 51200 70600 51200 3598 5064  1  2 94  4  0
 1  0 6426400 168056   3964 149348 50360 59392 50360 59392 2834 3763  0  2 94  4  0
 1  0 6427068 157972   3948 148780 59696 61440 59696 61440 3151 4312  1  2 95  3  0
 0  2 6469000 206348   3776 146472 34452 77828 34468 77864 2243 2687  1  2 93  5  0
 0  1 6434848 168296   3704 146996 55444 22528 56316 22528 3250 4333  1  1 93  5  0
 0  1 6447904 193244   3140 144572 40228 55296 40228 55296 2491 3086  1  2 92  6  0
 0  2 6427936 176864   2516 142192 62396 41872 62396 41872 3283 4613  1  2 94  3  0
 1  0 6415544 167508   2412 142224 45112 31868 45112 31868 2495 3391  1  1 94  5  0
 0  1 6398496 156136   2324 141884 62680 45060 62680 45060 3307 4571  1  2 94  4  0
 0  1 6413856 171572   2288 141536 40332 55296 40664 55296 2845 3301  1  2 91  7  0
 0  1 6421224 174108   2288 141204 54268 61448 54268 61448 2855 3951  0  2 94  4  0
 1  1 6413856 170580   2240 140928 52388 46420 52388 46420 3126 3961  1  1 93  5  0
 1  1 6418720 168028   2100 140340 54212 59336 54212 59336 3061 3986  1  2 93  4  0
 0  1 6430612 164568   2020 140608 43064 54000 43064 54000 2568 3286  1  2 94  4  0
 0  1 6432488 181920   1920 140320 43940 45064 44152 45064 2817 3578  1  2 93  5  0
 0  1 6419008 179896   1824 140500 60564 49156 60564 49156 3202 4538  1  2 94  4  0
 1  0 6381088 152176   1780 140300 58980 20480 58980 20480 3081 4350  1  1 94  4  0
 0  1 6387488 156208   1692 140092 53732 59392 53732 59392 3067 4068  1  2 94  3  0
 0  1 6416244 173060   1616 139848 42760 71684 42760 71808 2498 3214  0  2 93  5  0
 0  1 6413088 180320   1552 139680 53052 49156 53052 49156 3010 3935  1  2 93  4  0
 0  2 6417372 175816   1516 139484 57804 61964 57804 61964 3085 4246  1  2 92  5  0
 0  2 6397472 159184   1496 139520 57584 39648 57584 39648 3114 4275  1  2 93  4  0
 0  1 6401788 167380   1496 139288 40488 45852 40488 45852 2473 3103  0  2 94  4  0
procs -----------memory---------- ---swap-- -----io---- -system-- ------cpu-----
 r  b   swpd   free   buff  cache   si   so    bi    bo   in   cs us sy id wa st
 2  1 6415116 177712   1484 139216 46720 59396 46720 59396 2755 3626  1  2 93  5  0
 1  0 6402336 171160   1460 139436 37472 24576 37600 24580 2177 2871  0  1 92  6  0
 1  0 6403872 176964   1404 139236 53956 57344 53956 57344 3103 4028  1  2 93  5  0
 0  1 6389536 154544   1384 139076 52008 36864 52008 36864 2820 3908  1  2 94  4  0
 0  1 6397728 168908   1364 139064 43468 53252 43468 53252 2613 3337  1  2 94  4  0
 1  1 6386464 153536   1364 139000 58296 52444 58296 52444 3118 4231  1  2 94  4  0
 1  0 6391072 153276   1364 139092 51708 56100 51792 56100 3222 3919  1  2 93  4  0
 0  1 6395424 154032   1364 139196 43028 47104 43028 47104 2528 3234  1  2 95  3  0
 1  0 6399520 153560   1364 139048 47280 51200 47280 51200 2934 3617  1  2 94  3  0
 1  0 6395516 153560   1364 139072 51452 47104 51452 47104 3001 3844  1  2 94  3  0
 0  1 6396192 153560   1364 138944 50740 51200 50740 51200 3005 3856  1  2 95  3  0
 0  1 6404896 156080   1364 139092 45612 53248 45616 53248 3030 3632  1  2 94  4  0
 0  1 6412576 154536   1364 139096 43928 51200 43964 51200 2790 3382  1  2 94  3  0
 0  1 6398240 154284   1364 138992 57436 43008 57436 43008 3302 4250  1  2 94  3  0
 0  1 6386976 151756   1364 139092 48772 36864 48772 36864 3035 3813  1  2 94  4  0
 0  1 6394400 152512   1364 139080 48024 55296 48024 55296 2940 3656  0  2 94  3  0
 0  1 6405700 155568   1364 139084 40092 51200 40096 51200 2712 3125  0  2 94  4  0
 0  2 6404896 154048   1364 140184 29872 28672 31288 28672 2167 2603  0  1 92  7  0
 0  3 6423636 154804   2732 143828 4428 23172  9316 23172 1106  936  0  1 90  9  0
 0  2 6421596 151204   3996 150392 3488 1404 10708  1404 1239  955  0  0 93  6  0
 1  4 6521120 256276   4076 147396 2132 102492  5396 102492 1277  814  0  2 80 18  0
 0  2 6517280 248376   5016 150828 3588    0  8192     0 1589 1461  0  0 86 14  0
 3  2 6509600 238628   5144 152328 8420    0  9932     0 1856 1452  0  0 89 10  0
 0  4 6503456 228296   5700 155552 6228    0 10292     0 1683 1333  0  1 85 14  0
 1  0 6461728 184164   5712 157744 42160    0 43828     0 2531 3430  1  1 92  7  0
 0  4 6499872 229996   4376 150856 34788 72672 35080 73560 2423 2795  0  2 84 14  0
 0  2 6501408 230232   4376 151300 28200 29772 28852 29772 2126 2596  0  1 88 11  0
 0  1 6420768 156396   4504 152132 80180    0 80904     0 3949 5910  1  2 94  4  0
 0  5 6523936 254220   4500 149108 7700 110612  8416 110612 1363  944  0  2 82 16  0
 0  3 6518304 244764   4500 154180 5960    0 11016     0 1534 1195  0  0 85 15  0
 0  7 6513696 237052   4520 157604 4988    0  8556    72 1291 1139  0  0 80 20  0
 0  6 6512416 224136   5776 166016 1532    0 10696     0 1007  981  0  0 84 16  0
 0  5 6508576 210344   6888 173136 3984    0 12172     0 2147 1497  0  1 77 22  0
 0 10 6503712 201412   7312 175312 5508    0  8036     0 1729 1583  0  1 70 29  0
 0  5 6499360 191576   7724 177780 5112    0  8176     0 1630 1545  0  1 64 36  0
 0  6 6495008 178528   7992 183352 5060    0 10548     0 1806 1447  0  1 80 20  0
 0  5 6488608 173040   8340 183620 6508    0  7108    32 2121 1760  0  1 74 26  0
 0  3 6484768 164876   8608 185760 4544    0  6756     0 1652 1308  0  1 84 15  0
 0  2 6488352 154192  10552 190640 4596 8192 11956  8192 2276 1510  0  1 90  9  0
 0  2 6497720 157412  10688 191716 5376 14336 11992 14336 1355 1106  0  1 93  7  0
 0  2 6491320 156392  11216 190844 6216    0 11600     0 1790 1194  0  0 91  9  0
 0  6 6501920 156644  11372 194520 3860 14336  8740 14380 1768 1493  0  1 84 15  0
 0  2 6506528 156268  11636 196920 7980 12288  9992 12288 3262 1987  1  1 88 10  0
 0  3 6545184 185340  10888 197824 13080 52056 17988 52056 2538 1928  1  1 86 12  0
 1  0 6506632 152376  10888 197524 54616 17588 54988 17588 2945 4109  1  1 95  3  0
 0  1 6498848 163480   9916 193980 56608 49160 56608 49160 3241 4257  1  2 93  5  0
 0  2 6474016 155164   9908 191176 30996 6144 30996  7660 1814 2422  0  1 96  3  0
 0  2 6471968 152644  10060 191148 2116    0  2484   504  848  810  0  0 83 17  0
 1  1 6468128 151292   8816 183992 49956 52184 50124 52184 3130 3865  1  2 94  4  0
 0  1 6479392 154788   8800 183384 49036 62504 49036 62504 2881 3668  1  2 94  4  0
 0  2 6483744 160864   8656 182652 34924 38916 35344 39252 2456 2842  1  1 90  8  0
 0  2 6472736 157336   8624 182672 11076    0 11076     0 2173 2151  0  0 91  8  0
 0  3 6477088 154584   8616 183308 5452 10240  6184 10240 1948 2021  0  1 89 10  0
 0  5 6475808 152412   8628 184524 1496    0  2716    72 1183 1600  0  0 76 23  0
 0  4 6475552 155264   8612 184088 5428 4096  6868  5028 1869 2092  0  1 84 16  0
 0  3 6471200 153044   8748 185516 5260    0  6756    24 1828 2134  0  0 84 16  0
 0  3 6475808 155232   8864 186944 4536 8192  6960  8264 1921 2052  0  1 84 15  0
 1  2 6471456 153860   8748 185148 19504 14336 20636 14428 2732 3104  0  1 89  9  0
 0  0 6489120 169240   8752 184976 10960 28672 10964 29684 1154 1192  0  1 91  8  0
 0  1 6471968 156388   8632 182520 62292 47104 62292 47104 3321 4550  1  2 94  4  0
 1  1 6471200 159160   8328 179752 51948 52280 51948 52280 3043 3930  1  2 94  4  0
 0  1 6484444 163536   8272 178984 26816 39880 26816 39880 1828 2180  0  1 92  7  0
 1  0 6478156 163260   7836 177108 55668 49152 55900 49152 3135 4090  0  2 94  3  0
 0  1 6467360 157000   7084 175820 58108 47104 58108 47180 3053 4143  1  2 92  5  0
 0  1 6466080 160780   5764 174188 49088 49152 49088 49152 3002 3680  1  2 95  3  0
 0  1 6449440 151708   4888 171512 51984 34816 51984 34816 3190 3922  1  2 94  3  0
 0  1 6440736 153268   4848 171128 51948 43008 51948 43008 3217 4016  1  2 95  3  0
 0  1 6459680 157804   4800 171016 43868 63488 43896 63488 2917 3491  1  2 94  4  0
 0  1 6447904 152764   4764 170880 53280 40960 53280 40960 3097 3992  1  2 94  4  0
procs -----------memory---------- ---swap-- -----io---- -system-- ------cpu-----
 r  b   swpd   free   buff  cache   si   so    bi    bo   in   cs us sy id wa st
 1  1 6449952 152260   4728 170580 49500 51200 49500 51200 2959 3703  1  2 94  4  0
 1  0 6460448 153268   4696 170732 42976 53248 42976 53248 2723 3332  0  2 94  4  0
 0  1 6465500 152760   4652 170252 44444 49152 44444 49152 2752 3449  1  2 94  4  0
 0  1 6465056 153264   4652 170272 44528 45056 44528 45056 2910 3532  1  2 94  4  0
 0  0 6467104 151248   4652 170140 44872 49152 44872 49152 2825 3429  1  2 94  4  0
 1  1 6470688 150240   4628 169520 41852 45056 41852 45056 2664 3305  1  2 94  4  0
 0  1 6482976 151248   4604 169756 49236 61440 49236 61440 3117 3804  0  2 94  3  0
 0  2 6508576 161580   4584 169092 39816 65136 39816 65136 2680 3149  1  2 94  4  0
 1  1 6532640 179732   4436 166492 34608 58716 34608 58716 2428 2782  1  2 92  6  0
 0  1 6511828 170872   4308 164740 62176 41592 62176 41656 3196 4493  1  2 95  2  0
 2  0 6511180 168636   4304 164316 51468 51208 51468 51208 2875 3804  1  2 95  3  0
 0  1 6504680 157800   4240 163460 49284 43008 49284 43008 2721 3612  0  2 94  4  0
 0  2 6538776 185132   4120 163852 9044 43024 11116 43024 1259 1034  0  1 91  8  0
 1  1 6545952 185816   4080 165340 34472 43088 36348 43088 2952 3065  1  1 91  7  0
 0  2 6511904 153560   4228 165700 33484    0 34008    48 2102 2704  1  1 90  9  0
 1  1 6533664 165656   4152 164880 40340 64200 40340 64768 2525 3111  0  2 89  9  0
 0  3 6573600 182224   4124 164768 37928 77728 38276 77728 2576 2996  0  2 92  6  0
 0  1 6548556 165152   4124 164828 49120 28648 49124 28648 2767 3719  1  1 93  5  0
 0  3 6546208 161436   4060 164304 41740 38820 42076 38820 2809 3318  1  1 93  5  0
 0  3 6550484 172524   3952 165000 34340 38940 35340 39364 2238 2762  0  1 91  8  0
 0  3 6547668 166680   3964 168344 2472    0  6044   160  573  555  0  0 84 16  0
 0  1 6506784 154820   3828 169872 65596 24584 67596 24584 3742 5079  1  2 93  4  0
 0  2 6497312 183252   3700 169644 50024 41052 50672 41052 3399 4059  1  2 93  5  0
 0  2 6490144 176636   4036 169980 42560 35120 43904 35120 2954 3490  1  1 92  6  0
 0  2 6485280 165012   4608 175440 4560    0 10232     0 1949 1573  0  0 89 10  0
 0  2 6481952 154216   4692 180064 3464    0  7844    72 1766 1317  0  1 87 12  0
 0  2 6505636 180904   4696 183176 5024 28972  9180 28972 1367 1133  0  1 92  7  0
 0  2 6500004 166452   4744 190744 5604    0 13200     0 1170 1083  0  0 92  8  0
 1  2 6523168 177524   4756 202288 8572 32580 21168 32580 2317 1886  1  2 87 11  0
 0  2 6526752 166104   4516 215052 6828 10820 40492 10820 1538 1285  1  1 90  8  0
 0  2 6520608 163752   3896 212448 6108    0 32360     0 1542 1193  1  1 92  7  0
 0  2 6516768 158240   3996 212932 4028    0 19144    52 1125  825  0  1 90  9  0
 0  2 6511392 152628   3792 214032 5396    0 30356     0 1491 1133  0  1 91  7  0
 0  4 6508576 184364   3788 179648 2720    0 12836  1304  998  844  0  0 87 13  0
 0  4 6507040 168984   5884 192684 1536    0 16680   280 1262 1260  0  1 85 14  0
 0  4 6505248 159140   6900 198452 1896    0  8572     0  929  732  0  0 84 15  0
 0  2 6515744 164312   6908 206528 4320 14548 13692 14548 1507 1089  0  1 86 13  0
 2  0 6507808 165508   6876 198944 7216    0 36016     0 1713 1388  1  1 93  6  0
 0  2 6502176 156136   6868 202168 5448    0 29456     0 1584 1147  1  1 92  7  0
 1  3 6499104 153600   7008 201016 2740    0 12288    64  946  722  0  0 83 16  0
 0  4 6608672 266080   7140 187240 3248 112896  8092 112896 1630  990  0  2 82 16  0
 1  1 6606624 249864   7284 201896 2368    0 17092     0 1395 1131  0  1 88 11  0
 0  2 6601248 222600   7284 223904 5432    0 27576     0 1483 1189  0  1 93  5  0
 0  2 6596128 188872   7308 252708 5020    0 33736     0 1622 1350  1  1 92  7  0
 0  2 6591008 163652   7312 273688 4872    0 25612     0 1367 1016  0  1 94  4  0
 0  2 6598176 166612   7296 279816 6016 12804 32900 12856 1606 1199  1  1 90  8  0
 0  2 6589472 181408   7180 256832 8868    0 47068     0 2104 1765  1  1 90  8  0
 0  2 6583328 176036   7152 256384 5920    0 34080     0 1707 1316  1  1 92  7  0
 0  2 6576672 155820   7144 270008 6576    0 34736     0 1624 1249  1  1 93  6  0
 0  3 6581260 165772   7132 270552 6396 11132 37744 11132 2017 1405  1  1 87 10  0
 0  2 6577676 167692   6968 263920 3808    0 25192     0 1813 1275  1  1 87 11  0
 0  3 6571020 153028   6972 273560 6692    0 16544     0 1832 1511  0  1 86 13  0
 0  4 6590496 163636   6980 277640 2788 21860 10660 21912 1217  856  0  1 84 15  0
 1  1 6597360 167144   6976 285036 6144 12988 21480 12988 1939 1321  1  1 87 10  0
 0  3 6593776 181452   6952 266708 3436    0 16624  1052 1256  915  0  1 88 12  0
 0  2 6589168 156456   6956 286636 4924    0 24772   204 1491 1125  1  1 91  8  0
 0  2 6585840 179088   6928 257884 3140    0 19668     0 1560 1106  0  1 92  7  0
 0  2 6582512 162172   6936 273212 3364    0 18980    88  995  843  0  1 91  9  0
 0  3 6577136 168432   6928 260352 5464    0 27532     0 1844 1313  1  1 91  8  0
 0  2 6572016 153212   7276 268376 5520    0 13704     0 1888 1375  0  1 89 11  0
 0  4 6561264 245448   7688 166552 9368    0 13336     0 2261 1868  1  1 82 16  0
 0  2 6555632 236732   7832 170660 6308    0  9944     0 2127 1735  0  1 87 12  0
 0  1 6483232 174848   7824 169236 93228 21628 93284 21628 4683 6717  1  2 93  4  0
 1  0 6450720 153552   7824 167740 70524 39548 70524 39548 3825 5117  1  2 93  5  0
 0  2 6473504 165176   7832 166404 36552 58704 36552 58756 2213 2818  0  2 90  8  0
 0  1 6461728 171212   7364 165288 55820 43620 55820 43620 3220 4283  0  2 94  4  0
 0  2 6458912 162336   7364 164896 55516 56060 55724 56060 3244 4259  1  2 91  6  0
 1  0 6466592 174668   7364 164664 41872 49120 41872 49120 2439 3184  0  2 94  4  0
 0  1 6449104 165164   7348 164364 63588 46468 63608 46468 3465 4638  1  2 93  4  0
procs -----------memory---------- ---swap-- -----io---- -system-- ------cpu-----
 r  b   swpd   free   buff  cache   si   so    bi    bo   in   cs us sy id wa st
 1  0 6436896 160124   7356 165224 30508 20904 31560 20932 2332 2601  0  1 89  9  0
 1  1 6446880 168700   7336 164440 61708 71572 61772 71572 4095 4683  1  2 93  4  0
 0  3 6462496 190200   7392 166252 14120 29188 16000 29188 1816 1773  1  1 88 10  0
 0  1 6438176 163940   8160 172032 24348    0 30932     0 2731 2807  1  1 90  8  0
 0  2 6436640 167128   7652 168520 45228 43336 45228 44188 2631 3378  0  2 91  7  0
 1  4 6435872 167168   7660 168464  712    0   712   788  486  782  0  0 82 18  0
 0  2 6431008 158844   7664 170632 5164    0  7268   540 1258 1366  0  0 92  8  0
 0  1 6445600 174712   7408 170624 19284 34008 21536 34236 2500 2562  0  1 89  9  0
 0  1 6443808 170900   7124 169644 47152 44828 47260 44828 2944 3583  1  1 94  4  0
 0  2 6430496 164388   6724 168580 63824 50288 63824 50288 3803 4649  1  2 94  4  0
 1  0 6425376 161868   6492 168152 50016 45036 50016 45036 2807 3706  1  1 94  4  0
 1  0 6443040 170436   6396 169788 16728 34192 18752 34268 1492 1580  0  1 88 11  0
 0  1 6438176 171412   6196 169200 44544 39480 44592 39480 2702 3383  1  1 93  5  0
 0  2 6449952 176396   5868 168700 38472 50000 39212 50000 3065 3567  1  2 92  5  0
 0  1 6438308 168396   5800 168988 51148 39344 51148 39344 2814 3807  1  2 93  5  0
 1  0 6445852 179896   5668 168440 43036 52348 43036 52348 2716 3388  0  2 93  5  0
 0  0 6414268 164776   5372 168072 60644 29192 60644 29192 3117 4412  1  1 95  3  0
 0  1 6417888 169060   5072 167612 37056 40264 37100 40292 2635 2911  1  1 92  6  0
 0  1 6419488 173612   4816 166768 54496 55708 54496 55708 3219 4124  1  2 94  3  0
 0  1 6430496 186716   4396 165996 46668 57528 46668 57528 4391 3482  1  2 92  5  0
 0  1 6409504 169076   4076 165020 62792 41156 62792 41156 3415 4623  1  2 94  3  0
 0  1 6414508 168572   3696 164424 39824 45136 39956 45136 2717 3251  1  2 94  4  0
 0  1 6421776 185204   3380 163880 34044 41188 34044 41188 2677 2831  1  1 94  4  0
 0  1 6421792 176612   3040 162752 43176 42784 43176 42796 2574 3292  0  2 94  4  0
 1  0 6391584 160736   2748 160244 61228 30636 61228 30636 3514 4488  1  2 95  3  0
 0  1 6398496 177364   2640 158404 44752 51228 44752 51228 2920 3465  1  2 93  5  0
 0  2 6385440 163520   2144 154756 60236 47100 60236 47100 3499 4405  1  2 94  3  0
 0  2 6401824 196500   2064 152224 37300 53380 37384 53380 2457 2918  0  2 93  5  0
 0  2 6382880 169796   2032 152244 47736 27708 48484 27708 3284 4067  1  1 92  6  0
 1  0 6360352 155180   2032 152420 28800 5452 28800  5452 1704 2303  0  1 97  2  0
 1  0 6375200 166556   1864 148960 50204 65352 50204 65352 2992 3692  0  2 94  4  0
 0  1 6360864 166048   1864 148276 50040 35416 50040 35416 3091 3783  1  2 94  3  0
 0  1 6375200 171332   1864 148208 10832 23596 10832 23596 1224 1215  0  1 96  3  0
 0  1 6354976 158456   1864 147632 49780 29532 50044 29532 3059 3990  0  2 94  4  0
 0  1 6381872 186176   1836 144668 45368 72100 45368 72100 3341 3378  0  2 92  6  0
 0  1 6358304 172060   1836 144352 54056 30056 54056 30056 3372 4080  0  1 94  4  0
 0  2 6354976 160436   1832 143568 55536 51808 55536 51808 3607 4161  0  2 92  6  0
 0  1 6351736 159492   1828 142948 20260 16368 20260 16368 1370 1756  0  1 95  4  0
 0  1 6347128 152940   1828 143484 6216    0  6612     0 1203 1126  0  0 96  4  0
 0  1 6356000 175368   1828 143244 39004 47208 39004 47208 2993 3063  0  2 94  3  0
 2  1 6336032 152688   1828 143112 37872 17008 37872 17008 2409 3014  0  1 95  3  0
 0  1 6348380 167808   1828 142876 36248 48456 36248 48632 2929 2812  0  2 92  6  0
 0  1 6329268 154452   1828 142820 43768 23836 43768 23836 3089 3369  1  1 95  3  0
 0  1 6333068 155752   1828 142916 5952 7852  6012  7852 1238 1133  0  1 94  5  0
 0  1 6328352 153404   1828 142576 38896 33492 38896 33492 2740 3078  0  1 95  3  0
 0  1 6329944 153904   1828 142592 27624 28528 27624 28528 2220 2410  0  1 94  5  0
 0  1 6330912 154912   1832 142688 22100 22052 22100 22056 1812 2001  0  1 93  6  0
 0  1 6325792 152896   1832 142560 53808 48720 53808 48720 3945 4031  1  2 94  4  0
 1  1 6328864 154156   1832 142432 45456 48768 45500 48764 3414 3507  0  2 94  3  0
 0  1 6325696 152904   1832 142556 44956 41308 44956 41312 3663 3457  1  2 94  4  0
 0  1 6325560 153408   1832 142536 24296 22476 24296 22476 2247 2191  0  1 96  3  0
 0  1 6345204 166260   1824 142112 32632 51648 32632 51648 3363 2728  0  2 94  4  0
 0  1 6331424 157692   1824 141992 48028 33944 48028 33944 2838 3625  1  1 94  4  0
 0  1 6363168 182640   1824 141588 32272 63784 32388 63784 2655 2686  0  2 93  5  0
 0  1 6341408 166740   1824 141764 35384 13136 35384 13136 2323 2840  0  1 94  5  0
 0  2 6342944 168252   1824 141392 50084 51152 50084 51152 3160 3723  1  2 93  5  0
 0  1 6326304 161192   1824 141712 44916 28420 45208 28420 2716 3435  0  2 94  4  0
 0  2 6349344 170516   1824 141404 50456 73276 50456 73276 2983 3759  0  2 93  5  0
 2  1 6330144 159916   1824 140816 34564 14364 34756 14364 2629 3202  0  1 94  5  0
 0  1 6330144 156396   1824 141416 16396 15924 16396 15924 1585 1879  0  1 95  4  0
 0  2 6336800 163452   1824 141356 5544 11376  5544 11376 1144 1096  0  0 96  4  0
 0  1 6341920 167736   1824 141360 17224 21796 17224 21796 1854 2171  0  1 95  4  0
 0  1 6338080 161940   1824 141296 5804    0  5804     0  880 1143  0  0 98  2  0
 0  1 6342176 169516   1824 141248 13096 15204 13164 15204 1411 1483  0  1 97  2  0
 0  1 6360352 180840   1820 141072 29664 47700 29664 47700 2278 2397  0  1 95  3  0
 0  1 6356000 175036   1820 141116 5904    0  5904     0  708  913  0  0 98  2  0
 0  1 6341664 169796   1820 141244 27316 12236 27316 12236 1836 2279  0  1 96  2  0
 0  1 6348964 175284   1820 140948 38780 45972 38780 45972 2996 2959  0  1 94  4  0
 0  1 6356768 179536   1816 140748 33276 40800 33484 40800 2547 2699  1  1 92  6  0
procs -----------memory---------- ---swap-- -----io---- -system-- ------cpu-----
 r  b   swpd   free   buff  cache   si   so    bi    bo   in   cs us sy id wa st
 1  1 6349600 171188   1816 140892 30004 22360 30004 22360 2134 2598  0  1 95  4  0
 0  1 6339104 159344   1816 140856 11640    0 11640     0 1390 1640  0  0 96  4  0
 1  1 6341152 161612   1816 147020 19556 21436 25860 21436 1705 1855  0  1 93  6  0
 0  2 6405152 215120   1648 146872 7676 71504 12340 71504 1375 1043  0  1 89  9  0
 0  2 6389828 212508   2048 146016 47456 32124 47960 32124 2733 3766  0  1 93  5  0
 0  1 6371140 191096   3668 146708 19300    0 21824     0 2145 2182  0  1 93  6  0
 0  1 6358304 168352   3668 147116 39604 24956 39604 24956 2466 3208  0  1 95  3  0
 0  1 6362460 180696   3668 146588 31200 35096 31200 35096 2270 2579  0  1 93  5  0
 0  1 6359132 175876   3668 146800 4332    0  4332     0 1566 1796  0  0 94  5  0
 0  1 6358048 171584   3676 146716 26464 24984 26464 24996 1889 2439  0  1 94  5  0
 0  1 6356768 166284   3676 146504 50500 48948 50660 48948 3178 3921  0  2 93  5  0
 0  1 6366496 172112   3672 146216 41060 50672 41060 50672 2669 3081  0  2 94  4  0
 0  1 6358816 163756   3672 146464 9212    0  9376     0 1059 1234  0  0 97  3  0
 0  1 6368440 170560   3672 146152 22784 31384 22784 31384 1771 2007  0  1 94  5  0
 0  1 6365216 169300   3672 146604 43696 40384 44412 40384 2897 3408  0  1 94  4  0
 0  1 6376992 183648   3668 146184 12072 23244 12344 23244 1364 1404  0  1 95  4  0
 0  1 6372128 177364   3668 146196 6536    0  6536     0  926 1035  0  0 97  3  0
 0  1 6380832 181896   3592 144252 48008 56588 48008 56588 3205 3568  0  2 94  4  0
 0  1 6352928 165012   3436 142840 61084 33924 61084 33924 3580 4637  1  2 94  4  0
 0  1 6344480 154932   3436 142876 9980    0  9980     0  982 1201  0  0 97  2  0
 0  1 6367480 170540   3384 142676 3344 25012  3352 25012  891  958  0  1 96  3  0
 0  1 6356216 157468   3384 143100 12716    0 13196     0 1306 1560  0  0 95  5  0
 0  2 6360864 166832   3152 142380 48572 52992 48572 52992 3373 3658  1  2 93  4  0
 0  1 6386720 182888   2912 142020 31924 57488 31924 57488 2054 2485  0  1 93  5  0
 0  1 6352192 159004   2840 141864 57960 23472 57960 23472 3314 4332  1  1 95  3  0
 0  1 6362388 168580   2700 141072 40420 51080 40420 51080 2715 3208  0  1 94  5  0
 0  1 6358588 170604   2656 141300 18708 13768 18708 13768 1621 1812  0  1 95  4  0
 0  1 6355004 164808   2656 141288 5344    0  5344     0 1009 1120  0  0 97  3  0
 0  1 6362432 167828   2600 141180 21444 28256 21444 28256 1843 1997  0  1 95  4  0
 0  1 6384160 183200   2500 140912 16968 38392 16968 38392 1616 1648  0  1 93  5  0
 1  0 6360864 166600   2440 140624 55388 31300 55388 31300 3160 4106  0  1 94  4  0
 0  2 6357536 165364   2360 140504 47984 44436 47984 44436 3054 3690  0  2 94  4  0
 0  2 6357536 167600   3468 143620 4916 4672  9104  4672  917  878  0  0 91  9  0
 0  3 6365216 165984   4284 146284 4420 12288 13616 12288 1544 1159  0  1 91  8  0
 0  4 6460448 261996   4408 147396  392 95956  1848 95960  933  531  0  2 80 17  0
 0  4 6456864 254436   4408 151388 3776    0  7588     0 1037  843  0  0 84 16  0
 0  2 6453024 245152   5500 155956 3856    0  9148     0 1792 1499  0  0 89 10  0
 0  1 6442528 233016   5500 155928 12000    0 12128     0 1224 1477  0  0 96  3  0
 0  3 6422560 211844   5516 155896 21296    0 21304    48 1651 2086  0  1 96  3  0
 0  1 6371616 160436   5520 155992 51500    0 51620     0 2688 3895  0  1 93  6  0
 0  1 6377660 175856   4012 149588 14212 20064 15372 20668 1631 1477  0  1 90  9  0
 1  0 6375200 171960   4084 149964 46644 43776 47572 43776 3525 4089  0  2 92  6  0
 0  1 6365728 162320   4084 149592 53268 43940 53268 43940 3162 3999  1  2 94  4  0
 1  1 6361120 165572   4084 148912 49584 46412 49584 46412 3108 3729  0  2 94  4  0
 0  1 6376480 185672   4084 147376 48368 63840 48368 63840 3074 3720  1  2 93  5  0
 0  1 6343968 152912   4092 147348 32852    0 32852    72 1670 2438  0  1 93  7  0
 0  2 6365472 167992   3660 146204 18232 38600 18612 38600 1834 1974  0  1 95  4  0
 0  1 6360608 170308   3552 146020 19840 13272 19948 13764 2112 2112  0  1 94  5  0
 0  1 6380832 191716   3080 144820 29488 49624 29488 49624 2702 2338  0  1 95  3  0
 0  1 6370080 180880   2768 143912 46172 35552 46172 35552 2600 3440  0  2 95  3  0
 0  1 6414112 232604   2624 140556 31796 75368 31796 75368 2128 2492  0  2 94  4  0
 0  1 6375456 193844   2624 140928 39284    0 39692     0 2376 3130  0  1 95  4  0
 0  1 6348064 165960   2788 142048 28088    0 29360     0 2145 2828  0  1 94  5  0
 0  1 6364192 179064   2744 141396 20152 35692 20152 35732 1654 1743  0  1 92  7  0
 0  1 6354708 169236   2716 141560 27012 15960 27012 15960 2094 2434  0  1 95  4  0
 0  1 6351136 165456   2676 141420 21912 17284 21912 17284 1725 2024  0  1 96  3  0
 0  2 6347040 165960   2604 140772 44320 39544 44320 39544 2721 3379  0  2 95  4  0
 0  2 6340516 158636   2544 140328 42648 35520 42648 35520 2914 3321  0  2 94  4  0
 0  1 6349344 168948   2496 140288 31652 40504 31652 40504 2252 2466  0  1 94  4  0
 0  1 6343968 167436   2452 140460 41104 35448 41292 35448 2684 3112  0  1 95  4  0
 0  1 6337824 161168   2452 140284 6800    0  6800     0 1026 1176  0  0 97  3  0
 1  0 6295072 7455944   2452 140204 18528 16752 18528 16752 1795 1785  0  2 94  4  0
 0  1 790304 15648096   2592 144080  528    0  4544     0 1307  961  0  3 94  3  0
 0  0 790304 15635772   2596 155560   32    0 11768     0  383  420  0  0 98  1  0
 0  0 790304 15635504   2596 155812   28    0    28     0  125  156  0  0 100  0  0
 0  0 790304 15635504   2596 155800    0    0     0     0   74   92  0  0 100  0  0
 0  0 790304 15635504   2596 155800    0    0     0     0   67   81  0  0 100  0  0
 0  0 790304 15635228   2596 155800    0    0     0     0  169  133  0  0 100  0  0
 0  1 790304 15635008   2604 155792    0    0     0    12   66   96  0  0 100  0  0
