2020/05/18 16:54:32.689, 15000, 256, 256, 256, 3.685391, 1831.56
2020/05/18 16:54:42.891, 15000, 256, 256, 192, 3.971550, 1699.59
2020/05/18 16:54:53.327, 15000, 256, 256, 128, 4.632768, 1457.01
2020/05/18 16:55:04.483, 15000, 256, 256, 64, 7.033555, 959.69
2020/05/18 16:55:18.015, 15000, 512, 512, 512, 2.146102, 3145.24
2020/05/18 16:55:26.679, 15000, 512, 512, 448, 2.181953, 3093.56
2020/05/18 16:55:35.348, 15000, 512, 512, 384, 2.257078, 2990.59
2020/05/18 16:55:44.155, 15000, 512, 512, 320, 2.335148, 2890.61
2020/05/18 16:55:52.955, 15000, 512, 512, 256, 2.466692, 2736.46
2020/05/18 16:56:01.949, 15000, 512, 512, 192, 2.677896, 2520.64
2020/05/18 16:56:11.178, 15000, 512, 512, 128, 3.023366, 2232.61
2020/05/18 16:56:20.721, 15000, 512, 512, 64, 3.895486, 1732.77
2020/05/18 16:56:31.174, 15000, 1024, 1024, 1024, 2.014830, 3350.16
2020/05/18 16:56:39.750, 15000, 1024, 1024, 960, 2.038240, 3311.68
2020/05/18 16:56:48.358, 15000, 1024, 1024, 896, 2.042848, 3304.21
2020/05/18 16:56:56.911, 15000, 1024, 1024, 832, 2.070259, 3260.46
2020/05/18 16:57:05.457, 15000, 1024, 1024, 768, 2.088221, 3232.42
2020/05/18 16:57:14.095, 15000, 1024, 1024, 704, 2.085709, 3236.31
2020/05/18 16:57:22.716, 15000, 1024, 1024, 640, 2.083344, 3239.98
2020/05/18 16:57:31.356, 15000, 1024, 1024, 576, 2.106420, 3204.49
2020/05/18 16:57:40.030, 15000, 1024, 1024, 512, 2.131835, 3166.29
2020/05/18 16:57:48.715, 15000, 1024, 1024, 448, 2.181331, 3094.44
2020/05/18 16:57:57.413, 15000, 1024, 1024, 384, 2.266858, 2977.69
2020/05/18 16:58:06.184, 15000, 1024, 1024, 320, 2.297961, 2937.39
2020/05/18 16:58:15.024, 15000, 1024, 1024, 256, 2.396994, 2816.03
2020/05/18 16:58:24.024, 15000, 1024, 1024, 192, 2.482209, 2719.35
2020/05/18 16:58:33.014, 15000, 1024, 1024, 128, 2.935512, 2299.43
2020/05/18 16:58:42.502, 15000, 1024, 1024, 64, 4.245912, 1589.76
2020/05/18 16:58:53.283, 15000, 2048, 2048, 2048, 1.712188, 3942.32
2020/05/18 16:59:01.523, 15000, 2048, 2048, 1984, 1.714849, 3936.21
2020/05/18 16:59:09.760, 15000, 2048, 2048, 1920, 1.714225, 3937.64
2020/05/18 16:59:17.978, 15000, 2048, 2048, 1856, 1.725232, 3912.52
2020/05/18 16:59:26.221, 15000, 2048, 2048, 1792, 1.725098, 3912.82
2020/05/18 16:59:34.490, 15000, 2048, 2048, 1728, 1.723287, 3916.93
2020/05/18 16:59:42.727, 15000, 2048, 2048, 1664, 1.726679, 3909.24
2020/05/18 16:59:50.988, 15000, 2048, 2048, 1600, 1.723997, 3915.32
2020/05/18 16:59:59.234, 15000, 2048, 2048, 1536, 1.726326, 3910.04
2020/05/18 17:00:07.547, 15000, 2048, 2048, 1472, 1.743988, 3870.44
2020/05/18 17:00:15.793, 15000, 2048, 2048, 1408, 1.732379, 3896.38
2020/05/18 17:00:24.081, 15000, 2048, 2048, 1344, 1.739813, 3879.73
2020/05/18 17:00:32.340, 15000, 2048, 2048, 1280, 1.737414, 3885.08
2020/05/18 17:00:40.578, 15000, 2048, 2048, 1216, 1.745787, 3866.45
2020/05/18 17:00:48.795, 15000, 2048, 2048, 1152, 1.764290, 3825.90
2020/05/18 17:00:57.083, 15000, 2048, 2048, 1088, 1.749681, 3857.85
2020/05/18 17:01:05.337, 15000, 2048, 2048, 1024, 1.771548, 3810.23
2020/05/18 17:01:13.595, 15000, 2048, 2048, 960, 1.763947, 3826.65
2020/05/18 17:01:21.909, 15000, 2048, 2048, 896, 1.767892, 3818.11
2020/05/18 17:01:30.161, 15000, 2048, 2048, 832, 1.792742, 3765.18
2020/05/18 17:01:38.517, 15000, 2048, 2048, 768, 1.799073, 3751.93
2020/05/18 17:01:46.799, 15000, 2048, 2048, 704, 1.807075, 3735.32
2020/05/18 17:01:55.132, 15000, 2048, 2048, 640, 1.818185, 3712.49
2020/05/18 17:02:03.436, 15000, 2048, 2048, 576, 1.859301, 3630.40
2020/05/18 17:02:11.844, 15000, 2048, 2048, 512, 1.869367, 3610.85
2020/05/18 17:02:20.229, 15000, 2048, 2048, 448, 1.900430, 3551.83
2020/05/18 17:02:28.626, 15000, 2048, 2048, 384, 1.960358, 3443.25
2020/05/18 17:02:37.100, 15000, 2048, 2048, 320, 2.009376, 3359.25
2020/05/18 17:02:45.596, 15000, 2048, 2048, 256, 2.086194, 3235.56
2020/05/18 17:02:54.227, 15000, 2048, 2048, 192, 2.214409, 3048.22
2020/05/18 17:03:02.970, 15000, 2048, 2048, 128, 2.652947, 2544.34
2020/05/18 17:03:12.122, 15000, 2048, 2048, 64, 3.766219, 1792.25
2020/05/18 17:03:22.386, 15000, 4096, 4096, 4096, 1.709793, 3947.85
2020/05/18 17:03:30.645, 15000, 4096, 4096, 4032, 1.704362, 3960.43
2020/05/18 17:03:38.847, 15000, 4096, 4096, 3968, 1.706170, 3956.23
2020/05/18 17:03:47.058, 15000, 4096, 4096, 3904, 1.705215, 3958.45
2020/05/18 17:03:55.270, 15000, 4096, 4096, 3840, 1.697638, 3976.11
2020/05/18 17:04:03.500, 15000, 4096, 4096, 3776, 1.709701, 3948.06
2020/05/18 17:04:11.737, 15000, 4096, 4096, 3712, 1.703538, 3962.34
2020/05/18 17:04:20.038, 15000, 4096, 4096, 3648, 1.704475, 3960.16
2020/05/18 17:04:28.239, 15000, 4096, 4096, 3584, 1.706256, 3956.03
2020/05/18 17:04:36.483, 15000, 4096, 4096, 3520, 1.693364, 3986.15
2020/05/18 17:04:44.730, 15000, 4096, 4096, 3456, 1.715828, 3933.96
2020/05/18 17:04:53.008, 15000, 4096, 4096, 3392, 1.692870, 3987.31
2020/05/18 17:05:01.237, 15000, 4096, 4096, 3328, 1.693221, 3986.49
2020/05/18 17:05:09.462, 15000, 4096, 4096, 3264, 1.696292, 3979.27
2020/05/18 17:05:17.697, 15000, 4096, 4096, 3200, 1.694494, 3983.49
2020/05/18 17:05:25.874, 15000, 4096, 4096, 3136, 1.697202, 3977.13
2020/05/18 17:05:34.133, 15000, 4096, 4096, 3072, 1.688928, 3996.62
2020/05/18 17:05:42.344, 15000, 4096, 4096, 3008, 1.697472, 3976.50
2020/05/18 17:05:50.550, 15000, 4096, 4096, 2944, 1.689453, 3995.38
2020/05/18 17:05:58.830, 15000, 4096, 4096, 2880, 1.694457, 3983.58
2020/05/18 17:06:07.059, 15000, 4096, 4096, 2816, 1.703377, 3962.72
2020/05/18 17:06:15.319, 15000, 4096, 4096, 2752, 1.700572, 3969.25
2020/05/18 17:06:23.543, 15000, 4096, 4096, 2688, 1.695111, 3982.04
2020/05/18 17:06:31.752, 15000, 4096, 4096, 2624, 1.698465, 3974.18
2020/05/18 17:06:39.962, 15000, 4096, 4096, 2560, 1.684983, 4005.98
2020/05/18 17:06:48.220, 15000, 4096, 4096, 2496, 1.700389, 3969.68
2020/05/18 17:06:56.464, 15000, 4096, 4096, 2432, 1.707055, 3954.18
2020/05/18 17:07:04.705, 15000, 4096, 4096, 2368, 1.697089, 3977.40
2020/05/18 17:07:12.916, 15000, 4096, 4096, 2304, 1.710739, 3945.66
2020/05/18 17:07:21.187, 15000, 4096, 4096, 2240, 1.697913, 3975.47
2020/05/18 17:07:29.405, 15000, 4096, 4096, 2176, 1.691981, 3989.41
2020/05/18 17:07:37.643, 15000, 4096, 4096, 2112, 1.690237, 3993.52
2020/05/18 17:07:45.914, 15000, 4096, 4096, 2048, 1.701754, 3966.50
2020/05/18 17:07:54.143, 15000, 4096, 4096, 1984, 1.701177, 3967.84
2020/05/18 17:08:02.371, 15000, 4096, 4096, 1920, 1.706492, 3955.48
2020/05/18 17:08:10.665, 15000, 4096, 4096, 1856, 1.714542, 3936.91
2020/05/18 17:08:18.949, 15000, 4096, 4096, 1792, 1.700879, 3968.54
2020/05/18 17:08:27.181, 15000, 4096, 4096, 1728, 1.713488, 3939.33
2020/05/18 17:08:35.418, 15000, 4096, 4096, 1664, 1.708151, 3951.64
2020/05/18 17:08:43.617, 15000, 4096, 4096, 1600, 1.709137, 3949.36
2020/05/18 17:08:51.936, 15000, 4096, 4096, 1536, 1.710316, 3946.64
2020/05/18 17:09:00.178, 15000, 4096, 4096, 1472, 1.722231, 3919.34
2020/05/18 17:09:08.449, 15000, 4096, 4096, 1408, 1.733759, 3893.27
2020/05/18 17:09:16.691, 15000, 4096, 4096, 1344, 1.716604, 3932.18
2020/05/18 17:09:24.995, 15000, 4096, 4096, 1280, 1.726215, 3910.29
2020/05/18 17:09:33.222, 15000, 4096, 4096, 1216, 1.723434, 3916.60
2020/05/18 17:09:41.423, 15000, 4096, 4096, 1152, 1.726866, 3908.82
2020/05/18 17:09:49.724, 15000, 4096, 4096, 1088, 1.732961, 3895.07
2020/05/18 17:09:57.992, 15000, 4096, 4096, 1024, 1.750687, 3855.63
2020/05/18 17:10:06.297, 15000, 4096, 4096, 960, 1.735208, 3890.02
2020/05/18 17:10:14.585, 15000, 4096, 4096, 896, 1.762806, 3829.12
2020/05/18 17:10:22.869, 15000, 4096, 4096, 832, 1.766050, 3822.09
2020/05/18 17:10:31.126, 15000, 4096, 4096, 768, 1.762307, 3830.21
2020/05/18 17:10:39.419, 15000, 4096, 4096, 704, 1.772083, 3809.08
2020/05/18 17:10:47.721, 15000, 4096, 4096, 640, 1.781254, 3789.47
2020/05/18 17:10:56.051, 15000, 4096, 4096, 576, 1.813106, 3722.89
2020/05/18 17:11:04.428, 15000, 4096, 4096, 512, 1.821682, 3705.37
2020/05/18 17:11:12.793, 15000, 4096, 4096, 448, 1.849526, 3649.58
2020/05/18 17:11:21.175, 15000, 4096, 4096, 384, 1.887875, 3575.45
2020/05/18 17:11:29.613, 15000, 4096, 4096, 320, 1.922469, 3511.11
2020/05/18 17:11:38.077, 15000, 4096, 4096, 256, 1.990141, 3391.72
2020/05/18 17:11:46.559, 15000, 4096, 4096, 192, 2.131248, 3167.16
2020/05/18 17:11:55.220, 15000, 4096, 4096, 128, 2.492268, 2708.38
2020/05/18 17:12:04.246, 15000, 4096, 4096, 64, 3.567287, 1892.19
