./bin/transpose 1024 4
Matrix size: 1024 1024, Block size: 32 8, Tile size: 32 32
dimGrid: 32 32 1. dimBlock: 32 8 1
--------------------------------------------
NUM_REPS:   1000
bytes r/w:  8.39 GB
GFLOPs:     16.78
time:       0.11592 sec
energy:     15.96 Joules
compute:    0.14 TFLOPs/sec
throughput: 72.37 GB/sec
avg power:  137.66 W

./bin/transpose 1024 8
Matrix size: 1024 1024, Block size: 32 8, Tile size: 32 32
dimGrid: 32 32 1. dimBlock: 32 8 1
--------------------------------------------
NUM_REPS:   1000
bytes r/w:  8.39 GB
GFLOPs:     33.55
time:       0.14277 sec
energy:     19.42 Joules
compute:    0.24 TFLOPs/sec
throughput: 58.76 GB/sec
avg power:  136.06 W

./bin/transpose 1024 12
Matrix size: 1024 1024, Block size: 32 8, Tile size: 32 32
dimGrid: 32 32 1. dimBlock: 32 8 1
--------------------------------------------
NUM_REPS:   1000
bytes r/w:  8.39 GB
GFLOPs:     50.33
time:       0.17285 sec
energy:     22.60 Joules
compute:    0.29 TFLOPs/sec
throughput: 48.53 GB/sec
avg power:  130.77 W

./bin/transpose 1024 16
Matrix size: 1024 1024, Block size: 32 8, Tile size: 32 32
dimGrid: 32 32 1. dimBlock: 32 8 1
--------------------------------------------
NUM_REPS:   1000
bytes r/w:  8.39 GB
GFLOPs:     67.11
time:       0.20438 sec
energy:     27.28 Joules
compute:    0.33 TFLOPs/sec
throughput: 41.04 GB/sec
avg power:  133.49 W

./bin/transpose 1024 20
Matrix size: 1024 1024, Block size: 32 8, Tile size: 32 32
dimGrid: 32 32 1. dimBlock: 32 8 1
--------------------------------------------
NUM_REPS:   1000
bytes r/w:  8.39 GB
GFLOPs:     83.89
time:       0.23663 sec
energy:     31.15 Joules
compute:    0.35 TFLOPs/sec
throughput: 35.45 GB/sec
avg power:  131.64 W

./bin/transpose 1024 24
Matrix size: 1024 1024, Block size: 32 8, Tile size: 32 32
dimGrid: 32 32 1. dimBlock: 32 8 1
--------------------------------------------
NUM_REPS:   1000
bytes r/w:  8.39 GB
GFLOPs:     100.66
time:       0.26953 sec
energy:     33.70 Joules
compute:    0.37 TFLOPs/sec
throughput: 31.12 GB/sec
avg power:  125.02 W

./bin/transpose 1024 28
Matrix size: 1024 1024, Block size: 32 8, Tile size: 32 32
dimGrid: 32 32 1. dimBlock: 32 8 1
--------------------------------------------
NUM_REPS:   1000
bytes r/w:  8.39 GB
GFLOPs:     117.44
time:       0.30316 sec
energy:     38.49 Joules
compute:    0.39 TFLOPs/sec
throughput: 27.67 GB/sec
avg power:  126.97 W

./bin/transpose 1024 32
Matrix size: 1024 1024, Block size: 32 8, Tile size: 32 32
dimGrid: 32 32 1. dimBlock: 32 8 1
--------------------------------------------
NUM_REPS:   1000
bytes r/w:  8.39 GB
GFLOPs:     134.22
time:       0.33695 sec
energy:     43.23 Joules
compute:    0.40 TFLOPs/sec
throughput: 24.90 GB/sec
avg power:  128.30 W

./bin/transpose 1024 36
Matrix size: 1024 1024, Block size: 32 8, Tile size: 32 32
dimGrid: 32 32 1. dimBlock: 32 8 1
--------------------------------------------
NUM_REPS:   1000
bytes r/w:  8.39 GB
GFLOPs:     150.99
time:       0.36685 sec
energy:     47.10 Joules
compute:    0.41 TFLOPs/sec
throughput: 22.87 GB/sec
avg power:  128.40 W

./bin/transpose 1024 40
Matrix size: 1024 1024, Block size: 32 8, Tile size: 32 32
dimGrid: 32 32 1. dimBlock: 32 8 1
--------------------------------------------
NUM_REPS:   1000
bytes r/w:  8.39 GB
GFLOPs:     167.77
time:       0.38588 sec
energy:     48.89 Joules
compute:    0.43 TFLOPs/sec
throughput: 21.74 GB/sec
avg power:  126.69 W

./bin/transpose 1024 44
Matrix size: 1024 1024, Block size: 32 8, Tile size: 32 32
dimGrid: 32 32 1. dimBlock: 32 8 1
--------------------------------------------
NUM_REPS:   1000
bytes r/w:  8.39 GB
GFLOPs:     184.55
time:       0.37546 sec
energy:     51.95 Joules
compute:    0.49 TFLOPs/sec
throughput: 22.34 GB/sec
avg power:  138.36 W

./bin/transpose 1024 48
Matrix size: 1024 1024, Block size: 32 8, Tile size: 32 32
dimGrid: 32 32 1. dimBlock: 32 8 1
--------------------------------------------
NUM_REPS:   1000
bytes r/w:  8.39 GB
GFLOPs:     201.33
time:       0.36446 sec
energy:     52.36 Joules
compute:    0.55 TFLOPs/sec
throughput: 23.02 GB/sec
avg power:  143.67 W

./bin/transpose 1024 52
Matrix size: 1024 1024, Block size: 32 8, Tile size: 32 32
dimGrid: 32 32 1. dimBlock: 32 8 1
--------------------------------------------
NUM_REPS:   1000
bytes r/w:  8.39 GB
GFLOPs:     218.10
time:       0.35930 sec
energy:     55.71 Joules
compute:    0.61 TFLOPs/sec
throughput: 23.35 GB/sec
avg power:  155.04 W

./bin/transpose 1024 56
Matrix size: 1024 1024, Block size: 32 8, Tile size: 32 32
dimGrid: 32 32 1. dimBlock: 32 8 1
--------------------------------------------
NUM_REPS:   1000
bytes r/w:  8.39 GB
GFLOPs:     234.88
time:       0.36332 sec
energy:     57.99 Joules
compute:    0.65 TFLOPs/sec
throughput: 23.09 GB/sec
avg power:  159.61 W

./bin/transpose 1024 60
Matrix size: 1024 1024, Block size: 32 8, Tile size: 32 32
dimGrid: 32 32 1. dimBlock: 32 8 1
--------------------------------------------
NUM_REPS:   1000
bytes r/w:  8.39 GB
GFLOPs:     251.66
time:       0.36381 sec
energy:     60.35 Joules
compute:    0.69 TFLOPs/sec
throughput: 23.06 GB/sec
avg power:  165.89 W

./bin/transpose 1024 64
Matrix size: 1024 1024, Block size: 32 8, Tile size: 32 32
dimGrid: 32 32 1. dimBlock: 32 8 1
--------------------------------------------
NUM_REPS:   1000
bytes r/w:  8.39 GB
GFLOPs:     268.44
time:       0.36572 sec
energy:     62.57 Joules
compute:    0.73 TFLOPs/sec
throughput: 22.94 GB/sec
avg power:  171.09 W

./bin/transpose 1024 68
Matrix size: 1024 1024, Block size: 32 8, Tile size: 32 32
dimGrid: 32 32 1. dimBlock: 32 8 1
--------------------------------------------
NUM_REPS:   1000
bytes r/w:  8.39 GB
GFLOPs:     285.21
time:       0.33749 sec
energy:     61.88 Joules
compute:    0.85 TFLOPs/sec
throughput: 24.86 GB/sec
avg power:  183.36 W

./bin/transpose 1024 72
Matrix size: 1024 1024, Block size: 32 8, Tile size: 32 32
dimGrid: 32 32 1. dimBlock: 32 8 1
--------------------------------------------
NUM_REPS:   1000
bytes r/w:  8.39 GB
GFLOPs:     301.99
time:       0.31968 sec
energy:     63.77 Joules
compute:    0.94 TFLOPs/sec
throughput: 26.24 GB/sec
avg power:  199.46 W

./bin/transpose 1024 76
Matrix size: 1024 1024, Block size: 32 8, Tile size: 32 32
dimGrid: 32 32 1. dimBlock: 32 8 1
--------------------------------------------
NUM_REPS:   1000
bytes r/w:  8.39 GB
GFLOPs:     318.77
time:       0.29700 sec
energy:     65.24 Joules
compute:    1.07 TFLOPs/sec
throughput: 28.24 GB/sec
avg power:  219.65 W

./bin/transpose 1024 80
Matrix size: 1024 1024, Block size: 32 8, Tile size: 32 32
dimGrid: 32 32 1. dimBlock: 32 8 1
--------------------------------------------
NUM_REPS:   1000
bytes r/w:  8.39 GB
GFLOPs:     335.54
time:       0.29583 sec
energy:     66.62 Joules
compute:    1.13 TFLOPs/sec
throughput: 28.36 GB/sec
avg power:  225.19 W

./bin/transpose 1024 84
Matrix size: 1024 1024, Block size: 32 8, Tile size: 32 32
dimGrid: 32 32 1. dimBlock: 32 8 1
--------------------------------------------
NUM_REPS:   1000
bytes r/w:  8.39 GB
GFLOPs:     352.32
time:       0.28282 sec
energy:     66.73 Joules
compute:    1.25 TFLOPs/sec
throughput: 29.66 GB/sec
avg power:  235.95 W

./bin/transpose 1024 88
Matrix size: 1024 1024, Block size: 32 8, Tile size: 32 32
dimGrid: 32 32 1. dimBlock: 32 8 1
--------------------------------------------
NUM_REPS:   1000
bytes r/w:  8.39 GB
GFLOPs:     369.10
time:       0.25898 sec
energy:     66.93 Joules
compute:    1.43 TFLOPs/sec
throughput: 32.39 GB/sec
avg power:  258.43 W

./bin/transpose 1024 92
Matrix size: 1024 1024, Block size: 32 8, Tile size: 32 32
dimGrid: 32 32 1. dimBlock: 32 8 1
--------------------------------------------
NUM_REPS:   1000
bytes r/w:  8.39 GB
GFLOPs:     385.88
time:       0.25001 sec
energy:     66.82 Joules
compute:    1.54 TFLOPs/sec
throughput: 33.55 GB/sec
avg power:  267.26 W

./bin/transpose 1024 96
Matrix size: 1024 1024, Block size: 32 8, Tile size: 32 32
dimGrid: 32 32 1. dimBlock: 32 8 1
--------------------------------------------
NUM_REPS:   1000
bytes r/w:  8.39 GB
GFLOPs:     402.65
time:       0.24279 sec
energy:     67.24 Joules
compute:    1.66 TFLOPs/sec
throughput: 34.55 GB/sec
avg power:  276.93 W

./bin/transpose 1024 100
Matrix size: 1024 1024, Block size: 32 8, Tile size: 32 32
dimGrid: 32 32 1. dimBlock: 32 8 1
--------------------------------------------
NUM_REPS:   1000
bytes r/w:  8.39 GB
GFLOPs:     419.43
time:       0.23911 sec
energy:     69.55 Joules
compute:    1.75 TFLOPs/sec
throughput: 35.08 GB/sec
avg power:  290.88 W

./bin/transpose 1024 250
Matrix size: 1024 1024, Block size: 32 8, Tile size: 32 32
dimGrid: 32 32 1. dimBlock: 32 8 1
--------------------------------------------
NUM_REPS:   1000
bytes r/w:  8.39 GB
GFLOPs:     1048.58
time:       0.22224 sec
energy:     98.20 Joules
compute:    4.72 TFLOPs/sec
throughput: 37.75 GB/sec
avg power:  441.85 W

./bin/transpose 1024 500
Matrix size: 1024 1024, Block size: 32 8, Tile size: 32 32
dimGrid: 32 32 1. dimBlock: 32 8 1
--------------------------------------------
NUM_REPS:   1000
bytes r/w:  8.39 GB
GFLOPs:     2097.15
time:       0.39132 sec
energy:     144.73 Joules
compute:    5.36 TFLOPs/sec
throughput: 21.44 GB/sec
avg power:  369.85 W

./bin/transpose 1024 750
Matrix size: 1024 1024, Block size: 32 8, Tile size: 32 32
dimGrid: 32 32 1. dimBlock: 32 8 1
--------------------------------------------
NUM_REPS:   1000
bytes r/w:  8.39 GB
GFLOPs:     3145.73
time:       0.53564 sec
energy:     201.22 Joules
compute:    5.87 TFLOPs/sec
throughput: 15.66 GB/sec
avg power:  375.67 W

./bin/transpose 1024 1000
Matrix size: 1024 1024, Block size: 32 8, Tile size: 32 32
dimGrid: 32 32 1. dimBlock: 32 8 1
--------------------------------------------
NUM_REPS:   1000
bytes r/w:  8.39 GB
GFLOPs:     4194.30
time:       0.67808 sec
energy:     267.19 Joules
compute:    6.19 TFLOPs/sec
throughput: 12.37 GB/sec
avg power:  394.04 W

./bin/transpose 2048 4
Matrix size: 2048 2048, Block size: 32 8, Tile size: 32 32
dimGrid: 64 64 1. dimBlock: 32 8 1
--------------------------------------------
NUM_REPS:   1000
bytes r/w:  33.55 GB
GFLOPs:     67.11
time:       0.41896 sec
energy:     62.59 Joules
compute:    0.16 TFLOPs/sec
throughput: 80.09 GB/sec
avg power:  149.39 W

./bin/transpose 2048 8
Matrix size: 2048 2048, Block size: 32 8, Tile size: 32 32
dimGrid: 64 64 1. dimBlock: 32 8 1
--------------------------------------------
NUM_REPS:   1000
bytes r/w:  33.55 GB
GFLOPs:     134.22
time:       0.50068 sec
energy:     74.31 Joules
compute:    0.27 TFLOPs/sec
throughput: 67.02 GB/sec
avg power:  148.43 W

./bin/transpose 2048 12
Matrix size: 2048 2048, Block size: 32 8, Tile size: 32 32
dimGrid: 64 64 1. dimBlock: 32 8 1
--------------------------------------------
NUM_REPS:   1000
bytes r/w:  33.55 GB
GFLOPs:     201.33
time:       0.48709 sec
energy:     82.24 Joules
compute:    0.41 TFLOPs/sec
throughput: 68.89 GB/sec
avg power:  168.84 W

./bin/transpose 2048 16
Matrix size: 2048 2048, Block size: 32 8, Tile size: 32 32
dimGrid: 64 64 1. dimBlock: 32 8 1
--------------------------------------------
NUM_REPS:   1000
bytes r/w:  33.55 GB
GFLOPs:     268.44
time:       0.45970 sec
energy:     88.01 Joules
compute:    0.58 TFLOPs/sec
throughput: 72.99 GB/sec
avg power:  191.45 W

./bin/transpose 2048 20
Matrix size: 2048 2048, Block size: 32 8, Tile size: 32 32
dimGrid: 64 64 1. dimBlock: 32 8 1
--------------------------------------------
NUM_REPS:   1000
bytes r/w:  33.55 GB
GFLOPs:     335.54
time:       0.37165 sec
energy:     91.39 Joules
compute:    0.90 TFLOPs/sec
throughput: 90.29 GB/sec
avg power:  245.90 W

./bin/transpose 2048 24
Matrix size: 2048 2048, Block size: 32 8, Tile size: 32 32
dimGrid: 64 64 1. dimBlock: 32 8 1
--------------------------------------------
NUM_REPS:   1000
bytes r/w:  33.55 GB
GFLOPs:     402.65
time:       0.31513 sec
energy:     91.36 Joules
compute:    1.28 TFLOPs/sec
throughput: 106.48 GB/sec
avg power:  289.91 W

./bin/transpose 2048 28
Matrix size: 2048 2048, Block size: 32 8, Tile size: 32 32
dimGrid: 64 64 1. dimBlock: 32 8 1
--------------------------------------------
NUM_REPS:   1000
bytes r/w:  33.55 GB
GFLOPs:     469.76
time:       0.26033 sec
energy:     91.96 Joules
compute:    1.80 TFLOPs/sec
throughput: 128.89 GB/sec
avg power:  353.27 W

./bin/transpose 2048 32
Matrix size: 2048 2048, Block size: 32 8, Tile size: 32 32
dimGrid: 64 64 1. dimBlock: 32 8 1
--------------------------------------------
NUM_REPS:   1000
bytes r/w:  33.55 GB
GFLOPs:     536.87
time:       0.20755 sec
energy:     95.66 Joules
compute:    2.59 TFLOPs/sec
throughput: 161.67 GB/sec
avg power:  460.88 W

./bin/transpose 2048 36
Matrix size: 2048 2048, Block size: 32 8, Tile size: 32 32
dimGrid: 64 64 1. dimBlock: 32 8 1
--------------------------------------------
NUM_REPS:   1000
bytes r/w:  33.55 GB
GFLOPs:     603.98
time:       0.21304 sec
energy:     98.62 Joules
compute:    2.84 TFLOPs/sec
throughput: 157.50 GB/sec
avg power:  462.94 W

./bin/transpose 2048 40
Matrix size: 2048 2048, Block size: 32 8, Tile size: 32 32
dimGrid: 64 64 1. dimBlock: 32 8 1
--------------------------------------------
NUM_REPS:   1000
bytes r/w:  33.55 GB
GFLOPs:     671.09
time:       0.20587 sec
energy:     100.88 Joules
compute:    3.26 TFLOPs/sec
throughput: 162.99 GB/sec
avg power:  490.01 W

./bin/transpose 2048 44
Matrix size: 2048 2048, Block size: 32 8, Tile size: 32 32
dimGrid: 64 64 1. dimBlock: 32 8 1
--------------------------------------------
NUM_REPS:   1000
bytes r/w:  33.55 GB
GFLOPs:     738.20
time:       0.20904 sec
energy:     102.90 Joules
compute:    3.53 TFLOPs/sec
throughput: 160.52 GB/sec
avg power:  492.25 W

./bin/transpose 2048 48
Matrix size: 2048 2048, Block size: 32 8, Tile size: 32 32
dimGrid: 64 64 1. dimBlock: 32 8 1
--------------------------------------------
NUM_REPS:   1000
bytes r/w:  33.55 GB
GFLOPs:     805.31
time:       0.21201 sec
energy:     104.84 Joules
compute:    3.80 TFLOPs/sec
throughput: 158.26 GB/sec
avg power:  494.48 W

./bin/transpose 2048 52
Matrix size: 2048 2048, Block size: 32 8, Tile size: 32 32
dimGrid: 64 64 1. dimBlock: 32 8 1
--------------------------------------------
NUM_REPS:   1000
bytes r/w:  33.55 GB
GFLOPs:     872.42
time:       0.21235 sec
energy:     107.43 Joules
compute:    4.11 TFLOPs/sec
throughput: 158.01 GB/sec
avg power:  505.89 W

./bin/transpose 2048 56
Matrix size: 2048 2048, Block size: 32 8, Tile size: 32 32
dimGrid: 64 64 1. dimBlock: 32 8 1
--------------------------------------------
NUM_REPS:   1000
bytes r/w:  33.55 GB
GFLOPs:     939.52
time:       0.21901 sec
energy:     109.32 Joules
compute:    4.29 TFLOPs/sec
throughput: 153.21 GB/sec
avg power:  499.17 W

./bin/transpose 2048 60
Matrix size: 2048 2048, Block size: 32 8, Tile size: 32 32
dimGrid: 64 64 1. dimBlock: 32 8 1
--------------------------------------------
NUM_REPS:   1000
bytes r/w:  33.55 GB
GFLOPs:     1006.63
time:       0.23424 sec
energy:     113.64 Joules
compute:    4.30 TFLOPs/sec
throughput: 143.25 GB/sec
avg power:  485.15 W

./bin/transpose 2048 64
Matrix size: 2048 2048, Block size: 32 8, Tile size: 32 32
dimGrid: 64 64 1. dimBlock: 32 8 1
--------------------------------------------
NUM_REPS:   1000
bytes r/w:  33.55 GB
GFLOPs:     1073.74
time:       0.23817 sec
energy:     113.81 Joules
compute:    4.51 TFLOPs/sec
throughput: 140.88 GB/sec
avg power:  477.84 W

./bin/transpose 2048 68
Matrix size: 2048 2048, Block size: 32 8, Tile size: 32 32
dimGrid: 64 64 1. dimBlock: 32 8 1
--------------------------------------------
NUM_REPS:   1000
bytes r/w:  33.55 GB
GFLOPs:     1140.85
time:       0.24839 sec
energy:     117.64 Joules
compute:    4.59 TFLOPs/sec
throughput: 135.09 GB/sec
avg power:  473.62 W

./bin/transpose 2048 72
Matrix size: 2048 2048, Block size: 32 8, Tile size: 32 32
dimGrid: 64 64 1. dimBlock: 32 8 1
--------------------------------------------
NUM_REPS:   1000
bytes r/w:  33.55 GB
GFLOPs:     1207.96
time:       0.25797 sec
energy:     121.41 Joules
compute:    4.68 TFLOPs/sec
throughput: 130.07 GB/sec
avg power:  470.61 W

./bin/transpose 2048 76
Matrix size: 2048 2048, Block size: 32 8, Tile size: 32 32
dimGrid: 64 64 1. dimBlock: 32 8 1
--------------------------------------------
NUM_REPS:   1000
bytes r/w:  33.55 GB
GFLOPs:     1275.07
time:       0.26561 sec
energy:     122.61 Joules
compute:    4.80 TFLOPs/sec
throughput: 126.33 GB/sec
avg power:  461.61 W

./bin/transpose 2048 80
Matrix size: 2048 2048, Block size: 32 8, Tile size: 32 32
dimGrid: 64 64 1. dimBlock: 32 8 1
--------------------------------------------
NUM_REPS:   1000
bytes r/w:  33.55 GB
GFLOPs:     1342.18
time:       0.27484 sec
energy:     125.69 Joules
compute:    4.88 TFLOPs/sec
throughput: 122.09 GB/sec
avg power:  457.32 W

./bin/transpose 2048 84
Matrix size: 2048 2048, Block size: 32 8, Tile size: 32 32
dimGrid: 64 64 1. dimBlock: 32 8 1
--------------------------------------------
NUM_REPS:   1000
bytes r/w:  33.55 GB
GFLOPs:     1409.29
time:       0.28786 sec
energy:     130.05 Joules
compute:    4.90 TFLOPs/sec
throughput: 116.57 GB/sec
avg power:  451.78 W

./bin/transpose 2048 88
Matrix size: 2048 2048, Block size: 32 8, Tile size: 32 32
dimGrid: 64 64 1. dimBlock: 32 8 1
--------------------------------------------
NUM_REPS:   1000
bytes r/w:  33.55 GB
GFLOPs:     1476.40
time:       0.29626 sec
energy:     132.07 Joules
compute:    4.98 TFLOPs/sec
throughput: 113.26 GB/sec
avg power:  445.78 W

./bin/transpose 2048 92
Matrix size: 2048 2048, Block size: 32 8, Tile size: 32 32
dimGrid: 64 64 1. dimBlock: 32 8 1
--------------------------------------------
NUM_REPS:   1000
bytes r/w:  33.55 GB
GFLOPs:     1543.50
time:       0.30649 sec
energy:     134.97 Joules
compute:    5.04 TFLOPs/sec
throughput: 109.48 GB/sec
avg power:  440.37 W

./bin/transpose 2048 96
Matrix size: 2048 2048, Block size: 32 8, Tile size: 32 32
dimGrid: 64 64 1. dimBlock: 32 8 1
--------------------------------------------
NUM_REPS:   1000
bytes r/w:  33.55 GB
GFLOPs:     1610.61
time:       0.31823 sec
energy:     138.69 Joules
compute:    5.06 TFLOPs/sec
throughput: 105.44 GB/sec
avg power:  435.80 W

./bin/transpose 2048 100
Matrix size: 2048 2048, Block size: 32 8, Tile size: 32 32
dimGrid: 64 64 1. dimBlock: 32 8 1
--------------------------------------------
NUM_REPS:   1000
bytes r/w:  33.55 GB
GFLOPs:     1677.72
time:       0.32756 sec
energy:     141.83 Joules
compute:    5.12 TFLOPs/sec
throughput: 102.44 GB/sec
avg power:  432.99 W

./bin/transpose 2048 250
Matrix size: 2048 2048, Block size: 32 8, Tile size: 32 32
dimGrid: 64 64 1. dimBlock: 32 8 1
--------------------------------------------
NUM_REPS:   1000
bytes r/w:  33.55 GB
GFLOPs:     4194.30
time:       0.67804 sec
energy:     280.96 Joules
compute:    6.19 TFLOPs/sec
throughput: 49.49 GB/sec
avg power:  414.37 W

./bin/transpose 2048 500
Matrix size: 2048 2048, Block size: 32 8, Tile size: 32 32
dimGrid: 64 64 1. dimBlock: 32 8 1
--------------------------------------------
NUM_REPS:   1000
bytes r/w:  33.55 GB
GFLOPs:     8388.61
time:       1.29399 sec
energy:     539.09 Joules
compute:    6.48 TFLOPs/sec
throughput: 25.93 GB/sec
avg power:  416.61 W

./bin/transpose 2048 750
Matrix size: 2048 2048, Block size: 32 8, Tile size: 32 32
dimGrid: 64 64 1. dimBlock: 32 8 1
--------------------------------------------
NUM_REPS:   1000
bytes r/w:  33.55 GB
GFLOPs:     12582.91
time:       1.93734 sec
energy:     818.64 Joules
compute:    6.49 TFLOPs/sec
throughput: 17.32 GB/sec
avg power:  422.56 W

./bin/transpose 2048 1000
Matrix size: 2048 2048, Block size: 32 8, Tile size: 32 32
dimGrid: 64 64 1. dimBlock: 32 8 1
--------------------------------------------
NUM_REPS:   1000
bytes r/w:  33.55 GB
GFLOPs:     16777.22
time:       2.60831 sec
energy:     1071.52 Joules
compute:    6.43 TFLOPs/sec
throughput: 12.86 GB/sec
avg power:  410.81 W

./bin/transpose 3072 4
Matrix size: 3072 3072, Block size: 32 8, Tile size: 32 32
dimGrid: 96 96 1. dimBlock: 32 8 1
--------------------------------------------
NUM_REPS:   1000
bytes r/w:  75.50 GB
GFLOPs:     150.99
time:       0.47819 sec
energy:     117.41 Joules
compute:    0.32 TFLOPs/sec
throughput: 157.88 GB/sec
avg power:  245.54 W

./bin/transpose 3072 8
Matrix size: 3072 3072, Block size: 32 8, Tile size: 32 32
dimGrid: 96 96 1. dimBlock: 32 8 1
--------------------------------------------
NUM_REPS:   1000
bytes r/w:  75.50 GB
GFLOPs:     301.99
time:       0.39903 sec
energy:     123.59 Joules
compute:    0.76 TFLOPs/sec
throughput: 189.20 GB/sec
avg power:  309.73 W

./bin/transpose 3072 12
Matrix size: 3072 3072, Block size: 32 8, Tile size: 32 32
dimGrid: 96 96 1. dimBlock: 32 8 1
--------------------------------------------
NUM_REPS:   1000
bytes r/w:  75.50 GB
GFLOPs:     452.98
time:       0.29838 sec
energy:     126.68 Joules
compute:    1.52 TFLOPs/sec
throughput: 253.02 GB/sec
avg power:  424.56 W

./bin/transpose 3072 16
Matrix size: 3072 3072, Block size: 32 8, Tile size: 32 32
dimGrid: 96 96 1. dimBlock: 32 8 1
--------------------------------------------
NUM_REPS:   1000
bytes r/w:  75.50 GB
GFLOPs:     603.98
time:       0.26150 sec
energy:     129.76 Joules
compute:    2.31 TFLOPs/sec
throughput: 288.71 GB/sec
avg power:  496.20 W

./bin/transpose 3072 20
Matrix size: 3072 3072, Block size: 32 8, Tile size: 32 32
dimGrid: 96 96 1. dimBlock: 32 8 1
--------------------------------------------
NUM_REPS:   1000
bytes r/w:  75.50 GB
GFLOPs:     754.97
time:       0.24935 sec
energy:     129.19 Joules
compute:    3.03 TFLOPs/sec
throughput: 302.78 GB/sec
avg power:  518.12 W

./bin/transpose 3072 24
Matrix size: 3072 3072, Block size: 32 8, Tile size: 32 32
dimGrid: 96 96 1. dimBlock: 32 8 1
--------------------------------------------
NUM_REPS:   1000
bytes r/w:  75.50 GB
GFLOPs:     905.97
time:       0.25689 sec
energy:     133.96 Joules
compute:    3.53 TFLOPs/sec
throughput: 293.89 GB/sec
avg power:  521.47 W

./bin/transpose 3072 28
Matrix size: 3072 3072, Block size: 32 8, Tile size: 32 32
dimGrid: 96 96 1. dimBlock: 32 8 1
--------------------------------------------
NUM_REPS:   1000
bytes r/w:  75.50 GB
GFLOPs:     1056.96
time:       0.26660 sec
energy:     135.97 Joules
compute:    3.96 TFLOPs/sec
throughput: 283.19 GB/sec
avg power:  510.03 W

./bin/transpose 3072 32
Matrix size: 3072 3072, Block size: 32 8, Tile size: 32 32
dimGrid: 96 96 1. dimBlock: 32 8 1
--------------------------------------------
NUM_REPS:   1000
bytes r/w:  75.50 GB
GFLOPs:     1207.96
time:       0.28382 sec
energy:     142.28 Joules
compute:    4.26 TFLOPs/sec
throughput: 266.00 GB/sec
avg power:  501.30 W

./bin/transpose 3072 36
Matrix size: 3072 3072, Block size: 32 8, Tile size: 32 32
dimGrid: 96 96 1. dimBlock: 32 8 1
--------------------------------------------
NUM_REPS:   1000
bytes r/w:  75.50 GB
GFLOPs:     1358.95
time:       0.30120 sec
energy:     148.06 Joules
compute:    4.51 TFLOPs/sec
throughput: 250.66 GB/sec
avg power:  491.59 W

./bin/transpose 3072 40
Matrix size: 3072 3072, Block size: 32 8, Tile size: 32 32
dimGrid: 96 96 1. dimBlock: 32 8 1
--------------------------------------------
NUM_REPS:   1000
bytes r/w:  75.50 GB
GFLOPs:     1509.95
time:       0.32181 sec
energy:     152.39 Joules
compute:    4.69 TFLOPs/sec
throughput: 234.60 GB/sec
avg power:  473.54 W

./bin/transpose 3072 44
Matrix size: 3072 3072, Block size: 32 8, Tile size: 32 32
dimGrid: 96 96 1. dimBlock: 32 8 1
--------------------------------------------
NUM_REPS:   1000
bytes r/w:  75.50 GB
GFLOPs:     1660.94
time:       0.34368 sec
energy:     159.07 Joules
compute:    4.83 TFLOPs/sec
throughput: 219.67 GB/sec
avg power:  462.84 W

./bin/transpose 3072 48
Matrix size: 3072 3072, Block size: 32 8, Tile size: 32 32
dimGrid: 96 96 1. dimBlock: 32 8 1
--------------------------------------------
NUM_REPS:   1000
bytes r/w:  75.50 GB
GFLOPs:     1811.94
time:       0.36612 sec
energy:     166.15 Joules
compute:    4.95 TFLOPs/sec
throughput: 206.21 GB/sec
avg power:  453.80 W

./bin/transpose 3072 52
Matrix size: 3072 3072, Block size: 32 8, Tile size: 32 32
dimGrid: 96 96 1. dimBlock: 32 8 1
--------------------------------------------
NUM_REPS:   1000
bytes r/w:  75.50 GB
GFLOPs:     1962.93
time:       0.39068 sec
energy:     171.90 Joules
compute:    5.02 TFLOPs/sec
throughput: 193.25 GB/sec
avg power:  440.01 W

./bin/transpose 3072 56
Matrix size: 3072 3072, Block size: 32 8, Tile size: 32 32
dimGrid: 96 96 1. dimBlock: 32 8 1
--------------------------------------------
NUM_REPS:   1000
bytes r/w:  75.50 GB
GFLOPs:     2113.93
time:       0.41310 sec
energy:     181.12 Joules
compute:    5.12 TFLOPs/sec
throughput: 182.76 GB/sec
avg power:  438.43 W

./bin/transpose 3072 60
Matrix size: 3072 3072, Block size: 32 8, Tile size: 32 32
dimGrid: 96 96 1. dimBlock: 32 8 1
--------------------------------------------
NUM_REPS:   1000
bytes r/w:  75.50 GB
GFLOPs:     2264.92
time:       0.43540 sec
energy:     189.17 Joules
compute:    5.20 TFLOPs/sec
throughput: 173.40 GB/sec
avg power:  434.47 W

./bin/transpose 3072 64
Matrix size: 3072 3072, Block size: 32 8, Tile size: 32 32
dimGrid: 96 96 1. dimBlock: 32 8 1
--------------------------------------------
NUM_REPS:   1000
bytes r/w:  75.50 GB
GFLOPs:     2415.92
time:       0.45817 sec
energy:     193.76 Joules
compute:    5.27 TFLOPs/sec
throughput: 164.78 GB/sec
avg power:  422.90 W

./bin/transpose 3072 68
Matrix size: 3072 3072, Block size: 32 8, Tile size: 32 32
dimGrid: 96 96 1. dimBlock: 32 8 1
--------------------------------------------
NUM_REPS:   1000
bytes r/w:  75.50 GB
GFLOPs:     2566.91
time:       0.48152 sec
energy:     203.01 Joules
compute:    5.33 TFLOPs/sec
throughput: 156.79 GB/sec
avg power:  421.59 W

./bin/transpose 3072 72
Matrix size: 3072 3072, Block size: 32 8, Tile size: 32 32
dimGrid: 96 96 1. dimBlock: 32 8 1
--------------------------------------------
NUM_REPS:   1000
bytes r/w:  75.50 GB
GFLOPs:     2717.91
time:       0.50322 sec
energy:     209.69 Joules
compute:    5.40 TFLOPs/sec
throughput: 150.03 GB/sec
avg power:  416.69 W

./bin/transpose 3072 76
Matrix size: 3072 3072, Block size: 32 8, Tile size: 32 32
dimGrid: 96 96 1. dimBlock: 32 8 1
--------------------------------------------
NUM_REPS:   1000
bytes r/w:  75.50 GB
GFLOPs:     2868.90
time:       0.52510 sec
energy:     217.53 Joules
compute:    5.46 TFLOPs/sec
throughput: 143.78 GB/sec
avg power:  414.25 W

./bin/transpose 3072 80
Matrix size: 3072 3072, Block size: 32 8, Tile size: 32 32
dimGrid: 96 96 1. dimBlock: 32 8 1
--------------------------------------------
NUM_REPS:   1000
bytes r/w:  75.50 GB
GFLOPs:     3019.90
time:       0.54289 sec
energy:     228.35 Joules
compute:    5.56 TFLOPs/sec
throughput: 139.07 GB/sec
avg power:  420.63 W

./bin/transpose 3072 84
Matrix size: 3072 3072, Block size: 32 8, Tile size: 32 32
dimGrid: 96 96 1. dimBlock: 32 8 1
--------------------------------------------
NUM_REPS:   1000
bytes r/w:  75.50 GB
GFLOPs:     3170.89
time:       0.56340 sec
energy:     235.05 Joules
compute:    5.63 TFLOPs/sec
throughput: 134.00 GB/sec
avg power:  417.20 W

./bin/transpose 3072 88
Matrix size: 3072 3072, Block size: 32 8, Tile size: 32 32
dimGrid: 96 96 1. dimBlock: 32 8 1
--------------------------------------------
NUM_REPS:   1000
bytes r/w:  75.50 GB
GFLOPs:     3321.89
time:       0.58279 sec
energy:     244.60 Joules
compute:    5.70 TFLOPs/sec
throughput: 129.54 GB/sec
avg power:  419.70 W

./bin/transpose 3072 92
Matrix size: 3072 3072, Block size: 32 8, Tile size: 32 32
dimGrid: 96 96 1. dimBlock: 32 8 1
--------------------------------------------
NUM_REPS:   1000
bytes r/w:  75.50 GB
GFLOPs:     3472.88
time:       0.60566 sec
energy:     253.04 Joules
compute:    5.73 TFLOPs/sec
throughput: 124.65 GB/sec
avg power:  417.80 W

./bin/transpose 3072 96
Matrix size: 3072 3072, Block size: 32 8, Tile size: 32 32
dimGrid: 96 96 1. dimBlock: 32 8 1
--------------------------------------------
NUM_REPS:   1000
bytes r/w:  75.50 GB
GFLOPs:     3623.88
time:       0.62429 sec
energy:     261.72 Joules
compute:    5.80 TFLOPs/sec
throughput: 120.93 GB/sec
avg power:  419.23 W

./bin/transpose 3072 100
Matrix size: 3072 3072, Block size: 32 8, Tile size: 32 32
dimGrid: 96 96 1. dimBlock: 32 8 1
--------------------------------------------
NUM_REPS:   1000
bytes r/w:  75.50 GB
GFLOPs:     3774.87
time:       0.64567 sec
energy:     269.95 Joules
compute:    5.85 TFLOPs/sec
throughput: 116.93 GB/sec
avg power:  418.09 W

./bin/transpose 3072 250
Matrix size: 3072 3072, Block size: 32 8, Tile size: 32 32
dimGrid: 96 96 1. dimBlock: 32 8 1
--------------------------------------------
NUM_REPS:   1000
bytes r/w:  75.50 GB
GFLOPs:     9437.18
time:       1.46526 sec
energy:     644.87 Joules
compute:    6.44 TFLOPs/sec
throughput: 51.52 GB/sec
avg power:  440.11 W

./bin/transpose 3072 500
Matrix size: 3072 3072, Block size: 32 8, Tile size: 32 32
dimGrid: 96 96 1. dimBlock: 32 8 1
--------------------------------------------
NUM_REPS:   1000
bytes r/w:  75.50 GB
GFLOPs:     18874.37
time:       2.91467 sec
energy:     1254.20 Joules
compute:    6.48 TFLOPs/sec
throughput: 25.90 GB/sec
avg power:  430.31 W

./bin/transpose 3072 750
Matrix size: 3072 3072, Block size: 32 8, Tile size: 32 32
dimGrid: 96 96 1. dimBlock: 32 8 1
--------------------------------------------
NUM_REPS:   1000
bytes r/w:  75.50 GB
GFLOPs:     28311.55
time:       4.38536 sec
energy:     1875.26 Joules
compute:    6.46 TFLOPs/sec
throughput: 17.22 GB/sec
avg power:  427.62 W

./bin/transpose 3072 1000
Matrix size: 3072 3072, Block size: 32 8, Tile size: 32 32
dimGrid: 96 96 1. dimBlock: 32 8 1
--------------------------------------------
NUM_REPS:   1000
bytes r/w:  75.50 GB
GFLOPs:     37748.74
time:       5.90485 sec
energy:     2472.36 Joules
compute:    6.39 TFLOPs/sec
throughput: 12.79 GB/sec
avg power:  418.70 W

./bin/transpose 4096 4
Matrix size: 4096 4096, Block size: 32 8, Tile size: 32 32
dimGrid: 128 128 1. dimBlock: 32 8 1
--------------------------------------------
NUM_REPS:   1000
bytes r/w:  134.22 GB
GFLOPs:     268.44
time:       0.39967 sec
energy:     163.34 Joules
compute:    0.67 TFLOPs/sec
throughput: 335.82 GB/sec
avg power:  408.69 W

./bin/transpose 4096 8
Matrix size: 4096 4096, Block size: 32 8, Tile size: 32 32
dimGrid: 128 128 1. dimBlock: 32 8 1
--------------------------------------------
NUM_REPS:   1000
bytes r/w:  134.22 GB
GFLOPs:     536.87
time:       0.38914 sec
energy:     171.44 Joules
compute:    1.38 TFLOPs/sec
throughput: 344.91 GB/sec
avg power:  440.55 W

./bin/transpose 4096 12
Matrix size: 4096 4096, Block size: 32 8, Tile size: 32 32
dimGrid: 128 128 1. dimBlock: 32 8 1
--------------------------------------------
NUM_REPS:   1000
bytes r/w:  134.22 GB
GFLOPs:     805.31
time:       0.38887 sec
energy:     175.89 Joules
compute:    2.07 TFLOPs/sec
throughput: 345.15 GB/sec
avg power:  452.32 W

./bin/transpose 4096 16
Matrix size: 4096 4096, Block size: 32 8, Tile size: 32 32
dimGrid: 128 128 1. dimBlock: 32 8 1
--------------------------------------------
NUM_REPS:   1000
bytes r/w:  134.22 GB
GFLOPs:     1073.74
time:       0.39230 sec
energy:     178.70 Joules
compute:    2.74 TFLOPs/sec
throughput: 342.13 GB/sec
avg power:  455.53 W

./bin/transpose 4096 20
Matrix size: 4096 4096, Block size: 32 8, Tile size: 32 32
dimGrid: 128 128 1. dimBlock: 32 8 1
--------------------------------------------
NUM_REPS:   1000
bytes r/w:  134.22 GB
GFLOPs:     1342.18
time:       0.39740 sec
energy:     183.55 Joules
compute:    3.38 TFLOPs/sec
throughput: 337.74 GB/sec
avg power:  461.89 W

./bin/transpose 4096 24
Matrix size: 4096 4096, Block size: 32 8, Tile size: 32 32
dimGrid: 128 128 1. dimBlock: 32 8 1
--------------------------------------------
NUM_REPS:   1000
bytes r/w:  134.22 GB
GFLOPs:     1610.61
time:       0.40829 sec
energy:     187.45 Joules
compute:    3.94 TFLOPs/sec
throughput: 328.73 GB/sec
avg power:  459.13 W

./bin/transpose 4096 28
Matrix size: 4096 4096, Block size: 32 8, Tile size: 32 32
dimGrid: 128 128 1. dimBlock: 32 8 1
--------------------------------------------
NUM_REPS:   1000
bytes r/w:  134.22 GB
GFLOPs:     1879.05
time:       0.42660 sec
energy:     196.26 Joules
compute:    4.40 TFLOPs/sec
throughput: 314.62 GB/sec
avg power:  460.05 W

./bin/transpose 4096 32
Matrix size: 4096 4096, Block size: 32 8, Tile size: 32 32
dimGrid: 128 128 1. dimBlock: 32 8 1
--------------------------------------------
NUM_REPS:   1000
bytes r/w:  134.22 GB
GFLOPs:     2147.48
time:       0.45418 sec
energy:     205.42 Joules
compute:    4.73 TFLOPs/sec
throughput: 295.52 GB/sec
avg power:  452.30 W

./bin/transpose 4096 36
Matrix size: 4096 4096, Block size: 32 8, Tile size: 32 32
dimGrid: 128 128 1. dimBlock: 32 8 1
--------------------------------------------
NUM_REPS:   1000
bytes r/w:  134.22 GB
GFLOPs:     2415.92
time:       0.49139 sec
energy:     217.31 Joules
compute:    4.92 TFLOPs/sec
throughput: 273.14 GB/sec
avg power:  442.24 W

./bin/transpose 4096 40
Matrix size: 4096 4096, Block size: 32 8, Tile size: 32 32
dimGrid: 128 128 1. dimBlock: 32 8 1
--------------------------------------------
NUM_REPS:   1000
bytes r/w:  134.22 GB
GFLOPs:     2684.35
time:       0.52733 sec
energy:     232.97 Joules
compute:    5.09 TFLOPs/sec
throughput: 254.52 GB/sec
avg power:  441.79 W

./bin/transpose 4096 44
Matrix size: 4096 4096, Block size: 32 8, Tile size: 32 32
dimGrid: 128 128 1. dimBlock: 32 8 1
--------------------------------------------
NUM_REPS:   1000
bytes r/w:  134.22 GB
GFLOPs:     2952.79
time:       0.56465 sec
energy:     245.28 Joules
compute:    5.23 TFLOPs/sec
throughput: 237.70 GB/sec
avg power:  434.39 W

./bin/transpose 4096 48
Matrix size: 4096 4096, Block size: 32 8, Tile size: 32 32
dimGrid: 128 128 1. dimBlock: 32 8 1
--------------------------------------------
NUM_REPS:   1000
bytes r/w:  134.22 GB
GFLOPs:     3221.23
time:       0.60271 sec
energy:     262.13 Joules
compute:    5.34 TFLOPs/sec
throughput: 222.69 GB/sec
avg power:  434.92 W

./bin/transpose 4096 52
Matrix size: 4096 4096, Block size: 32 8, Tile size: 32 32
dimGrid: 128 128 1. dimBlock: 32 8 1
--------------------------------------------
NUM_REPS:   1000
bytes r/w:  134.22 GB
GFLOPs:     3489.66
time:       0.63292 sec
energy:     278.61 Joules
compute:    5.51 TFLOPs/sec
throughput: 212.06 GB/sec
avg power:  440.20 W

./bin/transpose 4096 56
Matrix size: 4096 4096, Block size: 32 8, Tile size: 32 32
dimGrid: 128 128 1. dimBlock: 32 8 1
--------------------------------------------
NUM_REPS:   1000
bytes r/w:  134.22 GB
GFLOPs:     3758.10
time:       0.67179 sec
energy:     293.74 Joules
compute:    5.59 TFLOPs/sec
throughput: 199.79 GB/sec
avg power:  437.26 W

./bin/transpose 4096 60
Matrix size: 4096 4096, Block size: 32 8, Tile size: 32 32
dimGrid: 128 128 1. dimBlock: 32 8 1
--------------------------------------------
NUM_REPS:   1000
bytes r/w:  134.22 GB
GFLOPs:     4026.53
time:       0.70115 sec
energy:     312.43 Joules
compute:    5.74 TFLOPs/sec
throughput: 191.43 GB/sec
avg power:  445.60 W

./bin/transpose 4096 64
Matrix size: 4096 4096, Block size: 32 8, Tile size: 32 32
dimGrid: 128 128 1. dimBlock: 32 8 1
--------------------------------------------
NUM_REPS:   1000
bytes r/w:  134.22 GB
GFLOPs:     4294.97
time:       0.73481 sec
energy:     329.01 Joules
compute:    5.84 TFLOPs/sec
throughput: 182.66 GB/sec
avg power:  447.74 W

./bin/transpose 4096 68
Matrix size: 4096 4096, Block size: 32 8, Tile size: 32 32
dimGrid: 128 128 1. dimBlock: 32 8 1
--------------------------------------------
NUM_REPS:   1000
bytes r/w:  134.22 GB
GFLOPs:     4563.40
time:       0.77055 sec
energy:     348.82 Joules
compute:    5.92 TFLOPs/sec
throughput: 174.18 GB/sec
avg power:  452.68 W

./bin/transpose 4096 72
Matrix size: 4096 4096, Block size: 32 8, Tile size: 32 32
dimGrid: 128 128 1. dimBlock: 32 8 1
--------------------------------------------
NUM_REPS:   1000
bytes r/w:  134.22 GB
GFLOPs:     4831.84
time:       0.80272 sec
energy:     367.41 Joules
compute:    6.02 TFLOPs/sec
throughput: 167.20 GB/sec
avg power:  457.70 W

./bin/transpose 4096 76
Matrix size: 4096 4096, Block size: 32 8, Tile size: 32 32
dimGrid: 128 128 1. dimBlock: 32 8 1
--------------------------------------------
NUM_REPS:   1000
bytes r/w:  134.22 GB
GFLOPs:     5100.27
time:       0.83572 sec
energy:     384.70 Joules
compute:    6.10 TFLOPs/sec
throughput: 160.60 GB/sec
avg power:  460.33 W

./bin/transpose 4096 80
Matrix size: 4096 4096, Block size: 32 8, Tile size: 32 32
dimGrid: 128 128 1. dimBlock: 32 8 1
--------------------------------------------
NUM_REPS:   1000
bytes r/w:  134.22 GB
GFLOPs:     5368.71
time:       0.87060 sec
energy:     404.61 Joules
compute:    6.17 TFLOPs/sec
throughput: 154.17 GB/sec
avg power:  464.75 W

./bin/transpose 4096 84
Matrix size: 4096 4096, Block size: 32 8, Tile size: 32 32
dimGrid: 128 128 1. dimBlock: 32 8 1
--------------------------------------------
NUM_REPS:   1000
bytes r/w:  134.22 GB
GFLOPs:     5637.14
time:       0.90703 sec
energy:     422.40 Joules
compute:    6.21 TFLOPs/sec
throughput: 147.98 GB/sec
avg power:  465.70 W

./bin/transpose 4096 88
Matrix size: 4096 4096, Block size: 32 8, Tile size: 32 32
dimGrid: 128 128 1. dimBlock: 32 8 1
--------------------------------------------
NUM_REPS:   1000
bytes r/w:  134.22 GB
GFLOPs:     5905.58
time:       0.94479 sec
energy:     442.15 Joules
compute:    6.25 TFLOPs/sec
throughput: 142.06 GB/sec
avg power:  467.99 W

./bin/transpose 4096 92
Matrix size: 4096 4096, Block size: 32 8, Tile size: 32 32
dimGrid: 128 128 1. dimBlock: 32 8 1
--------------------------------------------
NUM_REPS:   1000
bytes r/w:  134.22 GB
GFLOPs:     6174.02
time:       0.98137 sec
energy:     461.35 Joules
compute:    6.29 TFLOPs/sec
throughput: 136.77 GB/sec
avg power:  470.11 W

./bin/transpose 4096 96
Matrix size: 4096 4096, Block size: 32 8, Tile size: 32 32
dimGrid: 128 128 1. dimBlock: 32 8 1
--------------------------------------------
NUM_REPS:   1000
bytes r/w:  134.22 GB
GFLOPs:     6442.45
time:       1.02441 sec
energy:     476.45 Joules
compute:    6.29 TFLOPs/sec
throughput: 131.02 GB/sec
avg power:  465.10 W

./bin/transpose 4096 100
Matrix size: 4096 4096, Block size: 32 8, Tile size: 32 32
dimGrid: 128 128 1. dimBlock: 32 8 1
--------------------------------------------
NUM_REPS:   1000
bytes r/w:  134.22 GB
GFLOPs:     6710.89
time:       1.06337 sec
energy:     495.19 Joules
compute:    6.31 TFLOPs/sec
throughput: 126.22 GB/sec
avg power:  465.68 W

./bin/transpose 4096 250
Matrix size: 4096 4096, Block size: 32 8, Tile size: 32 32
dimGrid: 128 128 1. dimBlock: 32 8 1
--------------------------------------------
NUM_REPS:   1000
bytes r/w:  134.22 GB
GFLOPs:     16777.22
time:       2.61243 sec
energy:     1168.03 Joules
compute:    6.42 TFLOPs/sec
throughput: 51.38 GB/sec
avg power:  447.10 W

./bin/transpose 4096 500
Matrix size: 4096 4096, Block size: 32 8, Tile size: 32 32
dimGrid: 128 128 1. dimBlock: 32 8 1
--------------------------------------------
NUM_REPS:   1000
bytes r/w:  134.22 GB
GFLOPs:     33554.43
time:       5.25083 sec
energy:     2254.03 Joules
compute:    6.39 TFLOPs/sec
throughput: 25.56 GB/sec
avg power:  429.27 W

./bin/transpose 4096 750
Matrix size: 4096 4096, Block size: 32 8, Tile size: 32 32
dimGrid: 128 128 1. dimBlock: 32 8 1
--------------------------------------------
NUM_REPS:   1000
bytes r/w:  134.22 GB
GFLOPs:     50331.65
time:       7.91485 sec
energy:     3357.37 Joules
compute:    6.36 TFLOPs/sec
throughput: 16.96 GB/sec
avg power:  424.19 W

./bin/transpose 4096 1000
Matrix size: 4096 4096, Block size: 32 8, Tile size: 32 32
dimGrid: 128 128 1. dimBlock: 32 8 1
--------------------------------------------
NUM_REPS:   1000
bytes r/w:  134.22 GB
GFLOPs:     67108.86
time:       10.73637 sec
energy:     4435.56 Joules
compute:    6.25 TFLOPs/sec
throughput: 12.50 GB/sec
avg power:  413.13 W

./bin/transpose 5120 4
Matrix size: 5120 5120, Block size: 32 8, Tile size: 32 32
dimGrid: 160 160 1. dimBlock: 32 8 1
--------------------------------------------
NUM_REPS:   1000
bytes r/w:  209.72 GB
GFLOPs:     419.43
time:       0.73315 sec
energy:     275.68 Joules
compute:    0.57 TFLOPs/sec
throughput: 286.05 GB/sec
avg power:  376.02 W

./bin/transpose 5120 8
Matrix size: 5120 5120, Block size: 32 8, Tile size: 32 32
dimGrid: 160 160 1. dimBlock: 32 8 1
--------------------------------------------
NUM_REPS:   1000
bytes r/w:  209.72 GB
GFLOPs:     838.86
time:       0.73515 sec
energy:     287.89 Joules
compute:    1.14 TFLOPs/sec
throughput: 285.27 GB/sec
avg power:  391.60 W

./bin/transpose 5120 12
Matrix size: 5120 5120, Block size: 32 8, Tile size: 32 32
dimGrid: 160 160 1. dimBlock: 32 8 1
--------------------------------------------
NUM_REPS:   1000
bytes r/w:  209.72 GB
GFLOPs:     1258.29
time:       0.73698 sec
energy:     299.51 Joules
compute:    1.71 TFLOPs/sec
throughput: 284.56 GB/sec
avg power:  406.40 W

./bin/transpose 5120 16
Matrix size: 5120 5120, Block size: 32 8, Tile size: 32 32
dimGrid: 160 160 1. dimBlock: 32 8 1
--------------------------------------------
NUM_REPS:   1000
bytes r/w:  209.72 GB
GFLOPs:     1677.72
time:       0.73893 sec
energy:     302.84 Joules
compute:    2.27 TFLOPs/sec
throughput: 283.81 GB/sec
avg power:  409.84 W

./bin/transpose 5120 20
Matrix size: 5120 5120, Block size: 32 8, Tile size: 32 32
dimGrid: 160 160 1. dimBlock: 32 8 1
--------------------------------------------
NUM_REPS:   1000
bytes r/w:  209.72 GB
GFLOPs:     2097.15
time:       0.74183 sec
energy:     310.47 Joules
compute:    2.83 TFLOPs/sec
throughput: 282.70 GB/sec
avg power:  418.52 W

./bin/transpose 5120 24
Matrix size: 5120 5120, Block size: 32 8, Tile size: 32 32
dimGrid: 160 160 1. dimBlock: 32 8 1
--------------------------------------------
NUM_REPS:   1000
bytes r/w:  209.72 GB
GFLOPs:     2516.58
time:       0.74516 sec
energy:     314.13 Joules
compute:    3.38 TFLOPs/sec
throughput: 281.44 GB/sec
avg power:  421.57 W

./bin/transpose 5120 28
Matrix size: 5120 5120, Block size: 32 8, Tile size: 32 32
dimGrid: 160 160 1. dimBlock: 32 8 1
--------------------------------------------
NUM_REPS:   1000
bytes r/w:  209.72 GB
GFLOPs:     2936.01
time:       0.74920 sec
energy:     314.91 Joules
compute:    3.92 TFLOPs/sec
throughput: 279.92 GB/sec
avg power:  420.33 W

./bin/transpose 5120 32
Matrix size: 5120 5120, Block size: 32 8, Tile size: 32 32
dimGrid: 160 160 1. dimBlock: 32 8 1
--------------------------------------------
NUM_REPS:   1000
bytes r/w:  209.72 GB
GFLOPs:     3355.44
time:       0.75424 sec
energy:     330.27 Joules
compute:    4.45 TFLOPs/sec
throughput: 278.05 GB/sec
avg power:  437.89 W

./bin/transpose 5120 36
Matrix size: 5120 5120, Block size: 32 8, Tile size: 32 32
dimGrid: 160 160 1. dimBlock: 32 8 1
--------------------------------------------
NUM_REPS:   1000
bytes r/w:  209.72 GB
GFLOPs:     3774.87
time:       0.76298 sec
energy:     346.39 Joules
compute:    4.95 TFLOPs/sec
throughput: 274.86 GB/sec
avg power:  454.00 W

./bin/transpose 5120 40
Matrix size: 5120 5120, Block size: 32 8, Tile size: 32 32
dimGrid: 160 160 1. dimBlock: 32 8 1
--------------------------------------------
NUM_REPS:   1000
bytes r/w:  209.72 GB
GFLOPs:     4194.30
time:       0.78314 sec
energy:     363.19 Joules
compute:    5.36 TFLOPs/sec
throughput: 267.79 GB/sec
avg power:  463.77 W

./bin/transpose 5120 44
Matrix size: 5120 5120, Block size: 32 8, Tile size: 32 32
dimGrid: 160 160 1. dimBlock: 32 8 1
--------------------------------------------
NUM_REPS:   1000
bytes r/w:  209.72 GB
GFLOPs:     4613.73
time:       0.82058 sec
energy:     391.36 Joules
compute:    5.62 TFLOPs/sec
throughput: 255.57 GB/sec
avg power:  476.93 W

./bin/transpose 5120 48
Matrix size: 5120 5120, Block size: 32 8, Tile size: 32 32
dimGrid: 160 160 1. dimBlock: 32 8 1
--------------------------------------------
NUM_REPS:   1000
bytes r/w:  209.72 GB
GFLOPs:     5033.16
time:       0.87438 sec
energy:     414.10 Joules
compute:    5.76 TFLOPs/sec
throughput: 239.84 GB/sec
avg power:  473.60 W

./bin/transpose 5120 52
Matrix size: 5120 5120, Block size: 32 8, Tile size: 32 32
dimGrid: 160 160 1. dimBlock: 32 8 1
--------------------------------------------
NUM_REPS:   1000
bytes r/w:  209.72 GB
GFLOPs:     5452.60
time:       0.92710 sec
energy:     443.31 Joules
compute:    5.88 TFLOPs/sec
throughput: 226.21 GB/sec
avg power:  478.17 W

./bin/transpose 5120 56
Matrix size: 5120 5120, Block size: 32 8, Tile size: 32 32
dimGrid: 160 160 1. dimBlock: 32 8 1
--------------------------------------------
NUM_REPS:   1000
bytes r/w:  209.72 GB
GFLOPs:     5872.03
time:       0.98330 sec
energy:     469.49 Joules
compute:    5.97 TFLOPs/sec
throughput: 213.28 GB/sec
avg power:  477.47 W

./bin/transpose 5120 60
Matrix size: 5120 5120, Block size: 32 8, Tile size: 32 32
dimGrid: 160 160 1. dimBlock: 32 8 1
--------------------------------------------
NUM_REPS:   1000
bytes r/w:  209.72 GB
GFLOPs:     6291.46
time:       1.04269 sec
energy:     499.39 Joules
compute:    6.03 TFLOPs/sec
throughput: 201.13 GB/sec
avg power:  478.95 W

./bin/transpose 5120 64
Matrix size: 5120 5120, Block size: 32 8, Tile size: 32 32
dimGrid: 160 160 1. dimBlock: 32 8 1
--------------------------------------------
NUM_REPS:   1000
bytes r/w:  209.72 GB
GFLOPs:     6710.89
time:       1.10304 sec
energy:     528.76 Joules
compute:    6.08 TFLOPs/sec
throughput: 190.12 GB/sec
avg power:  479.37 W

./bin/transpose 5120 68
Matrix size: 5120 5120, Block size: 32 8, Tile size: 32 32
dimGrid: 160 160 1. dimBlock: 32 8 1
--------------------------------------------
NUM_REPS:   1000
bytes r/w:  209.72 GB
GFLOPs:     7130.32
time:       1.16434 sec
energy:     557.93 Joules
compute:    6.12 TFLOPs/sec
throughput: 180.12 GB/sec
avg power:  479.18 W

./bin/transpose 5120 72
Matrix size: 5120 5120, Block size: 32 8, Tile size: 32 32
dimGrid: 160 160 1. dimBlock: 32 8 1
--------------------------------------------
NUM_REPS:   1000
bytes r/w:  209.72 GB
GFLOPs:     7549.75
time:       1.22369 sec
energy:     587.78 Joules
compute:    6.17 TFLOPs/sec
throughput: 171.38 GB/sec
avg power:  480.33 W

./bin/transpose 5120 76
Matrix size: 5120 5120, Block size: 32 8, Tile size: 32 32
dimGrid: 160 160 1. dimBlock: 32 8 1
--------------------------------------------
NUM_REPS:   1000
bytes r/w:  209.72 GB
GFLOPs:     7969.18
time:       1.28465 sec
energy:     618.13 Joules
compute:    6.20 TFLOPs/sec
throughput: 163.25 GB/sec
avg power:  481.17 W

./bin/transpose 5120 80
Matrix size: 5120 5120, Block size: 32 8, Tile size: 32 32
dimGrid: 160 160 1. dimBlock: 32 8 1
--------------------------------------------
NUM_REPS:   1000
bytes r/w:  209.72 GB
GFLOPs:     8388.61
time:       1.34652 sec
energy:     642.12 Joules
compute:    6.23 TFLOPs/sec
throughput: 155.75 GB/sec
avg power:  476.87 W

./bin/transpose 5120 84
Matrix size: 5120 5120, Block size: 32 8, Tile size: 32 32
dimGrid: 160 160 1. dimBlock: 32 8 1
--------------------------------------------
NUM_REPS:   1000
bytes r/w:  209.72 GB
GFLOPs:     8808.04
time:       1.41455 sec
energy:     672.32 Joules
compute:    6.23 TFLOPs/sec
throughput: 148.26 GB/sec
avg power:  475.29 W

./bin/transpose 5120 88
Matrix size: 5120 5120, Block size: 32 8, Tile size: 32 32
dimGrid: 160 160 1. dimBlock: 32 8 1
--------------------------------------------
NUM_REPS:   1000
bytes r/w:  209.72 GB
GFLOPs:     9227.47
time:       1.47921 sec
energy:     702.57 Joules
compute:    6.24 TFLOPs/sec
throughput: 141.78 GB/sec
avg power:  474.96 W

./bin/transpose 5120 92
Matrix size: 5120 5120, Block size: 32 8, Tile size: 32 32
dimGrid: 160 160 1. dimBlock: 32 8 1
--------------------------------------------
NUM_REPS:   1000
bytes r/w:  209.72 GB
GFLOPs:     9646.90
time:       1.54396 sec
energy:     730.91 Joules
compute:    6.25 TFLOPs/sec
throughput: 135.83 GB/sec
avg power:  473.40 W

./bin/transpose 5120 96
Matrix size: 5120 5120, Block size: 32 8, Tile size: 32 32
dimGrid: 160 160 1. dimBlock: 32 8 1
--------------------------------------------
NUM_REPS:   1000
bytes r/w:  209.72 GB
GFLOPs:     10066.33
time:       1.60879 sec
energy:     758.13 Joules
compute:    6.26 TFLOPs/sec
throughput: 130.36 GB/sec
avg power:  471.24 W

./bin/transpose 5120 100
Matrix size: 5120 5120, Block size: 32 8, Tile size: 32 32
dimGrid: 160 160 1. dimBlock: 32 8 1
--------------------------------------------
NUM_REPS:   1000
bytes r/w:  209.72 GB
GFLOPs:     10485.76
time:       1.67373 sec
energy:     788.86 Joules
compute:    6.26 TFLOPs/sec
throughput: 125.30 GB/sec
avg power:  471.32 W

./bin/transpose 5120 250
Matrix size: 5120 5120, Block size: 32 8, Tile size: 32 32
dimGrid: 160 160 1. dimBlock: 32 8 1
--------------------------------------------
NUM_REPS:   1000
bytes r/w:  209.72 GB
GFLOPs:     26214.40
time:       4.14722 sec
energy:     1862.40 Joules
compute:    6.32 TFLOPs/sec
throughput: 50.57 GB/sec
avg power:  449.07 W

./bin/transpose 5120 500
Matrix size: 5120 5120, Block size: 32 8, Tile size: 32 32
dimGrid: 160 160 1. dimBlock: 32 8 1
--------------------------------------------
NUM_REPS:   1000
bytes r/w:  209.72 GB
GFLOPs:     52428.80
time:       8.43976 sec
energy:     3525.15 Joules
compute:    6.21 TFLOPs/sec
throughput: 24.85 GB/sec
avg power:  417.68 W

./bin/transpose 5120 750
Matrix size: 5120 5120, Block size: 32 8, Tile size: 32 32
dimGrid: 160 160 1. dimBlock: 32 8 1
--------------------------------------------
NUM_REPS:   1000
bytes r/w:  209.72 GB
GFLOPs:     78643.20
time:       13.36315 sec
energy:     4767.11 Joules
compute:    5.89 TFLOPs/sec
throughput: 15.69 GB/sec
avg power:  356.74 W

./bin/transpose 5120 1000
Matrix size: 5120 5120, Block size: 32 8, Tile size: 32 32
dimGrid: 160 160 1. dimBlock: 32 8 1
--------------------------------------------
NUM_REPS:   1000
bytes r/w:  209.72 GB
GFLOPs:     104857.60
time:       17.87517 sec
energy:     6217.28 Joules
compute:    5.87 TFLOPs/sec
throughput: 11.73 GB/sec
avg power:  347.82 W

./bin/transpose 6144 4
Matrix size: 6144 6144, Block size: 32 8, Tile size: 32 32
dimGrid: 192 192 1. dimBlock: 32 8 1
--------------------------------------------
NUM_REPS:   1000
bytes r/w:  301.99 GB
GFLOPs:     603.98
time:       1.05741 sec
energy:     359.67 Joules
compute:    0.57 TFLOPs/sec
throughput: 285.59 GB/sec
avg power:  340.14 W

./bin/transpose 6144 8
Matrix size: 6144 6144, Block size: 32 8, Tile size: 32 32
dimGrid: 192 192 1. dimBlock: 32 8 1
--------------------------------------------
NUM_REPS:   1000
bytes r/w:  301.99 GB
GFLOPs:     1207.96
time:       1.05976 sec
energy:     374.14 Joules
compute:    1.14 TFLOPs/sec
throughput: 284.96 GB/sec
avg power:  353.04 W

./bin/transpose 6144 12
Matrix size: 6144 6144, Block size: 32 8, Tile size: 32 32
dimGrid: 192 192 1. dimBlock: 32 8 1
--------------------------------------------
NUM_REPS:   1000
bytes r/w:  301.99 GB
GFLOPs:     1811.94
time:       1.06161 sec
energy:     389.38 Joules
compute:    1.71 TFLOPs/sec
throughput: 284.47 GB/sec
avg power:  366.79 W

./bin/transpose 6144 16
Matrix size: 6144 6144, Block size: 32 8, Tile size: 32 32
dimGrid: 192 192 1. dimBlock: 32 8 1
--------------------------------------------
NUM_REPS:   1000
bytes r/w:  301.99 GB
GFLOPs:     2415.92
time:       1.06383 sec
energy:     402.19 Joules
compute:    2.27 TFLOPs/sec
throughput: 283.87 GB/sec
avg power:  378.06 W

./bin/transpose 6144 20
Matrix size: 6144 6144, Block size: 32 8, Tile size: 32 32
dimGrid: 192 192 1. dimBlock: 32 8 1
--------------------------------------------
NUM_REPS:   1000
bytes r/w:  301.99 GB
GFLOPs:     3019.90
time:       1.06701 sec
energy:     416.53 Joules
compute:    2.83 TFLOPs/sec
throughput: 283.03 GB/sec
avg power:  390.37 W

./bin/transpose 6144 24
Matrix size: 6144 6144, Block size: 32 8, Tile size: 32 32
dimGrid: 192 192 1. dimBlock: 32 8 1
--------------------------------------------
NUM_REPS:   1000
bytes r/w:  301.99 GB
GFLOPs:     3623.88
time:       1.07080 sec
energy:     429.72 Joules
compute:    3.38 TFLOPs/sec
throughput: 282.02 GB/sec
avg power:  401.30 W

./bin/transpose 6144 28
Matrix size: 6144 6144, Block size: 32 8, Tile size: 32 32
dimGrid: 192 192 1. dimBlock: 32 8 1
--------------------------------------------
NUM_REPS:   1000
bytes r/w:  301.99 GB
GFLOPs:     4227.86
time:       1.07584 sec
energy:     442.01 Joules
compute:    3.93 TFLOPs/sec
throughput: 280.70 GB/sec
avg power:  410.85 W

./bin/transpose 6144 32
Matrix size: 6144 6144, Block size: 32 8, Tile size: 32 32
dimGrid: 192 192 1. dimBlock: 32 8 1
--------------------------------------------
NUM_REPS:   1000
bytes r/w:  301.99 GB
GFLOPs:     4831.84
time:       1.08149 sec
energy:     462.79 Joules
compute:    4.47 TFLOPs/sec
throughput: 279.24 GB/sec
avg power:  427.92 W

./bin/transpose 6144 36
Matrix size: 6144 6144, Block size: 32 8, Tile size: 32 32
dimGrid: 192 192 1. dimBlock: 32 8 1
--------------------------------------------
NUM_REPS:   1000
bytes r/w:  301.99 GB
GFLOPs:     5435.82
time:       1.08905 sec
energy:     476.01 Joules
compute:    4.99 TFLOPs/sec
throughput: 277.30 GB/sec
avg power:  437.09 W

./bin/transpose 6144 40
Matrix size: 6144 6144, Block size: 32 8, Tile size: 32 32
dimGrid: 192 192 1. dimBlock: 32 8 1
--------------------------------------------
NUM_REPS:   1000
bytes r/w:  301.99 GB
GFLOPs:     6039.80
time:       1.10525 sec
energy:     501.14 Joules
compute:    5.46 TFLOPs/sec
throughput: 273.23 GB/sec
avg power:  453.42 W

./bin/transpose 6144 44
Matrix size: 6144 6144, Block size: 32 8, Tile size: 32 32
dimGrid: 192 192 1. dimBlock: 32 8 1
--------------------------------------------
NUM_REPS:   1000
bytes r/w:  301.99 GB
GFLOPs:     6643.78
time:       1.16179 sec
energy:     534.08 Joules
compute:    5.72 TFLOPs/sec
throughput: 259.94 GB/sec
avg power:  459.71 W

./bin/transpose 6144 48
Matrix size: 6144 6144, Block size: 32 8, Tile size: 32 32
dimGrid: 192 192 1. dimBlock: 32 8 1
--------------------------------------------
NUM_REPS:   1000
bytes r/w:  301.99 GB
GFLOPs:     7247.76
time:       1.24193 sec
energy:     575.89 Joules
compute:    5.84 TFLOPs/sec
throughput: 243.16 GB/sec
avg power:  463.70 W

./bin/transpose 6144 52
Matrix size: 6144 6144, Block size: 32 8, Tile size: 32 32
dimGrid: 192 192 1. dimBlock: 32 8 1
--------------------------------------------
NUM_REPS:   1000
bytes r/w:  301.99 GB
GFLOPs:     7851.74
time:       1.32560 sec
energy:     615.96 Joules
compute:    5.92 TFLOPs/sec
throughput: 227.81 GB/sec
avg power:  464.67 W

./bin/transpose 6144 56
Matrix size: 6144 6144, Block size: 32 8, Tile size: 32 32
dimGrid: 192 192 1. dimBlock: 32 8 1
--------------------------------------------
NUM_REPS:   1000
bytes r/w:  301.99 GB
GFLOPs:     8455.72
time:       1.41693 sec
energy:     658.73 Joules
compute:    5.97 TFLOPs/sec
throughput: 213.13 GB/sec
avg power:  464.90 W

./bin/transpose 6144 60
Matrix size: 6144 6144, Block size: 32 8, Tile size: 32 32
dimGrid: 192 192 1. dimBlock: 32 8 1
--------------------------------------------
NUM_REPS:   1000
bytes r/w:  301.99 GB
GFLOPs:     9059.70
time:       1.50216 sec
energy:     700.86 Joules
compute:    6.03 TFLOPs/sec
throughput: 201.04 GB/sec
avg power:  466.57 W

./bin/transpose 6144 64
Matrix size: 6144 6144, Block size: 32 8, Tile size: 32 32
dimGrid: 192 192 1. dimBlock: 32 8 1
--------------------------------------------
NUM_REPS:   1000
bytes r/w:  301.99 GB
GFLOPs:     9663.68
time:       1.59182 sec
energy:     744.66 Joules
compute:    6.07 TFLOPs/sec
throughput: 189.71 GB/sec
avg power:  467.80 W

./bin/transpose 6144 68
Matrix size: 6144 6144, Block size: 32 8, Tile size: 32 32
dimGrid: 192 192 1. dimBlock: 32 8 1
--------------------------------------------
NUM_REPS:   1000
bytes r/w:  301.99 GB
GFLOPs:     10267.66
time:       1.68327 sec
energy:     786.96 Joules
compute:    6.10 TFLOPs/sec
throughput: 179.41 GB/sec
avg power:  467.52 W

./bin/transpose 6144 72
Matrix size: 6144 6144, Block size: 32 8, Tile size: 32 32
dimGrid: 192 192 1. dimBlock: 32 8 1
--------------------------------------------
NUM_REPS:   1000
bytes r/w:  301.99 GB
GFLOPs:     10871.64
time:       1.77336 sec
energy:     831.27 Joules
compute:    6.13 TFLOPs/sec
throughput: 170.29 GB/sec
avg power:  468.76 W

./bin/transpose 6144 76
Matrix size: 6144 6144, Block size: 32 8, Tile size: 32 32
dimGrid: 192 192 1. dimBlock: 32 8 1
--------------------------------------------
NUM_REPS:   1000
bytes r/w:  301.99 GB
GFLOPs:     11475.62
time:       1.87074 sec
energy:     880.48 Joules
compute:    6.13 TFLOPs/sec
throughput: 161.43 GB/sec
avg power:  470.66 W

./bin/transpose 6144 80
Matrix size: 6144 6144, Block size: 32 8, Tile size: 32 32
dimGrid: 192 192 1. dimBlock: 32 8 1
--------------------------------------------
NUM_REPS:   1000
bytes r/w:  301.99 GB
GFLOPs:     12079.60
time:       1.96058 sec
energy:     924.56 Joules
compute:    6.16 TFLOPs/sec
throughput: 154.03 GB/sec
avg power:  471.58 W

./bin/transpose 6144 84
Matrix size: 6144 6144, Block size: 32 8, Tile size: 32 32
dimGrid: 192 192 1. dimBlock: 32 8 1
--------------------------------------------
NUM_REPS:   1000
bytes r/w:  301.99 GB
GFLOPs:     12683.58
time:       2.05387 sec
energy:     970.42 Joules
compute:    6.18 TFLOPs/sec
throughput: 147.03 GB/sec
avg power:  472.48 W

./bin/transpose 6144 88
Matrix size: 6144 6144, Block size: 32 8, Tile size: 32 32
dimGrid: 192 192 1. dimBlock: 32 8 1
--------------------------------------------
NUM_REPS:   1000
bytes r/w:  301.99 GB
GFLOPs:     13287.56
time:       2.14697 sec
energy:     1015.22 Joules
compute:    6.19 TFLOPs/sec
throughput: 140.66 GB/sec
avg power:  472.86 W

./bin/transpose 6144 92
Matrix size: 6144 6144, Block size: 32 8, Tile size: 32 32
dimGrid: 192 192 1. dimBlock: 32 8 1
--------------------------------------------
NUM_REPS:   1000
bytes r/w:  301.99 GB
GFLOPs:     13891.53
time:       2.25715 sec
energy:     1050.91 Joules
compute:    6.15 TFLOPs/sec
throughput: 133.79 GB/sec
avg power:  465.59 W

./bin/transpose 6144 96
Matrix size: 6144 6144, Block size: 32 8, Tile size: 32 32
dimGrid: 192 192 1. dimBlock: 32 8 1
--------------------------------------------
NUM_REPS:   1000
bytes r/w:  301.99 GB
GFLOPs:     14495.51
time:       2.39714 sec
energy:     1074.08 Joules
compute:    6.05 TFLOPs/sec
throughput: 125.98 GB/sec
avg power:  448.07 W

./bin/transpose 6144 100
Matrix size: 6144 6144, Block size: 32 8, Tile size: 32 32
dimGrid: 192 192 1. dimBlock: 32 8 1
--------------------------------------------
NUM_REPS:   1000
bytes r/w:  301.99 GB
GFLOPs:     15099.49
time:       2.54197 sec
energy:     1094.93 Joules
compute:    5.94 TFLOPs/sec
throughput: 118.80 GB/sec
avg power:  430.74 W

./bin/transpose 6144 250
Matrix size: 6144 6144, Block size: 32 8, Tile size: 32 32
dimGrid: 192 192 1. dimBlock: 32 8 1
--------------------------------------------
NUM_REPS:   1000
bytes r/w:  301.99 GB
GFLOPs:     37748.74
time:       6.57225 sec
energy:     2397.97 Joules
compute:    5.74 TFLOPs/sec
throughput: 45.95 GB/sec
avg power:  364.86 W

./bin/transpose 6144 500
Matrix size: 6144 6144, Block size: 32 8, Tile size: 32 32
dimGrid: 192 192 1. dimBlock: 32 8 1
--------------------------------------------
NUM_REPS:   1000
bytes r/w:  301.99 GB
GFLOPs:     75497.47
time:       13.08624 sec
energy:     4479.17 Joules
compute:    5.77 TFLOPs/sec
throughput: 23.08 GB/sec
avg power:  342.28 W

./bin/transpose 6144 750
Matrix size: 6144 6144, Block size: 32 8, Tile size: 32 32
dimGrid: 192 192 1. dimBlock: 32 8 1
--------------------------------------------
NUM_REPS:   1000
bytes r/w:  301.99 GB
GFLOPs:     113246.21
time:       19.65029 sec
energy:     6587.75 Joules
compute:    5.76 TFLOPs/sec
throughput: 15.37 GB/sec
avg power:  335.25 W

./bin/transpose 6144 1000
Matrix size: 6144 6144, Block size: 32 8, Tile size: 32 32
dimGrid: 192 192 1. dimBlock: 32 8 1
--------------------------------------------
NUM_REPS:   1000
bytes r/w:  301.99 GB
GFLOPs:     150994.94
time:       26.24224 sec
energy:     8637.27 Joules
compute:    5.75 TFLOPs/sec
throughput: 11.51 GB/sec
avg power:  329.14 W

./bin/transpose 7168 4
Matrix size: 7168 7168, Block size: 32 8, Tile size: 32 32
dimGrid: 224 224 1. dimBlock: 32 8 1
--------------------------------------------
NUM_REPS:   1000
bytes r/w:  411.04 GB
GFLOPs:     822.08
time:       1.46342 sec
energy:     523.67 Joules
compute:    0.56 TFLOPs/sec
throughput: 280.88 GB/sec
avg power:  357.84 W

./bin/transpose 7168 8
Matrix size: 7168 7168, Block size: 32 8, Tile size: 32 32
dimGrid: 224 224 1. dimBlock: 32 8 1
--------------------------------------------
NUM_REPS:   1000
bytes r/w:  411.04 GB
GFLOPs:     1644.17
time:       1.46728 sec
energy:     543.85 Joules
compute:    1.12 TFLOPs/sec
throughput: 280.14 GB/sec
avg power:  370.65 W

./bin/transpose 7168 12
Matrix size: 7168 7168, Block size: 32 8, Tile size: 32 32
dimGrid: 224 224 1. dimBlock: 32 8 1
--------------------------------------------
NUM_REPS:   1000
bytes r/w:  411.04 GB
GFLOPs:     2466.25
time:       1.47027 sec
energy:     564.80 Joules
compute:    1.68 TFLOPs/sec
throughput: 279.57 GB/sec
avg power:  384.15 W

./bin/transpose 7168 16
Matrix size: 7168 7168, Block size: 32 8, Tile size: 32 32
dimGrid: 224 224 1. dimBlock: 32 8 1
--------------------------------------------
NUM_REPS:   1000
bytes r/w:  411.04 GB
GFLOPs:     3288.33
time:       1.47448 sec
energy:     590.16 Joules
compute:    2.23 TFLOPs/sec
throughput: 278.77 GB/sec
avg power:  400.25 W

./bin/transpose 7168 20
Matrix size: 7168 7168, Block size: 32 8, Tile size: 32 32
dimGrid: 224 224 1. dimBlock: 32 8 1
--------------------------------------------
NUM_REPS:   1000
bytes r/w:  411.04 GB
GFLOPs:     4110.42
time:       1.47958 sec
energy:     608.84 Joules
compute:    2.78 TFLOPs/sec
throughput: 277.81 GB/sec
avg power:  411.50 W

./bin/transpose 7168 24
Matrix size: 7168 7168, Block size: 32 8, Tile size: 32 32
dimGrid: 224 224 1. dimBlock: 32 8 1
--------------------------------------------
NUM_REPS:   1000
bytes r/w:  411.04 GB
GFLOPs:     4932.50
time:       1.48596 sec
energy:     629.12 Joules
compute:    3.32 TFLOPs/sec
throughput: 276.62 GB/sec
avg power:  423.37 W

./bin/transpose 7168 28
Matrix size: 7168 7168, Block size: 32 8, Tile size: 32 32
dimGrid: 224 224 1. dimBlock: 32 8 1
--------------------------------------------
NUM_REPS:   1000
bytes r/w:  411.04 GB
GFLOPs:     5754.59
time:       1.49292 sec
energy:     654.15 Joules
compute:    3.85 TFLOPs/sec
throughput: 275.33 GB/sec
avg power:  438.17 W

./bin/transpose 7168 32
Matrix size: 7168 7168, Block size: 32 8, Tile size: 32 32
dimGrid: 224 224 1. dimBlock: 32 8 1
--------------------------------------------
NUM_REPS:   1000
bytes r/w:  411.04 GB
GFLOPs:     6576.67
time:       1.50140 sec
energy:     675.32 Joules
compute:    4.38 TFLOPs/sec
throughput: 273.77 GB/sec
avg power:  449.79 W

./bin/transpose 7168 36
Matrix size: 7168 7168, Block size: 32 8, Tile size: 32 32
dimGrid: 224 224 1. dimBlock: 32 8 1
--------------------------------------------
NUM_REPS:   1000
bytes r/w:  411.04 GB
GFLOPs:     7398.75
time:       1.51239 sec
energy:     687.36 Joules
compute:    4.89 TFLOPs/sec
throughput: 271.78 GB/sec
avg power:  454.48 W

./bin/transpose 7168 40
Matrix size: 7168 7168, Block size: 32 8, Tile size: 32 32
dimGrid: 224 224 1. dimBlock: 32 8 1
--------------------------------------------
NUM_REPS:   1000
bytes r/w:  411.04 GB
GFLOPs:     8220.84
time:       1.52975 sec
energy:     712.10 Joules
compute:    5.37 TFLOPs/sec
throughput: 268.70 GB/sec
avg power:  465.50 W

./bin/transpose 7168 44
Matrix size: 7168 7168, Block size: 32 8, Tile size: 32 32
dimGrid: 224 224 1. dimBlock: 32 8 1
--------------------------------------------
NUM_REPS:   1000
bytes r/w:  411.04 GB
GFLOPs:     9042.92
time:       1.59471 sec
energy:     749.03 Joules
compute:    5.67 TFLOPs/sec
throughput: 257.75 GB/sec
avg power:  469.70 W

./bin/transpose 7168 48
Matrix size: 7168 7168, Block size: 32 8, Tile size: 32 32
dimGrid: 224 224 1. dimBlock: 32 8 1
--------------------------------------------
NUM_REPS:   1000
bytes r/w:  411.04 GB
GFLOPs:     9865.00
time:       1.69928 sec
energy:     803.97 Joules
compute:    5.81 TFLOPs/sec
throughput: 241.89 GB/sec
avg power:  473.12 W

./bin/transpose 7168 52
Matrix size: 7168 7168, Block size: 32 8, Tile size: 32 32
dimGrid: 224 224 1. dimBlock: 32 8 1
--------------------------------------------
NUM_REPS:   1000
bytes r/w:  411.04 GB
GFLOPs:     10687.09
time:       1.82136 sec
energy:     864.43 Joules
compute:    5.87 TFLOPs/sec
throughput: 225.68 GB/sec
avg power:  474.61 W

./bin/transpose 7168 56
Matrix size: 7168 7168, Block size: 32 8, Tile size: 32 32
dimGrid: 224 224 1. dimBlock: 32 8 1
--------------------------------------------
NUM_REPS:   1000
bytes r/w:  411.04 GB
GFLOPs:     11509.17
time:       1.93867 sec
energy:     921.17 Joules
compute:    5.94 TFLOPs/sec
throughput: 212.02 GB/sec
avg power:  475.16 W

./bin/transpose 7168 60
Matrix size: 7168 7168, Block size: 32 8, Tile size: 32 32
dimGrid: 224 224 1. dimBlock: 32 8 1
--------------------------------------------
NUM_REPS:   1000
bytes r/w:  411.04 GB
GFLOPs:     12331.25
time:       2.08586 sec
energy:     970.84 Joules
compute:    5.91 TFLOPs/sec
throughput: 197.06 GB/sec
avg power:  465.44 W

./bin/transpose 7168 64
Matrix size: 7168 7168, Block size: 32 8, Tile size: 32 32
dimGrid: 224 224 1. dimBlock: 32 8 1
--------------------------------------------
NUM_REPS:   1000
bytes r/w:  411.04 GB
GFLOPs:     13153.34
time:       2.23867 sec
energy:     1020.47 Joules
compute:    5.88 TFLOPs/sec
throughput: 183.61 GB/sec
avg power:  455.84 W

./bin/transpose 7168 68
Matrix size: 7168 7168, Block size: 32 8, Tile size: 32 32
dimGrid: 224 224 1. dimBlock: 32 8 1
--------------------------------------------
NUM_REPS:   1000
bytes r/w:  411.04 GB
GFLOPs:     13975.42
time:       2.48477 sec
energy:     1031.41 Joules
compute:    5.62 TFLOPs/sec
throughput: 165.42 GB/sec
avg power:  415.09 W

./bin/transpose 7168 72
Matrix size: 7168 7168, Block size: 32 8, Tile size: 32 32
dimGrid: 224 224 1. dimBlock: 32 8 1
--------------------------------------------
NUM_REPS:   1000
bytes r/w:  411.04 GB
GFLOPs:     14797.50
time:       2.64856 sec
energy:     1077.90 Joules
compute:    5.59 TFLOPs/sec
throughput: 155.19 GB/sec
avg power:  406.97 W

./bin/transpose 7168 76
Matrix size: 7168 7168, Block size: 32 8, Tile size: 32 32
dimGrid: 224 224 1. dimBlock: 32 8 1
--------------------------------------------
NUM_REPS:   1000
bytes r/w:  411.04 GB
GFLOPs:     15619.59
time:       2.80615 sec
energy:     1123.23 Joules
compute:    5.57 TFLOPs/sec
throughput: 146.48 GB/sec
avg power:  400.27 W

./bin/transpose 7168 80
Matrix size: 7168 7168, Block size: 32 8, Tile size: 32 32
dimGrid: 224 224 1. dimBlock: 32 8 1
--------------------------------------------
NUM_REPS:   1000
bytes r/w:  411.04 GB
GFLOPs:     16441.67
time:       2.96738 sec
energy:     1168.53 Joules
compute:    5.54 TFLOPs/sec
throughput: 138.52 GB/sec
avg power:  393.79 W

./bin/transpose 7168 84
Matrix size: 7168 7168, Block size: 32 8, Tile size: 32 32
dimGrid: 224 224 1. dimBlock: 32 8 1
--------------------------------------------
NUM_REPS:   1000
bytes r/w:  411.04 GB
GFLOPs:     17263.76
time:       3.12778 sec
energy:     1218.45 Joules
compute:    5.52 TFLOPs/sec
throughput: 131.42 GB/sec
avg power:  389.56 W

./bin/transpose 7168 88
Matrix size: 7168 7168, Block size: 32 8, Tile size: 32 32
dimGrid: 224 224 1. dimBlock: 32 8 1
--------------------------------------------
NUM_REPS:   1000
bytes r/w:  411.04 GB
GFLOPs:     18085.84
time:       3.28777 sec
energy:     1262.45 Joules
compute:    5.50 TFLOPs/sec
throughput: 125.02 GB/sec
avg power:  383.98 W

./bin/transpose 7168 92
Matrix size: 7168 7168, Block size: 32 8, Tile size: 32 32
dimGrid: 224 224 1. dimBlock: 32 8 1
--------------------------------------------
NUM_REPS:   1000
bytes r/w:  411.04 GB
GFLOPs:     18907.92
time:       3.45144 sec
energy:     1306.02 Joules
compute:    5.48 TFLOPs/sec
throughput: 119.09 GB/sec
avg power:  378.40 W

./bin/transpose 7168 96
Matrix size: 7168 7168, Block size: 32 8, Tile size: 32 32
dimGrid: 224 224 1. dimBlock: 32 8 1
--------------------------------------------
NUM_REPS:   1000
bytes r/w:  411.04 GB
GFLOPs:     19730.01
time:       3.57898 sec
energy:     1362.52 Joules
compute:    5.51 TFLOPs/sec
throughput: 114.85 GB/sec
avg power:  380.70 W

./bin/transpose 7168 100
Matrix size: 7168 7168, Block size: 32 8, Tile size: 32 32
dimGrid: 224 224 1. dimBlock: 32 8 1
--------------------------------------------
NUM_REPS:   1000
bytes r/w:  411.04 GB
GFLOPs:     20552.09
time:       3.78663 sec
energy:     1399.77 Joules
compute:    5.43 TFLOPs/sec
throughput: 108.55 GB/sec
avg power:  369.66 W

./bin/transpose 7168 250
Matrix size: 7168 7168, Block size: 32 8, Tile size: 32 32
dimGrid: 224 224 1. dimBlock: 32 8 1
--------------------------------------------
NUM_REPS:   1000
bytes r/w:  411.04 GB
GFLOPs:     51380.22
time:       9.20118 sec
energy:     3125.16 Joules
compute:    5.58 TFLOPs/sec
throughput: 44.67 GB/sec
avg power:  339.65 W

./bin/transpose 7168 500
Matrix size: 7168 7168, Block size: 32 8, Tile size: 32 32
dimGrid: 224 224 1. dimBlock: 32 8 1
--------------------------------------------
NUM_REPS:   1000
bytes r/w:  411.04 GB
GFLOPs:     102760.45
time:       18.18289 sec
energy:     5937.47 Joules
compute:    5.65 TFLOPs/sec
throughput: 22.61 GB/sec
avg power:  326.54 W

./bin/transpose 7168 750
Matrix size: 7168 7168, Block size: 32 8, Tile size: 32 32
dimGrid: 224 224 1. dimBlock: 32 8 1
--------------------------------------------
NUM_REPS:   1000
bytes r/w:  411.04 GB
GFLOPs:     154140.67
time:       27.12152 sec
energy:     8764.11 Joules
compute:    5.68 TFLOPs/sec
throughput: 15.16 GB/sec
avg power:  323.14 W

./bin/transpose 7168 1000
Matrix size: 7168 7168, Block size: 32 8, Tile size: 32 32
dimGrid: 224 224 1. dimBlock: 32 8 1
--------------------------------------------
NUM_REPS:   1000
bytes r/w:  411.04 GB
GFLOPs:     205520.90
time:       35.99863 sec
energy:     11579.23 Joules
compute:    5.71 TFLOPs/sec
throughput: 11.42 GB/sec
avg power:  321.66 W

./bin/transpose 8192 4
Matrix size: 8192 8192, Block size: 32 8, Tile size: 32 32
dimGrid: 256 256 1. dimBlock: 32 8 1
--------------------------------------------
NUM_REPS:   1000
bytes r/w:  536.87 GB
GFLOPs:     1073.74
time:       1.90371 sec
energy:     689.43 Joules
compute:    0.56 TFLOPs/sec
throughput: 282.01 GB/sec
avg power:  362.15 W

./bin/transpose 8192 8
Matrix size: 8192 8192, Block size: 32 8, Tile size: 32 32
dimGrid: 256 256 1. dimBlock: 32 8 1
--------------------------------------------
NUM_REPS:   1000
bytes r/w:  536.87 GB
GFLOPs:     2147.48
time:       1.90759 sec
energy:     726.15 Joules
compute:    1.13 TFLOPs/sec
throughput: 281.44 GB/sec
avg power:  380.67 W

./bin/transpose 8192 12
Matrix size: 8192 8192, Block size: 32 8, Tile size: 32 32
dimGrid: 256 256 1. dimBlock: 32 8 1
--------------------------------------------
NUM_REPS:   1000
bytes r/w:  536.87 GB
GFLOPs:     3221.23
time:       1.91117 sec
energy:     759.82 Joules
compute:    1.69 TFLOPs/sec
throughput: 280.91 GB/sec
avg power:  397.57 W

./bin/transpose 8192 16
Matrix size: 8192 8192, Block size: 32 8, Tile size: 32 32
dimGrid: 256 256 1. dimBlock: 32 8 1
--------------------------------------------
NUM_REPS:   1000
bytes r/w:  536.87 GB
GFLOPs:     4294.97
time:       1.91592 sec
energy:     794.01 Joules
compute:    2.24 TFLOPs/sec
throughput: 280.22 GB/sec
avg power:  414.43 W

./bin/transpose 8192 20
Matrix size: 8192 8192, Block size: 32 8, Tile size: 32 32
dimGrid: 256 256 1. dimBlock: 32 8 1
--------------------------------------------
NUM_REPS:   1000
bytes r/w:  536.87 GB
GFLOPs:     5368.71
time:       1.92187 sec
energy:     826.13 Joules
compute:    2.79 TFLOPs/sec
throughput: 279.35 GB/sec
avg power:  429.86 W

./bin/transpose 8192 24
Matrix size: 8192 8192, Block size: 32 8, Tile size: 32 32
dimGrid: 256 256 1. dimBlock: 32 8 1
--------------------------------------------
NUM_REPS:   1000
bytes r/w:  536.87 GB
GFLOPs:     6442.45
time:       1.92874 sec
energy:     857.35 Joules
compute:    3.34 TFLOPs/sec
throughput: 278.35 GB/sec
avg power:  444.51 W

./bin/transpose 8192 28
Matrix size: 8192 8192, Block size: 32 8, Tile size: 32 32
dimGrid: 256 256 1. dimBlock: 32 8 1
--------------------------------------------
NUM_REPS:   1000
bytes r/w:  536.87 GB
GFLOPs:     7516.19
time:       1.93784 sec
energy:     892.05 Joules
compute:    3.88 TFLOPs/sec
throughput: 277.05 GB/sec
avg power:  460.33 W

./bin/transpose 8192 32
Matrix size: 8192 8192, Block size: 32 8, Tile size: 32 32
dimGrid: 256 256 1. dimBlock: 32 8 1
--------------------------------------------
NUM_REPS:   1000
bytes r/w:  536.87 GB
GFLOPs:     8589.93
time:       1.94802 sec
energy:     912.27 Joules
compute:    4.41 TFLOPs/sec
throughput: 275.60 GB/sec
avg power:  468.30 W

./bin/transpose 8192 36
Matrix size: 8192 8192, Block size: 32 8, Tile size: 32 32
dimGrid: 256 256 1. dimBlock: 32 8 1
--------------------------------------------
NUM_REPS:   1000
bytes r/w:  536.87 GB
GFLOPs:     9663.68
time:       1.96124 sec
energy:     925.22 Joules
compute:    4.93 TFLOPs/sec
throughput: 273.74 GB/sec
avg power:  471.75 W

./bin/transpose 8192 40
Matrix size: 8192 8192, Block size: 32 8, Tile size: 32 32
dimGrid: 256 256 1. dimBlock: 32 8 1
--------------------------------------------
NUM_REPS:   1000
bytes r/w:  536.87 GB
GFLOPs:     10737.42
time:       1.99201 sec
energy:     936.57 Joules
compute:    5.39 TFLOPs/sec
throughput: 269.51 GB/sec
avg power:  470.16 W

./bin/transpose 8192 44
Matrix size: 8192 8192, Block size: 32 8, Tile size: 32 32
dimGrid: 256 256 1. dimBlock: 32 8 1
--------------------------------------------
NUM_REPS:   1000
bytes r/w:  536.87 GB
GFLOPs:     11811.16
time:       2.16949 sec
energy:     961.42 Joules
compute:    5.44 TFLOPs/sec
throughput: 247.46 GB/sec
avg power:  443.16 W

./bin/transpose 8192 48
Matrix size: 8192 8192, Block size: 32 8, Tile size: 32 32
dimGrid: 256 256 1. dimBlock: 32 8 1
--------------------------------------------
NUM_REPS:   1000
bytes r/w:  536.87 GB
GFLOPs:     12884.90
time:       2.34846 sec
energy:     1029.46 Joules
compute:    5.49 TFLOPs/sec
throughput: 228.61 GB/sec
avg power:  438.35 W

./bin/transpose 8192 52
Matrix size: 8192 8192, Block size: 32 8, Tile size: 32 32
dimGrid: 256 256 1. dimBlock: 32 8 1
--------------------------------------------
NUM_REPS:   1000
bytes r/w:  536.87 GB
GFLOPs:     13958.64
time:       2.60027 sec
energy:     1074.48 Joules
compute:    5.37 TFLOPs/sec
throughput: 206.47 GB/sec
avg power:  413.22 W

./bin/transpose 8192 56
Matrix size: 8192 8192, Block size: 32 8, Tile size: 32 32
dimGrid: 256 256 1. dimBlock: 32 8 1
--------------------------------------------
NUM_REPS:   1000
bytes r/w:  536.87 GB
GFLOPs:     15032.39
time:       2.78863 sec
energy:     1139.29 Joules
compute:    5.39 TFLOPs/sec
throughput: 192.52 GB/sec
avg power:  408.55 W

./bin/transpose 8192 60
Matrix size: 8192 8192, Block size: 32 8, Tile size: 32 32
dimGrid: 256 256 1. dimBlock: 32 8 1
--------------------------------------------
NUM_REPS:   1000
bytes r/w:  536.87 GB
GFLOPs:     16106.13
time:       3.00582 sec
energy:     1195.66 Joules
compute:    5.36 TFLOPs/sec
throughput: 178.61 GB/sec
avg power:  397.78 W

./bin/transpose 8192 64
Matrix size: 8192 8192, Block size: 32 8, Tile size: 32 32
dimGrid: 256 256 1. dimBlock: 32 8 1
--------------------------------------------
NUM_REPS:   1000
bytes r/w:  536.87 GB
GFLOPs:     17179.87
time:       3.21080 sec
energy:     1246.95 Joules
compute:    5.35 TFLOPs/sec
throughput: 167.21 GB/sec
avg power:  388.36 W

./bin/transpose 8192 68
Matrix size: 8192 8192, Block size: 32 8, Tile size: 32 32
dimGrid: 256 256 1. dimBlock: 32 8 1
--------------------------------------------
NUM_REPS:   1000
bytes r/w:  536.87 GB
GFLOPs:     18253.61
time:       3.41333 sec
energy:     1317.53 Joules
compute:    5.35 TFLOPs/sec
throughput: 157.29 GB/sec
avg power:  385.99 W

./bin/transpose 8192 72
Matrix size: 8192 8192, Block size: 32 8, Tile size: 32 32
dimGrid: 256 256 1. dimBlock: 32 8 1
--------------------------------------------
NUM_REPS:   1000
bytes r/w:  536.87 GB
GFLOPs:     19327.35
time:       3.62041 sec
energy:     1374.36 Joules
compute:    5.34 TFLOPs/sec
throughput: 148.29 GB/sec
avg power:  379.61 W

./bin/transpose 8192 76
Matrix size: 8192 8192, Block size: 32 8, Tile size: 32 32
dimGrid: 256 256 1. dimBlock: 32 8 1
--------------------------------------------
NUM_REPS:   1000
bytes r/w:  536.87 GB
GFLOPs:     20401.09
time:       3.81193 sec
energy:     1435.78 Joules
compute:    5.35 TFLOPs/sec
throughput: 140.84 GB/sec
avg power:  376.65 W

./bin/transpose 8192 80
Matrix size: 8192 8192, Block size: 32 8, Tile size: 32 32
dimGrid: 256 256 1. dimBlock: 32 8 1
--------------------------------------------
NUM_REPS:   1000
bytes r/w:  536.87 GB
GFLOPs:     21474.84
time:       4.08627 sec
energy:     1487.44 Joules
compute:    5.26 TFLOPs/sec
throughput: 131.38 GB/sec
avg power:  364.01 W

./bin/transpose 8192 84
Matrix size: 8192 8192, Block size: 32 8, Tile size: 32 32
dimGrid: 256 256 1. dimBlock: 32 8 1
--------------------------------------------
NUM_REPS:   1000
bytes r/w:  536.87 GB
GFLOPs:     22548.58
time:       4.26522 sec
energy:     1546.12 Joules
compute:    5.29 TFLOPs/sec
throughput: 125.87 GB/sec
avg power:  362.50 W

./bin/transpose 8192 88
Matrix size: 8192 8192, Block size: 32 8, Tile size: 32 32
dimGrid: 256 256 1. dimBlock: 32 8 1
--------------------------------------------
NUM_REPS:   1000
bytes r/w:  536.87 GB
GFLOPs:     23622.32
time:       4.47907 sec
energy:     1618.62 Joules
compute:    5.27 TFLOPs/sec
throughput: 119.86 GB/sec
avg power:  361.37 W

./bin/transpose 8192 92
Matrix size: 8192 8192, Block size: 32 8, Tile size: 32 32
dimGrid: 256 256 1. dimBlock: 32 8 1
--------------------------------------------
NUM_REPS:   1000
bytes r/w:  536.87 GB
GFLOPs:     24696.06
time:       4.69320 sec
energy:     1672.80 Joules
compute:    5.26 TFLOPs/sec
throughput: 114.39 GB/sec
avg power:  356.43 W

./bin/transpose 8192 96
Matrix size: 8192 8192, Block size: 32 8, Tile size: 32 32
dimGrid: 256 256 1. dimBlock: 32 8 1
--------------------------------------------
NUM_REPS:   1000
bytes r/w:  536.87 GB
GFLOPs:     25769.80
time:       4.88242 sec
energy:     1727.94 Joules
compute:    5.28 TFLOPs/sec
throughput: 109.96 GB/sec
avg power:  353.91 W

./bin/transpose 8192 100
Matrix size: 8192 8192, Block size: 32 8, Tile size: 32 32
dimGrid: 256 256 1. dimBlock: 32 8 1
--------------------------------------------
NUM_REPS:   1000
bytes r/w:  536.87 GB
GFLOPs:     26843.55
time:       5.03156 sec
energy:     1785.16 Joules
compute:    5.34 TFLOPs/sec
throughput: 106.70 GB/sec
avg power:  354.79 W

./bin/transpose 8192 250
Matrix size: 8192 8192, Block size: 32 8, Tile size: 32 32
dimGrid: 256 256 1. dimBlock: 32 8 1
--------------------------------------------
NUM_REPS:   1000
bytes r/w:  536.87 GB
GFLOPs:     67108.86
time:       12.20337 sec
energy:     4015.43 Joules
compute:    5.50 TFLOPs/sec
throughput: 43.99 GB/sec
avg power:  329.04 W

./bin/transpose 8192 500
Matrix size: 8192 8192, Block size: 32 8, Tile size: 32 32
dimGrid: 256 256 1. dimBlock: 32 8 1
--------------------------------------------
NUM_REPS:   1000
bytes r/w:  536.87 GB
GFLOPs:     134217.73
time:       23.87666 sec
energy:     7657.72 Joules
compute:    5.62 TFLOPs/sec
throughput: 22.49 GB/sec
avg power:  320.72 W

./bin/transpose 8192 750
Matrix size: 8192 8192, Block size: 32 8, Tile size: 32 32
dimGrid: 256 256 1. dimBlock: 32 8 1
--------------------------------------------
NUM_REPS:   1000
bytes r/w:  536.87 GB
GFLOPs:     201326.59
time:       35.55466 sec
energy:     11393.74 Joules
compute:    5.66 TFLOPs/sec
throughput: 15.10 GB/sec
avg power:  320.46 W

./bin/transpose 8192 1000
Matrix size: 8192 8192, Block size: 32 8, Tile size: 32 32
dimGrid: 256 256 1. dimBlock: 32 8 1
--------------------------------------------
NUM_REPS:   1000
bytes r/w:  536.87 GB
GFLOPs:     268435.46
time:       47.15290 sec
energy:     15056.04 Joules
compute:    5.69 TFLOPs/sec
throughput: 11.39 GB/sec
avg power:  319.30 W

./bin/transpose 9216 4
Matrix size: 9216 9216, Block size: 32 8, Tile size: 32 32
dimGrid: 288 288 1. dimBlock: 32 8 1
--------------------------------------------
NUM_REPS:   1000
bytes r/w:  679.48 GB
GFLOPs:     1358.95
time:       2.48016 sec
energy:     894.30 Joules
compute:    0.55 TFLOPs/sec
throughput: 273.96 GB/sec
avg power:  360.58 W

./bin/transpose 9216 8
Matrix size: 9216 9216, Block size: 32 8, Tile size: 32 32
dimGrid: 288 288 1. dimBlock: 32 8 1
--------------------------------------------
NUM_REPS:   1000
bytes r/w:  679.48 GB
GFLOPs:     2717.91
time:       2.48652 sec
energy:     948.12 Joules
compute:    1.09 TFLOPs/sec
throughput: 273.26 GB/sec
avg power:  381.31 W

./bin/transpose 9216 12
Matrix size: 9216 9216, Block size: 32 8, Tile size: 32 32
dimGrid: 288 288 1. dimBlock: 32 8 1
--------------------------------------------
NUM_REPS:   1000
bytes r/w:  679.48 GB
GFLOPs:     4076.86
time:       2.49208 sec
energy:     989.52 Joules
compute:    1.64 TFLOPs/sec
throughput: 272.65 GB/sec
avg power:  397.07 W

./bin/transpose 9216 16
Matrix size: 9216 9216, Block size: 32 8, Tile size: 32 32
dimGrid: 288 288 1. dimBlock: 32 8 1
--------------------------------------------
NUM_REPS:   1000
bytes r/w:  679.48 GB
GFLOPs:     5435.82
time:       2.49785 sec
energy:     1052.07 Joules
compute:    2.18 TFLOPs/sec
throughput: 272.02 GB/sec
avg power:  421.19 W

./bin/transpose 9216 20
Matrix size: 9216 9216, Block size: 32 8, Tile size: 32 32
dimGrid: 288 288 1. dimBlock: 32 8 1
--------------------------------------------
NUM_REPS:   1000
bytes r/w:  679.48 GB
GFLOPs:     6794.77
time:       2.50508 sec
energy:     1086.74 Joules
compute:    2.71 TFLOPs/sec
throughput: 271.24 GB/sec
avg power:  433.81 W

./bin/transpose 9216 24
Matrix size: 9216 9216, Block size: 32 8, Tile size: 32 32
dimGrid: 288 288 1. dimBlock: 32 8 1
--------------------------------------------
NUM_REPS:   1000
bytes r/w:  679.48 GB
GFLOPs:     8153.73
time:       2.51496 sec
energy:     1143.32 Joules
compute:    3.24 TFLOPs/sec
throughput: 270.17 GB/sec
avg power:  454.61 W

./bin/transpose 9216 28
Matrix size: 9216 9216, Block size: 32 8, Tile size: 32 32
dimGrid: 288 288 1. dimBlock: 32 8 1
--------------------------------------------
NUM_REPS:   1000
bytes r/w:  679.48 GB
GFLOPs:     9512.68
time:       2.52748 sec
energy:     1169.16 Joules
compute:    3.76 TFLOPs/sec
throughput: 268.84 GB/sec
avg power:  462.58 W

./bin/transpose 9216 32
Matrix size: 9216 9216, Block size: 32 8, Tile size: 32 32
dimGrid: 288 288 1. dimBlock: 32 8 1
--------------------------------------------
NUM_REPS:   1000
bytes r/w:  679.48 GB
GFLOPs:     10871.64
time:       2.54581 sec
energy:     1146.11 Joules
compute:    4.27 TFLOPs/sec
throughput: 266.90 GB/sec
avg power:  450.19 W

./bin/transpose 9216 36
Matrix size: 9216 9216, Block size: 32 8, Tile size: 32 32
dimGrid: 288 288 1. dimBlock: 32 8 1
--------------------------------------------
NUM_REPS:   1000
bytes r/w:  679.48 GB
GFLOPs:     12230.59
time:       2.57334 sec
energy:     1134.51 Joules
compute:    4.75 TFLOPs/sec
throughput: 264.04 GB/sec
avg power:  440.87 W

./bin/transpose 9216 40
Matrix size: 9216 9216, Block size: 32 8, Tile size: 32 32
dimGrid: 288 288 1. dimBlock: 32 8 1
--------------------------------------------
NUM_REPS:   1000
bytes r/w:  679.48 GB
GFLOPs:     13589.54
time:       2.68765 sec
energy:     1143.91 Joules
compute:    5.06 TFLOPs/sec
throughput: 252.81 GB/sec
avg power:  425.62 W

./bin/transpose 9216 44
Matrix size: 9216 9216, Block size: 32 8, Tile size: 32 32
dimGrid: 288 288 1. dimBlock: 32 8 1
--------------------------------------------
NUM_REPS:   1000
bytes r/w:  679.48 GB
GFLOPs:     14948.50
time:       2.89497 sec
energy:     1197.52 Joules
compute:    5.16 TFLOPs/sec
throughput: 234.71 GB/sec
avg power:  413.66 W

./bin/transpose 9216 48
Matrix size: 9216 9216, Block size: 32 8, Tile size: 32 32
dimGrid: 288 288 1. dimBlock: 32 8 1
--------------------------------------------
NUM_REPS:   1000
bytes r/w:  679.48 GB
GFLOPs:     16307.45
time:       3.15356 sec
energy:     1267.55 Joules
compute:    5.17 TFLOPs/sec
throughput: 215.46 GB/sec
avg power:  401.94 W

./bin/transpose 9216 52
Matrix size: 9216 9216, Block size: 32 8, Tile size: 32 32
dimGrid: 288 288 1. dimBlock: 32 8 1
--------------------------------------------
NUM_REPS:   1000
bytes r/w:  679.48 GB
GFLOPs:     17666.41
time:       3.36105 sec
energy:     1341.46 Joules
compute:    5.26 TFLOPs/sec
throughput: 202.16 GB/sec
avg power:  399.12 W

./bin/transpose 9216 56
Matrix size: 9216 9216, Block size: 32 8, Tile size: 32 32
dimGrid: 288 288 1. dimBlock: 32 8 1
--------------------------------------------
NUM_REPS:   1000
bytes r/w:  679.48 GB
GFLOPs:     19025.36
time:       3.65084 sec
energy:     1413.01 Joules
compute:    5.21 TFLOPs/sec
throughput: 186.12 GB/sec
avg power:  387.04 W

./bin/transpose 9216 60
Matrix size: 9216 9216, Block size: 32 8, Tile size: 32 32
dimGrid: 288 288 1. dimBlock: 32 8 1
--------------------------------------------
NUM_REPS:   1000
bytes r/w:  679.48 GB
GFLOPs:     20384.32
time:       3.88243 sec
energy:     1488.02 Joules
compute:    5.25 TFLOPs/sec
throughput: 175.01 GB/sec
avg power:  383.27 W

./bin/transpose 9216 64
Matrix size: 9216 9216, Block size: 32 8, Tile size: 32 32
dimGrid: 288 288 1. dimBlock: 32 8 1
--------------------------------------------
NUM_REPS:   1000
bytes r/w:  679.48 GB
GFLOPs:     21743.27
time:       4.14302 sec
energy:     1559.71 Joules
compute:    5.25 TFLOPs/sec
throughput: 164.01 GB/sec
avg power:  376.47 W

./bin/transpose 9216 68
Matrix size: 9216 9216, Block size: 32 8, Tile size: 32 32
dimGrid: 288 288 1. dimBlock: 32 8 1
--------------------------------------------
NUM_REPS:   1000
bytes r/w:  679.48 GB
GFLOPs:     23102.23
time:       4.38779 sec
energy:     1633.89 Joules
compute:    5.27 TFLOPs/sec
throughput: 154.86 GB/sec
avg power:  372.37 W

./bin/transpose 9216 72
Matrix size: 9216 9216, Block size: 32 8, Tile size: 32 32
dimGrid: 288 288 1. dimBlock: 32 8 1
--------------------------------------------
NUM_REPS:   1000
bytes r/w:  679.48 GB
GFLOPs:     24461.18
time:       4.64285 sec
energy:     1713.48 Joules
compute:    5.27 TFLOPs/sec
throughput: 146.35 GB/sec
avg power:  369.06 W

./bin/transpose 9216 76
Matrix size: 9216 9216, Block size: 32 8, Tile size: 32 32
dimGrid: 288 288 1. dimBlock: 32 8 1
--------------------------------------------
NUM_REPS:   1000
bytes r/w:  679.48 GB
GFLOPs:     25820.14
time:       4.84712 sec
energy:     1795.23 Joules
compute:    5.33 TFLOPs/sec
throughput: 140.18 GB/sec
avg power:  370.37 W

./bin/transpose 9216 80
Matrix size: 9216 9216, Block size: 32 8, Tile size: 32 32
dimGrid: 288 288 1. dimBlock: 32 8 1
--------------------------------------------
NUM_REPS:   1000
bytes r/w:  679.48 GB
GFLOPs:     27179.09
time:       5.10406 sec
energy:     1862.20 Joules
compute:    5.32 TFLOPs/sec
throughput: 133.12 GB/sec
avg power:  364.85 W

./bin/transpose 9216 84
Matrix size: 9216 9216, Block size: 32 8, Tile size: 32 32
dimGrid: 288 288 1. dimBlock: 32 8 1
--------------------------------------------
NUM_REPS:   1000
bytes r/w:  679.48 GB
GFLOPs:     28538.04
time:       5.35756 sec
energy:     1932.42 Joules
compute:    5.33 TFLOPs/sec
throughput: 126.83 GB/sec
avg power:  360.69 W

./bin/transpose 9216 88
Matrix size: 9216 9216, Block size: 32 8, Tile size: 32 32
dimGrid: 288 288 1. dimBlock: 32 8 1
--------------------------------------------
NUM_REPS:   1000
bytes r/w:  679.48 GB
GFLOPs:     29897.00
time:       5.58175 sec
energy:     2027.28 Joules
compute:    5.36 TFLOPs/sec
throughput: 121.73 GB/sec
avg power:  363.20 W

./bin/transpose 9216 92
Matrix size: 9216 9216, Block size: 32 8, Tile size: 32 32
dimGrid: 288 288 1. dimBlock: 32 8 1
--------------------------------------------
NUM_REPS:   1000
bytes r/w:  679.48 GB
GFLOPs:     31255.95
time:       5.87489 sec
energy:     2091.27 Joules
compute:    5.32 TFLOPs/sec
throughput: 115.66 GB/sec
avg power:  355.97 W

./bin/transpose 9216 96
Matrix size: 9216 9216, Block size: 32 8, Tile size: 32 32
dimGrid: 288 288 1. dimBlock: 32 8 1
--------------------------------------------
NUM_REPS:   1000
bytes r/w:  679.48 GB
GFLOPs:     32614.91
time:       6.10394 sec
energy:     2180.74 Joules
compute:    5.34 TFLOPs/sec
throughput: 111.32 GB/sec
avg power:  357.27 W

./bin/transpose 9216 100
Matrix size: 9216 9216, Block size: 32 8, Tile size: 32 32
dimGrid: 288 288 1. dimBlock: 32 8 1
--------------------------------------------
NUM_REPS:   1000
bytes r/w:  679.48 GB
GFLOPs:     33973.86
time:       6.36127 sec
energy:     2248.40 Joules
compute:    5.34 TFLOPs/sec
throughput: 106.81 GB/sec
avg power:  353.45 W

./bin/transpose 9216 250
Matrix size: 9216 9216, Block size: 32 8, Tile size: 32 32
dimGrid: 288 288 1. dimBlock: 32 8 1
--------------------------------------------
NUM_REPS:   1000
bytes r/w:  679.48 GB
GFLOPs:     84934.66
time:       15.40413 sec
energy:     5055.74 Joules
compute:    5.51 TFLOPs/sec
throughput: 44.11 GB/sec
avg power:  328.21 W

./bin/transpose 9216 500
Matrix size: 9216 9216, Block size: 32 8, Tile size: 32 32
dimGrid: 288 288 1. dimBlock: 32 8 1
--------------------------------------------
NUM_REPS:   1000
bytes r/w:  679.48 GB
GFLOPs:     169869.31
time:       30.21805 sec
energy:     9682.60 Joules
compute:    5.62 TFLOPs/sec
throughput: 22.49 GB/sec
avg power:  320.42 W

./bin/transpose 9216 750
Matrix size: 9216 9216, Block size: 32 8, Tile size: 32 32
dimGrid: 288 288 1. dimBlock: 32 8 1
--------------------------------------------
NUM_REPS:   1000
bytes r/w:  679.48 GB
GFLOPs:     254803.97
time:       45.12841 sec
energy:     14294.08 Joules
compute:    5.65 TFLOPs/sec
throughput: 15.06 GB/sec
avg power:  316.74 W

./bin/transpose 9216 1000
