bonito:~/git/frozemm/expms-disk/simple$ vmstat 1
procs -----------memory---------- ---swap-- -----io---- -system-- ------cpu-----
 r  b   swpd   free   buff  cache   si   so    bi    bo   in   cs us sy id wa st
 0  0      0 14175524  94876 1304372    0    0    60     7   25   27  0  0 99  0  0
 0  0      0 14175484  94876 1304392    0    0     0     0  172  141  0  0 100  0  0
 1  0      0 14174192  94876 1304392    0    0     0     0   74   98  0  0 100  0  0
 1  0      0 12155168  94876 1304392    0    0     0     0 1093   68  5  4 92  0  0
 1  0      0 10072884  94876 1304392    0    0     0     0 1100  101  5  4 92  0  0
 1  0      0 7990356  94876 1304392    0    0     0     0 1079   71  5  4 92  0  0
 1  0      0 5910812  94884 1304392    0    0     0    28 1203  165  5  4 92  0  0
 2  0      0 3828536  94884 1304392    0    0     0     0 1091   81  5  3 92  0  0
 1  0      0 1751300  94884 1304392    0    0     0     0 1104   93  5  4 92  0  0
 1  0   2828 688976  82172 366860    0 2432     0  3092 1616  458  5  6 90  0  0
 0  7 284672 135140   1216  79384  232 369884  9784 369884 26400 13673  1  4 72 23  0
 3  6 538380 146920    992  77960  208 272952  6748 273000 23231 12413  0  2 67 30  0
 0  7 802572 178268   1112  79432   36 156264  1356 156264 18871 4737  0  3 62 35  0
 1  7 934156 137880   1112  75240   92 131576  2028 131592 12779 2658  1  3 74 23  0
 0  7 1101824 136424   1112  71996  208 167220  3280 167220 20566 6355  1  2 71 26  0
 2  4 1199372 135896   1108  71040   96 97812  1448 97812 8894 5524  0  2 78 19  0
 0  5 1328908 137824   1104  69640   80 129224  1188 129224 15486 2912  1  3 71 25  0
 0  6 1448204 135488   1236  68524   32 119256  1000 119256 12331 4552  1  3 74 22  0
 2  2 1538048 136860   1384  67656   28 90044  1908 90044 6368 2749  0  2 78 20  0
 2  3 1649932 140168   1528  68384   24 111996  1236 111996 13313 5734  1  3 79 18  0
 0  6 1752076 135480   1636  69672   68 101776  1960 101776 12723 4459  1  3 74 23  0
 1  8 1868300 135460   1472  68872   12 116196   608 116196 12275 3485  1  3 69 28  0
 0 10 1953548 136320   1464  69016   68 85400   920 85400 10927 6119  0  2 68 29  0
 0  8 2061836 135196   1464  69772   64 108016  2028 108016 6666 2508  1  2 65 32  0
 0  6 2162188 135248   1468  70436  104 100580  1144 100580 7720 2281  0  2 77 20  0
 0  6 2291712 135408   1464  70368   88 129132  1200 129132 8957 2227  1  3 72 25  0
 1  5 2417932 137500   1468  69960   84 126976   308 126976 14984 3548  1  3 73 23  0
 1  5 2543884 135264   1544  69248   36 125796   472 125796 14713 4875  1  3 75 21  0
 0  5 2663180 135388   1544  69304   32 118532   872 118532 9514 3275  1  3 69 28  0
 0  6 2746124 135596   1544  69492   44 83468   744 83468 11390 4745  1  2 73 24  0
 0  7 2828288 135200   1676  70116   68 82376  1248 82376 8954 5733  0  2 74 24  0
 0  8 2931456 137964   1492  69232   92 103292   208 103292 11628 4545  1  3 63 34  0
 1 10 3024088 150720   1412  69104   28 93348   964 93348 8080 6241  1  3 62 34  0
 0  6 3124312 135048   1404  69772   84 99688  1804 99688 10401 2606  1  3 74 22  0
 0  8 3221460 135304   1536  69588   68 97076   684 97076 11001 8907  1  3 78 18  0
 1 10 3315200 135236   1536  71016  128 93688  1288 93684 8694 7411  1  3 64 32  0
 0 11 3425772 135232   1656  70172  204 110728  1424 110732 6730 3184  0  3 61 36  0
 0 11 3525632 185868   1792  71460  164 100164  1592 100164 4643 5135  0  2 64 34  0
 0  9 3621376 135580   2308  71776  372 95324  2680 95324 4970 3610  1  3 68 29  0
 1 10 3721984 166300   2416  71636  192 100808  2856 100808 9735 3091  0  3 61 36  0
 1  8 3811792 135276   2652  72952  108 89636  2136 89636 8327 3120  0  3 71 26  0
 0  9 3907072 136764   2224  72272  204 95592  2780 95592 9197 4932  1  3 61 35  0
 0  9 4000944 156404   1980  72360   96 93324  2860 93324 11004 3855  1  3 62 35  0
 1  7 4095488 135920   2312  73060  224 94764  2516 94792 9214 1116  1  2 63 35  0
 0  9 4193536 135220   2528  72020  216 98748  2108 98756 7385 2362  1  3 65 31  0
 0  8 4283392 135340   2348  71316  112 89908  1592 89908 10893 9598  0  3 69 28  0
 0  8 4408576 148644   2312  70820   64 125160   644 125160 12345 2801  1  3 63 33  0
 0  8 4518544 139376   1924  69800  164 109740  3020 109744 10892 4018  1  4 66 30  0
 0  8 4605652 135012   2012  70980  140 87520  2456 87524 6955 3117  1  3 67 30  0
 0  9 4719872 138992   2264  70476  124 113948  1012 113948 12829 6719  1  3 70 27  0
 1  7 4811776 135152   2440  72316  108 91944  2208 91944 6836 1283  1  2 64 33  0
 0  8 4925952 134948   2048  71572   56 114244   928 114244 14106 4604  1  3 64 31  0
 1 10 5020928 135236   2592  71436   72 95152  1560 95152 10434 3816  0  3 64 32  0
 0 12 5120512 137540   2404  70992   52 99380  1680 99384 8378 3756  1  3 64 33  0
 0 14 5208064 135524   2328  71068   60 88788  1444 88816 9953 6696  0  3 57 40  0
 0 13 5296640 137544   2508  70392  128 88504  1820 88548 6402 1532  0  2 43 54  0
 0 11 5408512 146828   2440  70224   80 111664   712 111664 11098 1572  1  3 57 39  0
 2  9 5506304 141976   2684  71768  132 97900  2872 97900 6803 3030  1  3 61 36  0
 0 11 5604096 136556   2776  70604  116 97796  1376 97796 8676 4462  0  3 60 36  0
 0 11 5704448 135336   2908  71144  148 100900   852 100900 12164 4050  1  4 63 33  0
 2 11 5776896 148812   2120  70600  244 72444  2424 72472 11408 3012  3  2 56 39  0
 0  7 5792512 158736   3076  77604 2580 17840 10460 17840 5855 1191  2  1 69 29  0
 0 10 5792768 162484   4316  81040 3060 2456 12180  2460 1169 1277  0  1 71 29  0
 0  7 5790720 151520   5648  87020 2756    0  9912     0 1830 5489  0  1 69 30  0
 0  7 5800960 162104   6048  91776 4792 16236  9780 16236 1509 1509  0  1 76 23  0
 0  7 5796096 151684   6316  95388 5504    0  9840     0 1701 1584  0  0 78 21  0
 0  8 5822464 185044   6452  95852 5064 30364  7196 30364 2036 1380  0  1 66 33  0
 0  9 5819904 179236   6868  98872 3828    0  7500   108 1186 1391  0  0 72 28  0
 0  8 5816832 169272   6888 102792 4820    0  8540     0 1456 1694  0  0 69 30  0
 0  4 5811712 156936   7312 107072 6120    0 10456     0 1742 1665  0  0 81 18  0
procs -----------memory---------- ---swap-- -----io---- -system-- ------cpu-----
 r  b   swpd   free   buff  cache   si   so    bi    bo   in   cs us sy id wa st
 0  5 5915136 261812   7004  99452 3900 106412  5624 107356 1906 1136  0  2 76 22  0
 0  4 5907456 251356   7712 103780 7812    0 10612     0 1716 1329  0  0 77 22  0
 1  3 5895936 236116   7728 111412 12692    0 13672     0 2355 1714  0  1 81 18  0
 0  3 5890048 223736   8276 115752 9836    0 13264   140 1648 1455  0  1 83 16  0
 0  3 5883648 210688   8420 116956 11652    0 12852     0 1675 1761  0  1 84 15  0
 0  4 5878784 201040   8928 121140 5728    0 10500     0 1659 1333  0  1 87 12  0
 1  2 5874176 188620   9072 125440 5400    0  9736     0 2344 1894  1  1 85 13  0
 0  3 5860864 168280   9980 128848 14076    0 17916    40 3165 2517  1  2 83 15  0
 2  3 5852416 159052  10480 129396 21800 12140 24000 12304 5257 4837  2  4 82 13  0
 0  4 5856000 164776  10696 129600 20428 24420 22092 25304 8310 5914  4  6 78 13  0
 1  3 5851648 156372  11840 130568 7176 2248  8984  2248 7621 5626  4  6 74 16  0
 0  8 5864904 164724  11804 131208 5564 17144  6764 17144 5103 4131  2  4 62 32  0
 1  2 5875712 167416  12688 133852 6692 16364 10176 16368 7674 5444  4  5 72 20  0
 1  2 5870336 157968  13700 137848 5568    0 10448     0 6274 4418  3  5 80 12  0
 1  3 5886464 164684  13612 141548 1376 17788  5960 18504 7380 5272  4  6 70 20  0
 2  1 5880064 153768  14568 144808 6620    0 10508     0 8313 6228  5  6 77 12  0
 3  2 5917184 183316  14452 148476 12296 48964 18408 49568 7918 6224  5  7 76 13  0
 2  1 5933568 238564  13556 134812 36532 53288 37428 53288 6419 5800  3  5 84  9  0
 1  1 5874176 178884  13680 136052 59680    0 60672     0 8859 9530  3  5 85  6  0
 0  2 5843692 154512  13616 135072 46812 16240 47452 16324 8265 7620  4  6 80 11  0
 1  1 5861120 164692  13536 134916 20840 38600 22872 39144 5472 24207  5  3 81 12  0
 1  1 5849344 157524  13028 132792 42600 30676 42896 30676 3854 39377  1  3 91  5  0
 0  2 5864192 180140  12072 131260 32280 46968 34268 46968 3193 2917  0  2 91  7  0
 1  1 5842176 154852  12500 133424 22372    0 24732     0 3973 3465  2  2 89  8  0
 0  3 5841920 162412  11704 133740 32072 31460 33316 32380 3384 3239  1  2 89  9  0
 0  5 5839104 161776  12120 135408 3312    0  6852     0 1909 1444  1  1 77 22  0
 0  5 5834752 166508  12212 137756 7772 2736 10676  3164 2070 1771  0  1 82 17  0
 0  1 5815808 158468  12708 136548 34768 16336 37000 16996 3971 4484  1  1 87 11  0
 0  0 5817344 167020  12360 131484 45604 46704 45604 46704 3338 3945  1  2 94  4  0
 0  1 5808640 162232  10372 128860 55668 45620 55736 45620 3199 4177  0  2 95  3  0
 0  1 5794816 150972   8772 128100 37828 20736 37828 20908 2111 3034  0  1 91  8  0
 1  0 5813504 162628   7652 126452 43576 60428 43576 60592 3028 3581  0  2 94  4  0
 0  1 5788160 149996   7436 124928 59796 33732 59796 33732 3242 4476  1  2 94  4  0
 0  1 5804800 161840   5928 121168 41052 57812 41052 57812 2987 3499  0  1 93  6  0
 1  0 5793792 162808   5768 118816 46636 34520 46760 34520 3438 3998  2  2 93  4  0
 1  0 5769296 164588   5032 114172 64084 39388 64084 39388 4069 5388  1  2 94  4  0
 0  1 5740720 180236   3256  99708 52772 24488 52916 24492 2988 4316  0  2 93  5  0
 0  1 5813760 253884   2544  92560 36148 109192 36280 109192 2596 3079  0  2 93  5  0
 0  1 5713664 156548   2544  92436 100228    0 100228     0 4842 7867  1  2 95  2  0
 0  2 5715968 166368   2236  86788 51824 53748 52284 53748 3761 4283  0  2 92  5  0
 0  1 5721144 176400   3712  89612 14240 19644 18824 19644 2156 1814  0  1 92  7  0
 2  1 5699128 149624   4872  92600 22476    0 26548     0 1758 2109  0  0 93  6  0
 0  4 5746944 190440   5496  94004 2724 50448  8036 50448 1150  800  0  1 89 10  0
 0  2 5740800 178616   6080  99284 6572    0 11916     0 1633 1378  0  0 89 10  0
 0  2 5736448 168620   7224 103208 4400    0  9536     0 1531 1454  0  0 88 12  0
 1  1 5730816 155284   8144 109256 5616    0 12076     0 1882 1793  0  1 91  8  0
 0  2 5739520 162212   8940 109564 4652 13020  8752 13808 1648 1253  0  1 92  7  0
 0  2 5733632 151912   9724 114128 5528    0 10608     0 1100 1080  0  0 95  5  0
 0  2 5763508 166284   9868 119188 3628 33664 10280 33736 1142  900  0  1 88 11  0
 0  2 5757620 153920  10968 125144 6196    0 12608     0 1748 1572  1  1 90  9  0
 0  3 5772032 169424   8904 132344 12992 27384 82048 27932 3298 2652  1  2 90  7  0
 0  2 5779560 155492   9172 154028 7232 14816 32040 14816 1912 1431  0  1 90  8  0
 0  2 5768808 167200   8120 131400 10752    0 55428     0 2130 1786  1  1 92  6  0
 0  2 5762152 159544   7808 132488 7072    0 39200     0 1979 1600  1  1 91  7  0
 0  2 5756264 163276   7588 123144 5568    0 25924    72 1244 1049  0  1 90  9  0
 0  2 5751144 164740   7544 117588 5152    0 25124     0 1499 1098  0  1 93  6  0
 0  4 5838184 239836   7672 123152 3616 90892 21396 90892 2056 1328  0  2 80 17  0
 1  1 5841288 238016   7664 138548 6912 10012 34100 10012 1640 1254  0  1 92  7  0
 1  1 5832584 182448   7664 185340 8784    0 55504     0 1864 1608  1  1 92  6  0
 1  1 5821320 155356   6268 201092 11076    0 66504    64 2348 1826  1  2 92  6  0
 1  1 5812872 158536   5292 192612 8668    0 45408     0 1886 1520  1  1 91  8  0
 0  2 5803400 153660   4540 188464 9460    0 51700     0 2077 1578  1  1 92  6  0
 0  2 5798792 155360   4336 182264 4760    0 20612     0 1840 1492  0  1 84 15  0
 1  1 5801984 168660   3976 175144 8800 11940 46436 11940 2169 1515  1  2 91  7  0
 0  2 5793536 168076   3692 167188 8224    0 42404     0 1802 1447  1  1 92  7  0
 0  2 5783808 152860   3560 173912 9888    0 53800     0 2255 1767  1  2 92  6  0
 0  2 5777152 154452   3468 165244 6688    0 41492     0 1815 1309  1  1 92  6  0
 0  3 5769728 172236   3328 140140 7464    0 42512     0 1817 1592  1  1 91  7  0
 0  2 5762304 157604   3424 146508 7552    0 40384     0 1927 1540  1  1 91  8  0
 0  4 5758720 194180   4704 104456 3648    0 16564     0 1576 1208  0  1 87 12  0
procs -----------memory---------- ---swap-- -----io---- -system-- ------cpu-----
 r  b   swpd   free   buff  cache   si   so    bi    bo   in   cs us sy id wa st
 0  3 5752576 176240   5392 112352 8724    0 17516     0 1193 1267  0  0 90 10  0
 0  5 5828352 212236   5992 111812 4436 78336  9116 78336 1187  837  0  2 81 17  0
 0  5 5847712 265564   6024 115580 4288 23960  8684 23960 1760 1217  0  1 82 17  0
 0  4 5842592 251100   6488 121144 5400    0 10616     0 2184 1803  0  1 84 15  0
 1  0 5822368 229108   7316 123376 21240    0 24356   696 2336 2403  1  1 85 13  0
 1  1 5766656 189612   5956 111660 93684 37508 93912 37508 4763 6732  1  2 94  4  0
 0  2 5847480 262496   5628 112492 4196 85336  5804 85336 1201  904  0  1 90  9  0
 0  1 5808568 224964   5636 113016 39020    0 39436     0 2317 3421  0  1 92  7  0
 1  0 5749028 168612   4772 112728 87556 28012 87852 28012 4835 6927  1  2 92  6  0
 0  1 5761792 180780   4400 111096 34436 46904 34852 47456 2500 2767  0  1 91  7  0
 0  2 5753344 173644   4332 111220 67200 58756 68768 58756 4301 4891  0  2 90  8  0
 0  1 5745408 177268   3680 106856 63820 55452 64128 55452 4248 4567  0  2 92  6  0
 1  0 5798144 238976   2108  99308 51648 104344 51648 104344 3277 3757  0  2 93  4  0
 0  2 5771008 208452   3280 100880 27156    0 29932     0 2551 2918  3  1 93  3  0
 0  2 5743104 181180   3796 105296 27532    0 32720    72 3284 4043  0  1 91  8  0
 0  1 5756160 178660   4728 107032 29460 42344 34440 42976 3237 2948  0  1 89 10  0
 0  1 5821952 258484   4536  96592 34136 100164 34136 100164 2503 2665  0  2 92  6  0
 1  1 5710336 155668   2560  90184 111652    0 111652     0 4989 8147  1  2 95  2  0
 1  0 5732096 183460   2308  89364 53436 74876 53564 74876 12164 4100  3  2 92  3  0
 1  1 5705216 154220   2016  90744 52528 26304 55432 26304 3759 4404  1  1 92  6  0
 0  1 5743340 191272   2008  90888 25552 63152 25552 63568 1850 2037  0  1 90  9  0
 0  2 5730816 183428   1560  85892 79804 67268 80032 67268 4739 5639  1  2 92  5  0
 1  1 5763328 211904   1560  85768 40392 72632 40508 72632 2285 2945  0  2 93  5  0
 0  1 5703936 166292   1432  83452 99072 39616 99352 39616 9210 6837  2  2 94  2  0
 0  2 5705216 165220   1824  85072 45016 46684 47320 46684 3279 3788  0  2 93  5  0
 1  0 5716736 178868   1632  83004 62544 74044 63564 74044 4227 4590  0  2 92  5  0
 0  1 5697320 164220   1648  82756 71672 52508 71776 52532 3546 4991  0  2 94  4  0
 0  2 5705472 169292   1648  82620 78012 85892 78012 85892 10673 5548  3  2 93  2  0
 1  1 5692928 161480   1648  82500 84124 71592 84124 71592 4151 5864  1  2 94  3  0
 0  3 5750784 209052   1780  79820 33196 90552 35300 90552 2516 2643  0  2 87 11  0
 0  2 5746688 198752   2868  86328 4144   76 11416    76 1459 1378  0  0 90 10  0
 0  2 5734400 179748   3576  92296 12248    0 18984     0 1642 1586  0  0 93  7  0
 0  2 5713920 165384   3696  88996 48604 28104 49564 28536 3147 4073  0  1 91  8  0
 1  2 5709312 153736   4248  94064 4924    0 10816     0 1329 1172  0  0 89 11  0
 0  2 5717504 166768   4264  93120 39164 47404 39304 47928 3043 3439  1  1 94  4  0
 1  0 5715456 165768   4264  92412 52872 50340 52952 50340 4412 5124  1  2 93  5  0
 1  5 5708800 155940   4272  92072 34120 27240 34356 27324 2376 2802  0  1 86 13  0
 0  2 5723812 172012   4532  92368 9800 24660 10536 24660 2362 2195  0  1 87 12  0
 0  2 5712804 160996   4532  92336 12052    0 12056     0 2412 2697  0  1 90 10  0
 0  2 5730560 174604   4440  92260 11492 26580 11824 26580 2155 2432  0  1 89 10  0
 1  0 5719552 167108   4380  91572 36656 24712 36712 24712 2846 3583  1  1 93  5  0
 0  1 5724160 176432   2784  89996 59976 64628 60024 64628 3498 4450  0  2 94  4  0
 0  1 5737844 186260   1996  87604 41212 54776 41220 55620 2271 3104  0  1 85 13  0
 0  3 5792256 239684   1544  82508 40204 94336 40300 94336 3502 2923  3  2 88  7  0
 1  1 5698304 165108   1460  77868 108404 14932 108716 14932 4794 7344  1  2 94  3  0
 0  2 5719040 183968   1464  77772 70452 90772 70564 90772 3800 5138  0  2 92  6  0
 0  3 5725664 178408   2412  78892 35576 42204 39432 42204 2769 3162  0  1 90  8  0
 0  1 5709568 163240   2412  78544 50012 33672 50064 33672 2713 3662  0  1 91  7  0
 0  1 5724672 188008   2420  76952 50572 65556 50572 65608 3290 3724  0  2 91  7  0
 0  1 5786368 252764   2208  74028 43444 104912 43444 104988 3240 3237  0  2 95  3  0
 0  2 5694208 157760   2188  73784 105748 13512 105748 13512 4959 7944  1  2 95  3  0
 0  2 5688320 153412   2360  75692 42976 37188 45064 37188 3412 3711  1  1 92  6  0
 0  1 5697024 168216   1980  75344 50396 58900 50456 58900 3641 4570  0  2 93  5  0
 1  0 5692928 155932   1860  75268 44344 40000 44344 40000 2892 3999  0  1 93  5  0
 0  3 5714944 174068   1868  76988 32560 54540 34460 54540 2686 2745  0  1 92  6  0
 1  1 5703168 162916   3168  80924 20080 8252 25992  8252 2652 2841  0  1 90  9  0
 0  1 5723012 173704   3252  81036 45020 64968 45644 64968 2875 3375  0  1 93  6  0
 1  0 5706400 160656   3268  81048 68472 51892 68732 51892 4192 5042  1  2 93  4  0
 0  1 5733376 190660   3284  80096 44128 70696 44128 70892 3146 3578  1  2 92  5  0
 0  3 5708032 162428   3284  84092 26184    0 30272     0 1787 2267  0  0 95  4  0
 0  2 5702400 150048   3284  90052 6348    0 12288     0  986 1040  0  0 94  6  0
 0  2 5702144 160380   2504  92748 15092 13904 16212 13904 2011 1754  0  1 90  9  0
 1  2 5726720 176728   2568  95080 16856 36088 17584 36088 2335 2046  0  1 85 14  0
 0  3 5718528 165656   2568  95896 12436    0 13300     0 1654 1484  0  0 89 10  0
 0  2 5713664 155096   2708 101616 5176    0 10792    12 1101  909  0  0 87 13  0
 1  1 5736704 176484   2296 100184 25272 46920 25804 46920 3060 2391  0  1 90  8  0
 1  1 5758720 197928   1712  96980 60500 83160 60500 83160 3832 4486  0  2 93  4  0
 0  1 5716992 159876   1844  96736 64124 21912 64448 21912 3351 5027  0  2 93  5  0
 0  2 5793792 248044   1968  92224 19996 96796 21544 96796 7183 2324  1  2 88  9  0
 0  2 5708032 160760   2576  94380 84844    0 87644     8 4228 6116  1  1 93  5  0
procs -----------memory---------- ---swap-- -----io---- -system-- ------cpu-----
 r  b   swpd   free   buff  cache   si   so    bi    bo   in   cs us sy id wa st
 0  3 5714432 162540   2340  89532 47208 52844 48936 52844 3093 3739  0  2 91  7  0
 0  1 5705472 156492   2604  90096 23204 13724 24452 13724 2118 2331  0  1 90  9  0
 0  1 5754880 216720   2600  88560 46712 95812 46712 95812 3405 3376  0  2 94  4  0
 0  5 5770752 221004   2588  86072 74428 90184 74528 90184 4519 5204  1  2 91  5  0
 0  2 5790208 240036   3852  90452 3164 22588  9604 22588 1495 1338  0  1 81 18  0
 0  3 5787136 231176   5144  94908 3016    0  8576    28 1098  923  0  0 89 11  0
 1  0 5736448 176452   5156  98896 51056    0 54856   412 2957 4025  1  1 91  8  0
 0  3 5738752 178972   5080  94968 48444 50704 50788 50932 3328 3878  0  2 91  7  0
 0  1 5731072 180736   5060  94240 70284 62900 70344 62900 3955 4997  0  2 91  6  0
 0  3 5723392 165632   5040  93964 66296 58896 66708 58896 3876 4891  1  2 90  7  0
 0  2 5712896 155680   5048  94180 56516 45792 57308 45792 3713 4525  1  2 91  6  0
 1  1 5703424 156436   4592  93156 60092 50524 60092 51044 3868 4329  0  2 94  4  0
 1  2 5740288 183904   1928  91572 77040 114084 77040 114084 4665 5312  0  3 91  6  0
 0  2 5761536 215844   1272  88100 71600 92640 71600 92640 13540 4955  2  3 92  4  0
 0  1 5731072 186424   1272  87812 70964 40428 70964 40428 3400 4969  0  2 94  4  0
 1  2 5798400 254608   1392  84028 39932 107140 40168 107140 3022 3280  0  2 87 11  0
 1  0 5760512 212640   2316  86868 37676    0 41156     0 2600 3616  0  1 93  6  0
 0  1 5771520 222664   2304  85472 63020 73876 63020 73896 3357 4459  0  2 93  5  0
 1  1 5692160 154876   2304  85372 83716 3984 83716  3984 3964 6042  1  1 95  2  0
 1  0 5703424 158184   2280  83848 74180 85700 74180 85700 3804 5108  0  2 93  5  0
 0  3 5693696 152884   2280  84380 86204 76300 86720 76300 5319 6090  1  3 93  4  0
 0  2 5691904 151876   3200  86760 5376 3352 10308  3356 1730 1482  0  1 90  9  0
 0  4 5715456 172744   2660  86896 13500 37160 21212 37160 2061 1678  0  1 90  9  0
 0  2 5708544 162972   2564  88988 23308 16484 27640 16860 2113 2231  0  1 93  6  0
 1  0 5731584 195464   2564  89264 65384 88280 65516 88280 3469 4662  1  2 91  6  0
 0  3 5702144 164688   2564  90292 29736    0 30804     0 2113 3101  0  1 92  7  0
 0  3 5696256 153892   2972  94712 6368    0 11384     0 1479 1527  0  0 92  7  0
 0  3 5795840 237272   3320  91740 6224 105556  9588 105628 1861 1245  0  2 85 13  0
 1  0 5737984 187124   3320  91264 74020 16176 74304 16176 3251 5185  0  1 93  5  0
 0  1 5797376 253148   3044  86844 40236 99088 40392 99360 2929 3039  0  2 91  7  0
 0  1 5697536 156128   3044  86824 99316    0 99352     0 4407 6821  1  2 95  3  0
 0  4 5699584 156800   2712  87624 33780 35240 35624 35372 2727 2830  0  1 89 10  0
 0  2 5795300 257960   1840  83068 10600 106164 12124 106528 1737 1551  0  2 93  6  0
 0  2 5764068 225540   2948  84484 31128    0 33492    60 2441 2829  0  1 91  8  0
 0  2 5758580 209160   2448  83452 75768 70176 75768 70236 4285 5459  1  2 92  5  0
 0  2 5720320 179928   2388  81140 65596 26688 65596 26688 3438 5230  1  2 94  4  0
 0  1 5686784 153720   2388  79416 90208 56720 90208 56720 4427 6500  1  2 94  4  0
 0  1 5682176 153972   2380  79040 75380 70860 75444 70860 5226 5339  0  3 93  4  0
 0  2 5712200 168960   1340  77364 37036 66756 38536 66756 3633 3397  0  2 91  7  0
 0  1 5716480 190284   1300  77000 63932 68260 64352 68260 3218 4469  0  2 95  3  0
 0  2 5778748 241440   1292  75060 42248 104552 42248 104576 3225 3199  0  2 88 10  0
 0  1 5694268 173148   1292  74624 84948   12 84948    12 4016 6268  1  2 95  3  0
 2  0 5679976 154248   1292  74704 79076 65208 79076 65208 4753 5655  1  2 94  3  0
 0  2 5680896 153776   1620  75512 44212 44956 45876 44956 3728 3944  0  2 93  5  0
 0  1 5681408 154020   2228  77136 40440 40328 42292 40344 3574 3453  0  2 93  5  0
 1  0 5677804 149704   2228  76948 63828 60372 63828 60372 4296 4835  1  2 94  3  0
 1  0 5678592 150200   2228  76856 55496 56388 55496 56388 4033 4242  0  2 94  3  0
 0  3 5717248 180684   2768  77328 18532 57308 21080 57308 2439 1980  0  1 93  6  0
 0  3 5748172 206168   3448  81696 4604 35252  9684 35252  968  779  0  1 92  8  0
 0  3 5744588 194732   4440  87320 3840    0 10568     0 1370 1165  0  0 86 13  0
 0  2 5737420 183100   4452  91504 7896    0 11840     0 1434 1246  0  0 87 12  0
 0  5 5733068 173020   4572  96004 5348    0 10108     0 1182 1100  0  0 80 20  0
 0  5 5728972 163192   5096  99904 4644    0  9168     0 1026 1080  0  0 82 18  0
 1  1 5713868 153120   5236 108436 15836    0 19088     0 1930 1990  0  1 88 11  0
 1  2 5713652 150900   5064 105056 13656 11360 14712 11828 2305 2035  0  1 90  9  0
 0  4 5726208 148640   5232 104912 12624 18976 12844 19052 1506 1401  0  1 86 13  0
 1  1 5722624 154788   5348 107432 8868 3488 11240  3488 1479 1391  0  1 87 12  0
 0  2 5719808 148444   5348 111636 10364 7124 14500  7124 1610 1336  0  1 91  8  0
 0  2 5730272 155492   5340 111784 20464 30580 20904 30580 2749 2456  0  1 90  8  0
 1  0 5725952 152500   5292 110976 63388 58624 63432 59032 4448 4686  1  2 93  4  0
 0  3 5730916 158776   5296 109636 40840 45076 41032 45076 3617 3410  0  2 91  7  0
 0  1 5719396 149992   5440 110000 11648    0 11996   220 1366 1343  0  0 88 12  0
 1  1 5714944 147976   5292 108492 64152 59768 64152 59768 5082 4750  0  2 93  4  0
 0  1 5723392 149756   4764 107208 52832 61268 52832 61268 4000 4685  1  2 93  4  0
 0  1 5713408 148748   4564 106308 69392 59384 69392 59384 4830 5218  0  3 94  3  0
 0  1 5706560 145188   4096 105668 69816 62792 70032 62792 4537 5086  0  2 93  5  0
 1  0 5705984 146448   3912 105384 63036 62444 63036 62444 4443 4523  0  2 94  3  0
 1  1 5738496 174420   2588 103136 69508 102268 69508 102292 4693 4946  0  3 92  5  0
 0  2 5749248 184972   1884  97644 75368 86016 75368 86016 4325 5202  1  2 91  7  0
 0  1 5715200 158796   1568  93296 97564 63472 97564 63476 4351 6627  1  2 93  4  0
procs -----------memory---------- ---swap-- -----io---- -system-- ------cpu-----
 r  b   swpd   free   buff  cache   si   so    bi    bo   in   cs us sy id wa st
 1  1 5724160 172672   2420  94484 41216 49936 44112 49936 3350 3651  0  1 93  6  0
 0  2 5773328 213692   2272  91616 58184 107248 58184 107248 3214 4064  0  2 93  5  0
 0  2 5713664 159576   2200  85952 117452 57784 117452 57796 5097 7896  1  2 96  1  0
 1  0 5712128 160064   2200  85648 76436 74800 76436 74800 4036 5281  1  2 94  3  0
 0  3 5777436 238704   2328  85940 37168 102648 38972 102648 3037 2820  0  2 93  5  0
 0  3 5772828 227796   2748  92200 4488    0 11392     0 1399 1358  0  0 93  7  0
 2  1 5701148 151596   2716  96488 71672    0 75364     0 3834 5252  1  1 93  5  0
 1  0 5720576 173268   2112  90572 71944 91036 71944 91036 4082 5001  0  2 93  4  0
 0  2 5772544 222848   2052  88472 58228 110268 58304 110268 3522 4101  0  2 91  7  0
 1  1 5710384 159880   2600  90796 70016 8184 73068  8184 3312 5002  0  1 93  5  0
 0  1 5784576 237740   1824  88476 37984 111968 37984 111968 2904 2831  0  2 90  8  0
 1  0 5748992 201640   2236  89840 36176    0 38276     0 2907 3603  2  1 93  5  0
 1  2 5786368 227604   2192  88664 52420 88736 53592 88788 3646 4093  1  2 91  6  0
 0  1 5726720 173244   2192  88128 80588 20864 80588 20864 3651 5546  0  2 97  1  0
 1  1 5711872 170660   1836  83868 94548 79276 94548 79284 4883 6519  1  2 94  3  0
 0  1 5704960 161684   1780  83620 75648 68760 75648 69232 4059 5331  1  2 94  4  0
 0  3 5716480 174576   2404  84336 45520 56848 47512 56848 3160 3810  0  2 93  6  0
 0  2 5801472 255072   2316  84052 26152 110932 27288 110932 2658 2268  0  2 90  8  0
 0  2 5712640 171408   1844  81536 106868 17932 106944 18052 4442 7258  1  2 94  3  0
 0  1 5710080 169644   2096  80220 78172 75428 79224 75428 4342 5486  1  2 94  4  0
 0  1 5705728 161832   2096  80248 79648 75028 79648 75028 4079 5466  1  2 94  3  0
 1  0 5689088 155032   2096  79404 89120 72484 89120 72484 4555 6146  1  2 93  4  0
 0  2 5707008 174660   2640  80308 22056 40120 24248 40120 2438 2404  0  1 92  7  0
 0  2 5779456 230272   2644  78152 25052 97468 25852 97468 2093 2101  0  2 92  6  0
 1  0 5737984 192284   2644  77688 65816 24268 65816 24268 3413 4891  1  1 94  4  0
 1  0 5696256 161036   1920  75580 97184 55200 97184 55200 4998 6975  1  2 94  3  0
 0  2 5705728 165604   1920  75556 65616 75148 65680 75148 3983 4736  1  2 92  6  0
 0  1 5699328 162548   1920  75488 61660 55464 61660 55464 4251 4411  1  2 93  5  0
 0  2 5707776 161408   2508  75804 35188 43244 38412 43244 3159 3338  0  1 90  8  0
 0  1 5735936 193812   2508  75300 60648 88856 60648 88856 3072 4257  0  2 91  6  0
 1  1 5682176 154760   2508  75344 107584 53868 107584 53868 4918 7338  1  2 92  5  0
 0  2 5764096 225564   2896  76624 7152 88988  9600 88988 1384  988  0  2 87 12  0
 0  3 5758464 212680   4160  82188 5668    0 12392     0 1339 1140  0  0 91  9  0
 1  0 5500928 7517808   4452  86844 15552    0 20968     0 2865 2282  0  3 90  8  0
 0  1 368128 15840404   5144  88716  716    0  2900     0 2921  867  0  4 95  1  0
 0  1 368128 15836480   5152  90432  124    0  1488     0  847  641  0  0 99  1  0
 0  0 367616 15832652   5160  93384  576    0  3652     0  427  612  0  0 98  2  0
 0  0 367360 15830856   5160  93824  188    0   496     0  628  492  0  0 99  1  0
