wahoo:~$ vmstat 1
procs -----------memory---------- ---swap-- -----io---- -system-- ------cpu-----
 r  b   swpd   free   buff  cache   si   so    bi    bo   in   cs us sy id wa st
 0  0 794220 15635120   7276 176292   16  241    32   245    2    2  1  0 97  1  0
 0  0 793708 15632096   7816 178060  272    0  2536     0  564  540  0  0 99  1  0
 1  0 793708 15631852   7816 178104    0    0     0     0   70   95  0  0 100  0  0
 0  0 793708 15630536   7816 178108   16    0   132     0  395  222  0  0 100  0  0
 0  0 793452 15630268   7936 177972  700    0   868     0  451  477  0  0 99  0  0
 1  0 793452 15332964   7936 178292    8    0     8     0  317  190  1  1 99  0  0
 1  0 793452 13266376   7944 178672    4    0   396    56 1304  200  4  4 91  0  0
 1  0 793452 11186124   7944 178688    4    0     4     0 1153  189  5  4 92  0  0
 1  0 793452 9102840   7944 178688    0    0     0     0 1096  102  5  4 92  0  0
 1  0 793452 7022800   7944 178688    0    0     0     0 1261  191  5  4 92  0  0
 1  0 793452 4939744   7944 178688    0    0     0     0 1085  104  5  4 92  0  0
 1  0 793452 2859232   7944 178688    0    0     0     0 1084   98  4  4 92  0  0
 1  0 793452 784768   7952 178688   12    0    12    44 1152  150  5  4 92  0  0
 0  8 1161744 137356   1728 132960  300 413204  2764 414244 38884 11299  1  3 70 26  0
 1 10 1282984 135888   1856 127620   60 76816   864 76816 8749 5002  0  3 57 40  0
 0 12 1344680 137000   2132 125380  144 61248   908 61300 6019 3828  0  2 67 30  0
 1  9 1452464 136988   2404 124376  188 108108  1684 108108 9232 1876  1  3 65 32  0
 0  7 1528380 136384   2540 125304  224 76192  1448 76192 8468 3657  0  3 70 26  0
 1  6 1630828 135108   2540 125244   76 101784   532 101784 9099 4499  1  3 77 20  0
 0  7 1744624 135228   2540 124548   68 114116    68 114116 12673 1926  1  3 71 26  0
 0  7 1836500 134800   2544 125364   40 91788  1556 91788 11371 2442  1  3 79 18  0
 0  6 1928004 135040   2544 125500   16 91952   692 91952 10322 5285  1  3 67 29  0
 0  7 2040716 135200   2544 125128    4 112540   324 112540 14827 1825  1  3 58 38  0
 0  4 2123916 135000   2548 125416    4 83356  1080 83356 9389 3629  1  3 72 25  0
 0  5 2205732 142528   2548 124984    0 81080   296 81080 9663 5042  0  3 75 21  0
 0  5 2278968 134720   2548 125416    0 73260   836 73260 9383 4598  0  3 78 19  0
 0  6 2357536 135228   2556 125408    4 78748   780 78748 9632 5795  1  3 75 22  0
 3  5 2422560 142284   2688 126244   32 65104  1152 65104 6844 7038  0  3 76 22  0
 0  7 2503732 135384   2820 125340  120 80856   468 80856 8478 2243  1  3 74 22  0
 0  7 2581400 134972   2820 125172   40 78072   340 78072 9774 4883  0  3 78 18  0
 0  7 2656016 135104   2828 125176   28 74448   380 74448 8693 5174  1  3 71 26  0
 0  7 2719988 135040   3080 125076   36 64072   564 64072 7580 7472  0  3 71 26  0
 0  7 2791232 134956   3216 125208   24 71380   876 71380 10348 5824  0  3 67 30  0
 1  9 2873812 134980   3216 125752   64 82236   952 82236 9108 2851  0  3 59 38  0
 0 10 2941068 138348   3220 126180   48 67380   836 67380 4634 6629  0  2 68 29  0
 1  8 3008832 136636   3352 126156  112 67968   764 67968 7624 4136  0  3 46 51  0
 0  9 3079308 135340   3356 126896   44 70932  1676 70932 7773 4648  0  3 65 32  0
 0 10 3152780 134724   3356 126660   20 73228   500 73228 8286 6307  0  3 60 36  0
 0 11 3227020 160092   3356 125860   76 74080   460 74080 5005 2585  0  2 65 32  0
 0  9 3309708 176624   3632 126644  148 82596  1636 82596 4408 2917  0  3 63 34  0
 2  6 3387732 136376   3892 125716  144 78396  1644 78396 9384 1287  1  2 69 28  0
 0  8 3494180 135236   3636 125700   56 106260  1216 106260 13378 3711  1  4 68 28  0
 2  4 3574636 135572   3636 126604   16 80488  1788 80488 7648 3482  1  3 70 27  0
 2  8 3637064 137160   3636 126172    4 62992   336 63036 8868 8697  0  3 66 30  0
 0 10 3712804 135172   3636 125564   44 75076   836 75076 9206 5114  0  3 65 32  0
 3  6 3798820 206872   3720 124600   56 86024  1848 86024 2749 2816  0  2 63 34  0
 1  9 3912252 136584   3172 122872   52 113332  1016 113332 12901 1741  1  4 58 37  0
 0  8 3994424 137364   3312 125668   44 82520  2824 82520 6422 3885  0  3 62 35  0
 0  7 4099984 134888   3312 123020   44 105664   564 105664 10750 4796  1  4 66 30  0
 0  7 4192400 134908   3316 122912   12 92464   268 92464 11359 4162  1  3 73 23  0
 0  8 4293392 135128   3460 122544   20 101232   744 101232 8119 4998  1  3 70 27  0
 1  7 4380176 138088   3468 122624   44 86764   128 86764 8441 3296  1  3 57 40  0
 0  8 4469048 134892   3468 122256  108 89336   940 89336 9443 3923  1  3 66 30  0
 0  9 4527212 160480   3468 122668   76 57680   300 57680 3141 6501  0  2 59 38  0
 0  9 4618604 135028   3596 123760   76 91588  1844 91588 8993 3520  1  3 62 34  0
 0 14 4683300 135528   3596 123932   72 64940   632 64940 7754 6933  0  3 61 36  0
 0 14 4765220 152276   3596 123560   48 81780   588 81780 10213 6262  1  3 64 32  0
 1 11 4845604 137704   3596 123592  192 79944   760 79944 7218 4586  0  3 55 41  0
 0 12 4920868 150948   3596 123728   16 75532   236 75532 5593 2534  0  2 66 32  0
 0 12 5005604 134860   3596 123740  120 85288  1024 85288 8439 2771  1  3 51 46  0
 5  7 5074980 135000   3596 123712   60 69424   232 69424 6778 8975  0  3 71 26  0
 0 12 5183048 172200   3596 123844  136 108212   808 108212 9246 2773  0  3 44 52  0
 0  8 5264712 134964   3724 125072  184 81672  1668 81672 10748 3923  1  3 49 47  0
 0  9 5349960 135184   3856 124980   84 85048   700 85048 9677 6411  0  4 69 27  0
 0  9 5426856 134712   3856 125032   36 77044   572 77044 8906 5721  0  3 66 31  0
 2  7 5502376 142968   3856 125200   60 75132   816 75132 5621 4765  0  3 56 41  0
 1  9 5567912 135244   3852 125876  108 65596   860 65596 7221 4699  0  3 63 34  0
 1  9 5635496 135140   3852 125508   20 67932   572 67932 7387 7427  0  3 43 54  0
 0 11 5719208 134880   3400 125296   88 83760  1432 83760 7725 3877  1  3 52 44  0
procs -----------memory---------- ---swap-- -----io---- -system-- ------cpu-----
 r  b   swpd   free   buff  cache   si   so    bi    bo   in   cs us sy id wa st
 1 13 5847444 144828   2568 124804  172 128004  1060 128004 14051 5403  0  3 50 47  0
 0 11 5918316 134508   2836 126084  212 70932  1348 70932 7639 4235  1  3 58 38  0
 0 11 5991596 135108   2644 125748  100 73380   900 73380 8354 4922  1  3 57 40  0
 2  6 6091436 135644   2440 125820   76 99848   304 99848 11050 5069  1  4 54 42  0
 0  8 6182236 135176   2712 125368  132 91196   780 91196 8271 5375  0  4 67 29  0
 0  8 6290604 137188   2824 125396  100 108104   744 108104 9655 2622  1  4 65 31  0
 0  8 6378380 135544   2956 125328  116 87812   332 87812 12839 6482  0  4 61 35  0
 1 10 6463116 195412   3088 125832   88 84792  1372 84792 4581 1886  0  2 56 42  0
 0 10 6475404 205596   3204 129216 3516 15416  7120 15416 2582 1900  0  1 63 36  0
 0  5 6469772 197140   3368 133764 5868    0 10276     0 1827 1653  0  1 75 24  0
 0  5 6464652 185808   3368 139516 5912    0 11568     0 1256 1312  0  0 80 20  0
 0  5 6459788 175224   3368 144408 5744    0 10784     0 1424 1479  0  0 80 19  0
 0  3 6454668 166656   3636 147432 5736    0  8944     0 1497 1716  0  0 82 18  0
 1  2 6446732 156836   3640 151096 8596    0 10332     0 1584 1588  0  0 86 14  0
 0  3 6470796 179760   3624 146964 10556 33712 10680 33712 2256 1791  0  1 86 13  0
 0  4 6463372 167852   3628 152448 9100    0 10636     0 1995 1716  0  1 80 19  0
 0  5 6461324 163724   4040 153384 4076    0  5376   676 1407 1690  0  0 79 20  0
 0  4 6456716 153472   4484 154624 8268    0 10072    32 1459 1717  0  1 91  9  0
 0  3 6470540 161740   4480 155332 10876 21252 12196 21252 1670 1456  0  1 91  9  0
 0  2 6465420 152692   4620 159288 5180    0  9184     0  982  938  0  0 92  7  0
 0  2 6465164 162804   4612 158920 12808 12464 13684 12464 1925 1608  0  1 91  8  0
 1  1 6473356 185380   4532 156984 21056 28380 21664 28380 2678 2503  0  1 89  9  0
 0  2 6475404 195988   4592 155184 39952 42664 40652 42664 3810 3232  1  1 92  6  0
 0  4 6471308 189908   4600 157824 3740    0  6436    24 1018  823  0  0 90  9  0
 0  3 6437004 151808   4900 161500 33956    0 37920     0 2526 3066  1  1 91  7  0
 0  5 6443404 162896   5036 162452 8072 13624  9660 13624 1496 1319  0  1 90  9  0
 0  4 6439308 155296   5188 164704 4280    0  6924     0 1325 1298  0  0 81 18  0
 1  2 6487692 198388   4592 161232 10272 57952 11712 57952 1721 1409  0  1 88 11  0
 0  1 6482636 209264   4484 160932 28064 22916 28072 22916 1890 2586  0  1 90  8  0
 0  1 6432716 158612   4492 160844 50724    0 50740    52 2728 3968  1  1 96  3  0
 0  1 6427820 162392   4144 159244 50376 44736 50376 44736 3189 4148  1  2 94  3  0
 1  1 6418828 161044   3984 159364 33912 26056 34500 26056 2716 3225  1  1 93  4  0
 1  1 6446220 189152   3604 156452 42812 70132 42812 70132 2897 3349  1  2 94  4  0
 0  3 6420248 176600   3600 158664 25588  616 27756   616 1765 2242  0  1 90  9  0
 1  0 6418388 174276   3536 158716 33740 33076 35200 33128 2675 2960  1  1 93  6  0
 0  3 6403028 156700   4312 160224 15960    0 18140     0 1703 1804  0  1 90  9  0
 1  1 6418884 175748   5644 161348 4952 20196  8624 20196 1997 1454  0  1 90  9  0
 0  4 6412452 169204   5644 161332 7284    0  7616     0 1483 1466  0  0 87 12  0
 0  2 6406308 162400   5644 162152 6764    0  7328     0 1119 1181  0  0 88 11  0
 0  6 6402724 156596   6084 163100 4564    0  6072     0 1377 1454  0  0 73 26  0
 0  3 6398884 149540   6484 165748 3864    0  6644   728 1160 1059  0  0 87 12  0
 0  2 6429364 173768   6392 167440 1600 32348  4684 32680  955  594  0  1 89 11  0
 0  6 6423732 167316   6396 169104 6292    0  7868     0 1462 1612  0  0 80 19  0
 0  3 6419124 156896   6632 170740 5568    0  7512     0 1935 1519  0  1 86 13  0
 0  4 6419084 165580   7480 170028 2116 1920  6044  2648 1361 1137  0  0 86 13  0
 0  3 6415756 160792   7968 172076 3356    0  5896    64  892  833  0  0 88 12  0
 0  2 6412940 153316   8128 174740 2860    0  5540    80  853  753  0  0 89 10  0
 0  2 6435844 171892   8400 180184 4396 26832 11960 27164 1293  923  0  1 92  7  0
 1  3 6430212 161552   9104 183968 5908    0 10320     0 1805 1614  1  0 89 10  0
 1  2 6433420 154612   9244 187148 5036 7728  8160  7728 1695 1282  0  1 85 14  0
 0  2 6438676 162336   9456 188652 2808 7996  4244  8972 1634  946  0  1 85 14  0
 0  2 6440844 168256   9780 190468 12748 14476 17904 14552 2703 2502  0  1 90  9  0
 1  1 6424204 169712   7908 175072 21576 4812 21632  4808 1469 2022  0  1 88 11  0
 0  1 6492300 258136   7828 164524 23956 90868 23956 90872 1984 1956  0  2 89  9  0
 0  1 6437516 203956   7828 164752 54212    0 54212     0 3148 4514  1  1 94  4  0
 0  1 6396012 172424   6952 159868 69192 26964 69192 26964 3835 5132  1  2 94  3  0
 0  1 6393228 184552   6092 155696 47856 44860 47964 44860 7773 4012  1  2 93  4  0
 1  0 6375564 165296   7036 156836 17960    0 19956    44 1786 1958  0  0 91  8  0
 0  2 6395788 181676   6308 154012 49332 68864 49332 68864 3935 4954  1  2 92  5  0
 1  0 6348684 154964   6000 153828 53264 5428 53264  5428 2830 4067  1  1 96  2  0
 2  1 6378380 189804   4856 148872 33040 62188 33040 62188 2428 2609  1  2 91  7  0
 0  5 6350732 156508   5268 149108 39992 12112 42256 12112 2692 3612  1  1 93  5  0
 0  4 6357900 164664   5284 156044 3796 11296 11456 11296 1788 1458  0  1 84 15  0
 1  2 6354060 156356   6468 159112 3780    0  8092    52 1583 1280  0  1 85 14  0
 0  1 6338700 149860   6236 158844 44952 28904 46284 28932 3540 3708  1  1 94  4  0
 0  1 6384012 226328   4712 148328 39032 84076 39032 84076 2646 3000  0  2 92  5  0
 0  2 6316172 171360   1648 139984 79688 11592 79688 12272 3948 5817  1  1 94  4  0
 1  0 6313356 159264   1632 138788 36680 33444 36768 33632 2334 2859  1  1 94  4  0
 1  1 6320268 169496   2272 139656 30428 37092 32416 37092 3450 3061  0  1 92  6  0
procs -----------memory---------- ---swap-- -----io---- -system-- ------cpu-----
 r  b   swpd   free   buff  cache   si   so    bi    bo   in   cs us sy id wa st
 0  1 6314892 159172   2272 139408 43104 36704 43104 36704 4423 3365  0  1 95  3  0
 1  0 6311820 167132   2280 139060 22592 19376 22592 19416 1397 1839  0  1 91  8  0
 0  2 6327916 174140   2276 138528 53720 69056 53720 69056 3536 4110  1  2 93  4  0
 1  0 6309260 166896   2544 139080 30576 11612 31364 11620 1940 2445  0  1 93  6  0
 1  1 6315716 161296   2512 138784 42848 48712 43200 48712 5397 3395  1  2 93  4  0
 0  1 6305164 159824   2512 138692 44744 35404 44744 35404 2920 3507  1  1 93  5  0
 0  2 6320524 164864   2512 138236 50064 65508 50064 65508 3123 3727  1  2 94  3  0
 0  1 6311564 164108   2512 137972 41692 32356 41692 32356 2612 3264  1  1 93  5  0
 0  2 6313612 162092   2468 137480 48192 49564 48192 49564 3284 4032  1  2 94  4  0
 0  2 6329416 178228   2468 137868 32120 47784 32624 47784 2324 2507  0  1 93  5  0
 0  1 6299788 160580   2468 137836 59036 28712 59036 28712 3405 4481  1  1 94  4  0
 1  0 6310028 164108   2468 137768 36624 46388 36624 46388 2476 2907  1  1 95  3  0
 1  1 6306980 157556   2468 137652 36472 32804 36516 32804 2345 2903  1  1 95  4  0
 0  1 6318476 167392   2468 137868 47680 59084 48216 59084 2952 3616  1  1 95  3  0
 0  1 6323340 174960   2468 137576 56932 60984 56932 60984 3646 4337  1  2 93  4  0
 0  1 6321804 175188   2468 137772 29644 27360 30012 27360 2234 2601  1  1 93  5  0
 0  1 6313612 163360   2468 137952 44756 36004 44756 36004 2992 4149  1  1 95  3  0
 0  1 6326156 176212   2468 137736 42060 54224 42428 54224 2944 3324  0  2 94  4  0
 0  1 6327344 176212   2456 137556 47820 48556 47820 48556 2803 3588  0  2 94  4  0
 0  1 6304396 152776   2452 137536 40332 16616 40332 16616 2634 3777  1  1 96  3  0
 0  1 6303236 163620   2440 137796 48360 47196 48716 47196 3571 3731  1  2 93  5  0
 1  0 6310284 162076   2392 137644 44908 51596 44908 51596 2993 3343  1  2 94  3  0
 0  1 6293556 152736   2356 137548 47304 29840 47304 29840 2767 3684  1  1 94  4  0
 0  1 6322316 170952   2324 137316 35484 63696 35484 63696 2809 2814  0  2 92  5  0
 1  2 6310284 168172   2320 140420 40052 27932 43280 27932 2602 3179  0  1 92  6  0
 0  2 6306700 156792   2460 151028 3676    0 14540     0 1093 1004  0  0 92  7  0
 0  1 6310284 163100   2384 146796 35252 37828 36544 37828 2712 3020  0  1 93  5  0
 0  2 6334604 173180   2372 146364 43272 66888 43272 66888 2847 3373  0  2 93  5  0
 1  0 6303884 150752   2360 146160 59248 28020 59248 28020 3291 4405  0  2 95  3  0
 1  1 6312332 164612   2264 144264 44640 52552 44640 52552 3122 3593  1  2 92  6  0
 0  2 6305164 155708   2868 145932 22824 15768 24932 15780 2156 2476  0  1 93  6  0
 0  2 6318696 170828   2292 142176 42028 55428 42028 55428 3468 3544  1  2 92  6  0
 1  0 6338188 193656   2292 141368 32280 50928 32280 50956 2213 2469  0  2 94  4  0
 0  2 6356320 205500   2244 138468 46576 64124 46576 64124 2812 3716  1  2 92  5  0
 0  0 6301280 154548   2244 138304 55508  112 55508   112 2758 4044  1  1 94  4  0
 0  2 6304908 163108   2244 138436 44492 47888 44724 47888 3681 3794  1  2 93  5  0
 0  1 6316656 176904   2228 139316 18168 29740 19396 29740 1991 1832  0  1 94  5  0
 2  1 6309752 167076   2228 138940 30524 22892 30684 22892 2301 2628  0  1 93  6  0
 0  2 6311052 164280   2228 138980 39664 40672 39664 40672 2517 3050  0  1 92  6  0
 0  1 6322060 173416   2228 138556 38600 49300 38600 49300 2451 2974  1  1 96  2  0
 0  1 6290316 152500   2228 138308 54488 22184 54488 22184 3166 4226  1  1 94  4  0
 1  0 6304396 165100   2228 138028 43456 57232 43700 57232 4731 3496  0  2 93  5  0
 1  1 6311564 168124   2228 137928 43072 49976 43072 49976 3003 3520  1  2 93  4  0
 1  0 6295436 150988   2224 137708 49180 32816 49180 32816 3608 3780  0  1 95  3  0
 0  2 6298252 154508   2224 137596 36296 38768 36296 38768 2999 2915  1  1 94  4  0
 0  1 6302604 153032   2224 137364 41172 45268 41172 45268 2619 3080  0  1 94  4  0
 0  1 6291852 150256   2224 137772 38200 26588 38644 26588 2616 3046  0  1 93  5  0
 0  1 6291596 154036   2224 137200 49324 48880 49324 48880 3038 3702  1  2 93  5  0
 0  1 6303360 157532   2224 137304 35808 47112 35808 47112 2483 3272  0  1 94  4  0
 1  1 6323340 172400   2224 137232 30544 50196 30544 50196 2211 2399  0  1 93  5  0
 0  1 6310028 166352   2224 137144 59216 45536 59216 45536 3454 4347  1  2 94  4  0
 0  1 6311308 166856   2224 137344 47936 49136 48248 49136 3968 3704  1  2 92  5  0
 0  1 6303304 165832   2224 137336 43828 35388 43828 35388 2942 3521  1  2 94  4  0
 0  1 6303628 160792   2224 137220 38612 38316 38612 38316 2789 3262  1  1 94  4  0
 0  2 6299276 152728   2224 137048 47008 42196 47008 42196 2908 3797  1  1 94  4  0
 0  3 6317452 172116   2520 140432 3312 21148  7012 21148  932  776  0  0 91  8  0
 0  3 6310796 161240   3052 143848 7056    0 11004     0 1508 1336  0  0 87 12  0
 0  4 6307980 153892   3624 147468 2624    0  6720     0  977  812  1  0 84 15  0
 0  2 6319500 162932   3496 147888 5796 16676 12024 16680 1892 1654  0  1 80 18  0
 0  2 6311308 153608   3496 149088 9404    0 10608     0 1523 1440  0  0 92  7  0
 0  2 6343632 184824   3468 148460 14704 46708 15136 46708 2314 1669  0  1 93  5  0
 0  3 6337744 177004   3572 150544 5948    0  8132     0 1482 1378  0  0 90 10  0
 0  4 6334416 170452   3860 153236 3968    0  6944    52 1409 1178  0  0 88 12  0
 1  0 6314192 149284   3984 153804 20532    0 21232     0 1779 2073  0  0 93  6  0
 0  1 6374008 212000   3632 149912 33140 92016 33140 92016 3473 2782  1  2 91  6  0
 1  0 6321016 158576   3632 150084 53736    0 54172     0 3080 4532  1  1 95  3  0
 0  1 6339724 179304   3284 146516 40224 59024 40224 59028 2668 3185  1  2 95  3  0
 0  1 6317452 159144   3196 147724 37152 14744 38388 14744 2879 3404  1  1 94  5  0
 0  1 6312332 158932   3088 148872 20352 15012 21764 15040 2052 2117  0  1 92  7  0
procs -----------memory---------- ---swap-- -----io---- -system-- ------cpu-----
 r  b   swpd   free   buff  cache   si   so    bi    bo   in   cs us sy id wa st
 2  0 6317196 167720   2488 147872 45780 50356 45780 50356 2987 3533  1  2 95  3  0
 0  2 6352780 204764   1976 145156 20920 56116 20920 56916 1956 1861  0  1 87 12  0
 0  1 6308748 162900   1976 144512 53616 9224 53616  9224 2893 4231  0  1 94  4  0
 1  2 6403980 255360   1904 139132 16352 111376 16368 111376 2193 1522  0  2 90  7  0
 0  3 6367372 216624   1916 141464 36616    0 39128    64 2540 3308  0  1 93  5  0
 1  0 6313100 162436   1916 141428 54608    0 54608     0 2594 3919  1  1 94  5  0
 0  2 6316028 165704   2048 141420 55356 57872 56048 57884 3547 4171  1  2 93  5  0
 0  2 6311420 156380   3200 144876 4856    0  9532     0 1082  902  0  0 94  6  0
 0  4 6352888 197172   3312 145452 5944 47512  9132 47676 1534  995  0  1 84 15  0
 0  1 6361228 199196   3320 148104 8408 16480 11404 16480 1715 1518  0  1 86 13  0
 0  2 6350988 186524   3592 149692 10512    0 12392     0 1538 1712  0  0 91  8  0
 1  0 6326668 174680   3796 149704 48136 23812 48984 23812 3365 3900  1  1 93  5  0
 1  1 6385804 237680   3764 144664 27300 85992 27300 85992 2263 2298  0  2 90  7  0
 0  1 6336396 187012   3764 144396 67744 18108 67744 18108 3463 4931  1  2 93  4  0
 0  4 6358412 202060   3288 139160 40584 62436 40600 62988 2504 3245  0  2 91  7  0
 0  4 6398860 252856   3540 141128 1508 41744  4188 41812 1403 1253  0  1 86 12  0
 0  3 6395532 240572   3544 152096 3440    0 14312     0 1187 1028  0  0 89 11  0
 0  3 6394508 227624   3948 162192  924    0 11588     0 1164  915  0  0 88 11  0
 0  2 6373516 199456   5344 166496 21500    0 26868     0 2252 2577  0  1 90  9  0
 0  4 6368652 193156   5352 167804 5376    0  6988    68 1081  988  0  0 86 14  0
 0  2 6361228 184596   5352 168452 8032    0  8356     0 1428 1310  0  0 94  5  0
 1  2 6354316 174484   5508 170780 7216    0  9692     0 1907 1683  0  0 85 15  0
 0  7 6348428 161408   6316 176160 5892    0 12000     0 1538 1290  0  0 86 13  0
 0  2 6343052 154448   6452 177416 6008    0  7336     0 1626 1489  0  0 86 14  0
 0  2 6340748 165020   4772 165084 2576    0  3952  1132 1049  765  0  0 83 16  0
 0  2 6335884 150892   5692 170336 5064    0 10796     0 1760 1152  0  0 91  9  0
 0  3 6367884 170768   6596 172080 1672 34204  5068 34264 1362 1118  0  1 87 12  0
 0  2 6363788 163176   7112 174908 4004    0  7320     0  791  779  0  0 91  9  0
 0  2 6383500 176696   7520 181452 4480 24216 13324 24216 1233  985  0  1 91  9  0
 0  2 6376844 157108   8352 196040 7120    0 21784     0 2060 1710  1  1 87 12  0
 0  2 6382476 154492   7592 209392 8896 14316 53056 14316 2005 1593  1  1 92  6  0
 0  2 6379916 166376   7596 194932 2464    0 11904   628 1307 1203  0  1 87 12  0
 1  1 6375820 163052   7420 193200 4584    0 24940     0 1252 1044  0  1 94  5  0
 1  1 6369932 153916   7420 197388 5860    0 30052     0 1571 1188  1  1 94  5  0
 0  3 6422924 208064   7424 181940 5024 57780 25636 57780 2041 1140  0  2 90  8  0
 0  2 6472844 276836   7432 170396  664 50684  1688 50740  598  369  0  1 80 19  0
 0  3 6468236 256668   7432 186720 4436    0 20672     0 1442 1253  0  1 92  8  0
 0  2 6462860 228648   7432 209464 5424    0 28336     0 1631 1196  1  1 92  6  0
 1  1 6457228 201636   7436 230800 5588    0 26712     0 1501 1096  0  1 93  6  0
 0  2 6452876 178648   7436 249720 4336    0 23152     0 1210  914  0  1 95  4  0
 0  2 6447756 152392   7440 270384 5236    0 26104     0 1348 1056  0  1 94  5  0
 0  2 6440844 170220   6936 244572 6792    0 37032    48 1797 1488  1  1 92  7  0
 0  2 6435468 169960   6872 240272 5360    0 27236     0 1819 1602  1  1 92  7  0
 0  2 6428556 161208   6856 242144 7004    0 33508     0 1773 1268  0  1 93  6  0
 2  1 6420876 163144   6340 232932 7692    0 44944     0 1898 1522  1  1 92  6  0
 2  0 6412684 163804   5916 224224 8380    0 49724     0 1853 1563  1  1 91  6  0
 0  2 6402956 172024   5816 207052 9676    0 51152     0 2054 1692  1  1 91  7  0
 0  2 6395788 164132   5744 207080 7108    0 41072     0 2035 1547  1  1 90  8  0
 0  2 6389900 173644   5648 192356 6140    0 35328     0 1511 1173  1  1 93  5  0
 0  2 6383500 169440   5616 190632 6336    0 31556     0 1570 1258  0  1 94  5  0
 0  2 6378380 168432   5592 186264 5192    0 25036     0 1557 1143  1  1 93  5  0
 0  2 6373260 164040   5580 185400 5136    0 26900     0 1489 1095  1  1 94  5  0
 0  2 6368396 161260   5576 183144 4916    0 22656     0 2156 1719  0  1 92  7  0
 0  3 6364044 160748   6456 178928 4124    0 18816     0 1269  976  0  1 88 11  0
 0  4 6374284 167660   7128 183980 1972 12216 11020 12216 1655 1187  0  1 84 15  0
 1  1 6369420 160776   7576 189120 5328    0  9724     0 2152 1644  0  1 83 16  0
 0  1 6348488 167628   6864 162132 48780 27552 49304 27552 3189 3962  1  1 93  5  0
 0  2 6349396 169152   6856 160604 32492 33728 33240 33728 2912 3409  1  1 93  5  0
 0  1 6346892 159232   6772 159752 36588 33800 37232 33800 2761 3227  1  1 92  6  0
 0  1 6337164 160364   6484 157104 46200 36148 46200 36148 3157 3868  0  1 95  3  0
 0  2 6328716 155104   6116 155860 37164 28884 37372 28956 2301 2865  0  1 92  6  0
 0  1 6353548 171736   5488 153476 44744 69168 44828 69168 3037 3394  1  2 95  3  0
 2  0 6321300 150996   4368 152160 62136 29528 62136 29528 3212 4597  1  2 95  3  0
 0  2 6349708 175432   4144 152480 24376 52652 25528 52652 2320 2260  0  1 90  8  0
 0  2 6336652 169856   4608 153616 25556 12236 27824 12916 2215 2331  0  1 91  8  0
 0  2 6336396 168020   4740 155204  384    0  1840   540  557  546  0  0 88 12  0
 0  4 6332300 162460   5016 158644 3604    0  8412     0 1628 1406  0  0 87 12  0
 0  3 6326668 155160   5852 161528 5972    0  9548     0 1852 1316  0  0 86 13  0
 0  3 6364556 188484   5248 153224 28752 66276 31124 66276 2807 2736  0  2 89  9  0
procs -----------memory---------- ---swap-- -----io---- -system-- ------cpu-----
 r  b   swpd   free   buff  cache   si   so    bi    bo   in   cs us sy id wa st
 1  1 6416268 255572   5104 152236 4852 56592  5008 56668 1133  752  0  1 88 11  0
 0  1 6339980 178964   5104 152304 76892    0 76892     0 3666 5520  1  1 95  3  0
 1  2 6398092 244704   2708 146104 32536 90188 32600 90188 2905 3198  0  2 88 10  0
 0  2 6409612 253776   2924 148808 1852 13704  5248 13704  920  671  0  0 88 12  0
 0  1 6387852 227552   4500 151732 21692    0 25984     0 2361 2636  0  1 91  8  0
 0  1 6315660 154008   4500 151636 73136    0 73136     0 3717 5522  1  1 94  3  0
 0  2 6413312 257084   3244 143708 7860 105296  8036 105296 1915 1453  0  2 86 12  0
 0  2 6408960 243728   3364 153244 4240    0 13860     0  846  848  0  0 91  8  0
 0  2 6398208 224828   3504 160472 10464    0 17636     0 1541 1748  0  0 91  8  0
 1  3 6335744 161360   3512 161056 62852    0 63620    56 3503 5001  1  1 92  6  0
 0  3 6342156 172512   3308 153928 31300 37404 34276 37416 3504 3380  1  1 88 10  0
 1  0 6329924 154692   3308 156212 44588 32252 47328 32252 3283 3619  1  1 93  5  0
 0  2 6344588 167544   3308 154772 43172 57160 43172 57160 3205 3644  0  2 94  4  0
 0  1 6330296 160992   3308 153784 40720 26016 40720 26016 2409 3082  0  1 94  4  0
 0  1 6341260 177356   3096 151252 39600 50332 39600 50332 2782 2980  1  2 94  4  0
 1  0 6320744 159944   2876 150932 36852 15900 38280 15900 2801 3429  1  1 92  6  0
 0  2 6331196 160196   2600 149612 36528 46884 36528 46928 2442 2804  0  1 93  6  0
 0  1 6318908 155448   2348 148552 12280   84 12280  1456 1130 1356  0  0 95  5  0
 0  2 6332660 168968   1988 145272 52972 66260 52972 66260 4590 4060  1  2 92  6  0
 0  1 6309004 158456   1760 143436 56932 32944 56932 32944 2957 4091  1  2 95  3  0
 1  0 6338188 182144   1524 142880 16868 46228 17672 46228 1971 1810  0  1 92  6  0
 0  2 6319500 158960   1488 141964 68788 49848 68908 49848 3831 5214  1  2 93  4  0
 0  1 6315148 162960   1484 141888 37996 33440 37996 33440 2480 2970  0  1 95  3  0
 0  2 6333068 182900   1492 141456 15268 33460 15268 33516 1105 1230  0  1 89 10  0
 0  1 6313356 160472   1488 140988 55476 36232 55476 36232 3649 4167  1  1 94  4  0
 0  2 6300804 153156   1488 140912 44668 31472 44784 31472 2830 3575  1  1 94  4  0
 1  0 6311052 164732   1488 140304 41232 51232 41232 51240 2900 3236  0  2 94  4  0
 0  2 6315148 157676   1488 139620 50644 54452 50644 54452 4029 3736  1  2 93  5  0
 1  1 6310284 165204   1488 139316 36720 31396 36720 31396 2427 3108  0  1 95  3  0
 0  2 6312588 160448   1484 139000 45400 47668 45400 47668 3010 3684  1  2 93  5  0
 1  1 6305420 149864   1484 138928 56652 49140 56652 49140 3053 4052  0  2 94  4  0
 1  1 6314380 163472   1484 138648 45788 54580 46192 54580 3215 3502  1  2 92  6  0
 1  0 6301836 155156   1484 138936 39296 26728 39296 26728 2636 3350  1  1 94  4  0
 0  1 6305164 159912   1620 139404 31028 34072 31616 34072 2427 2527  1  1 94  5  0
 0  2 6312588 155564   1620 138800 42528 48984 42528 48984 2895 3402  0  2 94  4  0
 1  1 6314380 171504   1620 138092 52352 53948 52352 53948 2988 3807  0  2 92  5  0
 0  1 6319848 171000   1620 138732 38000 43768 38268 43768 4047 3143  0  2 93  5  0
 1  1 6319756 173016   1620 138468 50692 50440 50692 50440 3486 3787  0  2 92  6  0
 0  1 6327436 177804   1620 138644 36976 44368 36976 44368 2466 2985  0  1 93  6  0
 0  2 6304212 156196   1620 137976 59880 36180 59880 36180 3289 4340  1  1 94  4  0
 1  0 6299020 151596   1620 138300 31240 25696 31240 25696 2405 2975  0  1 95  3  0
 0  1 6298012 154360   1620 138384 41884 40676 42044 40676 3469 3321  0  2 94  4  0
 0  1 6302928 155628   1620 138384 46008 50728 46008 50728 3427 3602  0  2 94  3  0
 0  1 6299020 152604   1620 138408 45952 41736 45952 41736 3171 3523  1  2 95  3  0
 0  1 6296972 151076   1620 138408 47788 45424 47788 45424 3643 3591  0  2 95  3  0
 0  1 6300812 153848   1620 138380 44912 48392 44912 48392 3603 3470  0  2 94  4  0
 1  0 6297228 151580   1620 138468 30152 26108 30248 26108 2674 2617  1  1 95  3  0
 0  1 6298252 152872   1620 138464 49468 50560 49468 50560 3852 3751  1  2 93  4  0
 0  1 6301056 154132   1620 138440 42792 44860 42800 44860 3068 3354  0  2 94  4  0
 0  1 6296808 152620   1620 138524 45176 41048 45176 41048 3314 3597  1  2 94  4  0
 0  1 6301836 153628   1620 138436 40496 45084 40496 45084 3041 3047  0  2 95  3  0
 0  1 6294924 150352   1620 138468 48032 40292 48068 40292 3668 3749  1  2 94  3  0
 0  1 6295180 152116   1620 138420 40784 40860 40784 40860 3243 3330  1  2 94  4  0
 0  1 6294156 150604   1620 138332 51388 50532 51388 50532 3644 3823  1  2 94  3  0
 0  1 6292364 148320   1620 138412 47232 45280 47232 45320 3571 3574  1  2 94  3  0
 0  3 6303372 149580   1620 138932 34424 44908 35032 44908 2730 3179  0  2 94  4  0
 1  0 6299532 148556   1620 139052 42848 39040 42944 39040 3020 3347  0  2 93  5  0
 0  1 6291084 146548   1620 139064 47392 38504 47392 38504 3617 3806  1  2 94  3  0
 0  1 6293644 145540   1620 139060 22952 24692 22952 24692 2171 2383  0  1 95  4  0
 0  1 6300812 151084   1620 139420 38816 45784 39244 45784 2976 3220  1  2 94  4  0
 1  0 6290060 143996   1620 139412 41540 30488 41540 30488 3397 3214  0  2 95  3  0
 0  1 6291340 146240   1620 139292 47204 48340 47312 48340 4872 3552  1  2 93  4  0
 0  1 6291340 146264   1620 139488 36648 36812 36648 36812 3053 2909  0  2 94  4  0
 0  1 6294804 148028   1620 139440 38300 41420 38308 41420 2654 2979  0  1 95  3  0
 1  1 6291564 144752   1620 139532 47568 44184 47568 44184 3159 3599  1  2 95  3  0
 1  1 6284684 141460   1620 139280 43804 36800 43804 36800 3025 3346  0  2 94  3  0
 0  2 6287996 143208   1620 141524 31916 34848 34004 34848 2791 2622  0  1 93  5  0
 1  2 6329996 184544   1520 142360 3140 45024  8448 45024  889  702  0  1 90  9  0
 0  3 6398712 241740   1520 145284 2376 71352  4980 71352  945  540  0  1 85 14  0
procs -----------memory---------- ---swap-- -----io---- -system-- ------cpu-----
 r  b   swpd   free   buff  cache   si   so    bi    bo   in   cs us sy id wa st
 0  1 6335736 174472   1520 149232 63308    0 67296     0 3335 4825  1  1 93  5  0
 0  1 6300444 147728   1396 143284 63336 27708 63336 27708 4225 4818  1  2 94  3  0
 0  3 6304636 147532   2116 145992 14216 17880 17876 17880 1743 1872  0  1 93  6  0
 0  2 6300540 144940   3888 150656 4140    0 10416     0 1279 1104  0  0 92  7  0
 0  3 6313612 147648   4048 157628 3256 16476 10344 16476 1423  917  0  1 88 11  0
 0  3 6311052 147656   4180 155752 5980 2760  7540  2784 1323 1107  0  0 86 13  0
 0  3 6312844 147908   4320 156512 6976 8516  8176  8516 1549 1313  0  1 89 10  0
 0  3 6317176 150932   4708 157408 7272 10956  8784 11420 4070 1292  0  1 85 14  0
 0  1 6316428 145268   4708 158132 19644 18452 20716 18452 2171 2214  0  1 91  8  0
 0  2 6316428 147868   4712 157348 30724 30620 30888 30620 2609 2800  0  1 93  6  0
 0  2 6320876 149884   4720 157532 4368 8328  4488  8396 1014  812  0  0 90 10  0
 0  4 6374796 208640   4844 153368 7776 61388  8356 61388 1633 1207  0  1 83 16  0
 0  1 6332300 164044   4844 154240 43200    0 44032     0 2552 3579  0  1 93  5  0
 2  0 6313356 145292   4844 154028 43660 24904 44600 24904 3515 4404  1  1 94  5  0
 0  1 6308180 146552   4844 153500 38912 33824 38912 33824 3130 3475  0  2 94  3  0
 0  1 6307188 147080   4800 151716 51272 49812 51272 49816 3938 4063  0  2 94  3  0
 0  1 6327180 160712   4304 149536 26716 46704 26716 46704 1991 2133  0  1 95  3  0
 1  1 6299788 143324   4048 148760 44488 16752 44488 16800 2754 3464  0  1 94  5  0
 0  2 6306700 147096   3120 146860 47360 53756 47432 53764 3444 3697  1  2 93  5  0
 0  2 6304396 144332   2940 146888 32136 29852 32280 30332 2451 2642  0  1 93  5  0
 0  1 6303628 145592   2684 145988 37716 36880 37716 36996 2991 3048  0  2 95  3  0
 0  1 6320140 171296   2280 144040 30764 47012 30764 47012 2150 2380  0  2 94  4  0
 1  0 6300556 144584   2240 143840 47568 27764 47568 27764 2885 3847  0  1 95  3  0
 0  1 6292684 143324   2216 143440 39196 31188 39196 31188 2873 3015  0  1 95  4  0
 0  1 6291668 141560   2212 143216 45516 44360 45520 44360 4640 3866  1  2 94  4  0
 0  2 6291596 142948   2220 143028 27128 26672 27128 26712 2561 2638  0  1 93  5  0
 1  0 6290060 141152   2220 142772 31712 30176 31712 30176 2097 2535  0  1 93  5  0
 0  1 6296204 144932   2204 142452 43156 49264 43156 49264 3498 3319  0  2 94  4  0
 0  1 6290828 142664   2204 142212 40168 34828 40168 34828 2884 3288  1  1 94  4  0
 0  1 6288268 141396   2180 142040 51144 48360 51192 48360 4696 3856  1  2 94  3  0
 0  1 6288012 141656   2080 141760 43144 42740 43144 42740 2818 3278  0  2 95  3  0
 0  1 6294924 142412   2072 141616 45604 52204 45604 52204 3240 3509  1  2 94  4  0
 1  0 6289804 138388   2032 141336 43724 38220 43724 38220 3163 3348  0  2 94  4  0
 0  1 6288780 140152   1984 141260 38448 37328 38448 37328 2986 2984  0  1 94  4  0
 0  1 6297128 141664   1940 141192 33496 41656 33528 41656 3555 3240  0  2 94  4  0
 0  1 6285988 140908   1916 141060 44260 33244 44332 33244 3237 3406  0  2 95  3  0
 0  1 6292620 142420   1868 141000 48692 55176 48692 55176 3294 3626  0  2 94  4  0
 0  1 6286220 140152   1828 140840 40744 34016 40744 34016 2890 3210  0  1 95  4  0
 0  1 6288780 138892   1812 140616 45868 48108 45868 48108 3209 3459  0  2 94  3  0
 0  1 6293388 141664   1812 140796 35520 39800 35636 39800 2850 2870  0  2 95  3  0
 1  0 6288268 142924   1808 140592 43556 38836 43556 38836 3220 3493  1  2 94  4  0
 0  1 6288268 141664   1828 140524 20888 20316 20948 20356 1587 1798  0  1 88 11  0
 0  1 6287244 141412   1828 140460 54984 53748 54984 53748 5585 4059  1  2 94  3  0
 0  2 6303116 145444   1828 140440 42604 58312 42604 58312 3643 3273  0  2 93  4  0
 0  1 6319244 170140   1800 139860 31988 47904 32112 47904 2213 2612  0  2 91  7  0
 0  2 6309516 155776   1744 139500 59664 49716 59664 49716 3680 4378  1  2 92  5  0
 0  1 6321196 168124   1676 139608 37228 48688 37500 48688 2508 2864  0  1 95  3  0
 0  1 6314380 167620   1652 139592 40644 33648 40644 33648 3941 3115  0  1 95  3  0
 1  1 6319244 171904   1608 139112 39700 44396 39700 44396 2814 3222  0  1 93  5  0
 1  0 6331532 180220   1568 139388 28720 40900 28884 40900 2060 2267  0  1 94  4  0
 0  1 6312588 156532   1532 139300 54332 34952 54488 34952 2814 3897  1  1 93  5  0
 0  2 6320780 164816   1500 139256 41040 49156 41040 49156 3229 3741  0  2 93  5  0
 0  2 6314380 160280   1484 138872 51320 44948 51320 44948 2801 3749  0  2 95  4  0
 0  1 6330252 174644   1476 138764 38132 53804 38132 53804 2405 2921  0  2 94  4  0
 0  1 6316080 163808   1472 138972 45588 31364 45792 31364 2827 3506  0  1 94  4  0
 0  1 6319416 170108   1464 138700 44444 47788 44444 47788 2994 3333  0  2 94  4  0
 0  1 6320268 168596   1460 138580 49584 49860 49584 49860 2767 3682  0  2 94  4  0
 0  2 6337676 181700   1456 140012 17048 34280 18800 34320 1677 1543  0  1 89 10  0
 0  3 6335116 172864   1592 147376 2756    0 10024     0  740  652  0  0 96  4  0
 0  6 6385292 227028   1556 146672 17228 67516 20872 67516 1850 1749  0  2 81 18  0
 0  1 6402956 242708   1560 147760 12592 30184 13880 30184 1705 1677  0  1 83 16  0
 0  2 6337164 175676   1544 145484 93008 26488 93008 26488 4606 6500  1  2 94  4  0
 0  1 6324364 168620   1544 144844 46472 33568 46472 33568 2587 3388  0  1 95  3  0
 1  0 6349452 202608   1460 141756 41864 66896 41864 66896 2844 3277  0  2 93  5  0
 0  3 6322076 166824   1468 141252 52448 24596 52448 24608 2909 3944  1  1 89  9  0
 0  2 6327948 176616   1468 141152 30080 35952 30580 35952 2303 2694  0  1 92  7  0
 1  0 6329484 178056   1468 141708 29860 31380 30740 31380 2470 2570  0  1 92  6  0
 0  2 6324108 164424   1468 140808 58128 52388 58128 52388 3168 4212  0  2 93  5  0
 0  2 6323596 165968   1376 140336 45324 44648 45324 44648 2620 3572  0  1 93  5  0
procs -----------memory---------- ---swap-- -----io---- -system-- ------cpu-----
 r  b   swpd   free   buff  cache   si   so    bi    bo   in   cs us sy id wa st
 1  1 6318220 171008   1332 139940 37040 31476 37040 31476 2505 3211  0  1 94  5  0
 0  2 6335628 177560   1332 139200 47568 64780 47568 64780 2993 3546  0  2 94  4  0
 0  1 6316640 166968   1332 139436 34336 15240 34516 15240 2468 3104  0  1 95  3  0
 1  0 6311820 167228   1332 139252 39008 33996 39008 33996 2536 3177  0  1 94  5  0
 1  3 6337164 182804   1412 140036 27848 53184 28948 53184 2027 2293  0  1 91  7  0
 0  2 6333324 172968   2724 144712 4008    0 10068     0  990  865  0  0 95  5  0
 0  2 6330764 163068   3584 149852 2640    0  8972    16 1121  892  0  0 88 12  0
 0  3 6324620 153988   3712 152012 6824    0  8720     0 1574 1295  0  0 91  9  0
 0  4 6421308 257592   3716 146360 3772 100424  4600 100424 1750 1040  0  2 74 24  0
 0  2 6416444 251512   4252 147972 5216    0  7336     0 1161 1021  0  0 87 12  0
 0  1 6362940 195820   4252 149264 53892    0 55104     0 3025 4312  1  1 93  5  0
 0  3 6323340 168604   3024 141764 59200 19208 59384 19260 3452 4594  1  2 92  6  0
 0  3 6310796 155460   3220 142916 12812    0 14172     0 1475 1600  0  0 89 10  0
 0  2 6336908 177340   3476 146928 4672 30560  9296 30560 1876 1331  0  1 82 17  0
 1  0 6321292 163732   3572 146540 46852 30920 47084 30920 3043 3609  0  1 94  4  0
 1  0 6335372 178600   3572 144680 34004 47608 34004 47608 2191 2672  0  1 93  6  0
 0  1 6370956 211108   2880 141808 29680 65308 29776 65308 3170 2413  1  1 92  6  0
 0  2 6329484 168520   2452 139504 60788 19332 60788 19380 3020 4436  0  1 94  4  0
 0  2 6341552 190036   2580 140000 35264 47156 35944 47156 2616 3126  0  1 93  5  0
 2  0 6310284 161592   2712 140536 49880 18316 50900 18324 3336 4058  0  1 93  5  0
 0  1 794004 15661772   2668 140640 8852 17876  8852 17876 1775 1173  0  6 92  2  0
 0  0 793748 15661772   2808 141200  548    0  1248     0  287  397  0  0 100  0  0
 0  0 793748 15661772   2808 141200    0    0     0     0   74   90  0  0 100  0  0
 0  0 793748 15661772   2808 141200    0    0     0     4   59   66  0  0 100  0  0
 0  0 793748 15661504   2808 141200    0    0    20     0  251  172  0  0 100  0  0
 0  0 793748 15661504   2808 141200    0    0     0     0   67   66  0  0 100  0  0
 1  0 793748 15661488   2808 141220    0    0     0     0   80  104  0  0 100  0  0
 0  0 793748 15661488   2808 141220    0    0   220     0   98   96  0  0 100  0  0
 0  0 793748 15661496   2808 141440    0    0     0    44   80   72  0  0 100  0  0
 1  0 793748 15661488   2812 141436    0    0     0     4  183  139  0  0 100  0  0
 0  0 793748 15661488   2812 141440    0    0     0     0   75   87  0  0 100  0  0
