bonito:~/git/frozemm/expms-disk/simple$ vmstat 1
procs -----------memory---------- ---swap-- -----io---- -system-- ------cpu-----
 r  b   swpd   free   buff  cache   si   so    bi    bo   in   cs us sy id wa st
 0  0 351588 15782272   5924 119336  839 1315   924  1320   92   96  0  1 97  2  0
 0  0 351588 15782272   5924 119336    0    0     0     0   87   68  0  0 100  0  0
 0  0 351588 15782208   5924 119388    0    0     0     0   86   96  0  0 100  0  0
 0  0 351588 15782208   5924 119388    0    0     0     0   83  102  0  0 100  0  0
 1  0 351588 15550272   5924 119196  208    0   208     0  296  286  1  0 99  0  0
 1  0 351588 11850728   5924 119412    0    0     0     4 1258  189  6  2 91  0  0
 1  0 351588 8107836   5924 119412    0    0     0     0 1086   84  6  2 92  0  0
 1  0 351588 4364976   5924 119412    0    0     0     0 1092   88  6  2 92  0  0
 1  0 351588 867272   5924 119412    0    0     0     0 1111  252  6  2 92  0  0
 1  0 476772 157840   5924 115040    0 125280     0 125280 1260 1094  2  4 93  2  0
 1  0 597604 160176   5932 114980    0 120860    48 120884 1026  913  0  2 90  7  0
 1  0 792420 159412   5932 114656    0 194648     0 194648 1206 1090  1  3 94  3  0
 1  1 962916 159088   5932 114836    0 170660     0 170660 1146 1004  1  3 93  3  0
 0  1 1136484 159416   5932 114660    0 173376     0 173376 1133 1031  1  3 94  3  0
 0  1 1328996 160660   5932 114980    0 192544     0 192544 1255 1109  1  3 94  3  0
 0  1 1516644 160924   5932 114808    0 187712     0 187748 1360 1161  1  3 93  2  0
 0  1 1698916 160140   5932 114840    0 182272     0 182272 1242 1078  1  3 94  3  0
 0  1 1855192 160048   5932 114840    0 156352     0 156352 1072  968  1  3 95  2  0
 1  0 2021988 160312   5932 114720    0 167172     0 167172 1108 1015  1  3 94  2  0
 0  1 2180196 160256   5932 115224    8 157764   296 157764 1107 1010  0  3 95  2  0
 0  1 2354276 160864   5932 114912    0 174080     0 174128 1290 1155  1  3 95  1  0
 0  1 2527076 160908   5932 115292    0 172736     0 172736 1155 1030  1  3 94  2  0
 0  1 2690148 159144   5932 115128    0 163136     0 163136 1082  979  1  3 95  2  0
 1  0 2869860 159952   5932 114960    0 179624     0 179624 1278 1121  1  4 94  2  0
 0  1 3040360 160704   5932 115128    0 170584     0 170584 1134 1026  1  3 95  2  0
 1  2 3194552 159816   5940 115128    0 154252     0 154272 1133  989  1  3 95  2  0
 1  0 3372856 161224   5940 115200    8 178224     8 178224 1184 1137  1  3 92  4  0
 1  0 3524196 160152   5940 114952    0 151552     0 151552 1071  954  1  3 95  2  0
 1  0 3705444 160148   5940 115020    0 180972     0 180972 1207 1110  1  3 94  2  0
 0  1 3875172 160116   5940 114936    0 169912     0 169912 1164 1018  1  3 94  2  0
 2  0 4054848 161544   5940 114904    0 179548     0 179548 1289 1121  1  3 94  2  0
 0  1 4224612 159824   5940 114960    0 169956     0 169956 1113 1027  1  3 94  2  0
 1  0 4385892 160740   5940 114940    0 161576     0 161576 1137 1077  1  3 95  2  0
 0  1 4569444 159956   5940 115128    0 183192     0 183192 1229 1099  1  4 94  2  0
 0  2 4702564 159312   5940 115696    0 133088   648 133088 1223 1053  1  3 91  6  0
 1  0 4856420 158724   5940 116008    0 153704   296 153704 1477 1197  1  3 94  2  0
 1  0 5008484 158520   5940 116704    0 152852   560 152852 1289 1165  1  3 92  4  0
 0  1 5175140 160500   5940 116640    0 166564     0 166564 1163  989  1  3 93  3  0
 0  2 5340260 158736   5940 116836    4 165216   196 165216 1389 1125  1  3 93  3  0
 0  2 5465292 157628   6072 117000  116 124928   404 124932 1092  955  0  3 86 11  0
 1  0 5632612 160184   6076 116752    0 167280     0 167344 1192 1078  1  3 92  4  0
 0  1 5799012 160528   6076 117004    0 166512     0 166512 1211 1042  1  4 93  2  0
 1  0 5948516 160004   6076 116984   40 149532    40 149532 1168 1073  1  4 94  1  0
 1  1 5961828 181376   6072 116252 37228 50476 37228 51196 2492 2750  4  1 92  3  0
 0  2 5943396 162836   6072 114472 104184 85956 104184 85956 4806 7138  1  3 92  5  0
 1  0 5909428 155788   6056 111864 94352 60232 94584 60232 4424 6491  1  2 91  7  0
 1  1 5918776 166868   5744 109720 81164 90156 81164 90156 4012 5634  1  2 92  6  0
 0  1 5931876 192052   5136 105396 82956 96380 82956 96380 3820 5662  0  2 93  4  0
 0  2 5895780 169028   4316 102608 79032 43092 79172 43136 3800 5567  1  2 92  6  0
 0  2 5879140 172288   2632  92316 70008 52932 70008 53012 3321 4840  1  2 93  4  0
 0  2 5853140 165476   3320  88932 47020 21132 49928 21132 3036 3968  0  1 93  5  0
 1  1 5861312 168768   4172  91052 38696 46744 41864 46744 2741 3262  0  1 91  7  0
 0  1 5839544 173904   4172  91240 90228 67952 90228 67952 4342 6268  1  2 92  5  0
 1  0 5815100 155068   4172  90772 73652 49160 73652 49160 3454 5063  2  1 95  2  0
 0  0 5793208 212980   3800  86572 100020 78088 100020 78088 4864 6811  1  3 93  3  0
 0  2 5834292 248512   2796  84624 68028 108800 68028 108800 3487 4785  0  2 90  8  0
 1  1 5813564 225044   3692  86592 23096 1860 26132  1880 1911 2448  0  1 88 11  0
 0  2 5762916 171264   3524  86872 112384 61596 112700 61600 5150 7665  1  2 93  3  0
 1  1 5737572 157136   3712  86652 91108 65564 91372 65564 4095 6190  1  2 94  3  0
 0  1 5765612 172320   3704  86452 61684 89972 61684 89972 3156 4335  0  2 93  4  0
 2  0 5729124 152412   3696  86132 99988 63500 99988 63500 4473 6804  1  2 95  2  0
 0  2 5762424 179880   3684  85888 71652 105412 71652 105412 3663 5024  0  2 93  4  0
 0  2 5746276 165468   3676  86496 70628 54416 71400 54416 3678 5068  1  2 91  7  0
 1  0 5730916 158728   3668  86164 95228 79912 95228 79912 4205 6476  1  2 94  3  0
 1  0 5747812 168068   3664  86292 63388 79896 63480 79896 3283 4556  0  2 94  4  0
 0  2 5748068 162020   3664  85616 79204 79220 79204 79220 3876 5567  1  2 94  4  0
 0  2 5769012 173828   3660  85532 71352 92160 71352 92160 3571 5022  0  2 91  6  0
 0  2 5774692 182884   3660  86484 34012 39704 34740 39704 2588 2613  3  1 91  5  0
 0  2 5763172 164000   3796  86456 70220 58592 70516 58592 3355 4923  0  2 91  7  0
 0  0 5747044 156188   3784  86104 96676 80608 96676 80608 4294 6530  0  2 95  2  0
procs -----------memory---------- ---swap-- -----io---- -system-- ------cpu-----
 r  b   swpd   free   buff  cache   si   so    bi    bo   in   cs us sy id wa st
 1  2 5770596 166552   3780  85928 78756 101692 78756 101692 3803 5448  0  2 92  6  0
 0  2 5781604 173608   3780  85780 65208 76464 65208 76464 3418 4465  4  2 93  2  0
 1  1 5796452 175032   3780  86184 65272 79768 66028 79768 3575 4760  0  2 91  7  0
 0  1 5794148 169236   3544  86332 74376 71948 74376 71948 3555 5115  0  2 92  6  0
 0  1 5803364 168700   3540  86064 74452 84048 74452 84048 3910 5186  2  2 93  4  0
 0  1 5794660 166000   3540  86216 69272 67656 69520 67656 3591 4921  0  2 94  4  0
 1  0 5789028 169208   3540  85912 74512 77880 74512 77880 3777 5255  1  2 93  4  0
 0  2 5806436 185076   3644  85892 57588 79912 58212 79912 3265 4332  0  2 92  6  0
 0  1 5788944 167184   3460  86788 55844 41008 56264 41008 3235 4067  2  1 92  4  0
 0  2 5808996 169232   3408  86132 83616 103600 83616 103600 4075 5784  1  2 91  6  0
 0  1 5817440 187816   3400  85688 74488 82936 74488 82936 3672 5217  0  2 93  5  0
 1  0 5791588 156348   3400  85468 95860 69716 95860 69716 4378 6526  1  2 93  5  0
 0  1 5825636 172256   3340  85340 68284 102564 68284 102564 3432 4745  0  2 92  5  0
 1  1 5807204 155112   3456  86504 69860 51252 70920 51252 3966 5159  1  2 91  6  0
 1  1 5764452 161664   3272  85900 109300 66564 109300 66564 5055 7503  1  3 93  4  0
 0  1 5774436 169916   3272  86064 56816 66744 56816 66744 3087 3984  3  2 93  3  0
 0  2 5770852 174480   3272  85808 71848 68376 71848 68376 3661 5109  1  2 93  5  0
 0  2 5754280 164400   3272  85456 81384 64196 81384 64204 3962 5666  1  2 95  3  0
 0  2 5764964 165196   3272  85532 50232 60760 50828 60760 3126 3822  0  2 92  6  0
 0  1 5768804 171244   3272  84440 81604 85308 81604 85308 3978 5650  1  2 93  4  0
 1  1 5755236 152076   3272  83704 82220 68468 82220 68468 3760 5633  1  2 94  4  0
 1  0 5775716 170472   3272  82628 76824 97404 76824 97404 3832 5347  0  2 91  6  0
 0  1 5737060 160928   3268  81508 93140 54592 93140 54592 4314 6382  1  2 94  3  0
 0  1 5740136 158376   3260  81392 71548 74356 72216 74356 3812 5185  0  2 92  6  0
 1  1 5740644 161952   3256  80380 82004 82632 82004 82632 3921 5664  1  2 92  5  0
 1  2 5764708 169984   3256  79708 79128 102880 79128 102880 4199 5497  2  2 91  4  0
 0  2 5765476 168752   3256  81680 20864 21000 23008 21000 1727 1916  0  1 92  7  0
 0  4 5758820 156860   3644  86252 7312    0 12300     0 1536 1169  0  0 88 11  0
 1  7 5780324 169380   5080  89884 3312 24640 12512 24640 1424 1236  0  1 77 22  0
 0  3 5776740 157140   6060  97724 3932    0 12600     0 1407 1199  0  0 80 19  0
 0  3 5787748 171992   6980 100296 5440 16404  9320 16404 1339 1184  0  0 84 15  0
 0  4 5783140 163416   6980 103764 5424    0  8848     0 1379 1169  0  0 83 16  0
 0  3 5775972 156108   7004 104916 8044    0  8608     0 1536 1446  0  0 85 15  0
 0  3 5800036 169220   7184 105200 9556 32792 10012 32792 1630 1301  0  1 87 12  0
 0  6 5794148 161920   7192 107324 7144    0  7640    60 1570 1519  0  1 77 22  0
 0  3 5808228 172940   7560 110816 11220 24584 13520 24584 1964 1692  0  1 81 18  0
 0  3 5800804 157812   7832 112008 13844    0 15300     0 1463 1508  0  0 90  9  0
 0  3 5803204 163596   7348 108532 7812 8204 11632  8208 1333 1210  0  1 85 14  0
 0 12 5808228 162380   7620 113512 5468 10228 11312 10228 1209 1216  0  1 82 18  0
 0  8 5816676 164836   7728 115760 6136 14364  8416 14364 1822 1547  0  1 74 25  0
 0  5 5812836 154076   8252 121076 4392    0  9908    28 1565 1492  0  0 74 25  0
 0  4 5824868 164048   9060 123596 4680 16388  9744 16388 1847 1359  0  1 83 16  0
 0  4 5820516 153312  10372 127144 4816    0  9020     0 1578 1449  0  0 82 17  0
 0  4 5843044 167660  10340 128068 4624 26640  6816 27512 1353 1134  0  1 82 17  0
 0  3 5836388 158808  10748 130108 6720    0  9056     0 1272 1132  0  0 85 14  0
 0  4 5849188 171864  10816 130076 6580 18444  8356 18552 1479 1227  0  1 85 14  0
 0  4 5844836 162816  10964 134120 4812    0  8880     0  970 1010  0  0 90 10  0
 0  2 5837924 153792  11652 139360 6784    0 12328     0 1735 1265  0  0 89 10  0
 0  2 5867620 173756  11804 141572 5384 34832  9320 34832 2140 1644  0  1 87 12  0
 0  2 5861476 159956  12088 147296 6648    0 12144     0 2673 1588  0  1 89 10  0
 0  3 5904996 209684  10972 136916 39740 83072 40852 83768 3233 3383  0  2 90  7  0
 1  0 5931268 240208  10912 133400 23596 50112 23676 50488 1531 2017  0  1 84 15  0
 0  1 5871460 179224   9876 128120 115572 55328 115572 55328 4980 7803  1  3 93  3  0
 1  0 5860452 177452   9368 123912 78564 67612 78564 67612 3694 5434  1  2 93  4  0
 0  2 5849188 160332   8532 118108 95632 84604 95632 84604 4429 6547  1  2 93  3  0
 0  2 5903716 218812   9036 116620 6528 60836  8424 60836 1712 1355  0  1 88 10  0
 0  2 5852480 166524   8448 114084 111292 59996 111304 59996 5096 7667  1  2 93  4  0
 0  2 5877860 190932   7712 111280 51516 77056 51516 77092 2770 3731  0  2 92  6  0
 0  2 5877092 190240   7040 107292 86948 86016 86948 86016 4027 5967  0  2 93  4  0
 0  2 5874532 184128   5964 103280 79572 76608 79572 76608 3732 5483  1  2 93  4  0
 0  4 5929424 249516   5916 105932 3700 58896  7884 58896 1324 1042  0  1 87 12  0
 0  4 5924816 241240   6220 111484 4728    0 11104     0 2418 1974  0  1 86 13  0
 0  2 5881188 190992   4680 108440 96252 52368 97204 52428 4422 6706  1  2 93  4  0
 1  0 5864820 180440   4680 106820 78996 62340 78996 62340 3743 5468  1  2 93  4  0
 0  1 5928176 253808   4464 101696 34256 100384 34256 101012 2335 2703  0  2 93  5  0
 0  2 5873592 214812   3068  95936 104148 61884 104148 61884 4660 7125  1  2 93  4  0
 0  1 5852372 210284   3776  97396 47540 30376 50184 30376 3046 4046  0  2 93  5  0
 0  2 5888476 253844   3508  91588 64604 106540 64604 106612 3392 4587  0  3 92  5  0
 1  1 5775972 156572   3308  86608 127548 16088 127548 16088 5145 8498  1  2 91  6  0
 1  1 5753444 153800   3308  86428 99232 76072 99232 76072 4742 6813  1  3 94  2  0
procs -----------memory---------- ---swap-- -----io---- -system-- ------cpu-----
 r  b   swpd   free   buff  cache   si   so    bi    bo   in   cs us sy id wa st
 0  1 5755748 154808   3308  86712 67368 69632 67488 69632 3857 4849  1  2 94  3  0
 0  2 5763940 157204   3308  87644 47256 55296 48124 55296 3188 3845  0  2 93  6  0
 0  1 5760612 156384   3420  89276 60940 57344 62800 57344 3706 4642  0  2 93  5  0
 0  1 5756192 154368   3420  89392 74160 69632 74160 69632 3765 5221  1  2 95  3  0
 0  1 5757680 153580   3420  89276 72100 73728 72100 73728 3907 5064  1  2 94  4  0
 0  1 5752164 153580   3420  89500 83224 77824 83224 77824 4347 5823  1  3 94  2  0
 0  1 5753700 153580   3420  89276 74280 75776 74280 75776 4067 5242  1  3 94  3  0
 1  0 5754468 152068   3412  89224 74944 75776 74944 75788 4181 5393  1  3 93  3  0
 1  0 5707876 152128   3356  88996 103992 57344 104112 57344 5114 7131  1  2 94  3  0
 0  1 5724772 157672   3352  89124 69140 86016 69140 86016 3693 4914  0  2 93  4  0
 0  2 5711204 152632   3336  89240 64876 51200 65248 51200 3513 4684  0  2 93  4  0
 0  2 5726640 151844   3316  89384 75204 90628 75204 90628 3953 5393  0  2 93  5  0
 1  0 5717092 153316   3292  89596 78928 69116 78956 69116 4151 5624  1  2 94  4  0
 0  2 5726308 149032   3260  89252 74424 83780 74528 83780 4074 5290  1  2 93  5  0
 0  1 5720932 148024   3228  89620 73372 67772 73372 67772 3830 5199  0  2 93  5  0
 1  2 5729892 148812   3228  89604 77396 86016 77516 86016 3920 5401  0  2 93  4  0
 0  2 5724260 146040   3184  97940 5616    0 16984     0 1161 1033  0  0 94  6  0
 0  2 5743460 153284   3288 100712 16320 35540 23188 35540 2184 2149  0  1 89  9  0
 1  0 5833060 242236   3252 101208 8336 97836  8932 97836 1261  924  0  2 90  9  0
 1  1 5835716 235904   2756  97528 96048 98948 96048 98948 4412 6537  1  2 91  6  0
 0  1 5751140 152996   2032  91432 129952 45064 129952 45120 5526 8729  1  3 94  3  0
 1  1 5751652 152744   2032  91196 72524 72952 72524 72952 3796 5102  0  2 95  2  0
 0  4 5769316 157768   3464  94816 11584 29448 16992 29460 1338 1364  0  1 89 10  0
 0  3 5769828 155020   5212  98556 3568 4096  9548  4096 1444 1386  0  0 88 11  0
 0  6 5879652 247740   5372 101340 2808 112476  7408 112476 1557  921  0  2 78 20  0
 0  4 5882724 241124   5660 103888 5908 8524  8800  8524 1413 1184  0  0 87 13  0
 1  0 5801572 154436   5684  99460 116016 34824 116584 35220 5183 8014  1  2 94  3  0
 0  1 5800036 154972   5568  99596 63224 61460 63488 61460 3507 4602  0  2 92  6  0
 0  5 5802340 152924   5664 101696 3516 6144  5936  6144 1281 1114  0  0 81 19  0
 0  5 5819848 156324   5884 106184 2792 20480  7704 20552 1319  998  0  1 80 19  0
 0  1 5819228 154488   6176 108248 41640 40960 44152 40960 2928 3471  0  2 87 11  0
 1  1 5817444 150424   6056 107960 70868 68648 70868 68648 4050 5221  1  3 91  6  0
 0  2 5864036 180404   5784 107400 48348 95200 48388 95200 3212 3654  1  2 91  6  0
 0  2 5840996 154328   5784 108288 33748 10240 34272 10240 3003 3478  0  1 90  8  0
 0  2 5828964 152280   5792 108292 11840    0 11840    64 2365 2314  0  1 87 12  0
 0  2 5841764 154800   5756 108244 12176 22528 12176 22528 2267 2592  0  1 92  7  0
 1  1 5851492 158400   5724 108808 12840 20480 13172 20480 2435 2706  0  1 92  7  0
 1  1 5873764 169984   5796 108884 27192 49208 27776 50244 2186 2308  0  1 93  5  0
 0  3 5897572 179984   5552 108620 65408 89332 65500 89332 3553 4744  1  2 90  7  0
 0  2 5862500 161832   5224 108208 86020 51100 86052 51100 4564 6160  1  2 93  4  0
 0  1 5871808 178040   5076 107244 60716 69996 60964 69996 3540 4405  0  2 92  5  0
 0  1 5872740 177396   4920 106444 77456 78476 77456 78588 3946 5497  1  2 93  5  0
 1  0 5846628 159576   4420 105692 78804 52348 79088 53192 3958 5614  0  2 89  8  0
 1  0 5848164 168900   3248 103288 82424 83904 82424 83904 4038 5685  1  2 93  4  0
 1  1 5877860 196588   3424 102816 13456 43192 14856 43192 1519 1567  0  1 89 10  0
 1  1 5831780 152008   3664 102560 89240 42808 89732 42980 4651 6339  1  2 94  4  0
 0  3 5855332 176404   3172  99704 68656 92056 68656 92140 3711 4880  0  2 93  4  0
 1  0 5816164 159268   3168  99564 55608 16604 55608 16608 2509 3946  0  1 91  8  0
 0  2 5835364 184248   2688  93920 76948 96004 76948 96084 4810 5339  1  2 92  5  0
 0  2 5885028 236348   2484  89100 56136 105536 56136 105536 3136 4017  0  2 93  4  0
 0  1 5823588 187824   3380  90980 62424 1104 65740  1104 3667 5009  0  1 94  5  0
 2  0 5846700 219356   3004  86828 76176 99456 76176 99456 3792 5287  1  2 92  5  0
 0  2 5798500 171476   3004  87060 104932 56528 105092 56528 5012 7105  2  2 94  2  0
 0  1 5782372 171948   3004  87092 90488 74452 90488 74452 4730 6200  1  2 92  5  0
 0  1 5773156 173020   3004  86980 91212 81940 91212 81940 4435 6225  1  2 94  3  0
 0  1 5765076 168564   2996  88436 68140 60024 69376 60024 4041 5296  0  2 93  4  0
 0  1 5758820 157688   2996  88060 73632 67240 73632 67240 3856 5110  1  2 95  3  0
 0  2 5750628 167516   2996  88040 88456 80444 88840 80444 4483 6168  1  2 93  4  0
 1  0 5767068 181092   2996  87528 62064 78336 62064 78336 3382 4413  0  2 94  4  0
 1  2 5748836 167804   3412  89032 61996 43868 63828 43868 3447 4582  1  2 93  4  0
 0  5 5755492 168300   4888  92196 5496 12048 12256 12048 1594 1297  0  1 92  8  0
 0  1 5750372 161172   5284  96860 4960    0 11960     0 1777 1173  0  0 89 11  0
 0  2 5817956 223644   5276  94192 49800 117052 49952 117052 3458 3683  0  2 90  8  0
 0  2 5834596 244276   5928  96476 4404 21020  7516 21020 1386 1005  0  1 90  9  0
 0  1 5746788 156832   4004  92668 117900 30244 118200 30244 5067 7994  1  2 94  3  0
 1  0 5739876 158344   4004  92260 81608 74396 81608 74396 4395 5680  1  2 93  4  0
 0  3 5769316 188584   5248  93536 10124 39484 13072 39540 1809 1652  0  1 91  8  0
 0  1 5759588 175252   5228  92984 76672 66612 77496 66612 4549 5580  1  2 90  8  0
 0  3 5783908 194160   4668  91072 50428 74732 50616 75292 2644 3623  0  2 92  6  0
 0  3 5754724 161972   4664  92588 42524 13636 44000 13748 2303 3197  0  1 88 11  0
procs -----------memory---------- ---swap-- -----io---- -system-- ------cpu-----
 r  b   swpd   free   buff  cache   si   so    bi    bo   in   cs us sy id wa st
 0  1 5791724 195464   4228  87076 58564 95252 58564 95556 3186 4147  0  2 95  3  0
 1  0 5757796 170516   4196  82816 93700 59828 93700 59828 4645 6422  1  2 94  4  0
 0  2 5822820 240716   3832  79356 35200 100004 36084 100004 2534 2959  0  2 85 12  0
 1  0 5783652 200300   3996  81208 38880    0 40784    72 2425 3237  0  1 89 10  0
 0  0 358244 15817536   4132  81380 1484    0  1788     0 1399  886  0  5 94  1  0
 0  0 358244 15817504   4132  81380    0    0     0     0   81   92  0  0 100  0  0
 0  1 357988 15814260   4132  84472  152    0  3244     0  240  269  0  0 99  1  0
 1  1 349284 15798872   4268 102536 6696    0 16072     0  909 1258  0  0 98  2  0
 0  0 349028 15792604   4268 107544  320    0  5500     0  639  612  0  0 97  3  0
 0  0 349028 15792612   4268 107544    0    0     0     0   77   97  0  0 100  0  0
 0  0 349028 15792492   4268 107680    0    0     0     0   49   68  0  0 100  0  0
 0  0 349028 15792468   4268 107680    0    0     0     0   72   94  0  0 100  0  0
