wahoo:~$ vmstat 1
procs -----------memory---------- ---swap-- -----io---- -system-- ------cpu-----
 r  b   swpd   free   buff  cache   si   so    bi    bo   in   cs us sy id wa st
 0  0 804200 15578516  10020 190160   12  243    27   246    1    1  1  0 97  1  0
 0  0 804200 15578216  10020 190156    0    0     0     0  188  159  0  0 100  0  0
 1  0 804200 13661668  10020 190148    8    0     8     0 1241  175  5  4 92  0  0
 1  0 804200 11587928  10020 190160    0    0     0     0 1212  162  5  4 92  0  0
 1  0 804200 9514464  10020 190160    0    0     0   800 1416  216  5  4 91  0  0
 1  0 804200 7438228  10020 190160    0    0     0     0 1222  185  5  4 92  0  0
 1  0 804200 5361244  10020 190160    0    0     0     0 1147  117  5  4 92  0  0
 2  0 804200 3285512  10020 190160    0    0     0     0 1189  152  5  4 92  0  0
 2  0 804200 1216860  10020 190160    0    0     0     0 1138   82  5  4 92  0  0
 1 12 1341008 135124   1624 132424 1912 840860  7316 840960 71973 28815  1  3 61 35  0
 0 10 1725584 140344   1892 132256  356 161004  1944 161004 15587 7319  0  3 49 47  0
 0 12 1896784 137096   1880 132388  204 119292   984 119292 19560 8539  0  3 58 39  0
 0 14 2136360 136812   2016 132792  772 328820  3120 328820 23559 12987  0  3 51 47  0
 2 13 2327656 135480   2024 132832  408 120612  1440 120612 15354 9831  0  2 56 42  0
 0 13 2474000 136256   2156 132940  256 105320  1472 105320 14854 7805  0  3 56 41  0
 0 10 2544008 139184   2156 133424  172 66920  2200 66920 7791 6182  0  3 63 34  0
 1 13 2634688 135120   2156 133804  132 90652   964 90652 10579 4218  1  3 44 52  0
 1 14 2704936 135304   2156 133780   76 70372   480 70372 7513 6119  0  3 55 42  0
 0 18 2802624 145492   2156 133368  116 97600   116 97600 11633 3167  1  4 50 46  0
 1 19 2890704 136912   2156 134028  180 87940   688 87940 9120 4234  1  3 42 55  0
 0 18 2962640 158852   2160 134004  232 71956   780 71956 4945 3187  0  2 42 55  0
 0 20 3039952 174468   2220 133948  216 77868  1204 77876 5019 6581  0  2 54 43  0
 0 20 3131568 135092   2212 133944  184 91168   184 91168 9603 2628  1  3 25 72  0
procs -----------memory---------- ---swap-- -----io---- -system-- ------cpu-----
 r  b   swpd   free   buff  cache   si   so    bi    bo   in   cs us sy id wa st
 1 15 3238576 135008   2308 134192  628 106984  1996 106984 9822 4566  0  2 46 51  0
 1 15 3332456 135868   2308 134228   80 93592   152 93616 12821 5251  1  4 37 59  0
 2 10 3386192 135240   2312 133688   48 54460   732 54460 6894 5550  0  2 49 48  0
 0  9 3467640 134616   2320 134728   64 81312  1788 81312 8224 5869  0  3 61 35  0
 0 13 3537256 136208   2448 134304   72 69776   316 69776 10423 4087  1  3 54 43  0
 0 14 3612776 135108   2712 134320  108 75500  1316 75500 7524 5164  0  3 49 48  0
 0 10 3701576 134972   2976 135456   72 88648  1884 88648 10311 4130  1  3 52 45  0
 0 13 3794264 179720   3024 133624  100 92748   816 92748 5381 3942  0  3 47 50  0
 3  8 3885252 134980   2904 131868  108 90736   540 90736 9908 4683  1  3 48 48  0
 1 16 3993992 141912   2736 131320   92 108816   600 108816 12035 3634  1  3 32 64  0
 2  6 4078728 135268   2748 132464  140 84604  1224 84604 9253 4040  1  3 59 38  0
 0 14 4157896 134912   2984 132124   44 79416  1092 79416 10010 5417  1  3 50 45  0
 1 13 4246824 135788   2976 132124  104 88440  1000 88440 9877 2749  0  3 27 69  0
 1 14 4336920 172044   3108 133004   12 90348  1076 90348 7252 4136  0  3 70 27  0
 1 13 4408600 159872   3372 133992   44 71956  2608 71956 5853 4602  0  3 53 44  0
 1 13 4506832 135168   3460 133612   40 98316  1208 98316 10819 4615  1  4 44 51  0
 0 14 4573784 145112   3464 136432   72 67048  2860 67048 5212 3387  0  3 41 56  0
 0 17 4662872 135056   3596 136088   44 89060  1292 89060 10407 3945  1  4 26 70  0
 2 16 4746328 134864   3260 133272   40 83508   452 83508 8193 5910  1  3 47 49  0
 1 17 4843096 140984   3208 133656  120 96636  1536 96636 5891 4115  1  3 48 48  0
 0 19 4923992 138800   2888 131704   84 81388  1196 81388 5844 4607  1  3 45 51  0
 1 18 4995928 145116   2892 132752   64 72960  1900 72960 3698 3660  0  3 39 58  0
 0 18 5081916 134884   3008 131316   92 85276   652 85276 11418 5371  1  3 28 68  0
procs -----------memory---------- ---swap-- -----io---- -system-- ------cpu-----
 r  b   swpd   free   buff  cache   si   so    bi    bo   in   cs us sy id wa st
 1 18 5157692 137304   3024 132740  120 75964  1772 75964 6139 5685  0  3 50 47  0
 0 18 5252976 135700   3024 131620  140 95236  1604 95236 8781 3620  1  4 47 49  0
 0 19 5343504 157868   3024 131520  148 90760   412 90760 8294 3025  1  3 41 55  0
 1 18 5413904 134984   2140 132772  148 70516  2580 70516 6654 4200  1  3 39 58  0
 1 19 5464452 178084   1780 131516   32 50348   364 50348 2674 5142  0  2 39 59  0
 0 13 5552400 135796   2132 130748  184 88288  1392 88288 7945 3806  1  3 35 61  0
 0 21 5640728 137244   2272 130964  164 88588  1588 88588 7448 4848  0  3 44 53  0
 0 21 5717852 144584   2276 131304  216 77308  1520 77308 5439 5527  0  3 41 56  0
 1 17 5794320 135320   2284 131132  276 76668   796 76668 7428 4418  1  3 38 58  0
 0 18 5879568 151448   2412 131928  112 84936  1512 84936 6344 4368  0  3 52 44  0
 0 17 5967888 165588   2412 131544  356 88104  1568 88104 3584 3017  0  3 61 36  0
 0 17 6073180 136212   2412 131656  112 105424   784 105424 12279 2241  1  4 46 50  0
 0 16 6150492 136656   2416 132856  360 77644  2688 77644 6882 2658  1  3 47 50  0
 1  8 6249308 149288   2552 131656  176 98212   312 98212 11572 4179  1  4 47 48  0
 0 10 6342804 139744   2664 131468  116 93744  1220 93744 7989 3112  1  3 51 45  0
 0 10 6439572 156552   2780 131492  132 96828   824 96828 8905 4351  1  3 64 32  0
 0 15 6459028 168364   3064 134468 2784 21460  6068 21460 1987 2108  0  1 42 57  0
 0 16 6456212 157700   3464 139168 4060    0  8840     0 2416 2565  0  1 51 48  0
 1  7 6453652 157116   3496 138648 3972 2732  9548  2732 2543 2162  0  1 60 39  0
 0  4 6520468 224780   3496 143836 2176 68812  7168 68812 1515 1231  0  2 75 23  0
 0  6 6517652 215936   3828 149164 3392    0  8764     0 1047 1113  0  0 84 15  0
 0  6 6513812 206644   3836 152908 4956    0  8700     0 1221 1346  0  0 80 20  0
 0  2 6507412 196020   3844 156328 6980    0 10380     0 1335 1400  0  0 87 12  0
procs -----------memory---------- ---swap-- -----io---- -system-- ------cpu-----
 r  b   swpd   free   buff  cache   si   so    bi    bo   in   cs us sy id wa st
 0  2 6497428 182656   4144 162544 10852    0 13076    48 1659 1471  0  1 89 10  0
 0  3 6481044 162716   4144 167544 19928    0 20204     0 2203 2035  0  1 90  9  0
 0  5 6484636 160952   3264 160472 13028 10388 14196 10564 1813 1652  0  1 88 11  0
 0  6 6482332 165716   3272 162724 2884  340  4980  1224 1092 1121  0  0 70 30  0
 0  7 6477212 157148   3828 165664 5636    0  9108     0 1415 1303  0  0 79 20  0
 0  5 6499476 168772   4224 169080 4848 26520  9412 26520 1461 1158  0  1 83 16  0
 0  5 6494612 160944   4232 170616 5328    0  7204    76 1330 1086  0  0 78 21  0
 0  3 6491796 165236   4500 172552 12976 9808 14984  9808 2222 1767  0  1 88 11  0
 0  2 6517652 188884   4500 171360 12760 37852 13524 37852 2209 1716  1  1 91  8  0
 0  3 6487700 166080   4500 171596 49760 19944 50548 19944 3286 4114  0  1 92  6  0
 0  1 6475156 162876   4500 171632 38340 25848 39064 25848 2820 3233  1  1 92  7  0
 1  0 6485652 177712   4364 169836 49624 60280 49644 60280 3148 3776  0  2 93  5  0
 0  2 6467332 167940   4320 169504 30464 11936 30484 12860 1970 2432  0  1 92  7  0
 0  1 6473952 178264   4016 167520 56712 63640 56792 63716 3674 4285  0  2 94  4  0
 0  1 6452364 165232   3504 166384 54544 32620 54620 32620 3498 4226  1  2 93  5  0
 0  1 6447060 172768   3344 165372 49060 43764 49060 43764 2995 3855  0  2 92  6  0
 0  1 6467732 190928   2684 163732 32012 52508 32164 52508 2772 2945  0  1 92  7  0
 0  3 6436500 170084   2684 162484 52800 21496 52800 21572 3325 4934  1  1 90  8  0
 1  0 6442388 176636   2652 160800 29248 35084 29276 35084 2249 2487  0  1 90  9  0
 0  2 6419860 166580   2648 159204 60296 37532 60328 37532 3322 4322  0  2 95  3  0
 0  1 6430612 182424   2488 156272 38156 49056 38156 49056 2681 2980  0  1 93  5  0
 1  0 6407060 165792   2236 155904 59004 35072 59260 35140 3760 4562  1  2 94  4  0
 0  1 6391700 157484   2168 154960 46028 30668 46028 30668 2775 3708  0  2 95  3  0
procs -----------memory---------- ---swap-- -----io---- -system-- ------cpu-----
 r  b   swpd   free   buff  cache   si   so    bi    bo   in   cs us sy id wa st
 1  1 6409956 181172   1840 152336 46616 65316 46712 65316 3026 3611  0  2 91  7  0
 0  1 6391956 166548   1788 151520 49360 31096 49360 31096 3056 3774  0  1 94  4  0
 0  2 6391632 166044   2512 153200 15684 15372 18500 15372 1598 1646  0  1 91  8  0
 0  1 6380112 150104   2592 159096 11712    0 17504     0 2026 1684  0  1 90  9  0
 0  2 6394260 151348   2412 159304 26156 40200 27460 40200 2414 2543  0  1 93  6  0
 0  2 6405780 172768   2168 153792 27188 38584 28476 38584 2747 2537  0  1 91  8  0
 0  1 6466964 241596   2508 154224 10976 71892 11692 71892 1717 1596  0  1 89  9  0
 1  0 6399380 174888   2508 155084 67680    0 68576     0 3834 5160  1  1 94  5  0
 0  1 6382740 166960   2508 155220 31080 14612 31420 14612 2862 2926  0  1 93  6  0
 0  1 6387116 166400   2512 154536 45968 50412 45968 50468 2871 3688  0  2 92  6  0
 0  1 6379672 164628   2512 154184 47760 39948 47760 39948 3254 3892  0  2 94  4  0
 0  2 6385044 178228   2500 152092 45624 51132 45692 51132 2647 3605  0  1 94  5  0
 0  1 6359956 164880   2480 152204 37064 11700 37168 12424 2495 3137  0  1 94  5  0
 0  2 6377876 179236   2348 151932 19572 37320 19820 37320 2040 1843  0  1 93  5  0
 0  1 6352276 156028   1768 151072 61000 35340 61184 35340 3750 4540  1  2 94  4  0
 0  2 6358164 163312   2940 151460 24280 30204 26528 30204 2040 2147  0  1 94  5  0
 0  1 6352788 153160   3080 154860 5532    0  8724     0 1708 1678  0  0 91  8  0
 0  1 6368660 178108   3016 153408 34144 49932 34144 49932 2896 3510  0  2 92  6  0
 0  2 6367636 168508   3016 153224 42036 41048 42128 41112 3054 3794  0  1 91  7  0
 0  1 6358420 162184   3004 152624 43896 34548 43924 34548 2855 3625  0  1 96  3  0
 0  1 6384532 182556   3004 152292 40164 66272 40204 66272 3287 3625  0  2 93  5  0
 0  2 6361236 170964   3012 152676 35892 12412 36748 12412 2503 3190  0  1 93  5  0
 0  1 6350484 157680   3028 154612 28568 18044 30224 18044 2410 2763  0  1 93  6  0
procs -----------memory---------- ---swap-- -----io---- -system-- ------cpu-----
 r  b   swpd   free   buff  cache   si   so    bi    bo   in   cs us sy id wa st
 1  1 6366100 165776   3012 154060 42952 58440 43008 58440 2886 3312  0  2 93  5  0
 0  2 6359956 156444   2936 153416 57680 51228 57772 51228 3785 4415  0  2 93  5  0
 1  0 6353556 164500   2816 152408 41864 35540 41864 35540 2735 3333  0  2 94  5  0
 0  2 6356372 160808   2736 152540 37408 40208 37872 40260 2729 3230  0  1 92  6  0
 0  1 6361800 179448   2492 151508 52624 58120 52624 58120 3370 4049  0  2 93  5  0
 1  1 6343316 149216   2372 151072 51352 32760 51352 32760 3401 4320  0  2 94  4  0
 0  2 6359524 165068   2044 150812 20780 36600 20780 37172 2184 2317  0  1 92  7  0
 0  1 6349632 161768   1752 150368 44328 34292 44328 34520 2820 3344  0  1 96  2  0
 0  2 6367892 179920   1360 150324 36340 54568 36896 54568 2547 2854  0  2 93  5  0
 0  2 6363028 165060   1360 159988 5872    0 15336     0 1178 1048  0  0 95  5  0
 0  4 6357140 154444   1460 160660 9220    0 10344    40 1371 1184  0  1 83 16  0
 0  2 6379684 162200   1460 168080 17416 40132 25572 40132 2471 2195  0  1 86 13  0
 0  1 6366168 158672   1452 168588 43192 29464 43876 29464 3103 3768  1  1 94  4  0
 0  5 6454164 238548   1624 162692 8768 96420  9204 96420 1755 1445  0  2 82 16  0
 0  2 6454164 251880   3024 164916 2488 2576  6004  2576 1221 1299  0  0 84 16  0
 0  1 6372756 169492   3024 165452 81948    0 82444     0 4174 6089  1  1 94  4  0
 0  5 6360468 157600   3036 164836 46244 33804 46440 33864 3290 3597  0  1 91  7  0
 0  2 6376084 168452   3032 164072 40500 56196 40528 56840 2937 3234  0  2 91  7  0
 1  3 6360468 157096   3032 163844 37420 21672 37708 21676 3476 3731  0  1 92  6  0
 1  0 6379412 168784   3032 163128 35004 54144 35340 54144 2619 2882  0  2 90  8  0
 0  4 6368404 165752   3020 162264 45876 34988 45932 34988 3068 3555  0  2 92  6  0
 0  1 6378900 170020   2976 160788 29532 39912 29744 39912 2313 2483  0  1 89  9  0
 0  1 6370896 161956   2984 160532 25772 17696 25788 18208 1867 2090  0  1 90  9  0
procs -----------memory---------- ---swap-- -----io---- -system-- ------cpu-----
 r  b   swpd   free   buff  cache   si   so    bi    bo   in   cs us sy id wa st
 2  0 6354324 154396   2760 159240 65260 49048 65264 49048 4189 4904  1  2 94  4  0
 0  1 6377364 185620   2732 156184 28888 51808 29568 51808 2547 2581  0  1 95  4  0
 1  1 6338964 150316   2712 154772 74856 36280 75028 36280 4219 5509  1  2 93  5  0
 0  1 6363284 164216   2616 153132 28312 52576 28472 52576 2431 2430  0  2 94  4  0
 1  1 6360468 159696   2512 151904 40148 37472 40248 37472 2842 3833  0  1 96  3  0
 0  1 6362772 165736   2480 150892 55048 56956 55048 56992 3151 4075  0  2 92  6  0
 0  1 6343532 153136   2476 150548 45156 25720 45284 25720 2999 3603  0  2 94  4  0
 1  0 6353556 165484   2368 149776 52312 62620 52324 62620 3633 4078  0  2 90  7  0
 0  1 6374036 179272   2280 148824 37740 58004 37804 58004 2846 2994  0  2 92  6  0
 0  1 6346512 162964   2260 148440 44280 16872 44280 16872 2734 3534  0  1 95  3  0
 0  3 6342816 160184   2256 148012 43728 39920 43744 39920 2808 3482  0  2 94  4  0
 3  1 6338464 152364   3560 151412 4832    0  9596     0 1167 1053  0  0 90 10  0
 0  2 6371988 177688   3720 154476 3528 37536  7620 37536 1828 1161  0  1 85 14  0
 0  3 6358708 164584   3428 156416 30632 17044 32952 17044 2967 3034  0  1 93  6  0
 1  1 6361492 164796   3672 158232 14340 17080 16452 17084 2281 2009  0  1 89 10  0
 0  3 6377620 178152   3380 151580 34968 51108 34968 51628 2635 3182  0  2 90  8  0
 0  6 6432916 235608   3524 152124 1936 57228  2700 57444 1251  924  0  2 85 14  0
 0  1 6444520 248280   3592 154592 5120 16508  7408 16588 2144 1653  0  1 85 14  0
 1  1 6354152 158480   3592 155068 90288    0 90748     0 4754 7025  1  2 94  4  0
 0  1 6359288 165260   3848 155156 13348 18172 13960 18908 1975 1654  0  1 92  7  0
 0  1 6384276 179388   3812 153740 53968 78924 54036 78924 3941 4185  1  2 93  4  0
 0  2 6363784 157936   3524 153716 57012 36524 57112 36524 3389 4231  1  2 94  4  0
 0  3 6369428 172072   3184 153756 28060 33560 28304 33648 2068 2415  0  1 89 10  0
procs -----------memory---------- ---swap-- -----io---- -system-- ------cpu-----
 r  b   swpd   free   buff  cache   si   so    bi    bo   in   cs us sy id wa st
 1  2 6384020 178640   2876 153872 25544 39848 25944 40344 2885 2175  0  1 89  9  0
 0  1 6352532 162048   2704 153764 43064 11572 43080 11664 3392 3563  0  1 94  4  0
 0  1 6383764 182680   2516 152832 46332 77452 46472 77452 3372 3615  0  2 92  6  0
 1  1 6351508 156432   2516 152472 47036 15096 47036 15096 2937 3739  0  1 94  4  0
 0  2 6356372 154960   2512 152552 34512 39048 35460 39048 2468 2740  0  1 95  4  0
 0  1 6381716 185420   2184 152676 25908 51228 26156 51288 2373 2213  0  1 89  9  0
 0  2 6363284 166652   2036 153556 35400 17012 36504 17480 2931 3273  0  1 91  7  0
 0  2 6373308 166132   1884 152952 41676 51728 41700 51852 3270 3635  0  2 92  6  0
 0  1 6349500 157256   1980 154228 23928  296 25072   296 1999 2139  0  1 92  7  0
 0  3 6375316 166004   1680 153404 38456 64156 38456 64156 2759 3273  0  2 92  6  0
 1  2 6369172 174572   1688 154168 5740   24  6332    88 1593 1480  0  0 92  8  0
 1  2 6384020 177596   1684 153816 59068 73548 59336 73548 4175 4733  1  2 92  5  0
 1  0 6352532 150128   1684 153724 50972 19220 50972 19220 2829 3816  0  1 94  4  0
 0  2 6369684 167668   1680 153584 38068 55556 38332 55556 3421 3375  0  2 92  6  0
 1  0 6361912 163172   1632 153868 39088 31560 39588 31560 3062 3421  0  1 94  4  0
 0  2 6370532 174048   1568 153500 37768 45936 37768 45992 2717 2867  0  1 91  7  0
 0  1 6342804 150320   1512 153072 63032 35396 63032 35396 3684 5092  0  2 95  2  0
 0  1 6364564 174016   1472 152700 13696 35376 13712 36484 1556 1567  0  1 92  7  0
 0  1 6337940 149484   1428 152912 46320 19540 46740 19540 3437 3820  1  1 94  4  0
 0  1 6357140 161628   1156 153376 20548 39764 21196 39764 2427 2417  0  1 93  6  0
 0  2 6358676 164344   1128 152768 49576 51284 49620 51284 3220 4098  0  2 93  4  0
 0  1 6364792 167872   1124 152436 35196 41104 35196 41104 2803 3044  0  2 94  5  0
 0  4 6357368 161384   1132 153636 7420    0  8552    72 1056 1072  0  0 90 10  0
procs -----------memory---------- ---swap-- -----io---- -system-- ------cpu-----
 r  b   swpd   free   buff  cache   si   so    bi    bo   in   cs us sy id wa st
 1  3 6347896 149556   1132 155976 9400    0 11732     0 2103 1741  0  0 85 14  0
 0  3 6359700 157872   1132 161076 5960 17052 11368 17052 1748 2095  0  1 86 13  0
 0  5 6396192 187608    964 157636 6500 40012  9580 40012 1755 2140  0  1 83 15  0
 0  5 6452112 254600   1104 157592 1600 56208  1884 56884 1159 1254  0  1 73 26  0
 0  4 6451088 249696   1776 158496 3712    0  5040    60 1179 1800  0  0 80 19  0
 0  4 6446992 242828   2612 160924 5540    0  8692     0 1735 2093  0  0 79 21  0
 0  3 6440592 232308   2752 163572 7208    0 10104     0 1757 2072  0  0 82 18  0
 0  1 6393232 183152   2752 165500 48048    0 50008     0 3339 4685  1  1 92  6  0
 0  1 6380436 163748   2752 164820 49708 36968 49780 36968 3190 4145  0  2 94  4  0
 0  1 6405268 192924   2732 161192 45616 70436 45632 70436 3086 3609  0  2 93  4  0
 1  1 6379924 172040   2864 160760 60772 35572 61172 35572 3947 4653  0  2 92  6  0
 1  0 6381716 177340   2872 159860 33096 34732 33116 34744 2766 3103  0  1 94  5  0
 0  2 6382996 184460   2872 158732 50888 51972 51012 51972 3919 5429  0  2 93  5  0
 0  1 6362772 166788   2872 157956 54516 34592 54620 34592 3851 4240  0  2 94  4  0
 1  1 6346132 151392   2472 155612 53644 36964 53808 36964 3679 4054  1  2 93  5  0
 0  1 6402452 208620   2176 155036 16472 72952 17196 72952 2182 1875  0  2 87 11  0
 0  2 6369172 167168   1784 151156 78580 45056 78584 45128 4318 6085  1  2 94  4  0
 0  1 6396308 197000   1784 151400 20916 47928 21144 47928 2266 2249  0  1 94  5  0
 1  1 6373524 173824   1584 149528 66332 43400 66448 43400 4131 5557  0  2 93  5  0
 0  2 6369940 171068   1276 148384 45892 42432 45892 42432 3191 4049  0  2 93  5  0
 0  1 6355472 167580   1224 147868 51780 37240 51780 37240 3002 3877  1  2 94  4  0
 1  0 6342360 153436   1184 147444 48256 35424 48256 35424 3523 4188  0  2 95  3  0
 0  2 6370000 179636   1128 146320 43916 70916 43960 70916 3089 3559  0  2 92  6  0
procs -----------memory---------- ---swap-- -----io---- -system-- ------cpu-----
 r  b   swpd   free   buff  cache   si   so    bi    bo   in   cs us sy id wa st
 1  1 6354068 164256   1136 146380 32620 16904 32620 16948 2354 3185  0  1 89  9  0
 0  2 6357884 162468   1136 145616 59524 63320 59524 63320 3859 5118  0  2 94  4  0
 0  1 6368148 176416   1136 145596 35544 45700 35620 45700 2464 2838  0  2 95  3  0
 1  1 6355348 165580   1136 145308 45852 32824 45864 32824 2950 3956  0  1 94  5  0
 0  1 6354580 168856   1136 145008 52732 51948 52732 51948 3389 4048  0  2 94  4  0
 0  1 6341224 161912   1136 144840 45580 32216 45656 32216 2939 3631  0  1 94  4  0
 0  1 6364828 176480   1136 144580 51900 75108 51964 75108 3583 4008  0  2 92  6  0
 1  1 6359700 183104   1136 144436 51372 46428 51372 46428 3044 3828  0  2 94  4  0
 0  1 6333844 151572   1120 144248 63788 37976 63788 37976 3580 4540  0  2 95  3  0
 1  0 6336916 163408   1068 144324 66516 69236 66532 69236 3812 4835  1  2 93  4  0
 0  1 6349204 168952   1036 144124 43668 55888 43752 55888 2885 3319  0  2 93  5  0
 0  1 6335380 156604   1032 144156 47972 34184 48116 34184 3601 3721  0  2 92  6  0
 0  2 6354580 167196   1032 144044 43360 62544 43448 62544 3254 3502  0  2 94  4  0
 1  1 6356884 181796   1032 144252 37716 39616 38028 39616 2887 3127  0  2 93  5  0
 0  2 6350484 171456   2256 147316 6012    0 10436     0 1380 1152  0  0 91  9  0
 1  3 6346132 161320   3256 150972 4656    0  9136    16 1356 1031  0  0 88 12  0
 1  4 6359188 170896   3532 151868 6804 19084 12772 19412 1806 1452  0  1 89 10  0
 1  2 6437780 250440   3532 152660 3656 81940  4396 82040 1519 1187  0  2 82 17  0
 0  2 6433428 242376   4068 155404 4452    0  7652     0 1165 1015  0  0 89 11  0
 1  0 6379924 188400   4068 155892 53568    0 54040     0 3126 4399  0  1 94  5  0
 0  3 6434452 236816   3248 149072 47452 102352 47660 102352 3440 3633  0  3 90  7  0
 0  3 6432148 246548   3896 150264 2828   64  4772   132 1135 1008  0  0 89 11  0
 1  0 6423444 236792   4744 153036 8872    0 12152     0 1952 1600  0  0 89 10  0
procs -----------memory---------- ---swap-- -----io---- -system-- ------cpu-----
 r  b   swpd   free   buff  cache   si   so    bi    bo   in   cs us sy id wa st
 0  3 6412948 227564   3412 147888 90264 79776 90380 79776 5050 6564  1  3 89  8  0
 0  1 6353300 171620   3416 148388 82204 21936 82520 21936 4141 5845  1  2 92  5  0
 0  2 6430612 252196   3040 143188 25544 103164 25772 103164 2244 2362  0  2 86 12  0
 1  0 6332564 155680   3040 143828 98384    0 99200     0 4694 7022  1  2 93  5  0
 0  2 6360212 178100   3320 145476 9944 37740 12100 37796 1496 1209  0  1 87 12  0
 2  0 6338452 148796   4792 151708 21972    0 29152     0 2446 2308  0  1 91  8  0
 1  3 6402652 214624   4516 152516 7372 71528 10780 71528 2121 1488  0  1 84 15  0
 0  1 6370652 179280   4792 156688 31956    0 35872     0 2585 2937  0  1 89 10  0
 0  2 6398612 199944   3888 150996 64032 92008 64032 92008 4642 4623  0  2 94  4  0
 0  3 6440340 248772   4736 153528 2824 44404  6068 44404 1603 1224  0  1 85 14  0
 0  2 6373012 179472   4744 155084 67504    0 69004   808 3804 5108  0  1 90  8  0
 0  1 6354324 155428   4428 154608 56696 38072 56696 38384 2871 4036  0  1 96  3  0
 0  1 6359504 172848   3632 152096 62152 67120 62160 67124 3525 4734  0  2 94  4  0
 0  1 6337940 150096   3188 151648 78028 56552 78028 56552 4009 5510  1  2 94  4  0
 0  3 6368608 178720   2832 152880 7204 37636  9576 37636 1860 1068  0  1 88 11  0
 0  4 6363232 164624   2832 160704 5432    0 13088     0 1471 1246  0  0 87 12  0
 0  3 6358112 153944   2988 166116 6112    0 10608   112 1550 1279  0  0 84 16  0
 1  1 6372792 160748   2772 170856 22304 37172 27796 37172 2428 2188  0  1 88 11  0
 0  2 6376852 163780   2308 162020 71404 75360 71404 75360 4003 5125  0  2 93  4  0
 0  1 6368660 158024   2316 164108 22812 14596 24768 14596 2287 2453  0  1 90  9  0
 1  0 6366612 160276   2316 163956 26192 23700 26284 24476 2295 2462  0  1 92  7  0
 0  5 6378644 174916   2324 163392 39936 52032 40268 52116 3623 3053  0  2 86 13  0
 0  1 6369428 167956   2308 162952 61076 51744 61712 51744 3834 4601  0  2 91  6  0
procs -----------memory---------- ---swap-- -----io---- -system-- ------cpu-----
 r  b   swpd   free   buff  cache   si   so    bi    bo   in   cs us sy id wa st
 1  1 6365332 154372   2268 161776 53384 49736 53424 49736 2966 3893  0  1 93  5  0
 1  1 6368156 159412   1980 160236 63524 66492 63524 66488 3674 4629  0  2 94  4  0
 0  5 6361128 163672   1672 159696 40800 33284 41252 33288 2413 3068  0  1 91  8  0
 1  1 6349716 154600   1528 159232 33248 21220 33676 21728 2341 2647  0  1 93  6  0
 1  1 6387604 186368   1468 156392 15860 53848 15864 53912 1582 1728  0  1 89 10  0
 0  1 6375828 169024   1700 160384 11740    0 15800     0 1886 1673  0  1 90  9  0
 0  5 6414740 219652   1484 156928 56780 95748 57200 95748 3822 4280  1  2 81 16  0
 0  3 6411412 213036   3432 158780 3308    0  7208     0 1661 1164  0  1 85 14  0
 0  2 6365588 156768   3700 159212 62964 16968 64048 16968 3817 4914  1  1 92  6  0
 0  4 6391444 183228   3700 158356 29756 55380 29936 55964 2278 2354  0  1 82 17  0
 0  1 6374036 165360   3708 159288 17196    0 18088   204 1434 1630  0  0 90  9  0
 0  1 6356628 154020   3708 158144 75432 57892 75432 57892 4768 5402  1  3 94  3  0
 0  3 6359188 153336   3708 158524 46876 49468 47732 50084 3750 3818  0  2 92  6  0
 0  1 6362672 152728   3708 159004 11244 14344 12000 14380 2213 1734  1  1 88 10  0
 0  1 6363596 155068   3708 159052 45072 45568 45336 46216 3459 3537  0  2 90  7  0
 0  3 6368404 156920   3716 158804 33820 38468 34088 38920 2602 2850  0  1 88 11  0
 0  1 6357424 152936   3712 158908 53928 42916 54372 42916 4098 4157  0  2 87 11  0
 0  2 6365076 155456   3652 158212 66408 73976 66408 74092 4327 4926  0  3 93  4  0
 0  1 6377108 165504   3644 156976 37732 49992 37732 50372 2857 2924  0  1 94  5  0
 0  1 6361236 159732   3400 155348 64332 48352 64436 48352 3952 4620  0  2 93  4  0
 0  2 6421652 228080   1640 152860 22872 83060 23220 83060 2201 2169  0  2 88 10  0
 0  4 6374292 177324   3456 153984 47520    0 50452    72 2857 3769  0  1 92  6  0
 0  1 6359488 160196   3532 154760 51436 37124 52792 37124 3689 4012  1  2 90  8  0
procs -----------memory---------- ---swap-- -----io---- -system-- ------cpu-----
 r  b   swpd   free   buff  cache   si   so    bi    bo   in   cs us sy id wa st
 1  1 6365332 153140   3684 155812 16804 22440 18360 22440 2044 1795  0  1 92  7  0
 0  1 6354580 153132   3608 155276 65960 55304 66008 55304 4270 4810  1  2 93  4  0
 0  3 6355860 153808   3604 156056 22432 23668 23200 24244 2261 2005  0  1 91  7  0
 0  1 6363540 155352   3592 155836 36360 44108 36600 44108 3003 2938  0  1 92  6  0
 0  2 6355860 151328   3600 155604 7800    0  7924   676 1170 1105  0  0 88 12  0
 0  1 6351764 151572   3600 155168 67192 63312 67304 63312 4707 4893  1  2 91  6  0
 0  1 6360468 156304   3600 155128 51832 60380 51936 60380 3507 3877  0  2 94  4  0
 1  0 6351764 149752   3600 154548 54496 45532 54572 45532 3543 3999  0  2 93  4  0
 0  1 6357908 153572   3600 154764 36116 42464 36520 42464 3100 2983  0  2 93  6  0
 0  4 6385272 173260   3608 152692 48984 76264 48984 76648 3702 3754  0  2 90  7  0
 1  0 6346104 150492   3608 152988 39192   96 39332   376 2186 3073  0  1 84 15  0
 1  1 6408852 214388   1580 149864 39212 101840 39364 101840 3246 3231  0  2 89  9  0
 0  1 6381092 183584   1288 149164 64500 36872 64928 36872 3455 4653  0  2 91  7  0
 0  1 6344852 155880   1268 149020 71592 34868 71704 34900 4186 5216  0  2 94  4  0
 0  1 6351764 157376   1244 148364 62852 69360 62852 69360 4347 4659  1  2 93  4  0
 0  2 6341536 151832   1252 148196 57788 47740 57788 47780 3701 4228  1  2 93  4  0
 0  2 6359188 153588   2604 148276 10940 28608 13232 28608 1364 1367  0  1 84 15  0
 0  3 6361492 163572   3992 150936 13408 15788 17612 15788 2730 1959  0  1 88 11  0
 1  1 6351508 153704   4000 152284 52912 42956 54820 42956 4024 4251  1  2 90  8  0
 0  2 6357396 155200   4380 153184 20868 26964 22180 26964 2222 2059  0  1 91  8  0
 1  1 6352020 151420   4500 153720 46748 41064 47628 41064 3762 3658  1  2 92  5  0
 0  2 6364564 152176   4500 153452 36452 49084 36472 49640 2773 2900  0  2 90  8  0
 0  5 6353300 151812   4512 152984 29248 18224 29468 18404 1918 2343  0  1 86 12  0
procs -----------memory---------- ---swap-- -----io---- -system-- ------cpu-----
 r  b   swpd   free   buff  cache   si   so    bi    bo   in   cs us sy id wa st
 1  1 6353044 152500   4512 153384 54772 54448 55476 54448 4167 4249  0  2 90  7  0
 0  1 6343060 147224   4512 152632 58440 48376 58604 48376 3974 4309  1  2 93  4  0
 0  1 6343060 145776   4512 151904 48132 48080 48532 48080 3609 3739  0  2 93  5  0
 0  1 6362516 170748   3788 149760 40468 59224 40672 59224 3195 3181  0  2 92  6  0
 0  5 6358420 166528   2984 149428 39756 35580 40068 36296 2497 2984  0  2 88 10  0
 0  2 6354068 159480   2984 153212 4576    0  8556     0  987  855  0  0 87 13  0
 0  2 6347156 150156   1808 154392 8740    0 15588     0 1521 1310  0  1 93  6  0
 0  4 6364820 150384   2792 160640 4908 22536 12920 22544 1964 1653  0  1 87 12  0
 0  2 6359444 150352   3868 163756 5252    4  9300     4 1352 1080  0  0 93  7  0
 0  1 6361492 148328   4672 167096 12536 14356 16676 14528 2160 1569  0  1 89  9  0
 0  2 6368660 150816   4780 167572 16740 23844 18260 23896 2101 1737  0  1 91  8  0
 1  0 6359956 147792   4532 166820 72744 64008 73528 64008 5122 5407  1  3 92  5  0
 1  0 6359188 148540   4532 165572 46204 45416 46248 45416 3578 3458  0  2 94  3  0
 0  1 6364564 153904   4532 164476 51648 57116 52476 57116 3771 4028  1  2 93  4  0
 0  1 6357652 147368   4532 163080 40504 33788 40504 34480 2912 3157  0  2 95  3  0
 0  1 6357908 152116   3980 159048 67444 67444 67672 67444 4110 4845  0  2 94  4  0
 0  1 6342384 142800   3716 158808 61320 45744 61836 45744 4089 4492  0  2 94  4  0
 0  1 6348476 146572   3356 157880 34260 40492 34260 40564 2651 2684  0  2 89  9  0
 0  1 6342088 142288   2436 155568 69212 62596 69212 62608 4646 4970  1  3 93  4  0
 0  1 6362772 169716   1776 153316 50240 70880 50292 70880 3909 3729  0  2 93  4  0
 1  0 6332308 140784   1556 151680 74144 43984 74244 43984 4514 5553  1  2 93  5  0
 0  1 6360724 170836   1236 150272 32256 60696 32880 60696 2727 2713  0  2 90  7  0
 0  1 6337940 147140   1236 148720 81156 58240 81156 58240 4432 5678  1  2 94  3  0
procs -----------memory---------- ---swap-- -----io---- -system-- ------cpu-----
 r  b   swpd   free   buff  cache   si   so    bi    bo   in   cs us sy id wa st
 0  4 6376084 175104   2204 147428 22800 61108 25620 61108 2380 2143  0  2 87 11  0
 0  3 6391192 198628   3260 150848 4328 19284  8468 19284 1825 1508  0  1 84 15  0
 2  2 6367636 164684   3388 150868 55724 31756 60916 31756 3755 4469  1  2 91  7  0
 0  3 6434452 238932   3652 152468 2920 69696  4688 69696 1924 1194  0  1 80 19  0
 0  2 6386324 188240   4052 154084 48208    0 50264   672 3302 3974  1  1 89 10  0
 0  5 6395468 184452   4044 151448 58332 67296 58412 67348 3241 4101  0  2 89  9  0
 0  3 6403268 208048   4044 153188 1848 9644  3704  9644 1182  843  0  1 84 15  0
 1  0 6337940 142772   3956 153548 96088 30776 96220 30836 4819 6788  1  2 94  4  0
 1  2 6336916 141260   3528 152940 65556 64388 65556 64488 4925 4806  1  3 94  3  0
 0  1 6336404 140252   3312 152936 38916 38492 38916 38928 3175 3019  0  2 93  5  0
 0  1 6373888 168940   3216 151408 54732 92172 54756 92172 4160 4072  0  3 92  5  0
 0  2 6368148 162876   2168 150240 75100 69308 75140 69308 4148 5430  1  3 94  3  0
 0  2 6399380 199456   1908 147752 35488 66772 35712 66824 2633 3022  0  2 93  5  0
 0  1 6363796 172476   1896 146892 78136 42568 78148 42568 4060 5427  1  2 93  5  0
 0  2 6364052 176760   1892 146332 56976 56736 57312 56736 3558 4096  0  2 93  5  0
 0  1 6363796 174744   1892 145460 67960 68020 67960 68020 4373 4789  1  2 92  5  0
 0  2 6363028 176736   2648 146920 29120 28360 31708 28360 2096 2405  0  1 92  7  0
 0  3 6374036 172908   3548 149192 20032 30852 25920 30852 2160 2072  0  1 91  8  0
 0  2 6410900 203652   3560 151788 2112 38908  4484 39080 1458 1055  0  1 84 15  0
 1  1 6364308 167088   3560 151656 73300 26412 73896 26412 4030 5320  1  2 93  5  0
 0  2 6377876 172136   3836 152040 14992 28784 16316 28784 1681 1617  0  1 90  9  0
 0  1 6369940 168356   4108 152228 56228 48160 57060 48160 3772 4207  1  2 92  5  0
 0  2 6380692 175844   4108 151500 53932 64492 54036 64492 3194 3942  0  2 92  5  0
procs -----------memory---------- ---swap-- -----io---- -system-- ------cpu-----
 r  b   swpd   free   buff  cache   si   so    bi    bo   in   cs us sy id wa st
 0  1 6352276 152400   4116 151116 61372 32828 61596 32880 3383 4424  0  1 91  8  0
 1  0 6360212 159000   4072 148288 63380 71212 63560 71212 3626 4870  0  2 91  7  0
 1  1 6366356 169000   4052 147596 60992 66660 60992 66660 3768 4336  0  2 92  6  0
 0  3 6397332 202628   3248 148152 23912 54976 25452 55564 2559 2303  0  2 83 15  0
 0  3 6371260 172244   2812 146128 66036 40116 66508 40224 3344 4806  0  2 91  7  0
 0  2 6375060 180004   2532 145776 49744 53404 49768 53484 2985 3702  0  2 93  5  0
 0  2 6359700 175712   3400 145708 32692 17084 34672 17084 2097 2626  0  1 93  5  0
 0  1 6362516 170868   4256 147304 33832 36912 37052 36912 2920 2912  0  1 90  9  0
 0  2 6376596 184216   3980 146572 48072 62168 48796 62172 3723 3707  0  2 92  5  0
 1  0 6360976 157992   3968 145828 56500 40780 56540 41220 2980 4072  0  2 93  5  0
 0  2 6362004 165552   3900 148196 12496 13812 15076 13812 1612 1510  0  1 89 11  0
 0  1 6383508 187972   3596 147024 30512 51512 31552 51512 2747 2554  0  2 93  6  0
 0  3 6381716 180160   3604 146908 40504 38620 40920 38680 2515 3089  0  1 87 11  0
 0  1 6365392 168064   3604 144108 85496 69144 85700 69144 4917 6024  1  2 93  4  0
 0  1 6382996 187004   3604 144216 18152 35840 20016 36188 2386 1672  0  1 88 11  0
 0  1 6359700 164820   3260 142516 76148 52660 76148 52660 4563 5414  0  2 94  3  0
 2  0 6343060 156756   2892 141788 69880 53156 69956 53152 3794 4973  1  2 94  3  0
 1  0 6370708 182680   2332 141104 20216 47852 20292 47856 1823 1758  0  1 94  5  0
 0  3 6373012 179640   2268 140808 34048 36388 34168 36456 2070 2532  0  1 90  8  0
 0  2 6367636 170544   2268 146076 5720    0 11196     0 1180 1084  0  0 90  9  0
 0  2 6359188 157716   2268 153300 9052    0 13800     0 1694 1344  0  0 92  7  0
 0  3 6356116 169064   1504 152160 13924 10632 14644 10644 2171 1583  0  1 89 10  0
 0  3 6347924 154912   2564 154116 12276    0 14024     0 1870 1836  0  0 89 11  0
procs -----------memory---------- ---swap-- -----io---- -system-- ------cpu-----
 r  b   swpd   free   buff  cache   si   so    bi    bo   in   cs us sy id wa st
 1  2 6373268 172836   2980 154060 9024 31616  9952 31616 1785 1350  0  1 88 11  0
 1  1 6382740 173324   3228 159676 18000 27264 24228 27264 1954 1916  0  1 90  9  0
 1  1 6372756 169576   3228 158568 54812 44844 55016 44844 3205 4009  0  2 95  3  0
 0  1 6369428 161496   3224 158196 42268 38928 42360 38928 2601 3160  0  1 94  5  0
 0  2 6390164 180640   3208 156632 55188 75856 55272 75856 3066 3992  0  2 93  5  0
 0  1 6387408 180128   3204 155904 49492 46324 49684 46324 3054 3639  0  1 94  4  0
 0  3 6405524 194768   2888 154396 46484 64752 46696 64760 2697 3435  0  2 89  9  0
 0  2 6379668 174388   3028 155180 26156   96 27064   584 1844 2287  0  1 89 10  0
 0  2 6394772 182964   2680 153164 56544 71964 56816 71964 3505 4072  0  2 91  7  0
 1  0 6370708 172356   2488 151792 60780 36536 60812 36536 3333 4422  0  2 95  3  0
 0  2 6422676 231828   2008 147400 31816 83872 31944 83872 2153 2393  0  2 89  9  0
 0  1 6357396 164740   2940 148032 65632    0 67224     0 3626 5153  0  1 93  5  0
 0  2 6369172 170016   2588 147192 61840 73504 62560 73504 3714 4541  0  2 93  4  0
 0  1 6402452 213392   2544 144800 29652 63072 29652 63096 2267 2280  0  1 88 10  0
 0  1 6355084 166324   2544 144800 80884 33360 81284 33360 4523 6148  1  2 94  4  0
 1  0 6345364 160576   2544 144540 47752 37892 48032 37892 2887 3539  0  2 92  6  0
 1  1 6358676 167396   2544 143840 43592 56816 43820 56816 2765 3280  0  2 94  4  0
 0  1 6352276 165900   2440 143712 57144 50544 57176 50544 3289 4211  0  2 94  4  0
 0  2 6363284 178460   2424 143208 41688 52860 41816 52860 2455 3138  0  1 93  6  0
 0  1 6369604 178004   2424 142916 50736 57052 50756 57052 3062 3745  0  2 93  5  0
 0  1 6366276 175484   2420 142628 56472 53016 56548 53016 3352 4045  0  2 95  3  0
 0  2 6362004 178004   2412 142488 54272 50232 54440 50232 3185 3997  0  2 93  5  0
 0  2 6357908 171792   3080 145620 4228    0  7960     0 1096  870  0  0 91  9  0
procs -----------memory---------- ---swap-- -----io---- -system-- ------cpu-----
 r  b   swpd   free   buff  cache   si   so    bi    bo   in   cs us sy id wa st
 1  3 6353556 158608   4032 150968 4548    0 10892     0 1559 1177  0  0 90 10  0
 1  5 6417300 220536   4280 150856 3008 66812  7216 66812 1562  960  0  1 77 22  0
 0  2 6449300 250444   4280 153756 3000 34732  6016 34732 1792 1469  0  1 76 22  0
 0  5 6421908 220952   4408 155796 27452    0 29960     0 2162 2547  0  1 92  7  0
 0  2 6417044 213644   4568 158580 5344    0  7936     0 1398 1204  0  0 86 14  0
 0  2 6387860 182356   4844 159364 29248    0 30296   668 2491 2733  0  1 90  9  0
 0  2 6376084 161488   4844 158956 54420 42560 54856 42664 3216 3994  0  1 95  3  0
 0  2 6370196 153928   4844 160768 5968    0  7660     0 1825 1470  0  0 87 12  0
 0  2 6375316 169624   4844 160760 9640 14212  9852 14212 2791 1984  0  1 84 14  0
 0  2 6365844 158008   4844 160676 11660    0 11660     0 2353 2550  0  1 91  8  0
 1  4 6415668 209164   2676 155980 7000 56016  7256 56072 2431 2459  0  1 88 10  0
 0  2 6468244 256980   2676 156280 1620 54136  1696 54180 1168 1326  0  1 83 16  0
 0  2 6460820 252012   2676 156372 8272    0  8364     0 1983 2143  0  1 92  7  0
 0  1 6451604 242412   2676 156304 10032    0 10068     0 2054 2257  0  1 92  7  0
 0  2 6371680 168324   2656 156268 93320 13584 93320 14276 4453 6565  1  2 94  3  0
 1  0 6362948 160488   2608 155320 48740 39720 48740 40020 3708 3649  0  1 92  6  0
 1  2 6385984 170324   2580 154320 23276 45716 23344 45800 1837 1845  0  1 87 11  0
 1  0 6366668 160528   2328 154132 59240 39736 59312 39736 3191 4278  0  2 93  5  0
 0  1 6380076 180396   2064 153280 41672 55588 41692 55588 3010 3148  0  2 92  6  0
 0  2 6389124 185168   2208 152488 30084 38884 31332 38884 2003 2484  0  1 85 14  0
 0  2 6380692 170244   2168 154072 34932 26440 36912 26440 2627 2947  0  1 91  7  0
 0  2 6360724 154612   2660 155064 28276 8276 29756  8276 2107 2458  0  1 93  6  0
 0  1 6388160 185552   2224 154364 59712 87260 60140 87260 4079 4409  0  2 90  8  0
procs -----------memory---------- ---swap-- -----io---- -system-- ------cpu-----
 r  b   swpd   free   buff  cache   si   so    bi    bo   in   cs us sy id wa st
 0  1 6356884 154540   2188 153740 67100 35588 67356 35588 3715 4813  0  2 94  4  0
 1  0 6365148 160660   2168 154212 46836 54756 47524 54756 3166 3645  0  2 90  8  0
 0  4 6394516 183676   2176 153960 27352 57084 27988 57140 2508 2390  0  1 88 11  0
 0  2 6394516 185504   2168 153876 53660 53128 54356 53128 3374 4097  0  2 89  9  0
 2  2 6365588 155516   2168 155248 28864    0 30040   944 1881 2435  0  1 91  8  0
 0  3 6391188 175424   2112 154084 48872 74364 48952 74444 3506 3637  0  2 92  5  0
 1  0 6362772 162848   2104 154744 44996 16452 45392 16452 2811 3461  0  1 89  9  0
 1  2 6376596 175204   2072 153800 51384 65496 51556 65552 4253 3914  1  2 93  5  0
 0  1 6373268 165628   2072 153536 52880 49204 52964 49204 3196 3871  1  2 89  9  0
 0  2 6364308 156532   2044 153888 48092 38908 48780 38908 3206 3591  0  2 94  5  0
 1  2 6428644 224092   1804 156036 6200 70328 11112 70360 2358 1392  0  1 88 11  0
 0  2 6423524 213248   1804 160952 5468    0 10252     0 1104 1063  0  0 90  9  0
 0  2 6415588 200224   1804 162084 13348    0 14172     0 1651 1559  0  0 92  7  0
 0  3 6406372 186852   1804 162692 12496    0 13176     0 1701 1509  0  1 93  7  0
 1  0 6393748 170740   1908 167928 28036 14948 33556 14948 2188 2501  0  1 93  6  0
 0  6 6444436 221888   1352 160736 19132 69652 19232 69764 1615 1614  0  1 80 19  0
 0  4 6485652 263680   2560 161880 1204 42900  3492 43252 1308 1021  0  1 79 20  0
 0  2 6482068 256964   4072 163412 3896    0  6912     0 1495 1200  0  0 89 10  0
 1  0 6448788 220652   4520 165772 33204    0 35996     0 2234 2793  0  1 94  5  0
 0  1 6386580 165132   4644 166340 98300 35588 99524 35588 5037 7035  1  2 93  4  0
 0  1 6378900 160700   4644 166088 47192 39520 47532 39520 3174 3758  0  2 91  7  0
 0  3 6377508 152344   4652 165412 41412 40264 41412 40372 2655 3070  0  1 90  8  0
 0  2 6391956 174772   4652 164656 36592 50584 36780 51272 2771 2890  0  2 92  6  0
procs -----------memory---------- ---swap-- -----io---- -system-- ------cpu-----
 r  b   swpd   free   buff  cache   si   so    bi    bo   in   cs us sy id wa st
 1  1 6394260 179568   4652 164800 24768 27608 25600 27604 1966 2287  0  1 89  9  0
 1  1 6384020 168204   4652 163804 57544 47208 57664 47212 3454 4211  1  2 94  4  0
 0  1 6370452 157108   4652 163448 42596 28792 42880 28792 2651 3156  0  1 91  8  0
 0  2 6403220 183496   4412 160456 44176 77000 44908 77000 3730 3378  0  2 91  7  0
 1  4 6385556 170536   4236 159784 53344 35544 53708 35616 3150 3986  1  1 91  8  0
 0  1 6373012 160928   3672 156700 67992 54904 68360 54904 3958 4964  0  2 90  7  0
 1  0 6374244 161188   3156 155552 38224 39936 38224 40540 3119 2960  0  2 92  6  0
 2  0 6357484 152076   2840 154928 67396 50676 67396 50676 4136 4893  1  2 93  4  0
 0  2 6387860 178836   2056 152440 32512 62776 32512 62776 2300 2452  0  2 89  9  0
 0  1 6401684 199476   1484 150416 51396 64984 51396 64984 3461 3753  0  2 92  6  0
 1  0 6362004 159668   1544 150416 39716    0 39768    72 2263 2993  0  1 93  6  0
 0  1 6370168 179796   1544 148404 68188 76192 68252 76192 4184 4875  0  2 94  3  0
 1  0 6350740 156636   1428 147092 75524 56084 75568 56148 3829 5356  0  2 94  4  0
 0  1 6434452 235520   2032 144988 10756 94488 11692 94488 2675 1454  0  2 92  6  0
 0  0 6360852 166716   2032 144892 106092 32496 106340 32496 5069 7351  1  2 94  3  0
 1  1 6351912 155652   2032 144352 68392 59308 68456 59308 3913 4860  0  2 93  5  0
 1  1 6351508 161236   2032 144060 63636 63452 63636 63452 3786 4547  0  2 94  3  0
 0  1 6377620 188444   2024 143604 51844 77860 51996 77860 3120 3759  0  2 92  5  0
 0  1 6377364 178640   2020 143220 66596 66676 66700 66676 4264 4747  0  2 95  2  0
 2  0 6345364 160772   2020 143560 66448 34164 66620 34164 3433 4679  0  2 95  3  0
 0  2 6361236 166008   2020 143148 59512 75376 59572 75376 4468 4325  0  2 93  5  0
 0  2 6373012 176316   2020 142808 62688 74400 62720 74400 4036 4505  0  2 94  4  0
 0  1 6362260 173796   2020 142908 47412 36500 47656 36500 2698 3411  0  1 92  6  0
procs -----------memory---------- ---swap-- -----io---- -system-- ------cpu-----
 r  b   swpd   free   buff  cache   si   so    bi    bo   in   cs us sy id wa st
 1  1 6352532 168276   2020 142936 75028 65328 75120 65328 4414 5297  1  2 93  4  0
 0  2 6371988 188964   2016 142824 52396 71560 52532 71560 4022 3779  0  2 93  5  0
 0  2 6350228 166276   2692 144484 44408 22604 47052 22604 2841 3494  0  1 91  7  0
 0  2 6345108 153400   3676 149968 5080    0 11360     0 1483 1177  0  0 89 10  0
 2  3 6415764 223008   3800 149480 1696 72444  3672 72444 1363 1041  0  1 74 25  0
 0  3 6358676 161652   4068 152072 57724    0 60328     0 3666 4672  1  1 89  9  0
 0  1 6390676 179804   4340 153988 8452 40656 10780 40656 1808 1386  0  1 88 11  0
 0  1 6441108 231204   4340 151656 40440 90680 40512 90680 3056 3112  0  2 92  6  0
 1  2 6374036 169544   4348 152304 83020 15968 83676 16024 4550 6155  1  2 93  5  0
 0  1 6356372 152880   4348 152952 17560    0 18148   740 1539 1762  0  0 89 11  0
 0  2 6386324 183696   4340 152904 43268 73268 43928 73268 4258 3367  0  2 89  8  0
 1  1 6389652 187940   4304 152392 51716 55060 52068 55060 3597 3850  0  2 92  6  0
 0  2 6404600 205060   3812 151180 38664 53428 38664 53960 3024 3302  0  2 91  7  0
 0  1 6355348 155896   3448 150812 83140 33840 83140 33940 4189 5853  1  2 95  3  0
 0  2 6366460 164716   2640 150388 35500 46288 35500 46356 3071 2678  0  2 90  8  0
 0  1 6350740 158684   2188 149676 71720 56152 71720 56152 3967 5036  0  2 91  6  0
 0  2 6401816 207100   1316 146244 34176 85120 34188 85120 2870 2836  0  2 88 10  0
 0  1 6349204 168032   1872 146024 77740 25096 78496 25096 4114 5688  0  2 91  7  0
 1  0 6400840 212636   1868 144064 30860 82208 31344 82208 2992 2817  0  2 91  7  0
 1  2 6385480 191980   2820 147468 15448    0 19740     0 1638 1679  0  1 94  6  0
 1  2 6365648 182828   3884 143856 39180 19428 43692 19428 2999 3326  0  1 92  7  0
 0  3 6435528 249020   3884 145772 4740 74776  6532 74776 1697 1146  0  2 85 13  0
 0  7 6430664 241356   4148 149516 4920    0  9128     0 2012 1535  0  0 88 12  0
procs -----------memory---------- ---swap-- -----io---- -system-- ------cpu-----
 r  b   swpd   free   buff  cache   si   so    bi    bo   in   cs us sy id wa st
 1  2 6411720 217912   4528 152276 19420    0 22296     0 2443 2231  0  1 88 11  0
 0  3 6406088 204272   4528 160176 5980    0 13880     0 1369 1167  0  0 92  8  0
 0  5 6403784 196932   5588 162280 2320    0  5452   880 1068  901  0  0 75 25  0
 0  3 6400712 191752   6664 165304 3276    0  7460     0 1392 1144  0  0 76 23  0
 0  3 6391752 181404   6664 169872 9356    0 10916     0 1835 1463  0  0 88 11  0
 0  3 6385864 169448   6824 170260 9700    0 10260     0 1881 1586  0  1 86 13  0
 0  4 6379976 158848   6824 170888 9432    0 10012     0 1484 1515  0  0 89 11  0
 1  3 6388372 158572   6836 171204 5880 13080  6744 13144 1369 1232  0  1 82 17  0
 0  5 6390584 166544   6836 171756 1756 4208  3640  5408 1103  762  0  0 84 16  0
 0  8 6388024 161252   6836 174196 4112    0  6332     0 1421 1605  0  0 82 18  0
 1  0 6379856 161804   6068 168132 25068 16836 28320 16836 2891 2753  0  1 85 14  0
 0  3 6389652 167956   6096 168540 17996 27712 18828 28224 2218 1979  0  1 87 12  0
 0  3 6385556 160704   6252 170512 4140    0  6500   108 1652 1100  0  0 87 13  0
 1  2 6396812 172956   6144 169964 39340 50884 39520 50884 3903 3259  0  2 89  9  0
 0  2 6406120 174208   5828 168656 54048 63584 54260 63584 3681 4087  0  2 93  4  0
 0  2 6404992 177744   5264 167556 73712 72352 73712 72352 4354 5220  0  2 93  4  0
 0  1 6377108 160592   4976 167068 63316 35592 63532 35592 3530 4577  1  2 93  5  0
 1  0 6373524 153316   4616 167468 40008 36232 41384 36284 3170 3155  0  1 89  9  0
 0  1 6401172 179516   3996 165588 42248 69508 42600 69508 2960 3306  0  2 91  7  0
 0  3 6382800 160656   3396 163172 62668 44264 63300 44264 4226 4766  1  2 91  6  0
 0  2 6388116 168640   3368 163600 30556 35660 31320 36292 2808 3077  0  1 88 10  0
 0  1 6380436 167940   3232 163624 21188 13760 21496 14360 2233 1966  0  1 88 10  0
 0  3 6414740 203472   2392 161276 35028 69280 35044 69352 2710 2714  0  2 85 13  0
procs -----------memory---------- ---swap-- -----io---- -system-- ------cpu-----
 r  b   swpd   free   buff  cache   si   so    bi    bo   in   cs us sy id wa st
 2  0 6366868 155980   3204 162300 48180    0 49948     0 2676 3616  0  1 89  9  0
 1  0 6372756 163004   3032 161032 61804 67852 61932 67852 3972 4622  1  2 93  4  0
 0  2 6380436 168280   3108 160236 47528 55064 47988 55064 3419 3676  0  2 92  5  0
 0  1 6396052 181612   2996 159524 54720 70540 55044 70540 3714 4105  0  2 90  7  0
 0  2 6398356 182108   2948 159220 32356 34712 32656 34712 2897 2844  0  1 89 10  0
 0  6 6390932 179176   3768 160556 38588 30832 41028 30888 2750 3227  0  2 89  9  0
 0  3 6385300 167416   4060 164820 6656    0 10500     0 2250 1531  0  1 89 10  0
 2  2 6379668 152924   5516 171684 7500 1964 15260  2100 2173 1627  0  1 90  9  0
 0  4 6415064 184848   5488 169876  748 36008  1828 37040 1628  811  0  1 85 14  0
 1  1 6381460 167896   5408 165432 80632 46928 80712 46928 5243 5780  1  2 92  5  0
 0  2 6391700 172960   5328 162344 28004 38128 28304 38216 2237 2368  0  1 88 11  0
 0  1 6364052 155792   4980 158624 78420 50660 78500 50660 4259 5635  1  2 92  5  0
 2  2 6379412 164156   4124 155044 48368 63688 48816 63688 3137 3642  0  2 93  5  0
 0  1 6378900 175716   3872 153084 48464 47952 48464 47952 2854 3591  0  2 93  5  0
 0  2 6398356 188584   3380 151344 26248 45684 26348 46232 1816 2215  0  1 87 12  0
 2  0 6365952 161212   2756 150336 65644 33236 65644 33236 4009 4743  1  2 94  4  0
 0  2 6372500 175088   2304 149888 32732 39092 32796 39136 2493 2582  0  1 90  8  0
 0  1 6387092 180884   2200 148960 59788 74244 59788 74244 3628 4321  1  2 94  4  0
 1  0 6372824 171836   2124 148208 65952 51324 65952 51324 3878 4777  0  2 93  5  0
 0  1 6425432 234528   2072 145652 27320 80168 27320 80168 2129 2158  0  2 92  6  0
 0  2 6381972 179160   2344 143940 83692 40204 84696 40204 4565 6329  1  2 92  5  0
 0  2 6356224 155760   2296 144240 67252 41352 67616 41352 3943 5182  0  2 93  5  0
 1  0 6367636 170116   2172 143584 52044 63716 52208 63716 3545 3810  0  2 94  4  0
procs -----------memory---------- ---swap-- -----io---- -system-- ------cpu-----
 r  b   swpd   free   buff  cache   si   so    bi    bo   in   cs us sy id wa st
 1  1 6365332 168100   2132 142924 72920 70596 73032 70604 4105 5221  0  2 91  7  0
 0  1 6355604 163776   2124 142572 52356 42008 52472 42008 3687 3857  0  1 95  4  0
 1  1 6363284 174952   2124 142048 54908 62704 55144 62704 3473 4049  0  2 93  5  0
 0  2 6356628 172432   2124 141836 51916 45120 52000 45120 2876 3775  0  2 93  5  0
 0  1 6356116 179740   2116 141656 55216 54960 55352 54960 4102 4077  0  2 94  4  0
 0  1 6367640 190072   2080 139220 55600 67032 55740 67032 3655 4109  0  2 92  6  0
 0  1 6361236 182844   2212 138176 42872 36308 43316 36308 2837 3535  0  1 94  4  0
 1  2 6335892 152076   3512 142696 25372    0 31024     0 2053 2416  0  1 92  7  0
 0  2 6364308 173228   4180 144720 3164 31448  7392 31464 1694 1031  0  1 87 12  0
 0  2 6360724 163100   4468 150048 3732    0  9612   284 1352  975  0  0 87 13  0
 0  2 6353556 153288   4744 152032 7520    0  9332     0 1879 1469  0  0 88 11  0
 0  2 6360212 165124   4656 152960 6880 12752  8196 13280 1621 1228  0  1 91  9  0
 0  2 6376304 181488   4644 149472 19288 35088 21500 35088 2643 2407  0  1 89  9  0
 0  2 6386580 179400   4584 149644 30856 40940 31640 40940 2543 2640  0  1 93  5  0
 0  2 6375828 168604   4592 151216 10688    0 12344    72 1406 1410  0  0 85 15  0
 0  2 6369684 153980   4592 159584 6308    0 14652     0 1298 1185  0  0 93  7  0
 0  3 6375316 169604   4572 161476 6184 11436  7512 12184 1420 1142  0  1 87 13  0
 0  3 6362260 156060   4572 165568 14716    0 15808     0 2433 2131  0  1 86 13  0
 0  3 6390920 175936   4540 165300 11972 36180 11972 36180 2253 2089  0  1 88 10  0
 0  4 6385544 166092   4548 165168 9928    0 10032    72 1821 2271  0  1 85 14  0
 0  4 6380936 158004   4688 167620 5880    0  8040     0 1636 1938  0  1 87 12  0
 0  4 6388884 164280   4684 172508 8040 14536 13088 14916 2510 2638  0  1 85 14  0
 0  2 6382740 157720   4684 172532 6524    0  6524   212 1736 1885  0  0 91  9  0
procs -----------memory---------- ---swap-- -----io---- -system-- ------cpu-----
 r  b   swpd   free   buff  cache   si   so    bi    bo   in   cs us sy id wa st
 1  1 6412180 184400   4916 172200 6080 35100  6900 35100 2109 1737  0  1 84 15  0
 0  2 6445716 217696   3688 168836 39016 72556 39020 72556 2504 2985  0  2 93  5  0
 0  2 6406292 170768   3580 168564 77788 38060 78296 38060 4349 5898  1  2 92  6  0
 0  1 6405780 174036   3428 168536 38576 37708 38772 37764 2559 2981  0  1 92  7  0
 0  1 6383168 153908   3124 168184 76392 53924 76392 53984 3965 5405  1  2 94  3  0
 0  4 6414624 185660   2928 167200 41600 73132 41692 73132 2841 3162  0  2 93  5  0
 0  1 6390164 169296   2784 167576 57288 32896 58020 32896 4010 4567  1  2 92  5  0
 0  2 6394772 175384   2316 166868 44748 48952 44972 48952 3095 3444  0  2 93  5  0
 0  3 6405268 185376   2148 165920 26088 36760 27152 37624 3271 2322  0  1 85 14  0
 0  1 6375060 159476   2160 165708 57396 26940 57796 26972 3880 4738  1  2 92  6  0
 0  1 6385812 161744   2112 164424 47660 58700 47956 58700 3248 3612  0  1 89  9  0
 0  2 6400660 176944   2008 161612 55820 70264 56780 70264 4369 4467  1  2 91  6  0
 0  1 6384532 168352   1912 159740 61784 45700 62024 45700 3072 4418  0  2 92  6  0
 0  1 6397440 181660   1892 158568 58828 71712 58884 71712 3351 4266  0  2 91  6  0
 0  2 6385904 167904   1900 157780 50112 38164 50220 38940 2866 3845  0  2 92  6  0
 0  1 6376852 166652   1900 158300 31736 22560 32440 22560 2436 2543  0  1 92  7  0
 1  0 6369960 166424   1896 157200 68272 61520 68272 61520 4074 4892  0  2 92  5  0
 1  3 6397076 178740   1676 155732 52588 79620 52668 79620 3428 3875  0  2 92  6  0
 0  3 6395796 180764   1508 153188 57276 55936 57284 56196 3640 4183  0  2 93  5  0
 1  0 6401940 195144   1516 153188 8692 14500  8692 14752  874  928  0  0 85 14  0
 0  2 6400660 195364   1496 151752 52708 51648 52836 51648 3142 3978  0  2 93  5  0
 0  3 6392724 185756   1628 152124 8380    0  9340     0 1607 1375  0  0 89 11  0
 0  3 6389140 180992   2436 153832 3780    0  5832     0  974  848  1  0 90  9  0
procs -----------memory---------- ---swap-- -----io---- -system-- ------cpu-----
 r  b   swpd   free   buff  cache   si   so    bi    bo   in   cs us sy id wa st
 0  3 6383764 170116   3836 156620 5632    0  9984     0 1584 1233  0  0 88 11  0
 0  2 6408340 205868   3828 153896 49820 74672 50684 75124 3556 3807  0  2 89  9  0
 1  1 6410132 207372   4780 154584 11540 12892 13172 12892 1936 1728  0  1 92  8  0
 1  0 6390420 184636   5184 156532 19640    0 21932     0 1859 1923  0  1 92  7  0
 0  1 6392468 175556   5168 155352 66608 68800 66608 68800 4023 4799  0  2 92  5  0
 0  3 6364564 152688   5180 155976 42968 14624 43720 14696 2533 3336  0  1 90  9  0
 0  1 6384532 177368   5180 154872 45620 65612 45652 65612 3136 3427  0  2 89  9  0
 1  2 6355092 152184   5172 153040 71548 42140 71548 42208 3802 5088  0  2 94  4  0
 0  2 6376852 179116   4748 150212 42548 64280 42668 64816 3808 3249  0  2 93  5  0
 0  1 6416276 216948   3152 147908 54228 93444 54248 93444 3136 3950  0  2 94  3  0
 0  2 6414092 214272   2804 145604 67212 64900 67696 64900 4243 5177  0  2 92  5  0
 0  2 6357268 167320   2812 145480 58128 1388 58288  1448 3131 4535  0  1 93  5  0
 0  2 6448532 255868   2416 141828 19400 110592 19408 110592 2395 1882  0  2 87 11  0
 0  1 6349716 156808   2444 142288 99092    0 99424     0 4681 7019  1  1 94  4  0
 0  1 6368320 174148   2416 142236 48124 66784 48124 66792 2936 3559  0  2 94  4  0
 0  2 6372428 180936   2412 141808 59716 64028 59908 64028 3903 4379  1  2 92  5  0
 0  1 6371732 178408   2308 141640 67932 66908 68036 66908 3806 4901  0  2 93  5  0
 0  1 6356884 176644   2300 141652 57480 42180 57548 42180 3165 4132  0  2 95  3  0
 1  0 6364072 177368   2296 141364 62188 69356 62260 69356 3761 4484  0  2 93  5  0
 0  2 6362772 182944   2252 141568 63416 62148 63488 62148 3741 4570  0  2 93  5  0
 0  1 6368916 180432   2196 141124 64020 70340 64108 70340 3649 4594  0  2 91  6  0
 1  2 6354580 168296   2164 139648 82288 68108 82388 68108 4435 5747  0  2 93  4  0
 0  2 6341992 162776   2164 139888 48288 35164 48568 35164 2885 3585  0  2 93  6  0
procs -----------memory---------- ---swap-- -----io---- -system-- ------cpu-----
 r  b   swpd   free   buff  cache   si   so    bi    bo   in   cs us sy id wa st
 1  3 6350076 168792   3924 144180 5968 14176 12540 14176 1610 1223  0  1 92  7  0
 1  1 6350296 163176   4112 145360 16544 16324 22484 16320 2333 2006  0  1 91  8  0
 0  3 6347872 155584   5032 146724 22944 20640 25668 20644 2532 2546  0  1 90  9  0
 0  2 6354580 167452   5160 148016 7276 13628  9152 13628 1873 1331  0  1 88 11  0
 0  2 6373780 172776   5280 148532 19872 39100 21144 39636 2055 1933  0  1 93  6  0
 0  2 6357140 164996   5156 151140 32256 15588 34816 15648 2486 2777  0  1 94  5  0
 0  3 6353812 157728   5164 156556 3684    0  9064    60 1050  879  0  0 86 13  0
 0  2 6380180 176628   5112 162116 10036 36048 13676 36048 2030 1349  0  1 91  8  0
 0  2 6370964 163768   5112 163156 14456    0 15016     0 1834 1637  0  1 92  7  0
 2  4 6407828 196952   4940 156624 12184 45156 12780 45156 2188 1718  0  1 87 11  0
 0  3 6459364 258260   4940 157224 1844 53348  2404 53812 1043  775  0  1 78 21  0
 0  4 6456036 250952   5092 161660 3196    0  7968    68  902  758  0  0 85 14  0
 0  1 6385556 170328   4916 162884 107080 36440 108812 36440 5452 7473  1  2 93  4  0
 1  1 6418324 214752   2364 156148 57852 90520 57920 90596 4059 4204  0  2 92  5  0
 0  2 6455188 250724   3432 157908 4172 40984  7108 40984 1581 1279  0  1 91  8  0
 0  3 6451092 241360   4660 161892 4128    0  9160     0 1399 1059  0  0 92  8  0
 0  1 6390028 178824   4864 163544 87988 27044 90676 27044 4696 6350  1  2 92  5  0
 0  4 6415508 202000   4568 161516 34864 60152 35904 60152 2767 3081  0  2 86 12  0
 1  3 6367636 154412   4376 158608 80928 32728 81060 32912 4254 5752  1  2 94  3  0
 0  2 6405524 189116   4380 155068 40060 77656 40068 77936 2758 3170  0  2 89  9  0
 0  1 6372244 158804   4380 155232 73216 39992 73392 39992 4543 5513  1  2 94  3  0
 0  1 813460 15626740   4648 156668  828    0  2500     0 2063  930  0  6 93  2  0
 0  0 813460 15622172   4788 161152  224    0  4768     0  782  719  0  0 97  2  0
procs -----------memory---------- ---swap-- -----io---- -system-- ------cpu-----
 r  b   swpd   free   buff  cache   si   so    bi    bo   in   cs us sy id wa st
 0  0 813460 15621912   4788 161148    0    0     0     0  255  173  0  0 100  0  0
 0  0 813204 15623236   4796 161684   20    0   532   392  594  453  0  0 98  2  0
 0  0 813204 15623472   4796 161680    0    0     0     0  247  131  0  0 100  0  0
 0  0 813204 15622944   4796 161680    0    0     0     0  234  185  0  0 100  0  0
 0  0 813204 15623464   4796 161680    0    0     0     0  175  142  0  0 100  0  0
 0  0 813204 15622968   4796 161680    0    0     0     0  177  144  0  0 100  0  0
 0  0 813204 15622724   4804 161672    0    0     0   504  290  195  0  0 99  1  0
 0  0 813204 15622708   4804 161680    0    0     0     0  204  144  0  0 100  0  0
 2  0 813204 15623196   4804 161680    0    0     0     0  168  158  0  0 100  0  0
 0  0 813204 15623464   4804 161680    0    0     0     0  142  146  0  0 100  0  0
 0  0 813204 15622952   4804 161672   28    0    28     0  187  170  0  0 100  0  0
 0  0 813204 15622700   4804 161680    0    0     0    48  209  147  0  0 100  0  0
 0  0 813204 15622692   4812 161672    0    0     0    20  207  168  0  0 100  0  0
 0  0 813204 15622512   4812 161680    0    0     0     0  175  141  0  0 100  0  0
 0  0 813204 15623016   4812 161680    0    0     0     0  161  118  0  0 100  0  0
 0  0 812948 15621748   4812 162836   16    0  1200     0  409  305  0  0 100  0  0
 0  0 812948 15620440   4812 163364  232    0   672     0  816  661  0  0 98  1  0
 0  1 812692 15620148   4812 163364    8    0     8   424  281  218  0  0 100  0  0
 0  0 812692 15619888   4812 163364    0    0     0   116  282  169  0  0 100  0  0
 0  0 812692 15620976   4812 163400    4    0    40     0  372  266  0  0 100  0  0
 0  0 812692 15620716   4812 163404   12    0    12     0  215  192  0  0 100  0  0
 0  0 812692 15621244   4820 163396    0    0     0    72  181  170  0  0 100  0  0
 2  0 812692 15620968   4820 163404    0    0     0     0  206  125  0  0 100  0  0
procs -----------memory---------- ---swap-- -----io---- -system-- ------cpu-----
 r  b   swpd   free   buff  cache   si   so    bi    bo   in   cs us sy id wa st
 1  0 812692 15621228   4820 163404    0    0     0     0  191  153  0  0 100  0  0
 0  0 812692 15620960   4820 163404    0    0     0   456  263  192  0  0 100  0  0
 0  0 812692 15620944   4820 163404    0    0     0     0  188  145  0  0 100  0  0
 0  0 812692 15621196   4820 163404    0    0     0     0  144  126  0  0 100  0  0
 0  0 812692 15620960   4820 163404    0    0     0     0  207  206  0  0 100  0  0
 0  0 812692 15621456   4820 163404    0    0     0     0  202  156  0  0 100  0  0
 0  0 812692 15621172   4820 163404    0    0     0     0  192  134  0  0 100  0  0
 0  0 812692 15621416   4828 163396   44    0    44    40  197  172  0  0 100  0  0
 0  0 812692 15621156   4828 163404    0    0     0     0  189  138  0  0 100  0  0
 0  0 812692 15620660   4828 163404    0    0     0     0  175  153  0  0 100  0  0
 0  1 812692 15619580   4960 163608    0    0   464     0  574  380  0  0 99  0  0
 0  0 812692 15618052   5096 164312    4    0   580     0  296  226  0  0 100  0  0
 0  0 812692 15618280   5096 164312    0    0     0   576  280  194  0  0 100  0  0
 0  0 812692 15618108   5096 164840   24    0   400     0  421  286  0  0 100  0  0
 0  0 812692 15617840   5096 164728    0    0     0     0  301  225  0  0 100  0  0
 0  0 812692 15617304   5104 164720    0    0   128    72  265  175  0  0 100  0  0
 0  0 812692 15617280   5104 164936    0    0    76     0  310  281  0  0 100  0  0
 0  0 812692 15617012   5104 164936  144    0   228     0  551  446  0  0 99  1  0
 0  1 812692 15617224   5104 165092  136    0   208   720  461  325  0  0 99  1  0
 1  0 812692 15611168   5104 171576   60    0  6540     0  633  505  0  0 99  1  0
 0  0 812692 15611760   5112 171872    0    0   164    80  396  312  0  0 100  0  0
 0  0 812692 15610956   5112 171992    0    0   172     0  574  351  0  0 99  0  0
 0  0 812436 15610932   5112 172428   40    0   408     0  539  382  0  0 99  0  0
