wahoo:~$ vmstat 1
procs -----------memory---------- ---swap-- -----io---- -system-- ------cpu-----
 r  b   swpd   free   buff  cache   si   so    bi    bo   in   cs us sy id wa st
 0  0 799020 14942964  14884 802732   15  247    31   250    1    1  1  0 97  1  0
 0  0 799020 14942964  14884 802732    0    0     0     0   87   74  0  0 100  0  0
 0  0 799020 14942192  14884 802768    0    0     0     0  148  135  0  0 100  0  0
 1  0 799020 12988708  14892 802776    0    0     0    32  817  236  3  1 95  0  0
 1  0 799020 9231584  14892 802796    0    0     0    20 1096   91  6  2 92  0  0
 1  0 799020 5472340  14892 802796    0    0     0     0 1074   75  6  2 92  0  0
 1  0 799020 2195856  14644 782728    0    0     0     0 1112  303  5  3 92  0  0
 1  0 799020 601172  14348 722408    0    0     0     0 1327 1322  3  5 92  0  0
 1  0 799020 161940  14188 255528    0    0     0     0 1293 1864  2  7 92  0  0
 0  3 875156 159512  12188 197752   92 76788  1420 77216 1743 1761  0  4 86  9  0
 0  2 993684 156712  11564 193156    0 118428   788 118428 1452 1785  0  3 88  8  0
 1  0 1122788 159524  11540 193548    8 129052   360 129052 1602 1467  0  4 91  5  0
 0  1 1265812 159472  11540 193548    0 142964     0 142964 1236  981  1  4 94  2  0
 0  1 1399188 158432  11540 193616    0 133536    68 133536  984  906  0  3 95  2  0
 1  0 1542548 163132  11540 193652    0 143380     0 143380  958  849  0  3 95  1  0
 1  0 1677716 162388  11548 193864    0 135176     0 135240  913  893  0  3 92  5  0
 1  0 1812884 162788  11548 193716    0 135184     0 135184  954  792  0  3 95  2  0
 1  0 1951124 161984  11548 193552    0 138604     0 138604  975  861  0  3 94  2  0
 1  0 2083220 162008  11548 193660    0 131740     0 131740  934  816  0  3 95  2  0
 0  1 2232124 162044  11548 193616    0 148804     0 148804 1167 1212  1  4 94  1  0
 0  1 2367892 159532  11548 193616    0 135872     0 135872  986  882  0  3 95  1  0
 0  1 2519188 162088  11548 193616    0 151080     0 151080 1089  988  0  4 94  2  0
 1  0 2656404 161580  11548 193496    0 137212     0 137212 1067  912  0  3 96  1  0
 1  0 2798076 159988  11548 193588    0 141784     0 141784  958  864  0  3 95  2  0
 0  1 2945428 161680  11548 193616    0 147428     0 147428  983  930  0  3 95  2  0
 0  1 3084180 161860  11548 193616    0 138592     0 138592  978  896  0  3 95  1  0
 0  1 3226004 160104  11548 193616    0 142016     0 142016  976  884  0  3 95  1  0
 1  0 3367316 162424  11548 193656    0 141308     0 141308 1142  990  0  3 94  2  0
 0  1 3526580 161544  11548 193468    0 159276     0 159276 1034  980  0  3 95  1  0
 1  0 3660356 161640  11548 193704    0 133588     0 133588  943  858  1  3 94  2  0
 1  0 3799188 161876  11548 193376    0 138792     0 138792  971  873  0  3 95  2  0
 0  1 3932564 162280  11548 193620    0 133596     0 133596  928  866  0  3 94  2  0
 0  2 4071828 161456  11548 193960    0 139264   340 139264 1313 1076  1  3 93  3  0
 0  1 4201620 161312  11548 194236    0 129696   248 129696 1321 1120  1  3 92  5  0
 0  1 4347028 161940  11548 193992    0 145408     0 145408 1042  944  0  3 95  1  0
 1  0 4485268 162092  11548 194104    0 138116     0 138116 1024  928  0  3 94  2  0
 0  1 4641940 161688  11548 194224    0 156796     0 156796 1228 1008  1  4 95  1  0
 0  2 4768916 159652  11556 194292    0 126848     0 126900 1296 1087  1  3 92  4  0
 1  0 4907668 162032  11556 194332    0 138716     0 138716 1007  976  0  3 91  5  0
 0  1 5075452 161408  11556 194216    0 167940     0 167940 1118 1055  0  4 94  1  0
 2  0 5208724 161640  11556 194556    0 133116     8 133116 1138  977  1  3 95  2  0
 1  0 5356180 162996  11556 194472    4 147456    80 147456 1203 1167  1  4 93  2  0
 0  2 5423900 161908  11556 194384    0 67588     0 68616  870  634  0  2 93  5  0
 0  1 5531540 161488  11564 194204    0 107840     0 107952  772  788  0  2 90  7  0
 1  0 5683348 161816  11564 194352    0 151564     0 151564 1060  983  0  4 94  2  0
 0  1 5851796 160360  11564 194384    0 168628     0 168628 1124 1077  0  4 93  2  0
 1  0 6013588 159812  11564 194556    0 161788     0 161788 1097 1043  0  4 94  2  0
 0  1 6179476 161640  11564 194384    0 165860     0 165860 1257 1150  0  4 94  2  0
 0  1 6278548 159500  11572 194376    0 98992     0 99068  724  715  0  2 94  4  0
 1  0 6458040 163576  11572 194512    0 179564     0 179564 1218 1151  1  4 93  2  0
 0  1 6584980 173052  11472 193908 10500 137216 10500 137216 1503 1549  0  3 92  4  0
 0  2 6571412 164656  11012 192444 69628 56100 69668 56100 3802 5112  1  2 92  5  0
 0  3 6561172 159876   9776 186100 63448 53216 63696 53276 3705 4811  1  2 91  7  0
 0  1 6542484 160764   7728 174416 49108 30032 49108 30564 2609 3575  0  1 91  7  0
 0  3 6507924 168212   2868 145740 70528 35856 72300 35856 3925 5191  1  2 92  5  0
 0  2 6504852 164748   2868 152032 3200    0  9244     0 1309  903  0  0 89 11  0
 0  2 6504852 176096   2692 145672 78084 78132 80240 78136 4181 5613  0  2 93  4  0
 0  2 6486932 162676   3808 147320 18168  152 20700   228 1668 1968  0  1 89 11  0
 0  2 6500244 161600   4784 148324 43264 56468 46020 56480 2928 3540  0  2 92  6  0
 0  2 6502292 174744   4784 147408 58992 60716 59216 60716 3123 4252  0  2 94  4  0
 0  2 6491028 174240   4784 145556 69176 57964 69296 58332 3696 4947  0  2 93  5  0
 0  2 6497428 176004   4532 143320 59264 65640 59268 65800 3077 4206  0  2 93  4  0
 1  1 6470292 163876   4064 142492 79264 51900 79264 51900 3847 5545  0  2 93  5  0
 0  3 6472084 168680   4328 143856 28464 30428 30916 30428 2061 2578  0  1 90  8  0
 0  4 6467220 156588   5596 148596 5052    0 10700     0 1498 1148  0  0 89 10  0
 0  4 6491796 179480   5344 151712 2888 27340  8160 27388 1288  912  0  1 84 16  0
 1  3 6502804 183684   5596 155404 24432 35388 29628 35388 2179 2263  0  1 87 11  0
 0  1 6497172 175328   6088 158040 5356    0  8324     0 1784 1218  1  0 88 12  0
 0  1 6491028 177816   5108 150572 68608 62196 68608 62200 3416 4851  1  2 93  5  0
 0  2 6471572 154916   6180 153468 19312    0 23076     0 2191 2389  0  1 91  8  0
 0  3 6479764 170580   6168 153784 6196 14356  6956 15228  998  945  0  0 90  9  0
 1  0 6459540 165044   6168 153644 61700 41152 62068 41576 3291 4475  0  2 92  6  0
procs -----------memory---------- ---swap-- -----io---- -system-- ------cpu-----
 r  b   swpd   free   buff  cache   si   so    bi    bo   in   cs us sy id wa st
 0  2 6464148 172392   6132 153280 57564 61672 58132 61672 3211 4203  0  2 88 10  0
 0  2 6472852 174196   5960 153544 46744 55348 47232 55760 2893 3595  0  2 91  7  0
 0  2 6462356 177432   5716 152940 63824 53308 64000 53384 3210 4567  0  2 95  3  0
 1  0 6463380 169600   5492 152656 60804 61572 60932 61572 3241 4421  0  2 94  4  0
 0  2 6454420 163836   5248 152116 48912 39936 48920 40008 2373 3472  0  1 89 10  0
 1  1 6443156 162576   4760 151648 80792 69368 80792 69368 4092 5704  1  2 94  4  0
 1  0 6434196 160308   4696 150772 64392 55516 64392 55516 3165 4496  0  2 93  5  0
 0  1 6438804 175680   4428 150012 69240 74108 69240 74108 3500 4889  0  2 93  4  0
 1  1 6440340 166608   4420 149368 60296 61484 60804 61484 3304 4399  0  2 93  5  0
 0  1 6457712 175160   4196 149456 50500 68016 50500 68016 2774 3673  0  2 93  5  0
 0  2 6445448 163820   3384 149092 87072 74768 87072 74768 4182 6014  1  2 94  4  0
 0  2 6443412 160040   3192 148652 64296 62400 64296 62400 3366 4619  0  2 92  6  0
 0  2 6463620 176168   2788 147324 60928 81184 60928 81184 3037 4250  0  2 92  5  0
 0  2 6458772 178424   2740 146988 64824 60064 64912 60064 3347 4679  0  2 93  5  0
 1  0 6438292 156728   2680 146652 69112 48256 69112 48256 3464 4849  0  2 93  5  0
 1  1 6449812 176164   2632 145960 65484 76732 65484 76732 3297 4609  0  2 92  5  0
 0  0 6443028 169864   2632 145688 65560 58796 65560 58796 3305 4667  0  2 94  4  0
 1  1 6435988 158776   2632 145216 75344 68180 75344 68180 3734 5265  1  2 93  5  0
 0  2 6454164 178660   3236 145452 34572 52748 35984 52760 2343 2714  0  2 92  6  0
 0  4 6449556 166776   4328 151452 4440    0 10756     0 1289 1043  0  0 94  6  0
 0  3 6519956 226720   4176 149592 16148 86392 19392 86392 1928 1641  0  2 86 12  0
 0  1 6446556 155876   4176 149616 96948 23268 96960 23268 4293 6634  1  2 92  6  0
 0  3 6542740 253684   4476 148416 8156 104516  9184 104516 1371  967  0  2 84 14  0
 0  3 6538900 243728   4980 153916 4120    0 10140     0 1608 1563  0  1 85 14  0
 0  1 6480788 183964   5240 156308 58000    0 60496     0 3265 4387  0  1 93  5  0
 0  3 6508948 204856   3988 149448 67720 95624 67792 95680 3650 4820  0  2 92  5  0
 1  0 6498196 202368   3988 149432 58032 47328 58216 47328 2888 4156  0  2 92  6  0
 0  2 6545812 253020   3384 144352 56704 104224 56704 104224 2856 4010  0  2 91  7  0
 0  1 6502548 208984   3384 150636 44696 1496 50176  1496 2854 3513  0  1 92  7  0
 0  3 6496916 194320   4964 157232 6056    0 14296     0 1795 1544  0  1 88 11  0
 0  2 6487188 178900   4964 164964 9752    0 15900     0 1491 1391  0  0 94  6  0
 0  2 6472084 168820   5016 160808 21520 6144 27828  6728 1837 2060  0  1 92  7  0
 1  0 6464404 157732   5016 160568 46772 38912 46772 39248 2507 3421  0  1 94  5  0
 1  1 6456724 154704   5016 160300 78040 70104 78040 70104 3603 5367  0  2 95  2  0
 0  2 6479332 182912   5288 161064 36048 58944 37300 58944 2142 2713  0  2 93  5  0
 0  3 6474980 171864   6516 166392 4320    0 10760     0 1766 1495  0  1 91  8  0
 0  2 6490260 182880   6804 168248 19952 34816 22076 34816 1836 1882  0  1 91  8  0
 0  2 6486164 177848   6816 169332 4292    0  5432    64  944  779  0  0 89 11  0
 0  1 6465952 152560   6812 171184 57248 36864 59196 36864 3417 4400  1  2 92  6  0
 0  2 6474132 163900   6804 170732 69272 77296 69272 77296 3546 4961  0  2 93  5  0
 2  1 6482068 178728   6792 170908 68560 76308 68832 76308 3581 4967  1  2 91  7  0
 0  2 6481812 177720   6688 170616 63260 62988 63260 62988 3044 4428  0  2 94  4  0
 1  0 6485396 181320   6620 170632 35768 39420 36140 39472 2085 2762  0  1 89 10  0
 1  0 6452628 156040   6604 171128 89992 57348 90556 57348 4421 6356  1  2 92  5  0
 0  2 6483592 178716   6864 171076 36708 67584 37280 67584 2496 2925  0  2 91  7  0
 0  2 6479508 179724   6856 171424 61620 57344 62368 57344 3429 4551  1  2 91  7  0
 0  1 6458644 168132   6848 171308 71996 51200 72208 51200 3508 5090  1  2 94  4  0
 0  4 6456980 166440   6852 172368 30492 28676 31900 28728 2404 2844  0  1 89  9  0
 0  2 6446228 155352   6852 172832 11676    0 11936     0 1832 1868  0  1 91  8  0
 0  2 6468640 172236   6848 172616 10964 32768 10964 32768 2062 2222  0  1 91  8  0
 0  2 6461472 164140   6848 172704 9416    0  9544     0 2051 2458  0  1 89 10  0
 0  2 6454048 156116   6848 173316 8600    0  9120     0 2091 2272  0  0 86 14  0
 0  3 6484116 173544   6848 172988 9488 38916  9488 39812 1789 2019  0  1 83 16  0
 0  1 6480788 170520   6856 173052 3420    0  3468   588 1129 1425  0  0 86 14  0
 0  1 6480472 175808   6856 172264 80288 79876 80288 79880 3901 5580  0  3 93  4  0
 1  0 6466196 162680   6836 171620 71736 57348 71792 57348 3705 5100  1  2 94  4  0
 1  1 6481300 170768   6776 171116 68692 83972 68692 83972 3481 4780  1  2 93  4  0
 1  1 6505364 190928   6524 169084 52404 76204 52588 76204 2698 3694  0  2 93  5  0
 0  2 6546324 231760   5788 166948 53568 94820 53568 94820 2828 3806  0  2 93  5  0
 1  0 6488212 171532   5796 167364 75488 17476 75904 17532 3375 5252  1  1 95  4  0
 0  1 6505108 191440   4936 165092 75572 92228 75592 92228 4273 5406  0  3 90  7  0
 1  0 6472596 152852   4884 164800 85860 53256 85860 53304 4263 5917  0  2 94  3  0
 0  2 6495676 167404   4756 164264 67124 90132 67124 90132 3618 4675  1  2 93  4  0
 1  0 6484796 163184   4576 163276 60180 49156 60184 49156 3178 4241  0  2 94  4  0
 0  2 6520116 177512   4080 161712 65888 101212 65888 101212 3620 4605  0  2 94  4  0
 0  2 6575508 233936   3704 159244 42276 97528 42376 97528 2746 3170  0  2 88  9  0
 0  2 6513812 158368   3632 159064 100456 38804 100496 38804 4526 6843  1  2 93  4  0
 0  1 6537108 176724   3508 157964 50508 73860 50540 73860 2744 3695  0  2 93  4  0
 0  1 6564500 199688   3024 156012 62984 90180 62984 90180 3301 4399  1  2 93  4  0
 0  1 6529172 156092   2988 156100 88540 53248 88540 53248 4331 6146  1  2 95  3  0
 0  1 6548164 156092   2944 155872 58888 77824 58888 77824 3361 4276  0  3 94  3  0
 1  0 6560916 152052   2896 156108 50808 63488 50984 63488 3150 3819  0  2 94  4  0
procs -----------memory---------- ---swap-- -----io---- -system-- ------cpu-----
 r  b   swpd   free   buff  cache   si   so    bi    bo   in   cs us sy id wa st
 1  0 6568852 150792   2868 155920 57372 65536 57372 65536 3453 4164  0  2 94  3  0
 0  1 6586508 153564   2836 155992 60328 77824 60328 77824 3590 4351  0  2 94  4  0
 0  2 6613140 157544   2824 155572 58528 85364 58528 85364 3441 4210  0  2 93  4  0
 0  1 6596244 152220   2796 155924 72776 55948 72776 55948 3935 5154  0  3 94  3  0
 2  0 6603668 153732   2788 155456 73136 80592 73136 80592 4114 5211  0  3 93  4  0
 0  2 6587528 176168   2964 157320 32104 15664 34788 15664 2234 2656  0  1 92  6  0
 0  4 6602244 232552   2664 152340 47680 62280 50048 62280 3140 3699  0  2 90  8  0
 0  1 6587284 221180   3348 156292 30924 16028 35128 16028 2186 2631  0  1 90  9  0
 0  3 6587796 221212   3288 150244 80992 81288 80996 81288 4124 5651  1  3 91  6  0
 1  0 6595476 227820   4916 151388 17696 25452 20384 25452 2109 2128  0  1 90  9  0
 1  0 6513752 156000   4916 151592 120824 38912 120824 38912 5383 8176  1  2 94  3  0
 0  1 6498452 155244   4912 151412 80956 65536 80956 65536 3986 5640  0  3 94  3  0
 1  0 6504852 152472   4920 151200 61120 67588 61120 67636 3168 4328  0  2 93  4  0
 0  1 6495380 155240   4920 151156 76884 67584 76884 67584 3993 5411  1  3 93  4  0
 1  1 6493332 155744   4920 151056 63004 60544 63004 60544 3531 4528  0  2 93  4  0
 1  0 6492308 154484   4920 151268 65196 64384 65196 64384 3580 4644  0  2 94  3  0
 1  2 6481812 153224   4920 151936 73992 63492 75260 63492 4159 5283  1  3 93  3  0
 0  2 6572948 249488   4916 153872 5056 96280  8400 96280 1388  830  0  2 84 14  0
 0  2 6567060 234880   5056 163404 6236    0 15996     0 1149 1055  0  0 91  9  0
 0  3 6538904 215452   4904 157596 89536 61864 91236 62220 4716 6318  1  2 91  6  0
 0  1 6488980 177292   4904 158524 79128 29208 79984 29208 4281 5935  0  2 91  7  0
 1  3 6474132 157092   6028 161812 14976    0 19496     0 1541 1628  0  1 93  6  0
 0  3 6481044 153280   6152 168432 1452 8192  7612  8192  795  682  0  0 90 10  0
 0  5 6551188 218372   5088 167100 2288 72504  4780 72572 1425  963  0  2 83 15  0
 0  2 6603192 258732   5336 169648 2336 54496  4848 54496 1110  722  0  1 86 12  0
 0  1 6544824 199144   5604 171504 58512    0 60848     0 3503 4586  0  1 92  7  0
 0  2 6492480 155036   5048 166316 101728 49152 101732 49156 4871 7148  1  2 93  3  0
 0  1 6489236 152516   5160 166248 36276 32768 36400 33576 2210 2796  0  1 92  6  0
 0  1 6493332 154612   5160 167244 28712 32768 29700 33260 2104 2429  0  1 92  7  0
 0  2 6480680 153304   5420 168200 55928 43008 57100 43008 3281 4190  0  2 93  5  0
 0  1 6483604 153488   5556 169444 17628 20480 19124 20552 1836 2034  0  1 85 14  0
 1  0 6474032 150676   5556 169560 65048 55296 65420 55296 3484 4733  1  2 94  4  0
 1  0 6476948 150676   5556 169644 54828 57344 54828 57344 3058 4009  0  2 94  3  0
 0  1 6491028 155848   5556 169300 49364 63488 49364 63488 2883 3641  0  2 95  3  0
 1  1 6503828 165424   5540 169064 48652 61060 48652 61060 2665 3516  0  2 95  3  0
 0  4 6492052 152572   5456 168896 47136 35264 47408 35312 2622 3496  0  1 91  7  0
 0  1 6496916 158936   5424 169344 52616 57476 53688 57476 2982 3906  0  2 91  7  0
 0  2 6518164 165180   5424 168204 58188 79292 58188 79292 2987 4127  0  2 93  5  0
 1  2 6521200 161204   5424 168284 49480 52420 50076 52420 2840 3650  1  1 92  6  0
 1  0 6505620 155376   5424 168068 60580 44796 60580 44796 3277 4398  0  2 92  6  0
 0  1 6509972 154392   5424 168372 50596 55416 50596 55416 3135 3824  0  2 93  4  0
 0  0 6509716 155660   5424 167812 62316 61612 62316 61612 3397 4491  0  2 93  5  0
 0  1 6515092 155912   5432 167884 23244 28736 23244 29464 1676 1898  0  1 92  7  0
 0  1 6534804 170020   5432 166436 56840 76372 56840 76384 3375 4231  0  2 93  5  0
 0  2 6525844 157924   5432 165800 64780 55744 64780 55744 3323 4640  0  2 93  5  0
 0  3 6565780 190968   5132 164212 42412 82592 42528 82592 2557 3185  0  2 92  6  0
 0  2 6556564 178328   4812 163184 47064 37568 47064 37568 2529 3454  0  1 89  9  0
 0  3 6595940 204032   3988 161572 37276 76640 37284 76640 2170 2795  0  2 90  8  0
 0  1 6543252 155680   4000 161788 72160 19308 72172 19356 3227 5038  0  2 89  9  0
 0  1 6488612 152648   3840 160620 91656 37076 91656 37076 4334 6356  1  2 94  3  0
 1  1 6438292 152112   3836 160184 91344 40400 91344 40400 4585 6455  1  2 94  3  0
 0  3 6440596 154664   3812 160016 36552 39056 36656 39056 2353 2864  0  1 93  5  0
 0  2 6458772 167192   4532 160660 5376 23164  7284 23164 1516 1121  0  1 90  9  0
 0  2 6492564 188860   4424 159856 52124 86424 52208 86424 2931 3802  0  2 92  6  0
 0  2 6485652 181804   4140 158312 58444 51424 58800 51424 3003 4219  0  2 93  5  0
 0  1 6512344 215028   4140 160724 6064 32760  8320 32760 1239  907  0  1 91  8  0
 0  1 6469524 159516   4524 160652 86308 42796 86924 42796 4448 6422  1  2 92  5  0
 0  3 6475156 163296   5300 162052 28932 35016 32052 35332 2493 2623  0  1 91  7  0
 1  0 6470036 164116   5308 162048 19600 14432 19600 14764 1165 1548  0  0 87 12  0
 0  3 6469524 171376   5228 161876 67112 66252 67856 66252 4241 5014  1  2 92  6  0
 1  0 6454932 154240   5184 161900 52788 37972 53136 37972 2942 3943  1  1 90  8  0
 0  1 6456016 162052   5164 161412 57344 58508 57464 58508 3217 4201  0  2 91  7  0
 0  2 6484216 195356   5064 160740 44704 72860 45028 72860 2837 3406  0  2 91  7  0
 0  1 6469268 173528   4980 162224 47808 32608 49260 32676 2751 3695  0  1 88 10  0
 1  0 6463380 173524   4944 162060 20864 14888 20864 15836 1412 1763  0  1 92  7  0
 0  1 6451452 155632   4944 161620 63852 51864 63852 51864 3280 4544  0  2 95  3  0
 0  2 6458004 171688   4944 160852 33628 40328 33804 40328 2129 2566  0  1 95  4  0
 0  2 6459028 167932   4944 161976 31432 32496 32832 32496 2401 2614  0  1 91  7  0
 0  1 6473108 167932   4952 162488 42556 56320 43380 56392 2588 3313  0  2 89  9  0
 0  2 6477972 185288   4940 161600 51108 55912 51236 55912 3022 3690  0  2 92  6  0
 0  1 6451348 159688   4940 160792 63116 36088 63128 36088 3121 4468  0  1 93  5  0
 0  2 6444436 170012   4916 160608 40688 33820 41648 33820 2680 3178  0  2 93  5  0
procs -----------memory---------- ---swap-- -----io---- -system-- ------cpu-----
 r  b   swpd   free   buff  cache   si   so    bi    bo   in   cs us sy id wa st
 1  2 6463636 181620   4804 160376 39376 58588 39572 59256 2403 3030  0  1 95  3  0
 1  0 6437780 156412   4812 160384 25864    0 25864   176 1251 1940  0  1 92  7  0
 0  2 6468404 190988   4024 158104 59308 89936 59308 89964 3404 4318  0  2 92  5  0
 1  1 6427284 155904   4020 158292 56788 15732 56788 15796 2609 3966  0  1 96  3  0
 0  2 6462100 197232   2976 155520 56240 90636 56376 90636 3394 4028  0  2 90  7  0
 0  2 6457748 185356   4840 162932 4224    0 13468     0 1277 1103  0  0 91  8  0
 2  1 6434964 158644   4980 171364 22956    0 31652     0 1898 2183  0  1 93  6  0
 0  2 6509204 234812   4580 162952 26772 101184 26776 101184 2043 2132  0  2 91  7  0
 0  1 6426004 154360   4580 162936 104928 21820 104928 21820 4449 7122  1  2 93  5  0
 1  0 6429332 173512   4580 158496 63792 67008 63792 67008 3332 4440  0  2 93  4  0
 0  2 6407108 158644   4580 158724 49016 26664 50252 26664 3348 3942  0  1 94  5  0
 0  1 6414228 169440   4504 158760 43384 50328 44012 50328 3062 3372  0  2 93  5  0
 0  2 6393236 152452   4168 157932 61132 40304 61780 40316 3213 4382  0  2 91  7  0
 1  2 6396820 155948   4792 161024 4428 7940  8172  7940 1103  874  0  0 89 11  0
 0  2 6400916 155632   5844 163836 6920 11064 10660 11080 1496 1162  0  1 90 10  0
 0  3 6458772 217876   5184 161332 21036 78708 23328 78708 2253 1950  0  2 88 10  0
 1  1 6452372 207804   5452 165696 6704    0 11236     0 1809 1733  0  0 89 10  0
 1  0 6417044 178212   5448 163164 77744 43136 77744 43136 4045 5397  0  2 96  2  0
 0  1 6409620 166368   5352 160660 64232 56820 64232 56820 3759 4544  0  2 94  4  0
 1  1 6397332 166620   5148 159312 50304 38380 50384 38436 3077 3729  0  2 91  7  0
 0  2 6402708 165360   4780 158348 52860 57780 54076 57780 3418 3975  0  2 92  6  0
 0  2 6418580 192764   4276 154476 40568 55860 40932 55860 3070 3329  0  2 92  6  0
 0  1 6401684 191604   4276 154384 56324 39624 56324 39624 2966 3942  0  2 93  5  0
 0  1 6371732 165900   3944 152700 61284 31400 61284 32232 3271 4365  0  1 94  4  0
 0  2 6433428 226600   2932 148884 48476 110060 49176 110060 3225 3543  0  2 91  7  0
 1  0 6405524 199384   2940 148856 27920    0 27920    64 1342 1986  0  0 93  6  0
 0  3 6374900 172672   3072 147840 88528 58016 88800 58016 4538 6398  1  2 92  5  0
 0  2 6373776 165900   3188 148512 42564 41512 44008 41512 2899 3384  0  1 92  6  0
 0  2 6386068 179328   3184 147544 61444 73632 61444 73632 3379 4394  0  2 93  4  0
 1  0 6364820 164712   3184 147412 62456 40980 62456 40980 3180 4363  0  2 95  3  0
 1  0 6351764 162412   3184 146516 64788 52040 64788 52040 3582 4521  0  2 92  5  0
 1  0 6345364 154852   3184 145480 70072 63028 70288 63028 3958 4913  0  2 93  4  0
 0  1 6368660 172744   3116 146112 39864 63452 40580 63464 2815 3118  0  2 93  5  0
 0  2 6367892 165936   3020 145704 64452 63356 64452 63356 3353 4578  1  2 93  4  0
 0  2 6361492 159384   2864 145352 67164 60672 67164 60672 3727 4682  0  2 94  4  0
 0  1 6344084 153336   2832 145436 61224 43864 61224 43864 3517 4345  0  2 93  4  0
 0  2 6367380 163668   2832 144720 61224 84452 61224 84452 3538 4341  0  2 92  5  0
 0  1 6380180 173780   2832 144820 57800 70352 58204 70352 3481 4168  0  2 91  7  0
 1  1 6352788 156856   2832 144408 77068 49980 77068 49980 3802 5348  1  2 95  2  0
 0  2 6377108 167448   2832 144104 60880 84856 60880 84856 3673 4339  0  2 92  5  0
 0  1 6365332 159068   2832 144012 67604 55972 67604 56016 3350 4717  1  2 95  3  0
 0  1 6362516 159400   2832 143816 62388 59492 62388 59492 3564 4384  0  2 94  4  0
 0  2 6371732 169700   2832 143900 47928 57084 48168 57084 2941 3509  0  2 92  6  0
 0  1 6358856 160404   2832 143908 66652 53908 66824 53908 3507 4713  0  2 94  3  0
 0  1 6372872 169980   2832 143748 58624 72652 58624 72652 3526 4216  0  2 93  4  0
 0  1 6367636 165696   2832 143316 63004 57568 63004 57568 3503 4504  0  2 95  3  0
 0  1 6376628 167964   2832 143472 63552 72640 63552 72640 3547 4508  0  2 94  4  0
 1  0 6359188 154356   2832 143292 68356 50700 68356 50700 3711 4800  0  2 93  5  0
 0  1 6378900 168216   2832 143496 46032 65580 46428 65580 3269 3470  0  2 92  6  0
 0  1 6391956 174768   2832 142524 66672 80012 66672 80012 4025 4709  0  2 93  4  0
 1  1 6374736 167460   2832 142148 68520 51256 68568 51256 3691 4797  1  2 94  3  0
 1  0 6375060 166200   2832 141744 52316 52404 52716 52404 3388 3926  0  2 93  5  0
 1  0 6372244 170736   2832 140500 65552 62936 65552 62936 3465 4641  1  2 94  4  0
 0  1 6361048 157628   2832 140164 56884 45680 57328 45680 4322 4108  1  2 93  5  0
 0  1 6367124 155612   2832 139828 66152 71644 66152 71644 3697 4723  0  2 94  3  0
 0  1 6369172 169220   2832 139028 60872 63220 60872 63220 3563 4316  0  2 93  5  0
 0  2 6397588 181820   2832 137676 61896 90028 61896 90028 3632 4393  0  2 93  5  0
 0  1 6364820 156368   2832 137280 73920 41256 73920 41256 3623 5168  1  2 94  4  0
 3  0 6368148 163740   3684 139312 28744 31928 32288 31928 2312 2639  0  1 91  8  0
 0  5 6395028 173936   5040 142808 4992 32220 12188 32220 1767 1350  0  1 87 12  0
 0  2 6448276 234692   5040 144544 2328 55252  4112 55252 1364  642  0  1 80 19  0
 0  5 6442132 223856   5056 149864 6868    0 11756     0 1539 1385  0  0 90 10  0
 0  3 6435476 214280   5592 151680 7380    0  9648     0 1732 1470  0  0 86 13  0
 1  2 6392468 171932   5716 152160 63668 20464 64820 20464 3809 5015  1  2 92  6  0
 1  2 6410644 189368   5492 146796 59340 77232 59696 77232 3396 4399  0  2 92  5  0
 0  5 6477204 257408   5500 147436  760 67252  1456 67308  713  506  0  1 77 22  0
 0  2 6471316 246148   5500 153928 5916    0 12336     0 1435 1223  0  0 89 11  0
 0  2 6465172 236108   5500 159224 6752    0 12032     0 1429 1266  0  0 88 12  0
 0  2 6450324 219516   5500 164116 15624    0 16472     0 2000 1825  0  0 90 10  0
 0  4 6438804 206356   5920 168416 12352    0 13576     0 2108 1846  0  1 88 12  0
 0  2 6431636 192004   5948 169876 12220    0 13320    52 1822 1614  0  1 86 14  0
 0  2 6409364 162196   6096 176064 22392    0 28600     0 2148 2322  1  1 90  9  0
procs -----------memory---------- ---swap-- -----io---- -system-- ------cpu-----
 r  b   swpd   free   buff  cache   si   so    bi    bo   in   cs us sy id wa st
 1  4 6444436 192080   4288 168172 51496 86220 52832 86984 4034 4204  0  2 87 11  0
 0  6 6503644 260400   4288 168364  496 59556   668 60060  918  599  0  1 74 25  0
 0  4 6500828 257116   4340 170028 2988    0  4704   176 1676 1505  0  1 80 20  0
 0 13 6498012 249284   4860 172804 3188    0  6784    92 1621 1439  0  1 62 37  0
 0 14 6493660 242280   4860 175084 5916    0  7620     0 2596 2678  0  1 60 39  0
 0  6 6490332 236476   5124 176416 4208    0  5684     0 1753 1729  0  0 70 29  0
 0  3 6485724 229484   5520 178340 5592    0  7660   120 1425 1464  0  0 83 16  0
 1  0 6457564 197340   5676 182848 28272    0 32660   144 2622 2807  0  1 86 13  0
 0  2 6434964 169312   5676 182572 48320 25368 48320 26476 2737 3620  0  1 92  7  0
 0  1 6422868 160492   5660 179840 61924 49496 61924 49724 3285 4407  0  2 93  5  0
 0  2 6416020 163264   5580 177792 52388 45440 52388 45440 3179 3942  0  1 92  6  0
 0  2 6407572 157276   5308 176808 58740 50308 58924 50308 3314 4232  0  2 94  4  0
 0  1 6418400 170844   4536 172948 55228 65968 56004 65968 3501 4252  0  2 94  4  0
 0  1 6416864 167192   4548 174848 1740    0  3556    52  982  736  0  0 85 15  0
 0  4 6420884 169340   4428 175088 56948 61080 57872 61080 3637 4429  1  2 90  8  0
 1  0 6419092 163504   4504 175976 25032 22888 26704 22888 2206 2337  0  1 90  8  0
 0  1 6407260 154188   4388 174116 33372 21312 33372 22044 1896 2592  0  1 93  6  0
 0  1 6409248 158976   4336 173584 33396 35700 33872 35700 2380 2651  0  1 92  6  0
 3  1 6421140 166836   4304 173716 12276 24028 12928 24100 1456 1292  0  1 87 12  0
 0  1 6426072 168080   4236 172996 58688 63472 59356 63472 3829 4391  1  2 92  6  0
 1  0 6416020 161568   4236 172428 53048 42844 53864 42844 3199 3969  0  1 93  6  0
 0  2 6420372 174704   4112 169208 41280 45560 41280 46028 2642 3102  0  1 93  5  0
 0  2 6418484 167140   4004 167504 43920 41908 43920 42356 2753 3528  0  2 94  4  0
 0  3 6453648 207680   3936 166604  992 36136  1332 36208  731  544  0  1 83 16  0
 0  1 6416276 168612   3896 165552 73944 36368 73944 36368 3899 5350  0  2 93  5  0
 0  1 6416788 170124   3824 164496 59556 59920 59556 59920 3530 4282  0  2 94  4  0
 0  2 6447764 207672   3272 162732 20152 51020 20468 51032 1516 1719  0  1 89 10  0
 1  0 6419604 179204   3272 164308 28316    0 30004     0 2089 2429  0  1 92  7  0
 0  1 6399892 155264   3244 163748 50100 29976 50100 29976 2917 3783  0  1 95  4  0
 0  2 6397844 152240   3244 163868 2712    0  2860     0 1198 1083  0  0 95  5  0
 0  1 6414740 169880   3228 163688 2640 18428  2660 18428 1029  960  0  0 93  6  0
 0  1 6411156 165344   3228 163672 4660    0  4660     0 1068 1054  0  0 96  4  0
 0  1 6408340 163908   3236 164212 3184    0  3656    28  925  848  0  0 89 10  0
 0  1 6400660 155088   3236 164232 9000    0  9000     0 1095 1231  0  0 97  3  0
 0  1 6416532 171052   3224 163728 6616 22028  6616 22664 1262 1070  0  1 95  4  0
 0  1 6406292 159208   3224 163728 11708    0 11708     0 1215 1331  0  1 96  4  0
 0  1 6415096 167524   3204 163264 11464 19092 11464 19092 1358 1338  0  1 96  3  0
 0  1 6403320 154672   3204 163284 12964    0 12964     0 1317 1412  0  0 95  4  0
 1  1 6437012 192440   3160 162404 3376 36588  3376 36640  770  584  0  1 90 10  0
 0  1 6427284 183572   3160 162460 10596    0 10660     0 1388 1334  0  0 95  5  0
 0  1 6416276 171272   3160 162460 12020    0 12020    28 1230 1349  0  0 96  4  0
 1  2 6418068 164972   3028 161072 42500 43348 42500 43348 2827 3267  0  1 95  4  0
 0  1 6413716 172056   2988 160432 43204 38680 43204 38680 2886 3255  0  2 94  4  0
 0  1 6423444 192216   2776 157028 47260 56932 47260 56932 2913 3468  0  2 93  4  0
 1  0 6382484 153368   2724 156504 78312 37608 78512 37608 4213 5880  1  2 93  5  0
 0  2 6381204 155440   2708 155856 42020 40880 42020 40924 2323 3088  0  1 92  7  0
 1  0 6413972 186436   2540 152100 55444 88748 55444 88748 3949 4021  0  2 92  5  0
 0  1 6395028 181112   2800 151180 70572 51324 70852 51324 3707 5008  0  2 94  3  0
 0  1 6379156 164228   2800 151140 17060    0 17060     0 1685 1735  0  0 94  5  0
 0  2 6406292 176828   4444 152284 7904 34544 11224 34544 1679 1491  0  1 91  7  0
 0  3 6401684 167552   5252 156088 4620    0  9060     0 1049  913  0  0 90  9  0
 0  1 6390676 155132   5520 157844 11680    0 13756     0 1604 1478  0  0 93  7  0
 0  3 6399124 164264   5516 163652 6276 14376 12184 14376 1028  964  0  1 93  6  0
 0  5 6397076 157380   5748 169348 2336    0  8276     0  911  930  0  0 87 12  0
 1  0 6415936 163436   5888 174192 3908 22276  9716 22276 1567 1010  0  1 89 10  0
 4  1 6407744 154640   5888 174356 8748    0  8884   584 1089 1138  0  0 94  6  0
 0  2 6427284 173076   5876 175024 3732 22920  4524 23404 1185  806  0  1 85 15  0
 0  1 6414996 160476   5876 175004 12716    0 12716    96 1304 1343  0  0 95  5  0
 0  2 6499220 258064   5836 165240 9388 93000  9388 93000 1450 1204  0  2 92  6  0
 0  2 6488980 255008   6096 165928 11252  564 11944   564 1400 1489  0  0 90  9  0
 0  1 6413972 179432   6360 166828 75104    0 76212     0 3828 5503  1  1 94  5  0
 0  2 6402964 162548   6300 164632 78564 68240 78564 68240 4284 5626  1  2 93  4  0
 1  0 6399664 167840   6148 163792 35784 32192 35784 32256 1826 2731  0  1 86 12  0
 0  1 6397588 170420   5792 161872 42704 40460 42704 40460 3194 3524  0  1 94  4  0
 0  1 6412436 186452   5040 159600 20160 34220 20160 34220 2087 2057  0  1 93  5  0
 0  1 6398612 171332   5052 159800 15160    0 15520     0 1741 1766  0  0 94  5  0
 0  2 6385300 156960   5176 159924 13928    0 14432     0 1490 1583  0  0 94  6  0
 0  2 6410900 182412   5420 162008 3280 28356  6696 28356 1099  757  0  1 94  5  0
 0  2 6405780 174024   5936 166292 5080    0  9608     0 1440 1143  0  0 92  7  0
 0  1 6399636 165456   6340 168308 5956    0  8300     0 1365 1098  0  0 93  7  0
 0  2 6421652 180316   5564 167572 14344 36416 14344 36896 2055 1615  0  1 90  9  0
 1  2 6403220 173260   5220 162556 31504 12740 31768 12844 2079 2471  0  1 95  4  0
procs -----------memory---------- ---swap-- -----io---- -system-- ------cpu-----
 r  b   swpd   free   buff  cache   si   so    bi    bo   in   cs us sy id wa st
 1  1 6426004 195184   5220 163148 31376 54440 31916 54440 2120 2607  0  2 90  9  0
 0  1 6417044 178736   5100 163080 47036 37816 48100 37888 3024 3604  0  1 92  6  0
 0  1 6403476 171500   5096 164704 27756 14228 29788 14228 2314 2575  0  1 91  8  0
 0  1 6396308 163860   5096 164900 8140    0  8232     0 1554 1769  0  0 94  5  0
 0  1 6402708 168908   5096 164392 13708 19788 13708 19788 1532 1521  0  1 95  4  0
 1  1 6394772 161600   5096 164420 8264    0  8264   672  943  995  0  0 96  3  0
 0  4 6424468 181508   5072 162452 9192 38212  9580 38264 1513 1325  0  1 88 11  0
 0  1 6432404 187980   5072 163796 6700 14432  7980 14432 1153 1053  0  1 86 13  0
 0  1 6408596 163756   5092 163876 24136    0 24240     0 2231 2369  0  1 93  6  0
 0  1 6403476 167788   5088 163732 20492 14676 20568 14676 1906 1976  0  1 94  6  0
 0  3 6436500 201888   4904 161972 18824 51664 18892 52348 1863 1784  0  1 82 17  0
 0  3 6415252 182048   4912 163220 21196    0 22248    88 1616 1913  0  1 92  7  0
 0  1 6419604 177008   4824 162196 39316 43748 39316 43748 2553 3089  0  1 91  7  0
 0  1 6414740 170960   4824 162276 5940    0  6012     0 1100 1166  0  0 96  4  0
 0  1 6404756 160872   4824 162240 10212    0 10212     0 1056 1252  0  0 97  3  0
 0  1 6406292 173724   4784 162020 11088 11924 11088 11924 1279 1295  0  1 96  3  0
 0  1 6399380 166668   4784 161996 7060    0  7060   600  898  870  0  0 96  4  0
 1  2 6396052 157596   4748 161916 15200 11824 15200 11824 1613 1571  0  1 94  5  0
 0  1 6387860 152028   4688 161840 18164 9356 18192  9356 1872 1900  0  1 94  5  0
 0  1 6426004 195136   3988 160392 10548 48536 10548 48536 1297 1087  0  1 94  5  0
 2  0 6387604 155824   3988 160420 39072    0 39072     0 2445 3173  0  1 94  5  0
 0  3 6397588 159860   2644 157260 43524 53716 43524 53816 2585 3208  0  1 92  6  0
 0  1 6406824 176744   2644 157244 15316 24060 15316 24060 1658 1644  0  1 93  6  0
 1  0 6392488 161332   2644 157280 15052    0 15284     0 1673 1745  0  1 94  5  0
 1  0 6394004 166876   2636 156872 17112 18292 17112 18292 1901 1806  0  1 94  5  0
 0  1 6410900 186572   2612 156196 16092 32376 16092 32376 1551 1556  0  1 94  5  0
 0  1 6390164 165908   2612 156232 20928    0 20928     0 1762 2010  0  1 95  5  0
 0  3 6399124 175736   2616 155412 14360 23056 14572 23076 1483 1510  0  1 92  7  0
 0  1 6410900 179272   2596 154072 31172 43356 31492 43388 2436 2481  0  1 93  6  0
 0  1 6396564 164396   2596 153992 15396    0 15396     0 1582 1662  0  0 95  5  0
 0  1 6393492 169940   2596 153924 18036 13896 18036 13896 1728 1886  0  1 94  5  0
 0  1 6393860 169184   2580 153564 18420 19312 18420 19312 1940 1802  0  1 94  5  0
 0  1 6399124 175228   2576 152764 17948 23404 17948 23404 1627 1676  0  1 95  4  0
 1  0 6378900 155084   2576 152696 20756    0 20804     0 1846 1988  0  1 94  5  0
 1  1 6421396 200420   2572 150256 37776 80132 37776 80132 2852 2899  0  2 94  4  0
 0  1 6398356 177456   2572 150284 23392  172 23392   172 1858 2144  0  1 95  5  0
 0  1 6375572 154776   2572 150276 22932    0 22932     0 1800 2136  0  1 95  5  0
 0  1 6383184 166116   2568 148784 25792 33776 25792 33776 2050 2200  0  1 94  5  0
 0  3 6376784 152184   2568 155456 6260    0 13032     0 1692 1351  0  0 92  8  0
 0  4 6473296 259300   2784 150524 1032 97392  2236 97392 1155  713  0  2 83 15  0
 0  7 6470736 248968   4252 157040 3080    0 10876     0  982  923  0  0 82 18  0
 0  5 6467664 238100   5504 163868 3136    0 11084     0 1193 1234  0  0 78 21  0
 1  3 6460240 225456   5508 167836 7672    0 11808     0 2180 2182  0  1 84 15  0
 0  6 6453072 215796   5644 170952 7568    0 10816   652 2371 2492  0  1 81 19  0
 0  3 6449744 209140   5792 173124 3788    0  5884   100 1500 1737  0  0 76 23  0
 0  2 6443344 195628   5792 177632 7680    0 12044     0 2066 2414  0  1 84 15  0
 0  2 6434896 186564   5792 177964 9904    0 10236     0 2079 2519  0  1 93  7  0
 0  2 6427216 177744   5792 177964 8784    0  8784     0 1915 2201  0  0 91  8  0
 0  1 6415184 163632   5792 178476 13036    0 13520     0 1525 1805  0  0 91  8  0
 2  0 6404220 163460   5744 168844 21252 10656 21824 10776 2073 2149  0  1 94  5  0
 0  1 6406804 169004   5744 168604 31972 34080 31972 34080 2864 2875  0  1 93  5  0
 0  1 6397508 161696   5744 168304 26880 16968 26880 16968 2051 2280  0  1 94  4  0
 0  1 6389828 152936   5744 168344 8732    0  8976     0 1632 1926  0  1 94  6  0
 0  1 6428308 180152   5744 167908 5696 43692  5696 43692  867  836  0  1 96  4  0
 0  2 6424980 176624   5744 168996 3344    0  4480   616 1204 1164  0  0 91  9  0
 0  1 6411924 164300   5752 169092 12288    0 12288   200 1141 1331  0  0 93  7  0
 0  1 6396780 161276   5752 168680 28012 12976 28012 12976 2235 2474  0  1 94  5  0
 0  1 6389908 156488   5752 168232 25828 18612 25828 18612 2260 2282  0  1 94  5  0
 0  1 6419860 183452   5736 166772 29308 59220 29308 59220 2394 2509  0  2 92  6  0
 0  1 6406876 169080   5728 166604 34076 20456 34220 20456 2697 2915  0  1 94  5  0
 1  1 6414996 165056   5732 166316 16700 24592 17356 24688 1428 1525  0  1 89 10  0
 0  1 6406036 162536   5732 165800 26684 17132 26684 17132 2105 2482  0  1 95  5  0
 0  1 6408340 170348   5732 165384 15444 16948 15444 16948 1980 2294  0  1 95  4  0
 0  1 6397588 158000   5732 165300 12216    0 12216     0 1632 2033  0  0 95  4  0
 0  1 6430960 190184   5732 162292 11040 43972 11056 43972 1755 1741  0  1 94  5  0
 0  2 6411248 171056   5740 162220 19260    0 19260    20 1371 1727  0  0 93  6  0
 0  1 6409620 178364   5740 160996 26568 25236 26568 25236 1882 2290  0  1 95  4  0
 0  3 6398868 163660   5756 164896 10236    0 14204     0 1538 1462  0  1 92  7  0
 0  1 6409624 166612   5508 165576 21048 31288 22856 31288 2275 2165  0  1 93  5  0
 0  3 6423104 178976   5060 165124 15052 28364 15964 28364 1920 1710  0  1 94  5  0
 0  1 6409280 165856   5388 166524 13752    0 15228     0 1427 1480  0  0 93  6  0
 0  1 6396480 153508   5392 167208 12940    0 13656   760 1753 1627  0  0 90  9  0
procs -----------memory---------- ---swap-- -----io---- -system-- ------cpu-----
 r  b   swpd   free   buff  cache   si   so    bi    bo   in   cs us sy id wa st
 1  3 6409620 171060   4956 166600 13664 26928 14480 26988 2120 1623  0  1 89  9  0
 0  1 6418068 188708   4508 166224 22032 31192 22364 31192 1979 1942  0  1 90  9  0
 0  2 6389140 159996   4508 166288 29028    0 29240     0 2212 2605  0  1 94  5  0
 0  1 6393468 166164   4076 166444 27000 31620 27776 31620 2475 2425  0  1 93  5  0
 0  1 6434196 217352   3168 162428 19576 60620 19576 60620 2025 1808  0  1 92  7  0
 0  1 6396308 179552   3168 162388 37412    0 37412    28 2252 2928  0  1 95  4  0
 0  1 6388372 172756   3176 159916 44604 36616 44604 36680 2612 3284  0  1 91  8  0
 0  1 6387092 162196   3012 158676 46828 45316 47516 45316 3265 4021  0  2 92  6  0
 0  1 6390676 174096   3008 157472 47880 51268 47880 51268 3134 3619  0  2 94  4  0
 0  2 6385812 164488   3008 157136 22488 16848 22488 16848 2129 2200  0  1 93  6  0
 0  1 6384788 169788   3008 156768 19324 17932 19324 17932 1964 2052  0  1 94  5  0
 1  1 6381716 170292   3004 155740 20316 16596 20316 16596 2017 1980  0  1 93  6  0
 0  3 6421140 206800   2948 153724 19676 58860 19776 59480 1850 1837  0  1 88 11  0
 1  0 6404244 190152   2948 154084 16752    0 16976   464 1584 1752  0  1 94  6  0
 0  1 6373012 158652   2948 154064 31312    0 31312     0 2260 2721  0  1 94  5  0
 0  1 6422932 205052   2908 151628 21432 71672 21432 71672 2338 1991  0  2 92  6  0
 0  1 6398612 182120   2908 151596 24604    0 24604     0 1986 2330  0  1 94  6  0
 0  2 6377568 168764   2916 151484 36564 15896 36564 15920 2383 2908  0  1 92  7  0
 0  1 6376084 165128   2916 151184 19992 17776 20112 17776 2245 2802  0  1 94  5  0
 0  2 6378644 164876   2888 150024 55380 58472 55380 58472 3315 4054  0  2 94  4  0
 0  1 6370964 156308   2872 149356 27036 18844 27036 18844 2223 2970  0  1 93  6  0
 0  1 6381972 169664   2872 148124 25556 36028 25556 36028 1959 2313  0  1 95  3  0
 0  1 6401940 191556   2844 146708 19116 39604 19116 39604 2114 2456  0  1 94  5  0
 0  1 6378900 168324   2844 147164 23404    0 23836     0 2125 2625  0  1 95  4  0
 0  1 6366612 162528   2844 146924 25192 12724 25192 12724 2364 2866  0  1 95  4  0
 0  1 6384000 177144   2784 146500 18644 35728 18644 35728 1904 2112  0  1 94  4  0
 0  1 6361728 154976   2784 146508 22048    0 22048     0 1966 2208  0  1 94  5  0
 1  1 6379668 180680   2744 145624 26000 43688 26000 43688 2661 2573  0  1 94  5  0
 0  2 6368916 161820   2744 148736 18960 8392 21896  8392 1706 1891  0  1 95  4  0
 0  4 6373780 169356   2704 150172 4244 9080 12636  9084 1281  980  0  0 91  8  0
 0  7 6371476 156228   4732 159000 2568    0 13208     0 1030  861  0  0 77 22  0
 0  2 6386324 166032   5820 166004 1796 16400 10236 16400 1026  825  0  1 84 15  0
 0  3 6381716 157480   6360 169900 5080    0  9064     0 1248 1117  0  0 91  9  0
 0  4 6396052 164496   6648 171132 5352 19256  7432 19572 1818 1408  0  1 87 13  0
 0  2 6395284 159132   7500 173388 1064    0  4540     0 1357 1235  0  0 82 18  0
 0  3 6393748 155784   7648 174540 1820    0  2664    48  641  718  0  0 79 21  0
 0  3 6403732 168132   7780 177632 4580 14348  7756 14348 1424 1238  0  1 85 14  0
 0  7 6399636 162588   7784 179008 4356    0  5796     0 1593 1387  0  0 81 18  0
 0  9 6394772 156256   7784 179944 5840    0  6816     0 1495 1633  0  0 73 26  0
 0  1 6395028 164320   7712 169724 18104 18092 18528 18092 2173 2122  0  1 89 10  0
 1  1 6428564 190560   7724 170076 12700 46204 13440 46260 1384 1352  0  1 91  8  0
 0  1 6397588 165864   7724 169828 46636 15712 46716 15712 2754 3551  0  1 95  4  0
 0  1 6385044 153604   7724 169692 40860 28568 41296 28568 3044 3529  0  1 92  6  0
 0  0 6392212 157888   7724 168812 44180 51244 44180 51244 2794 3310  0  2 93  5  0
 0  4 6398100 168820   7632 168952 10824 16856 11396 17880 1416 1529  0  1 86 13  0
 0  3 6397332 165756   7644 171160  828    0  3256   252  907  711  0  0 81 19  0
 0  1 6393492 159572   7404 171176 39148 35128 39676 35128 2858 3305  0  1 93  5  0
 0  1 6406292 168392   7100 170352 37084 49916 37084 49916 3209 3837  0  2 94  4  0
 0  1 6394260 160580   7008 170716 28432 15984 28960 15984 2673 3459  0  1 94  5  0
 0  1 6397076 172644   6724 169944 29624 31748 29624 31748 2483 3133  0  1 93  5  0
 1  1 6396052 168108   6516 169000 32260 31872 32300 31872 2901 2792  0  1 94  4  0
 0  1 6406492 178440   6136 168100 26548 37084 26548 37132 2508 2803  0  1 95  4  0
 0  1 6383988 163384   5928 167572 48692 26204 48692 26204 2901 3613  0  1 94  4  0
 1  0 6399180 171156   5620 166536 25688 40612 25688 40612 2273 2908  0  1 94  5  0
 1  0 6388300 162084   5496 165380 47300 36464 47300 36464 3006 3585  0  1 94  4  0
 0  1 6413204 185268   5272 163984 38548 63732 38548 64172 2879 2971  0  2 92  6  0
 0  1 6380948 157044   5108 163624 48876 16236 48876 16236 2817 3673  0  1 95  3  0
 0  3 6409620 185888   4932 164028 7500 36228  8752 36228 1261  905  0  1 91  8  0
 0  2 6406036 173924   5536 169232 3824    0  8784     0 1251 1071  0  0 87 12  0
 0  2 6402196 161916   6536 175364 3972    0 10272     0 2105 1445  0  1 90  9  0
 0  1 6400404 169116   6912 176028 16540 14628 19760 14628 2570 2651  0  1 93  6  0
 0  1 6405268 171252   6140 172060 35152 40196 35152 40288 2825 2672  0  1 93  5  0
 1  0 6381044 157140   5736 168236 67712 43352 67712 43832 3899 4931  0  2 94  4  0
 0  1 6374804 155124   5336 164732 51848 45352 51848 45352 3245 4112  0  2 94  4  0
 0  2 6409364 187380   4912 159156 46976 81488 46976 81488 3155 3508  0  2 92  5  0
 0  1 6369684 159780   4764 159540 46788 6956 47400  6956 2882 3871  0  1 94  5  0
 0  1 6377364 162780   4108 156004 52676 60224 52676 60224 3423 3948  0  2 94  4  0
 2  0 6359700 160276   3476 154252 50732 33048 50732 33048 3108 3758  0  2 95  3  0
 0  1 6388372 184564   2928 153208 21100 49628 21100 49652 1806 1731  0  1 85 14  0
 0  1 6365588 165704   2928 152256 54520 31316 54520 31316 3717 4368  0  2 94  4  0
 0  1 6354684 153088   2928 152048 48556 37660 48884 37660 2956 3734  0  1 93  5  0
 0  4 6389364 182564   2920 153324 4124 38472  5904 38472 1152  695  0  1 92  7  0
procs -----------memory---------- ---swap-- -----io---- -system-- ------cpu-----
 r  b   swpd   free   buff  cache   si   so    bi    bo   in   cs us sy id wa st
 1  3 6385780 170656   3332 159524 3388    0  9908     0 1335 1032  0  0 85 15  0
 0  2 6403988 182216   3404 160676 19928 37996 21836 38560 2072 1915  0  1 87 11  0
 0  2 6400916 176088   3408 162496 3504    0  5244     0 1209  971  0  0 91  9  0
 0  1 6387348 174032   3368 162832 26640 12472 27144 12472 2636 3017  0  1 91  8  0
 0  3 6452116 230292   3212 155872 23524 88768 23616 88768 2269 2127  0  2 89  9  0
 0  1 6464404 250000   3224 157524 9832 22180 11608 22240 1999 1356  0  1 88 11  0
 0  1 6401428 187000   3224 157720 63208    0 63208     0 4100 5897  0  1 95  3  0
 0  2 6409108 194932   3164 155552 44876 52384 45628 52404 3715 4304  0  2 92  6  0
 0  2 6375828 160872   3960 156724 33168    0 35180     0 2466 3051  0  1 93  6  0
 0  1 6394260 187596   4496 155988 31044 49408 31852 49408 3243 3186  0  2 93  5  0
 0  1 6391956 188572   4492 155524 38144 35700 38144 35700 2827 3508  0  1 94  5  0
 0  3 6368600 168160   4468 155240 42640 18976 42640 19700 2756 3305  0  1 93  6  0
 0  1 6392280 181956   4436 154572 17380 40904 17380 41440 1779 2094  0  1 88 11  0
 1  0 6364052 156064   4436 154224 45468 17240 45468 17240 2630 3506  0  1 95  3  0
 1  0 6364052 154040   4332 153948 39668 39716 39988 39716 2924 3229  0  2 93  5  0
 0  2 6394516 185028   4676 153904 27408 57908 28776 57908 2271 2222  0  1 90  8  0
 0  3 6388884 172032   5912 158620 5636    0 11544     0 1462 1473  0  0 90  9  0
 1  4 6387860 163432   5932 166344  840    0  8292    64  934  875  0  0 85 14  0
 0  1 6401428 167928   6288 174904 2868 15964 12220 15964 1384 1247  0  1 88 11  0
 0  1 6382996 156572   6280 173612 52900 35048 53216 35052 3413 4074  1  2 93  5  0
 0  2 6481588 257672   5516 166220 10912 109432 11132 109432 1924 1229  0  2 89  9  0
 0  1 6384052 159936   5516 167244 97444    0 98728     0 4576 6915  1  2 94  3  0
 1  0 6403988 183192   5220 165096 37896 57932 37896 57988 2452 2813  0  2 91  7  0
 0  2 6380180 168828   5152 163964 57684 33652 57684 34532 3252 4185  0  2 94  4  0
 0  2 6396052 178152   5912 164108 18888 34588 21084 34772 2748 2212  0  1 92  6  0
 0  4 6393748 181216   5776 163248 33832 31532 33876 31568 2058 2686  0  1 93  6  0
 1  0 6383764 166852   5644 162556 42420 32560 42680 32628 2745 3315  0  1 88 10  0
 1  0 6357652 154472   4780 159396 69736 43204 69736 43256 3828 4930  1  2 94  3  0
 0  2 6384532 175892   3768 155508 44348 70880 44636 70880 3159 3340  0  2 93  5  0
 0  1 6372184 170552   3768 156504 16204 3484 16936  3484 2226 2659  0  1 95  5  0
 0  2 6366296 160968   4856 158736 5684    0  8992     0  934  993  0  0 92  8  0
 0  1 6392212 174984   4632 160392 7756 34188 10520 34204 1824 1225  0  1 89 10  0
 0  2 6433172 217100   4312 157072 28580 69104 28628 69104 2030 2270  0  2 88 10  0
 0  1 6421908 203264   5096 160304 11000    0 14840     0 1447 1479  0  0 91  8  0
 0  2 6375828 156636   5100 160280 46324    0 46328     0 3090 4443  0  1 94  4  0
 0  1 6369684 157320   5112 160208 19384 12840 19804 12840 2380 2777  0  1 92  8  0
 0  4 6396052 183528   5120 159420 6796 33376  7020 34048  992  857  0  1 88 12  0
 1  1 6370452 159052   5120 159608 31604 5444 32068  5444 2229 3098  0  1 92  7  0
 0  1 6373268 156108   5120 160176 46088 49092 47132 49092 3516 3801  0  1 93  5  0
 1  2 6384080 171660   5244 160800 18472 29608 20704 30140 2059 1907  0  1 92  7  0
 0  1 6399708 179708   5208 160216 22884 38352 22916 38456 1843 2000  0  1 92  7  0
 0  1 6396564 183244   5148 158688 52152 49044 52152 49044 3180 3869  0  2 93  5  0
 0  3 6367124 153760   5160 158708 29532    0 29656    72 2056 2723  0  1 91  8  0
 0  1 6379924 167588   5212 158352 52204 65092 52644 65092 3581 3946  1  2 93  5  0
 0  1 6374804 163808   5056 158228 25168 19768 25340 19768 2076 2572  0  1 94  4  0
 0  1 6375060 166888   4980 159096 16296 16628 17408 16628 2097 2123  0  1 94  5  0
 0  1 6379024 172148   4944 158504 32768 36032 32768 36032 2686 3334  0  1 93  5  0
 0  2 6372472 167360   4920 158328 29428 22700 29832 22700 2443 2618  0  1 94  5  0
 0  2 6374804 166604   4928 158420 6396 8472  6396  8524 1397 1036  0  1 87 13  0
 0  3 6368916 159216   4928 160672 5936    0  8052     0 1650 1205  0  0 86 14  0
 0  2 6365588 154428   4928 162612 3656    0  5524   840 1507 1311  1  0 82 17  0
 0  1 6394004 172792   4208 161100 36652 64736 36744 64736 3085 3219  0  2 93  5  0
 0  2 6421036 212640   3616 159952 21048 48120 21112 48444 1853 2251  0  1 89 10  0
 0  1 6375212 167532   3616 160176 45780    0 45780     0 2858 4165  0  1 96  3  0
 0  1 6395116 180424   3540 160448 19408 39204 20160 39284 2046 1764  0  1 84 15  0
 1  0 6369428 161020   3788 160180 45192 19352 45752 19352 3673 4449  0  1 93  5  0
 0  1 6371152 162296   3652 160088 18376 19560 18376 19560 2098 2469  0  1 95  4  0
 0  1 6370452 155240   3344 159812 39960 39676 39960 39676 2736 3115  0  1 93  5  0
 0  2 6383764 170360   3148 158388 45380 58612 45380 58612 2865 3716  0  2 93  5  0
 0  2 6384532 176408   3132 158096 23436 24004 23436 24052 2277 2532  0  1 94  5  0
 0  1 6371220 164028   3124 157816 35484 21640 35712 21640 2566 3404  0  1 90  8  0
 1  0 6371988 155460   3108 157400 44916 45720 44916 45720 3085 3959  0  1 94  4  0
 0  2 6386836 173100   3100 156960 29340 44472 29728 44472 2324 2486  0  1 92  7  0
 0  1 6380948 166004   3164 158296 5912    0  7300   476 1087  961  0  0 93  6  0
 0  1 6393236 186156   3144 158068 19528 31932 20188 31932 1943 2092  0  1 93  6  0
 0  2 6394004 185864   3016 157964 36292 36876 36656 36876 2759 2950  0  1 91  7  0
 0  1 6400916 181140   3416 157628 35092 41692 35852 41692 2505 3376  0  1 93  6  0
 1  2 6382640 171800   3416 157912 31780 13560 31780 14024 2304 2888  0  1 94  5  0
 1  1 6380180 168744   3416 157300 27984 25660 27984 25892 2315 2432  0  1 94  5  0
 0  3 6367124 154704   3424 157452 16424 3180 16528  3252 1425 1822  0  0 85 14  0
 0  3 6400660 181636   3212 157192 24692 57692 25120 58180 2703 2316  0  1 91  7  0
 0  2 6375060 156468   3168 156312 73560 47952 73560 47956 4595 5256  1  2 92  5  0
procs -----------memory---------- ---swap-- -----io---- -system-- ------cpu-----
 r  b   swpd   free   buff  cache   si   so    bi    bo   in   cs us sy id wa st
 2  1 6379668 170832   3152 155772 44000 48572 44000 48572 2987 3362  0  2 93  5  0
 1  0 6397332 180628   3132 154928 28064 45580 28064 45580 2173 2352  0  1 95  4  0
 0  1 6373828 166012   3076 154352 57788 34220 57788 34220 3201 4253  0  1 94  5  0
 0  3 6377564 162216   2952 153640 49084 52864 49084 52916 2579 3580  0  2 89  9  0
 0  3 6367580 159452   2952 155524 10176   96 12028    96 1468 1396  0  0 87 13  0
 1  2 6381716 168272   2868 162756 4944 19180 12976 19180 1710 1275  0  1 88 11  0
 0  2 6379924 163932   2780 167672 3832 2324 12008  2872 1191  964  0  0 90 10  0
 0  2 6385880 166760   2768 169048 30984 36440 33476 36440 2526 2625  0  1 93  5  0
 0  2 6459284 232012   2524 166724 20988 94200 21680 94200 2272 1942  0  2 91  6  0
 1  0 6435988 211908   3748 167532 23372  116 25360   116 2028 2393  0  1 93  6  0
 0  1 6380436 162952   3748 167380 80880 25016 81144 25016 4077 5705  1  2 93  4  0
 1  0 6381460 154904   3652 166628 40604 41576 40604 41652 2738 3154  0  1 95  3  0
 0  1 6394260 179608   3512 166432 43596 56288 43988 56288 2782 3344  0  2 94  4  0
 0  1 6389396 174536   3512 165052 57536 52432 57536 52432 3295 4273  0  2 93  4  0
 0  1 6389140 166000   3512 164524 57280 57188 57512 57188 3323 4227  0  2 93  5  0
 1  1 6380180 162220   3504 163608 53208 43820 53208 43820 3188 4032  0  2 95  3  0
 0  2 6367124 154660   3500 163356 44872 31768 44872 32264 2721 3464  0  1 91  8  0
 0  1 6373780 157936   3488 162232 55640 61896 55640 61896 3835 4129  0  2 94  4  0
 0  1 6384676 167764   3252 159952 38360 49076 38360 49076 2705 3067  0  2 94  5  0
 0  4 6396012 180544   2916 156684 50020 61264 50084 61264 3658 3735  0  2 93  5  0
 1  1 6366356 155636   2904 156152 55984 26172 56272 26172 3508 4347  0  2 95  3  0
 1  1 6359188 156928   2836 155776 47228 40160 47228 40160 3506 3704  0  2 94  4  0
 0  2 6354836 155416   2568 154772 53360 48580 53360 48620 3872 3888  0  2 92  6  0
 2  0 6352532 152896   2520 154592 47820 45560 47820 45560 3741 3733  0  2 91  6  0
 0  1 6353812 153400   2488 153424 29940 30892 29940 30892 2880 2884  0  1 95  4  0
 0  1 6362516 156164   2436 153624 32988 41860 33548 41860 3036 3076  0  2 94  5  0
 0  1 6363016 159440   2372 153396 39956 40480 39956 40480 3045 3607  0  2 94  4  0
 0  1 6353556 153116   2372 153136 45084 35620 45084 35620 3545 3727  0  2 94  4  0
 1  1 6353556 154628   2364 152472 42604 42628 42604 42628 3310 3531  0  2 94  4  0
 0  1 6349716 152108   2260 152040 48152 43960 48152 43960 3458 4014  0  2 94  4  0
 0  2 6372748 162472   2248 151248 40604 63548 40820 63548 3273 3487  0  2 94  4  0
 0  2 6364820 161464   2152 150524 38672 30720 38672 30720 2376 2968  0  1 94  5  0
 0  3 6384508 179088   3276 151804  584 19888  3464 19888  814  829  0  0 90 10  0
 0  2 6382972 168832   3944 159256 1776    0  9496     0 1392 1142  0  0 88 11  0
 0  3 6390676 177400   4068 160584 18748 26652 20888 26652 2089 2030  0  1 90  9  0
 0  2 6382996 161720   4340 162516 24660 17116 26952 17724 2038 2225  0  1 91  8  0
 0  4 6379412 172492   4260 156164 13240 9368 14264  9764 1823 2068  0  1 92  7  0
 0  3 6461744 253352   4264 157292 4276 86736  5264 86840 2383  952  0  2 87 11  0
 0  3 6458928 250328   4536 157988 3216    0  4176    72 1007  874  0  0 86 14  0
 0  2 6446640 237296   4536 159776 12916    0 14544     0 2641 2452  0  1 86 13  0
 0  2 6439728 228304   4696 160436 8388    0  9072     0 2574 2894  0  1 87 12  0
 0  2 6433072 220500   4696 160756 8408    0  8740     0 1966 2363  0  0 88 12  0
 1  1 6427696 214200   4696 160756 6700    0  6700     0 1820 2454  0  0 92  7  0
 1  1 6371732 153036   4704 160676 67008 10808 67056 10864 3969 5747  1  1 94  4  0
 0  1 6439316 215492   4976 158912 5544 73260  8152 73260 1696  964  0  1 90  9  0
 0  1 6373012 155176   4944 159860 66256    0 67056     0 4210 5654  1  1 94  4  0
 1  0 6367656 154500   4552 158952 52996 47304 52996 47304 3883 4399  0  2 93  4  0
 0  2 6385044 164580   4272 158904 20412 37920 20412 38872 1993 1754  0  1 93  5  0
 1  1 6373012 155224   3920 158240 61436 49840 61436 50072 3687 4555  0  2 95  3  0
 0  4 6378280 154216   3728 158128 25044 30020 25072 30104 2014 2065  0  1 87 12  0
 0  1 6380436 162280   3632 158496 24968 26964 25536 26964 2091 2316  0  1 91  8  0
 1  0 6372212 152948   3352 158236 53880 45524 53880 45524 3745 4096  0  2 94  4  0
 1  0 6369172 154208   3296 158092 50224 47156 50224 47484 3251 3916  0  2 94  4  0
 0  1 6367360 152704   3072 157920 45968 43948 45972 43948 3299 3551  0  2 94  4  0
 0  3 6376340 155476   2948 157852 35928 44940 35928 45100 2619 2772  0  2 88 10  0
 1  1 6363540 154036   2944 158032 45324 32696 45952 32732 3258 3512  0  2 89  9  0
 0  1 6371988 156540   2932 156940 59392 67452 59392 67452 4445 4489  0  2 94  4  0
 0  1 6364708 154540   2932 156664 51764 44580 51764 45048 3579 3925  0  2 94  3  0
 0  1 6363028 155548   2920 154660 60872 59080 60872 59080 3807 4386  1  2 94  3  0
 0  1 6373080 157564   2804 153024 56816 66788 56816 66788 3643 4190  0  2 94  3  0
 0  4 6377620 171668   2808 152416 35140 39668 35544 39732 2093 2655  0  1 84 14  0
 1  1 6382996 165116   2488 154660 26732 32308 30796 32308 2959 2535  0  1 97  2  0
 1  2 6362628 154632   2492 155100 54056 33272 54216 33272 3509 4090  0  2 93  5  0
 1  0 6366100 152836   2904 157288 18536 22336 21332 22336 2550 2127  0  1 88 11  0
 0  3 812368 15610668   2800 166100 10132 16952 18836 16952 5784 1636  0  6 84 10  0
 0  0 811600 15599776   2940 173532  688    0  8392     0  685  694  0  0 92  8  0
 0  0 811600 15599280   2952 173620   36    0    40   872  813  790  0  0 97  2  0
 0  0 811600 15599280   2952 173736    0    0   112     0  114  121  0  0 100  0  0
 0  0 811600 15599988   2952 173980    0    0   492     0  394  220  0  0 100  0  0
