wahoo:~$ vmstat 1
procs -----------memory---------- ---swap-- -----io---- -system-- ------cpu-----
 r  b   swpd   free   buff  cache   si   so    bi    bo   in   cs us sy id wa st
 0  0 806292 15578592   8840 182892   14  245    29   248    1    1  1  0 97  1  0
 0  0 806292 15579860   8840 182928    0    0     0     0  216  175  0  0 100  0  0
 0  0 806292 15579348   8840 182928    0    0     0  1164  326  203  0  0 100  0  0
 1  0 806292 14619368   8840 182928    4    0     4     0  424  166  2  1 97  0  0
 2  0 806292 10874460   8840 182928    0    0     0     0 1078  106  6  2 92  0  0
 1  0 806292 7127724   8848 182952    0    0     0    68 1082  114  6  2 92  0  0
 1  0 806292 3881100   8848 182952    0    0     0     0 1114  350  6  3 92  0  0
 1  0 806292 1660564   8848 182924    0    0     0    88 1225  776  4  4 92  0  0
 1  0 822676 162612   8540 180296    0 16580     4 16580 1312 1395  3  5 92  0  0
 0  1 987540 160720   8540 180164    0 164676     0 164676 1172  995  1  3 93  3  0
 1  1 1116120 160028   8540 180260    0 128960    32 128956 1013  865  0  3 94  3  0
 0  1 1243028 159992   8540 180416    0 126672   212 126676  998  895  0  3 91  6  0
 0  2 1375636 161260   8540 180492    0 132452    76 132452 1090  924  1  3 93  4  0
 0  1 1496420 161496   8548 180772    0 120908   264 120968 1283 1049  0  3 90  7  0
 0  1 1583252 161708   8548 180804    4 86748   104 87320 1083  877  1  2 90  8  0
 0  1 1721236 158796   8548 180796    0 137940     0 137940 1019  919  0  3 94  2  0
 1  0 1843348 160608   8548 181132    8 122448    64 122448 1564 1230  1  3 91  5  0
 0  1 1980052 161992   8548 180856   16 136524    32 136524 1571 1207  1  3 91  5  0
 0  1 2115772 161204   8556 181000    0 135644     0 135700 1068  924  0  3 91  6  0
 0  3 2207892 160420   8556 181128    0 92160    20 93104 1400 1098  1  2 93  4  0
 0  1 2271380 159924   8556 181168    0 63488    40 63780  858  625  0  2 93  5  0
 0  1 2407540 161196   8556 181484   60 136176   396 136176 1291 1146  1  3 92  4  0
 0  1 2542840 161188   8556 181516    0 135504     4 135504 1228 1143  1  3 95  1  0
 0  2 2653076 160496   8564 181512    0 110224     0 110292  829  796  0  3 93  4  0
 1  0 2813076 161512   8564 181440    0 159772     0 159772 1095 1038  1  3 97 2220917200  0
 0  2 2954388 160992   8564 181452    0 141316    20 141332 1138 1025  1  3 94  2  0
 0  1 3089556 161324   8564 181480    0 135168     0 135168 1066 1018  1  3 95  1  0
 0  1 3229844 159304   8564 181540    0 140304     0 140304 1099  969  0  3 95  2  0
 1  0 3367060 162732   8564 181704    0 137212     0 137212 1067  973  1  3 95  1  0
 0  1 3489120 161316   8572 181532    0 122180     0 122236  865  839  0  3 92  5  0
 0  1 3575444 161388   8572 181540    0 86352     0 87340  821  668  0  2 97  1  0
 0  1 3723184 160524   8572 181540    0 147824     0 147824  962  915  0  3 95  1  0
 1  1 3879712 161668   8572 181292    0 156320     0 156320 1170 1041  1  4 95  1  0
 1  0 4028564 161952   8572 181744    0 148828     0 148828 1033  917  0  3 95  1  0
 1  0 4167828 161508   8572 181640    0 139264     0 139264  971  895  1  3 95  2  0
 0  1 4307604 161288   8572 181540    0 139940     0 139940  961  851  0  3 95  1  0
 1  0 4415636 162200   8580 181468    0 107868     0 107964  735  748  0  2 93  4  0
 1  0 4566164 161092   8580 181428    0 150512     0 150512 1207 1015  1  4 94  2  0
 0  1 4716692 161000   8580 181556    0 150548     0 150548 1066  983  1  3 95  1  0
 0  1 4872084 161252   8580 181556    0 155616     0 155616  987  973  0  4 95  1  0
 1  0 5012628 161000   8580 181496    0 140300     0 140300  946  877  0  3 95  1  0
 1  0 5143700 160484   8584 181480    0 131072     0 131076  897  881  0  3 93  4  0
 0  1 5309588 161072   8584 181568    0 165888     0 165888 1273 1120  1  4 94  2  0
 0  1 5467796 161420   8584 181632    0 158708    24 158708 1423 1209  1  4 92  3  0
 2  0 5618580 161896   8584 181436    0 150536     0 150536 1193 1028  1  4 95  1  0
 1  0 5770132 161104   8584 181568    0 151552     0 151552 1090 1002  0  4 95  1  0
 0  2 5883540 161288   8584 181588    0 113656     0 114164  901  802  0  3 94  2  0
 1  0 6037396 161076   8584 181756    4 153628     4 153680 1371 1173  0  4 94  1  0
 1  0 6172564 160344   8584 181852   12 135168    12 135168 1089 1015  1  3 94  2  0
 2  0 6285204 162140   8592 181804    0 112640     0 112704  752  755  0  3 93  4  0
 0  1 6453140 161600   8592 181608    0 167940     0 167940 1173 1081  1  4 94  1  0
 1  0 6525076 155124   8536 181204 32484 104468 32528 104468 2529 2994  1  3 94  2  0
 0  1 6521492 157780   8484 180112 38904 34856 39084 35392 2905 3260  1  1 87 12  0
 0  3 6530452 172396   8012 175412 42380 51372 42412 51816 2508 3227  0  1 88 10  0
 1  0 6517652 159920   8012 175724 13072    0 13384   204 1460 1518  0  1 87 12  0
 0  2 6516116 170064   4400 157092 58144 56620 58644 56620 3656 4390  0  2 90  8  0
 0  2 6489492 168592   2184 145124 35704 8516 36524  8584 2009 2763  0  1 88 10  0
 0  2 6482324 157452   3368 150504 6652    0 12912     0 2057 1633  0  1 90  9  0
 0  1 6506900 179660   3928 149096 12484 36884 15268 37660 1899 1734  0  1 93  6  0
 0  1 6497012 188668   3288 142092 71664 61752 71844 61752 3630 5072  1  2 93  5  0
 2  1 6512788 198788   1976 140144 41856 57892 43208 57892 2645 3274  0  1 92  7  0
 0  2 6528148 220696   2240 140968 32484 47152 33532 47152 2246 2602  0  1 90  9  0
 0  2 6524308 213388   4104 143196 3756    0  7732    84  772  810  0  0 93  7  0
 0  4 6520980 202236   5252 149388 3420    0 10628     0 1831 1466  0  1 91  8  0
 0  2 6560404 251940   5152 148032 53112 92548 55356 92548 3513 4045  0  2 90  7  0
 0  1 6548884 238140   5444 151428 11432    0 15220     0 1574 1461  0  1 91  8  0
 0  2 6482056 165564   5392 148976 113688 46708 113964 46712 5142 7844  1  2 94  3  0
 1  1 6470544 160312   5396 150912 42672 31144 44792 31144 2841 3421  0  1 92  7  0
 0  2 6467732 156128   5396 151436 49848 47116 50568 47116 3166 4111  0  1 93  6  0
 0  1 6477180 169908   5284 151864 41960 51228 42564 51284 2583 3243  0  1 88 10  0
 0  1 6481044 180240   5096 151900 65936 69680 65936 69680 3379 4685  0  2 94  4  0
 0  2 6474188 169664   5008 151840 53964 47116 53968 47608 3200 4108  0  2 92  6  0
procs -----------memory---------- ---swap-- -----io---- -system-- ------cpu-----
 r  b   swpd   free   buff  cache   si   so    bi    bo   in   cs us sy id wa st
 1  1 6499988 178988   4844 151412 47988 73772 47988 74060 2808 3617  0  2 92  6  0
 1  0 6482324 163868   4676 151388 73244 55356 73244 55356 3556 5142  1  2 95  3  0
 0  2 6485396 165616   4424 151116 72348 75292 72380 75292 3732 5162  1  2 93  5  0
 0  1 6487700 174952   4252 151172 60088 62072 60088 62072 3162 4351  0  2 93  4  0
 0  1 6469268 156996   4164 150832 75860 57400 75860 57400 3701 5254  1  2 94  4  0
 0  3 6493076 174432   4164 150112 63016 86340 63016 86340 3300 4452  0  2 94  3  0
 0  1 6483600 177204   4172 150448 29832 20296 29832 20336 1559 2271  0  1 85 14  0
 0  1 6467620 153572   4172 149844 81836 65656 82076 65656 4116 5799  1  2 92  5  0
 0  2 6476468 171912   4196 151728 34472 43052 36608 43052 2271 2729  0  1 91  8  0
 1  2 6483348 177912   2428 152016 45164 51920 47256 52296 3238 3644  1  2 91  7  0
 1  2 6562452 219492   2568 152880  780 79876  1316 79960  893  517  0  2 81 17  0
 0  5 6660244 238628   2596 155480 1340 99036  4628 99036 1314  937  0  2 77 21  0
 0  1 6631316 197388   2728 158328 53052 23852 55636 23852 3270 4463  0  2 87 11  0
 0  1 6610400 161324   2728 158368 63740 43008 63740 43584 3256 4613  0  2 95  3  0
 1  1 6696852 240420   2736 157396 11488 98008 11488 98080 1180 1158  0  2 89 10  0
 1  0 6630036 168268   2736 157536 110172 43360 110172 43360 4967 7531  1  2 94  3  0
 1  1 6634388 169244   2736 157316 76752 80932 76752 80932 3870 5361  1  2 92  5  0
 1  2 6640532 158416   2736 158044 53168 59020 53940 59112 3605 4276  1  2 91  7  0
 0  1 6660244 176868   2736 158124 53388 73368 53388 73884 2860 3877  0  2 92  6  0
 0  1 6658452 174788   2736 157676 65716 63596 65716 63596 3274 4626  0  2 94  3  0
 1  1 6637460 152676   2744 157592 56988 36232 56988 36288 2817 4038  1  2 92  6  0
 0  3 6650944 155172   2744 157984 50932 64232 51228 64232 3124 3799  0  2 93  4  0
 0  1 6661268 156432   3144 158272 46904 57400 47980 57400 3109 3621  0  2 93  5  0
 1  1 6661268 154664   3144 158176 64940 64288 64940 64288 3575 4652  0  2 94  3  0
 0  2 6673312 154736   3144 158752 42648 54612 43104 54612 2919 3456  0  2 92  6  0
 1  1 6668692 154240   3144 158880 50448 45844 50616 46544 2996 3804  0  2 93  5  0
 1  0 6673044 152948   3144 158796 58256 62832 58256 62832 3465 4320  0  2 94  3  0
 0  1 6671764 153792   3152 158976 48488 47168 48832 47244 3103 3728  1  2 89  9  0
 0  1 6672020 153800   3152 158920 67124 67660 67124 67660 3743 4867  0  2 93  4  0
 0  1 6671988 152792   3152 158920 63884 63556 63884 63556 3446 4599  0  2 93  5  0
 0  1 6666132 150524   3152 158676 55424 49212 55424 49680 3153 4074  0  2 94  4  0
 0  1 6668692 150524   3152 158536 66908 69700 66908 69700 3817 4815  1  3 94  3  0
 0  1 6666644 149012   3152 158280 73788 71740 73788 71740 4040 5318  0  3 93  4  0
 1  1 6667668 149516   3160 157980 37964 38948 37964 39012 2090 2773  0  1 91  8  0
 0  1 6666328 149512   3160 157980 73320 71744 73320 71744 3940 5268  0  3 93  3  0
 1  0 6665620 149464   3160 157912 64304 63552 64304 63552 3461 4611  0  2 94  3  0
 0  3 6753940 220308   2608 158984 14172 102316 18148 102316 1613 1372  0  2 87 10  0
 1  2 6765716 237984   2760 165356 5204 17048 11744 17048 1291 1161  0  1 86 13  0
 0  1 6715284 180228   2928 171652 50692    0 57120     0 3086 4069  0  1 91  8  0
 0  3 6766740 231132   2808 162684 40172 91592 40420 91652 2302 2935  0  2 88  9  0
 0  1 6668180 214248   2804 161112 110376 11592 110840 11592 4893 7614  1  2 97  0  0
 0  1 6506644 178684   2804 159140 161332   76 161332    76 6709 10852  1  3 95  1  0
 0  1 6449300 203128   2804 155080 110652 53336 110652 53336 4942 7562  1  3 94  3  0
 0  1 6400660 154736   2808 156676 63304 14336 64628 14336 3705 5006  1  1 94  4  0
 0  1 6404500 157916   2812 156088 67748 71684 67748 71696 3501 4788  0  2 92  5  0
 0  1 6404756 152876   2800 155976 61136 61444 61136 61444 3425 4385  0  2 94  3  0
 0  1 6407060 152656   2784 155704 71500 73728 71500 73728 3681 5014  0  2 93  4  0
 0  1 6410348 153924   2708 155468 62324 65536 62324 65536 3317 4429  0  2 95  2  0
 1  0 6414740 147600   2636 155876 61324 65536 61708 65536 3464 4424  0  2 94  4  0
 0  2 6413716 148308   3148 156156 46080 45056 47440 45056 2710 3446  0  2 95  3  0
 1  3 6449044 170792   4268 155780 6528 41492 12396 41492 1575 1200  0  1 91  8  0
 0  3 6513812 240020   4280 159576 4144 69180  7728 69180 1402  832  0  1 86 13  0
 0  1 6448020 172232   4408 161476 65944    0 67968     0 3298 4810  0  1 94  5  0
 1  1 6445716 164656   4552 157692 31344 29156 34856 29156 2757 3025  0  1 90  8  0
 0  2 6486164 202200   4552 157700 53716 94012 53716 94220 2903 3869  0  2 91  7  0
 0  3 6503572 220304   3692 149924 53524 71016 53536 71364 2913 3857  0  2 89  8  0
 1  0 6518164 239284   3704 154056 16992 31580 20820 31640 1666 1711  0  1 84 15  0
 0  1 6419348 153604   2476 150544 131788 32768 131868 33212 6061 9075  1  3 94  2  0
 0  2 6430612 153824   3296 151328 39948 51200 41620 51200 2746 3422  0  2 92  6  0
 0  1 6425236 155088   4000 152432 46612 40960 48576 40960 3044 3703  0  2 92  6  0
 0  2 6448276 153576   4000 152416 56084 79128 56084 79128 3061 4002  0  2 94  3  0
 0  2 6462100 153260   4000 152416 49656 63488 49656 63488 2603 3526  0  2 92  6  0
 0  1 6478228 153984   4008 152404 54208 70376 54208 70444 2938 3888  0  2 93  5  0
 0  2 6502292 163876   3956 152264 61776 85912 61776 85912 3267 4389  0  2 93  4  0
 0  1 6495636 156760   3868 152356 66084 59500 66284 59500 3425 4752  1  2 93  4  0
 0  2 6531732 171912   3840 152296 57452 93196 57452 93196 3120 4071  0  2 93  5  0
 0  1 6512020 156540   3784 152228 76076 56324 76076 56324 3658 5289  0  2 93  4  0
 1  0 6531732 154020   3784 152152 56068 75776 56068 75776 3088 4013  0  2 93  5  0
 0  2 6546392 154540   3784 151768 54388 69224 54388 69224 3694 3878  0  2 92  6  0
 0  0 6520436 158832   3784 151744 77676 52100 77800 52100 4068 5478  1  2 96  2  0
 1  1 6518676 154060   3784 151168 83716 81784 83716 81784 4259 5828  0  3 93  4  0
 1  0 6515860 158060   3784 151072 71220 68572 71220 68572 3623 4941  0  2 93  4  0
procs -----------memory---------- ---swap-- -----io---- -system-- ------cpu-----
 r  b   swpd   free   buff  cache   si   so    bi    bo   in   cs us sy id wa st
 1  1 6536596 166564   3776 150824 63836 84396 63836 84396 3440 4468  0  2 94  3  0
 1  1 6534292 171668   3644 150152 75816 73876 75816 73876 3859 5267  0  2 93  4  0
 0  2 6542740 162008   3568 150432 59268 67228 59680 67228 3539 4414  0  2 90  7  0
 0  1 6555028 171412   3508 150204 76052 88536 76052 88536 3717 5278  0  3 91  6  0
 2  1 6588564 217276   3496 148576 35816 69248 35816 69248 2257 2625  0  2 93  5  0
 0  2 6605972 216536   3136 147172 70252 87704 70252 87704 3607 4888  0  2 90  7  0
 1  1 6599060 212000   2756 146252 79620 72148 79620 72148 3901 5502  1  2 92  5  0
 0  2 6559636 168892   2740 146284 91800 52252 92140 52252 4411 6486  1  2 91  6  0
 0  2 6550676 162088   4136 149832 8896   64 14008    64 1291 1252  0  0 94  6  0
 0  2 6585748 182404   4000 149064 15424 50464 19480 50464 2020 1763  0  1 89  9  0
 1  0 6650004 247232   4000 149216 23744 87996 23744 87996 1769 1897  0  2 90  7  0
 2  0 6554004 156764   4000 149016 127504 31700 127504 31700 5652 8575  1  2 95  2  0
 0  3 6640632 229276   4072 149484 2984 89716  4532 89716 1540 1098  0  2 87 11  0
 0  2 6572692 168700   4076 150584 80544 12288 81852 12288 4433 5867  1  2 92  5  0
 0  3 6613384 192892   4208 150904 19040 59600 19812 59648 1631 1781  0  1 89 10  0
 0  1 6592904 168448   4344 154220 20796    0 24488     0 2061 2167  0  1 92  7  0
 0  2 6684308 255356   3404 152292 30972 122164 30972 122164 2363 2428  0  2 91  7  0
 2  0 6571412 155564   3404 152412 113592  288 113744   288 5315 7840  1  2 95  3  0
 0  1 6609812 175708   3224 152524 50924 89144 51252 89144 3492 4125  0  2 90  8  0
 0  3 6601620 171540   3148 153960 35624 27468 37076 27520 2444 2847  0  1 89  9  0
 0  2 6559636 156248   3084 154536 42020    8 42620  1040 2556 3227  0  1 93  6  0
 0  1 6437012 168612   3040 154040 122540   28 122540    32 5693 8403  1  3 95  2  0
 1  0 6445460 168644   3040 153780 66492 74696 66492 74696 3558 4708  1  2 95  3  0
 0  2 6432148 163656   3040 155356 45148 31744 46944 31744 2590 3373  0  1 95  4  0
 0  4 6483224 198872   2432 158120 5368 56640 14244 56640 1435 1002  0  1 89 10  0
 0  5 6537108 246980   2440 158376  124 53888   232 53960  497  273  0  1 71 29  0
 0  5 6535060 246160   3908 164348 3704 1596 11048  1596 1140 1078  0  0 80 19  0
 0  3 6530964 230584   5268 171660 3876    0 12780     0 2036 1517  0  1 83 16  0
 0  2 6522772 220252   5440 172916 8440    0 10012     0 2099 1804  0  0 89 10  0
 0  5 6516116 212040   5440 173680 7264    0  7888     0 1540 1366  0  0 92  8  0
 0  8 6508948 202968   5444 174908 7916    0  8924     0 1548 1381  0  0 82 18  0
 0  7 6504852 198180   5452 175268 4600    0  4888   872 1458 1471  0  0 68 32  0
 1  0 6475668 167688   5448 175860 52692 23008 53660 23008 3434 4312  0  1 84 15  0
 0  2 6557844 261676   5604 167532 16636 99056 17312 99056 1921 1762  0  2 83 16  0
 4  0 6482580 187920   6124 168668 75404    0 77204     0 3970 5583  1  1 92  6  0
 0  2 6471828 159884   6124 168424 77932 66652 77932 66652 4005 5489  0  2 94  4  0
 0  1 6471572 170468   6124 168228 39228 39068 39228 39068 2440 2953  0  1 95  4  0
 0  2 6478484 173524   6132 168108 35876 42424 36024 42524 2174 2720  0  1 93  5  0
 0  1 6481332 169524   6132 167552 49672 52416 49680 52416 2864 3712  0  1 94  4  0
 0  3 6481044 163656   6132 167436 50680 50112 50744 50112 2882 3785  0  2 94  4  0
 0  1 6491028 176004   6132 167016 44348 54364 44372 54364 2478 3275  0  1 93  5  0
 0  2 6498552 175988   6492 168440 28440 35896 30852 35896 1911 2327  0  1 90  9  0
 0  1 6470340 156340   6512 168176 44376 15768 44456 15828 2564 3336  0  1 92  7  0
 0  1 6462356 170212   6288 167116 80136 72268 80136 72268 4129 5663  0  2 94  4  0
 0  1 6467988 173992   6188 166812 55532 61020 55644 61020 2886 3961  0  2 93  5  0
 0  2 6456212 156020   6128 166644 60336 48140 60636 48140 3329 4411  0  2 93  5  0
 0  1 6488212 183236   6024 166456 36856 69304 37448 69304 2427 2867  0  2 90  8  0
 0  1 6466268 169848   6000 166268 37504 15384 37504 16056 1998 2804  0  1 96  3  0
 1  0 6464916 171108   5896 165496 53316 51936 53316 51936 2700 3759  0  2 93  5  0
 0  1 6478880 181000   5744 165292 51500 65444 52304 65444 2890 3833  0  2 91  7  0
 0  2 6478996 183724   5256 163428 61472 61356 61472 61356 3234 4315  0  2 96  2  0
 0  2 6487188 183788   5264 163424 18708 27024 18712 27072 1179 1517  0  1 92  7  0
 0  3 6482580 175272   5664 165924 4996    0  7636     0 1515 1127  0  0 91  8  0
 0  3 6477972 157648   6408 173180 4828    0 11984     8 1718 1274  0  1 84 16  0
 1  1 6489748 167772   7244 176792 5344 16508  9088 16508 3283 1790  0  1 82 16  0
 0  2 6505108 181544   7416 176884 38156 53492 43308 53492 3315 3328  0  2 91  7  0
 0  2 6493088 171548   6264 173180 71144 59296 71144 59296 3498 4953  1  2 93  5  0
 0  2 6487188 179132   5928 171400 33916 27684 33916 28332 2001 2592  0  1 95  4  0
 1  1 6485652 185392   5664 169532 30940 29440 30940 29956 1777 2348  0  1 90  9  0
 0  1 6459028 158452   5496 167756 68748 41944 68960 41944 3766 4959  0  2 93  5  0
 0  1 6502548 187416   5348 165072 42500 86096 42500 86096 2623 3138  0  2 93  5  0
 0  1 6463464 159964   4716 164432 66880 27296 67236 27296 3362 4834  0  2 94  4  0
 0  2 6473620 165508   4364 162192 64204 74120 64204 74120 3372 4550  0  2 93  4  0
 0  1 6471316 163548   3752 160764 62560 60220 62560 60220 3382 4483  0  2 94  4  0
 2  1 6462356 160340   3724 160444 41012 32004 41084 32044 2296 3115  0  1 93  5  0
 0  2 6455188 159072   3540 159968 85592 78356 85592 78356 4364 6009  1  2 92  5  0
 1  1 6450580 168364   3340 159368 59520 54652 59520 54652 3160 4287  0  2 94  4  0
 1  1 6488724 204116   2948 156400 50132 88064 50228 88064 3120 3648  0  2 93  4  0
 0  2 6463892 176452   2948 157112 46400 21564 47036 21564 2504 3423  0  1 94  5  0
 0  2 6455140 168336   2920 159244 39144 30212 41808 30212 2859 3474  0  1 92  7  0
 0  1 6436056 157940   2840 158888 67764 48612 67816 49116 3688 4971  1  2 92  5  0
 1  0 6436744 156388   2820 160008 21480 22032 23064 22032 1819 1894  0  1 92  7  0
procs -----------memory---------- ---swap-- -----io---- -system-- ------cpu-----
 r  b   swpd   free   buff  cache   si   so    bi    bo   in   cs us sy id wa st
 1  1 6456724 179224   2656 160000 53848 73704 54468 74096 3772 4186  0  2 91  8  0
 1  1 6427540 162908   2488 158868 84780 55780 84780 55780 4066 5867  0  2 95  2  0
 0  4 6443924 175976   2456 157396 43228 59236 43456 59300 2474 3179  0  2 89  9  0
 0  2 6440852 169856   2476 159588 3240    0  5124     0 1262  925  0  0 82 18  0
 0  1 6437068 166076   2452 159844 33004 28904 33420 29640 2279 2728  0  1 92  7  0
 1  1 6436500 174140   2316 159100 74884 74836 74924 74836 4338 5437  1  2 92  5  0
 0  2 6451860 176912   2324 158984 29572 44340 29572 44688 1971 2341  0  1 93  5  0
 0  2 6444948 169928   2324 159440 7900    0  8212     0 1655 1475  0  0 89 11  0
 0  2 6431892 159504   2324 159784 12556    0 12800     0 2796 2621  0  1 85 14  0
 0  3 6442036 176388   2296 159244 7988 16624  7988 16624 2104 2316  0  1 92  7  0
 0  2 6434612 169032   2296 159940 10020  792 10352   792 2139 2483  0  1 86 14  0
 0  3 6426420 159960   2296 160060 9224    0  9344     0 1971 2266  0  0 86 14  0
 0  4 6477972 203048   2224 161540 4724 55880 10272 55932 1473 1233  0  1 85 13  0
 0  3 6510484 240132   3580 166464 2384 34972  8388 34976 1304 1167  0  1 85 14  0
 0  1 6452628 174540   3884 172376 57984    0 64324     0 3250 4481  1  1 92  7  0
 0  4 6493588 223932   3896 167708 42404 83196 42684 83196 2432 3086  0  2 87 11  0
 1  0 6487956 206544   4024 168240 57376 51820 57736 51820 2876 4090  0  2 90  8  0
 0  2 6458004 171500   4716 168292 59048 29168 60612 29168 3048 4282  0  1 94  4  0
 0  1 6453552 177768   5960 170008 19344 14628 22644 14628 2116 1992  0  1 91  8  0
 0  2 6444436 167356   6232 171504 26208 17032 27976 17080 2748 2761  0  1 88 11  0
 0  1 6448788 167860   6480 170412 70828 75128 71676 75128 4244 5179  1  2 93  4  0
 0  2 6452904 173892   6480 170408 14664 18768 14664 19760 1189 1327  0  0 90 10  0
 1  2 6439828 170660   6480 171588 25696 12416 27008 12668 2549 2414  0  1 89  9  0
 2  0 6432916 159068   6480 169792 82144 75600 82144 75904 4990 5969  1  3 94  3  0
 0  2 6435604 167880   6488 169956 30600 33036 30992 33120 2771 2406  0  1 89  9  0
 1  0 6433312 167376   6368 168636 57668 55536 57704 55536 3721 4184  0  2 93  5  0
 0  2 6408596 155280   5944 165304 82624 57792 82724 57792 4416 5789  1  2 93  4  0
 0  1 6420628 160904   5784 164568 47544 59200 48152 59200 3411 3649  0  2 93  4  0
 0  1 6401940 151800   5104 162124 77156 58864 77156 58868 4716 5381  1  2 94  3  0
 0  1 6398612 155864   4692 161360 43092 39532 43772 40060 2718 3302  0  2 91  7  0
 0  2 6392468 153596   4696 160792 47856 41940 47856 42012 3255 3519  0  2 93  5  0
 0  1 6412692 171236   3408 157660 58696 78924 58696 78988 3285 4176  0  2 93  4  0
 1  0 6392724 154404   3012 156348 74680 54432 74680 54432 4307 5234  1  2 94  4  0
 0  1 6437268 207520   2100 153360 48996 93620 48996 93620 3005 3501  0  2 92  5  0
 0  2 6431380 205536   2064 151700 72332 66428 72636 66428 4011 5286  0  2 91  7  0
 0  1 6406036 177376   2068 152004 70244 44724 70996 44724 3774 4980  0  2 94  4  0
 0  1 6385100 160744   2064 151044 81480 60424 81480 60424 4028 5610  1  2 95  2  0
 0  1 6373268 153688   2060 150256 71200 59200 71272 59200 3684 5008  1  2 93  5  0
 1  0 6396564 177328   2056 147940 50468 73692 50468 73692 2765 3554  0  2 95  3  0
 0  1 6372932 168572   2056 147588 74448 51084 74448 51084 3694 5154  1  2 95  3  0
 0  1 6380436 168272   2056 147776 58516 66076 59188 66076 3469 4316  0  2 93  5  0
 0  2 6397844 186164   2056 147192 40868 57704 40868 57704 2590 3075  0  2 93  5  0
 0  2 6390932 178352   2056 148060 7428    0  8516     0 1449 1200  0  0 91  9  0
 0  2 6397844 185656   2048 146220 26804 33952 27544 33952 2371 2302  1  1 93  5  0
 0  2 6365076 156208   2048 146080 86028 53032 86028 53032 4756 5928  1  2 93  4  0
 1  0 6360468 155156   2676 146756 39632 34944 40936 34944 2790 3549  0  2 91  7  0
 0  1 6404244 185152   2668 146232 44832 88880 44832 88880 2800 3244  0  2 93  4  0
 0  2 6380692 156612   2664 145892 87528 63440 87528 63440 4590 6067  1  3 92  5  0
 0  1 6391188 174316   2664 145548 28276 38564 28276 38564 1985 2411  0  1 94  5  0
 0  1 6390676 173560   2664 145556  728    0   728     0 1320 1070  0  0 93  7  0
 0  2 6389908 172544   2664 145556  844    0   928     0 1274 1029  0  0 94  6  0
 0  1 6389396 172056   2664 145944  644    0   948     0 1523 1150  0  0 92  8  0
 0  1 6388628 171292   2664 146080  704    0   804     0 1377 1108  0  0 93  7  0
 0  2 6387604 169776   2664 146060 1124    0  1128     0 1283 1141  0  0 94  6  0
 0  2 6386580 167500   2928 147684 1308    0  3176     0 1035  953  0  0 92  8  0
 0  2 6386068 162208   4400 150900 1396    0  6280     0  543  604  0  0 93  6  0
 0  3 6385300 155316   5260 155272  648    0  5504     0 1415 1044  0  0 91  8  0
 0  4 6467988 227616   5364 151876  500 82876  2668 82876 1102  625  0  1 89  9  0
 0  3 6497172 256320   5372 152716 1156 30104  1816 30104  911  738  0  1 89 11  0
 0  2 6496404 253548   5640 154880 1484    0  3704     0  877  908  0  0 91  9  0
 0  1 6495380 251516   5640 154952 1848    0  1896     0  726  761  0  0 97  3  0
 0  1 6494356 245924   5648 157456 1596    0  4028    56 1500 1474  0  0 92  7  0
 0  1 6492820 244412   5648 157484 2288    0  2288     0 1081 1085  0  0 96  4  0
 0  1 6490772 239148   5648 157976 3360    0  4200     0 1352 1195  0  0 92  7  0
 0  1 6488468 235092   5648 158320 3920    0  3920     0 1083 1172  0  0 95  5  0
 0  1 6485908 229720   5648 158512 3612    0  3916     0 1231 1150  0  0 95  5  0
 0  2 6483604 227272   5656 158912 3724    0  3808    52 1290 1340  0  0 92  7  0
 0  1 6481556 223492   5656 158740 3796    0  3796     0  958 1063  0  0 96  4  0
 0  1 6478740 218980   5656 159256 3856    0  4360     0 1387 1160  0  0 95  4  0
 0  1 6476180 215940   5656 159232 4132    0  4164     0 1112 1182  0  0 94  6  0
 0  1 6472852 208512   5656 159604 4712    0  4840     0 1298 1117  0  0 96  4  0
 0  2 6471572 204228   5664 162252 1680    0  4544    52 1091 1038  0  0 93  7  0
procs -----------memory---------- ---swap-- -----io---- -system-- ------cpu-----
 r  b   swpd   free   buff  cache   si   so    bi    bo   in   cs us sy id wa st
 1  2 6470804 192816   6072 171784 1020    0 10648     0  884  849  0  0 93  6  0
 0  1 6470036 187592   6072 176020 1344    0  5728     0 1327 1299  0  0 91  9  0
 0  1 6469012 185828   6072 176088 1900    0  1900     0  845  920  0  0 96  4  0
 0  1 6467988 184820   6072 176264 1632    0  1720     0 1251 1179  0  0 95  5  0
 0  3 6466452 182332   6080 176584 1740    0  2188    56 1203 1194  0  0 92  7  0
 1  1 6465684 181648   6080 176916 1508    0  1704     0 1093 1116  0  0 94  6  0
 0  1 6464404 180364   6080 176920 1856    0  1856     0  867  993  0  0 97  3  0
 0  1 6463124 179932   6080 176904 1864    0  1956     0  928  999  0  0 96  4  0
 0  1 6461844 179184   6080 177012 1956    0  1956     0  788  930  0  0 96  3  0
 0  1 6460820 176656   6080 177012 1656    0  1656     0  832  912  0  0 95  5  0
 0  1 6459284 174640   6080 177012 1976    0  1976     0  741  857  0  0 97  3  0
 0  2 6458004 172624   6088 177180 1916    0  2084    52  680  792  0  0 97  3  0
 0  1 6456468 169652   6088 176980 2584    0  2584     0  659  755  0  0 98  2  0
 0  1 6455188 168140   6088 176996 1848    0  1848     0  783  932  0  0 96  3  0
 0  2 6451604 162200   6088 177168 4612    0  4700     0 1286 1074  0  0 94  6  0
 0  3 6451092 161152   6088 177408  792    0   844  1980  425  510  0  0 93  7  0
 0  1 6449044 158112   6088 177424 2928    0  2928   204  530  719  0  0 95  4  0
 0  1 6446228 155916   6088 177676 3200    0  3576     0  646  787  0  0 97  2  0
 0  1 6443412 152876   6088 177812 3388    0  3388     0  688  748  0  0 98  2  0
 1  2 6457236 179060   6068 177028 2756 15568  2756 15636  862  799  0  0 94  6  0
 0  1 6454676 176548   6068 177256 2872    0  2872     0  612  646  0  0 100  0  0
 0  1 6452116 173280   6068 177256 3316    0  3316    72  637  751  0  0 98  2  0
 0  1 6448788 169300   6068 177060 3932    0  3932     0  660  781  0  0 98  2  0
 0  1 6445972 165772   6068 177128 3320    0  3320     0  690  754  0  0 98  2  0
 0  1 6442900 162676   6068 177280 3544    0  3552     0  859  829  0  0 98  2  0
 0  1 6439572 158864   6068 177012 3760    0  3760     0  690  766  0  0 96  4  0
 0  2 6436756 155084   6076 177312 3784    0  3784    40  681  778  0  0 97  3  0
 0  1 6453744 176488   6052 177184 4040 20648  4040 20648  828  765  0  1 97  3  0
 0  3 6499732 228588   4264 170240 28236 73904 28240 73904 2000 2259  0  2 91  7  0
 0  2 6499476 233632   4308 171364 38524 38368 39620 38368 2832 3425  0  1 88 10  0
 0  1 6439060 174512   4208 170496 100896 40868 101220 40868 5137 7017  1  2 91  6  0
 0  2 6437268 167740   3892 170576 49412 47528 49960 47532 3195 3812  0  2 89  9  0
 0  2 6434708 161688   3200 169252 72356 69460 72356 69460 3961 5091  0  2 93  4  0
 0  1 6433940 173028   3152 167700 65624 64732 65652 64732 3796 4650  0  2 90  8  0
 0  1 6443412 185280   3152 166756 39660 49376 39820 50152 2855 3217  0  1 89  9  0
 1  0 6415316 161728   3160 166620 45744 17852 46316 17924 2613 3360  0  1 88 11  0
 0  1 6410168 168248   2796 165584 69044 64016 69044 64016 3775 4978  0  2 94  3  0
 0  1 6423956 172784   2596 163776 51320 65220 51320 65220 3138 3694  0  2 95  3  0
 0  2 6414484 164972   2548 160276 96052 86180 96052 86180 5211 6723  1  3 92  5  0
 0  2 6416788 172044   2792 159832 23348 25808 24336 26268 1930 1992  0  1 89 10  0
 0  2 6414484 168484   2808 161056 2308    0  3604    64  777  607  0  0 89 11  0
 0  1 6411412 177808   2748 161168 58672 55612 60080 55612 3721 4364  0  2 93  5  0
 1  1 6408596 167392   2532 160936 64084 61040 64920 61040 4093 4721  1  2 92  5  0
 0  2 6397588 167644   2648 160972 40164 29244 40684 29244 2872 3224  0  1 93  5  0
 1  1 6407316 170384   2632 160328 57012 66916 57472 66916 3538 4262  1  2 92  5  0
 0  1 6391444 153784   2632 160260 16828    0 16928     0 1703 1858  0  1 94  6  0
 0  1 6413460 173944   2660 160416 2124 23708  2644 23760  979  913  0  1 92  7  0
 0  1 6410132 170888   2660 160412 4248    0  4248     0 1212 1058  0  0 95  5  0
 0  2 6406804 166968   2660 160900 4824    0  5512     0 1324 1148  0  0 94  6  0
 0  1 6403732 163992   2660 161528 3868    0  4128     0 1116 1042  0  0 95  4  0
 0  1 6399380 157936   2660 161512 5568    0  5568     0 1305 1225  0  0 96  4  0
 0  1 6395796 152904   2660 161512 5176    0  5176     0 1067 1081  0  0 96  4  0
 0  1 6414484 171300   2668 161172 4104 21336  4104 21388  881  843  0  1 96  3  0
 0  1 6408596 164240   2668 161100 7148    0  7148     0 1272 1202  0  0 95  4  0
 0  1 6403476 157940   2668 160988 6596    0  6596     0 1135 1107  0  0 96  4  0
 0  1 6399636 152388   2668 160952 5272    0  5272     0 1227 1060  0  0 96  4  0
 0  1 6414740 178604   2668 160736 1192 16292  1192 17448  593  564  0  0 92  8  0
 0  1 6411924 174540   2668 160736 4068    0  4068     0  937  969  0  0 97  3  0
 0  1 6409364 171012   2668 160636 3808    0  3808     0  839  841  0  0 97  3  0
 0  2 6408084 166224   2668 165352 1808    0  6812     0  730  757  0  0 97  3  0
 0  1 6406804 158648   2808 170912 2004    0  7412     0 1005  983  0  0 95  5  0
 0  2 6405012 156380   2816 170912 2360    0  2360    52  763  828  0  0 93  6  0
 0  1 6403220 153356   2816 170900 2916    0  2916     0  687  718  0  0 97  3  0
 0  1 6421140 166708   2788 170296 4468 20788  4468 20788  980  921  0  1 96  3  0
 0  1 6416532 161668   2788 170280 5052    0  5052     0 1056 1045  0  0 96  4  0
 1  0 6410388 155124   2788 170268 6676    0  6676     0 1152 1105  0  0 96  3  0
 0  3 6483604 233992   2672 165544 4424 77468  4428 77468 1109  772  0  1 89 10  0
 0  1 6480532 242056   2672 165968 3656   36  3656    36  803  747  0  0 97  2  0
 0  1 6475412 237268   2672 165692 5516    0  5516     0 1085 1057  0  0 95  4  0
 0  1 6471060 232480   2672 165700 5176    0  5176     0 1191 1131  0  0 95  5  0
 0  1 6468244 227920   4420 165788 3292    0  5124     0 1566 1474  0  0 93  7  0
 1  0 6421908 181056   4420 165696 46844    0 46844     0 2436 3636  0  1 96  3  0
procs -----------memory---------- ---swap-- -----io---- -system-- ------cpu-----
 r  b   swpd   free   buff  cache   si   so    bi    bo   in   cs us sy id wa st
 1  1 6409620 171284   4696 165076 67272 55056 67548 55056 3564 4781  0  2 94  4  0
 0  1 6396564 158656   4684 164272 62908 49580 62908 49580 3626 4489  0  2 93  4  0
 0  0 6409620 169208   4656 162808 64976 78540 64976 78540 3545 4662  0  2 94  4  0
 0  2 6408852 170468   4384 162076 59268 58564 59988 58572 3941 4372  0  2 92  5  0
 0  2 6395796 160956   4384 161028 67436 53984 67436 53984 3688 4925  0  2 94  4  0
 0  2 6397332 169776   4372 157800 50904 52544 50956 52544 3136 3755  0  2 93  5  0
 0  1 6399380 187164   4372 155392 48748 50712 48748 50712 3134 3548  0  2 95  3  0
 0  1 6431696 229248   3700 151296 41208 73528 41208 73528 2609 3060  0  2 91  7  0
 0  3 6404244 193148   3168 148276 82200 54640 82336 54640 4180 5755  1  2 94  4  0
 0  1 6414280 214892   4232 148920 10576 20456 12248 20456 1616 1589  0  1 91  8  0
 0  1 6397896 198056   4232 148672 17008    0 17008     0 1534 1862  0  1 96  4  0
 0  1 6391752 189832   4232 149004 7004    0  7088     0 1430 1357  0  0 95  5  0
 0  1 6385096 182468   4232 149004 7440    0  7440     0 1362 1366  0  0 95  5  0
 0  1 6378696 176168   4232 149020 7624    0  7624     0 1373 1336  0  0 95  5  0
 0  2 6373064 168088   4492 149772 6364    0  7408     0 1281 1255  0  0 95  5  0
 1  2 6371272 160284   5316 154392 1908    0  7352     0  911  774  0  0 95  5  0
 0  1 6386664 168308   5548 158484 3004 17972  7628 17972 1314 1084  0  1 91  8  0
 0  1 6384616 163992   5824 160536 2336    0  4616     0 1085  936  0  0 92  7  0
 0  1 6380776 159456   5824 160492 4996    0  4996     0 1304 1220  0  0 95  5  0
 0  2 6395284 159440   5760 160232 5244 19100  5368 19104 1354 1177  0  1 94  5  0
 0  1 6393236 171080   5760 160452 3964 1264  3968  1264 1019  927  0  0 96  4  0
 0  1 6389140 166040   5760 160452 5032    0  5032     0 1246 1165  0  0 95  5  0
 0  1 6386324 164352   5768 160860 3024    0  3468    56 1030  942  0  0 95  5  0
 0  1 6380436 157800   5768 160924 6432    0  6432     0 1327 1270  0  0 95  4  0
 1  2 6392468 169848   5016 153680 5276 16964  5408 17000 1826 1633  0  1 93  6  0
 0  1 6482580 266592   5028 153988 1292 91144  1656 91144 1437  833  0  2 88 10  0
 0  1 6478484 261804   5028 154072 4868    0  4868     0 1347 1194  0  0 94  6  0
 0  2 6474388 255496   5028 155984 4344    0  6552     0 1231 1033  0  0 94  6  0
 0  1 6472084 251644   5036 157324 2944    0  4052    44 1133  876  0  0 92  8  0
 0  3 6466964 245596   5036 157536 5772    0  6044     0 1431 1319  0  0 93  7  0
 0  1 6459284 237280   5036 157712 8404    0  8640     0 1523 1409  0  0 93  7  0
 0  3 6430356 208244   3696 151312 86916 57836 86916 58572 4111 6113  1  2 91  7  0
 1  1 6474900 258924   3696 151496  512 45052   636 45428  786  561  0  1 84 15  0
 0  1 6414740 198948   3704 151488 64392 4200 64392  4280 3184 4560  0  1 95  4  0
 0  1 6394004 170292   3612 151956 60392 39712 61724 39712 3852 4504  0  2 92  6  0
 0  3 6433940 209604   2988 149236 19856 59772 20008 60248 1551 1755  0  1 87 12  0
 0  0 6445460 213108   3532 149824 24812 36388 25908 36388 2379 2650  0  1 94  5  0
 1  0 6399440 161496   3460 149608 86304 40152 86304 40152 4225 6193  0  2 94  3  0
 0  1 6404756 169056   3320 149052 48588 53768 48588 53768 2949 3719  0  2 94  3  0
 0  2 6402452 166032   3328 149080 3024    0  3024    64  965 1084  0  0 95  5  0
 1  1 6399636 163008   3328 149080 3108    0  3108     0  509  555  0  0 95  5  0
 0  1 6392468 154960   3328 149076 8188    0  8188     0 1611 1587  0  0 95  5  0
 0  1 6405268 167240   3476 151708 4652 16652  7880 16652 1488 1120  0  1 91  8  0
 0  1 6399636 160160   3476 151960 6548    0  6548     0 1330 1251  0  0 95  5  0
 0  1 6393492 153860   3476 151936 6276    0  6276     0 1177 1197  0  0 95  4  0
 0  1 6408084 161168   3260 151784 9788 23516  9788 23516 1616 1368  0  1 94  5  0
 0  2 6435988 184832   3060 150900 9512 36944  9512 36944 1579 1429  0  1 93  6  0
 0  2 6431272 187376   3060 154640 4936   44  8712    44 1090  989  0  0 96  4  0
 0  3 6428456 177752   3068 161704 2800    0  9760    20  782  762  0  0 91  9  0
 0  1 6419752 163656   3208 166576 9016    0 13988     0 1385 1356  0  0 94  6  0
 0  1 6409256 152820   3208 166580 10744    0 10744     0 1489 1406  0  0 94  6  0
 0  1 6414760 160412   3208 166072 11360 16456 11360 16640 1850 1661  0  1 94  6  0
 0  3 6482940 228788   3204 159536 15272 83660 15400 83660 2049 1498  0  2 88 10  0
 0  2 6505108 250752   3224 162924 2724 24896  5908 24896  925  662  0  1 89 10  0
 0  1 6433684 179152   3232 162940 71660    0 71660    52 3194 5093  0  1 94  5  0
 0  1 6401428 156220   3224 160608 88644 56352 88644 56352 4558 6318  1  2 94  3  0
 0  2 6418068 172860   3284 159112 43456 60116 43768 60472 2678 3311  0  2 95  3  0
 0  2 6434196 184712   3484 159588 25256 41604 26552 41604 2664 2599  0  1 90  9  0
 0  3 6430612 178168   4812 161808 3520    0  7064     0  972  774  0  0 91  9  0
 0  1 6413716 158692   5092 164468 17152    0 19916    48 1611 1730  0  0 88 11  0
 0  2 6423168 157180   5556 164732 32780 41904 34684 41904 2659 2892  0  1 92  6  0
 0  1 6429588 172552   5596 165180 34456 40828 35392 40828 2644 2996  0  1 94  4  0
 0  1 6426260 167816   5596 165196 4248    0  4248     0 1147 1138  0  0 96  4  0
 0  1 6419860 161044   5596 166008 6840    0  7372     0 1173 1198  0  0 95  4  0
 0  2 6411412 152704   5604 166028 8664    0  8664    56 1388 1323  0  0 95  5  0
 0  1 6449044 186220   5312 165600 3616 40904  4160 40904  965  695  0  1 92  7  0
 0  1 6437524 173604   5312 165700 11932    0 11932     0 1656 1567  0  0 94  6  0
 0  1 6425748 161508   5312 165652 12476    0 12476     0 1766 1695  0  0 94  6  0
 1  1 6429588 176848   5216 165208 9536 13052  9536 13052 1698 1451  0  1 93  6  0
 0  1 6421352 167776   5216 165312 8964  568  8964   568 1385 1256  0  0 95  5  0
 0  1 6413928 159964   5216 165320 8300    0  8300     0 1301 1300  0  0 94  6  0
 0  1 6406504 152160   5216 165220 8684    0  8684     0 1429 1367  0  0 94  5  0
procs -----------memory---------- ---swap-- -----io---- -system-- ------cpu-----
 r  b   swpd   free   buff  cache   si   so    bi    bo   in   cs us sy id wa st
 1  1 6442900 181392   5072 164008 5652 41960  5652 41960 1362 1099  0  1 94  6  0
 1  2 6426752 171032   5056 163620 32588 16040 32588 16540 2615 2867  0  1 94  5  0
 0  1 6453140 192216   4952 161008 33092 59684 33092 59976 2084 2439  0  1 94  4  0
 1  2 6472852 227740   4940 155520 42636 62164 43080 62164 2357 3085  0  2 90  8  0
 0  2 6468756 220164   4968 157856 11268 7348 13820  7348 1265 1259  0  0 93  6  0
 0  1 6433712 182764   4976 158872 69784 34496 71028 34496 4335 5568  1  2 93  5  0
 0  1 6473108 222296   3784 155000 32864 72468 32864 72468 1998 2464  0  1 93  6  0
 0  2 6471828 221416   3792 154952 1564    0  1564    76  870  861  0  0 94  6  0
 0  1 6465172 213352   3792 154920 7944    0  7944     0  964 1174  0  0 97  2  0
 0  1 6453908 201508   3792 154896 11964    0 11964     0 1703 1610  0  0 94  6  0
 0  1 6445972 192412   3792 154876 8712    0  8952     0 1829 1684  0  0 94  5  0
 0  1 6434964 181864   3792 155216 11268    0 11268     0 1666 1579  0  1 93  6  0
 0  1 6421652 169516   3792 154976 13372    0 13372     0 1587 1579  0  0 95  5  0
 0  1 6408596 155908   3792 155224 13260    0 13260     0 1516 1555  0  0 95  5  0
 0  3 6422420 171492   3888 155204 10136 23648 10632 23648 1631 1398  0  1 93  6  0
 0  1 6417044 163436   4008 158520 5816    0  9248     0 1624 1237  0  0 91  9  0
 0  3 6446228 195188   3540 154656 24016 53180 24016 53712 1961 2098  0  1 89 10  0
 0  1 6442900 193676   3540 154676 43164 39992 43164 40056 2487 3418  0  2 93  5  0
 0  1 6407828 158900   3540 154256 64268 29312 64480 29444 3989 4719  0  2 95  3  0
 1  0 6406036 156380   3540 154264 2340    0  2340     0 1301 1343  0  0 95  5  0
 0  2 6405012 155104   3548 154580 1288    0  1588    80 1226 1136  0  0 89 10  0
 0  3 6421908 171812   3548 154544 4260 20208  4784 20208 1513 1346  0  1 93  7  0
 0  1 6418068 167284   3548 155640 4848    0  5564     0 1038 1153  0  0 96  3  0
 0  1 6410132 158716   3548 155640 8844    0  8844     0 1121 1295  0  0 96  4  0
 0  1 6422684 169756   3548 155172 8876 21444  8876 21444 1160 1220  0  1 96  3  0
 0  1 6415004 159848   3680 157080 7408    0  9296     0 1378 1230  0  0 95  5  0
 0  4 6428564 168064   3688 157680 7396 21440  8392 21488 1238 1131  0  1 93  6  0
 0  2 6424212 162188   3688 158724 4716    0  5684     0 1233 1224  0  0 82 17  0
 0  2 6416020 153368   3688 159000 8544    0  8784     0 1893 2071  0  0 89 11  0
 0  2 6424980 172316   3688 159072 7604 14524  7960 14524 2218 2537  0  1 91  8  0
 0  2 6417812 163748   3688 159268 8308    0  8512     0 1931 2251  0  0 93  6  0
 1  0 6410132 155680   3688 159356 8556    0  8644     0 1721 2052  0  0 94  6  0
 0  1 6441108 183480   3544 159636 9932 40972 10500 41024 1734 1342  0  1 92  7  0
 0  1 6451272 205656   3032 158400 34768 45008 34768 45008 2348 2765  0  1 93  5  0
 0  1 6417404 184236   2960 156800 69028 35172 69028 35172 3420 4905  0  2 95  3  0
 0  3 6397588 163972   2956 159828 35888 15868 39180 15868 2825 3216  0  1 89 10  0
 0  4 6394516 158176   2956 162340 3708    0  6216  1200  947  796  0  0 88 11  0
 0  3 6392212 154356   2964 163324 2192    0  3176   180  633  533  0  0 86 14  0
 0  4 6445460 211992   2772 162972 5388 58064  9488 58064 1750 1203  0  1 81 18  0
 0  5 6440852 203660   3032 165920 5328    0  8364     0 1305 1043  0  0 82 17  0
 0  3 6436756 191532   3424 172172 4128    0 10832     0 1597 1168  0  0 81 18  0
 0  2 6434708 181228   4284 176984 2124    0  7724     0 1283 1104  0  0 89 11  0
 0  2 6433940 172588   5396 179848 1020    0  5144    44 1377 1196  0  1 91  9  0
 2  2 6432660 169788   6220 183080 1488    0  4808    64 1339 1064  0  0 85 15  0
 0  2 6430868 160408   6780 188512 2208    0  8248     0 1138 1024  0  0 94  6  0
 0  2 6451604 173244   8048 189640 4028 24428  6412 24428 3240 2426  1  2 88  9  0
 1  1 6447252 165400   8328 191188 5040    0  6044     0 3141 2094  1  1 89  9  0
 0  2 6440340 156988   8332 191596 7044    0  7352   604 2462 2030  1  2 89  8  0
 1  4 6438548 154232   8484 191940 1972    0  2424   688  686  596  0  0 87 13  0
 0  1 6448276 172628   8612 190928 11292 20960 12524 20960 2770 1867  0  1 91  8  0
 0  1 6431380 154972   8612 190920 17280    0 17280     0 1927 1883  0  1 94  6  0
 0  1 6438548 162280   8612 189880 12596 19152 12596 19152 1633 1492  0  1 95  5  0
 0  1 6445912 172372   8580 189316 11516 18348 11564 18348 1568 1394  0  1 94  5  0
 0  1 6432088 158260   8580 189320 14272    0 14384    32 1666 1631  0  0 93  6  0
 0  1 6463124 187980   8496 187748 9800 40864 10088 40940 1523 1192  0  1 88 11  0
 0  2 6451604 178720   8452 185084 71124 59952 71144 59952 4223 5210  1  2 92  6  0
 0  1 6443156 170160   8452 184300 30976 22040 31252 22040 2464 2698  0  1 90  9  0
 0  1 6436756 163104   8452 184264 7308    0  7308     0 1117 1256  0  0 96  3  0
 0  2 6453884 181248   8452 182512 11628 28972 11748 28972 1530 1344  0  1 93  6  0
 0  1 6450812 178224   8452 182728 3012    0  3116   840  606  563  0  0 92  7  0
 1  1 6441340 168964   8460 183108 9504    0  9816    60 1117 1096  0  0 90  9  0
 0  1 6440596 173516   7980 182952 18804 17604 19012 17604 2088 2072  0  1 93  6  0
 0  1 6423444 156872   7980 183016 16896    0 16896     0 1765 1792  0  1 94  5  0
 0  1 6445716 181316   7644 181208 6352 28560  6352 29052 1152  848  0  1 92  7  0
 0  1 6450840 190136   7364 179524 29608 34444 29608 34444 2432 2547  0  1 94  5  0
 0  1 6430360 168968   7364 179680 21272    0 21272     0 1940 2463  0  1 95  5  0
 0  2 6419608 158376   7372 179740 11076    0 11160    76 1213 1333  0  0 92  8  0
 0  1 6425960 164928   6872 179356 12880 19948 12880 19948 1579 1469  0  1 93  6  0
 0  2 6471572 214572   6416 176668 12824 58068 12824 58068 1532 1395  0  1 91  8  0
 0  1 6452884 196176   6416 176680 18772    0 18772     0 1593 1847  0  0 95  5  0
 0  1 6427796 170976   6416 176676 25180    0 25180     0 1942 2272  0  1 94  5  0
 0  2 6428052 160636   5068 174420 53860 54212 53960 54280 3354 4123  0  2 93  4  0
procs -----------memory---------- ---swap-- -----io---- -system-- ------cpu-----
 r  b   swpd   free   buff  cache   si   so    bi    bo   in   cs us sy id wa st
 1  1 6484116 237188   4948 168724 4592 60440  4592 60440 1351  772  0  1 92  7  0
 0  1 6471060 223896   4948 168736 13256    0 13256     0 1449 1586  0  0 95  4  0
 0  1 6454932 208020   4948 168720 16036    0 16036     0 1597 1688  0  0 95  5  0
 0  1 6434452 187356   4948 168736 20684    0 20684     0 1798 2020  0  1 94  5  0
 0  2 6425236 175560   6484 170184 9604    0 12544     0 1729 1731  0  0 89 11  0
 0  1 6417300 163312   7292 172820 8020    0 11508     0 1714 1465  0  1 92  7  0
 0  3 6439828 177888   7504 173164 10724 33104 12628 33104 2205 1653  1  1 89  9  0
 0  1 6436808 175368   6856 172316 37140 34480 37160 34480 2658 3060  0  1 94  4  0
 0  1 6417300 162516   6696 170604 49960 30644 50032 30644 3106 3795  0  1 94  5  0
 0  1 6422676 168620   6556 169640 12964 17848 13684 17848 2162 1779  0  1 92  7  0
 0  2 6406292 152784   6564 170272 16624    0 16812   892 1533 1657  0  0 86 14  0
 0  1 6430612 181552   6388 168460 10612 35212 10612 35468 1442 1199  0  1 96  4  0
 2  1 6403220 154068   6236 168028 29224 1656 29224  1656 2205 2576  0  1 94  5  0
 0  1 6413460 158100   6200 167580 16512 26572 16512 26572 1625 1718  0  1 95  4  0
 0  1 6409620 160032   5884 167064 22180 18536 22604 18536 1948 2031  0  1 92  7  0
 0  2 6419092 173436   5736 164832 36208 45756 36208 45812 2441 2726  0  1 90  9  0
 0  1 6405880 159072   5688 163784 53320 40252 53320 40288 3215 3956  0  1 96  2  0
 1  0 6407060 168160   5648 162848 34472 35524 34472 35524 2626 2885  0  1 94  5  0
 0  3 6407316 167396   5600 161724 31520 31200 31520 31200 2414 2546  0  1 92  7  0
 0  2 6406292 166128   5616 162800 1264    0  2240   532  742  481  0  0 87 12  0
 1  2 6417276 170088   5564 162048 33608 44500 34064 44516 3076 2953  1  1 92  6  0
 0  1 6413972 173796   5544 163000 24360 20880 25380 20880 2255 2316  0  1 92  7  0
 0  1 6390676 153620   5268 162320 50636 27248 50636 27248 2905 3804  1  1 94  4  0
 0  2 6396552 156644   4932 162896 35724 41356 37712 41356 2278 2819  0  1 92  6  0
 0  3 6410644 166912   4860 167040 3660 18068  7940 18800  906  784  0  1 91  9  0
 0  3 6409108 161960   5004 170900 1884    0  5980    76 1190  796  0  0 82 17  0
 0  2 6410900 166740   4128 168348 52516 53992 53204 53992 3926 3996  1  2 92  5  0
 1  1 6403732 162960   4032 168304 41292 34140 41304 34140 2325 3142  0  1 93  5  0
 0  1 6397516 164300   3936 168364 35312 28776 35660 28776 2427 2865  0  1 93  6  0
 0  1 6421396 185744   3736 167948 14268 38364 14268 38364 1555 1678  0  1 92  7  0
 0  1 6420628 184980   3744 167948 1012    0  1092    60 1089 1054  0  0 90 10  0
 0  1 6416532 180696   3744 168028 5128    0  5128     0 1886 2468  0  0 94  6  0
 0  2 6409876 172128   3900 168012 9176    0  9684     0 1571 1935  0  0 95  5  0
 0  1 6405524 164480   3952 169424 5544    0  6572     0 1152 1315  0  0 93  7  0
 1  0 6393492 152636   3952 169412 12088    0 12140     0 1473 1769  0  0 96  3  0
 0  2 6407164 166992   3860 169344 4972 19432  5068 20328 1216  991  0  1 95  4  0
 0  1 6395388 159188   3864 169484 8940    0  8944   164 1270 1348  0  0 94  5  0
 0  1 6389500 152716   3864 169248 7076    0  7144     0 2316 3081  0  0 92  7  0
 0  3 6402708 164812   3804 169276 6548 18068  6548 18124 1007 1234  0  0 91  8  0
 0  1 6392724 154700   3804 169252 10496    0 10496     0  937 1321  0  0 95  5  0
 1  0 6401428 161984   3728 169048 10440 20624 10440 21132 1523 1418  0  1 95  4  0
 0  1 6403732 170804   3676 169016 11232 15100 11232 15100 1625 1522  0  1 94  5  0
 0  1 6395540 161716   3676 168856 9788    0  9788     0 1787 2124  0  0 95  5  0
 0  1 6403732 167764   3636 168488 16292 23900 16292 23900 1763 1824  0  1 95  4  0
 0  1 6403856 168520   3636 168532 11404 12284 11408 12284 1448 1366  0  1 95  5  0
 0  2 6403800 169504   3624 168316 16372 16540 16372 16580 1679 1769  0  1 93  6  0
 0  0 6389976 155644   3624 168244 13752    0 13752     0 1063 1294  0  0 92  7  0
 1  0 6407132 176560   3332 167676 21200 38844 21200 38844 2222 1973  0  1 93  5  0
 0  1 6382044 152116   3332 167564 24360    0 24360     0 1929 2179  0  1 94  5  0
 0  2 6395028 159676   3224 166792 20420 34680 20420 34680 1922 1894  0  1 93  6  0
 0  1 6391584 159328   3192 167120 24688 21404 25324 21404 2032 2154  0  1 92  7  0
 0  2 6403784 168400   3160 166508 25028 37248 25308 37712 1971 2077  0  1 91  7  0
 0  1 6417044 179992   3024 163896 59856 72784 60032 72784 4088 4349  1  2 93  4  0
 0  2 6394004 168612   2992 164660 51780 29080 53388 29080 3240 3830  0  1 91  8  0
 0  2 6407828 172180   2992 165004 11028 24448 11652 24448 1508 1338  0  1 95  4  0
 0  1 6398356 160964   3000 165708 9776    0 10188    60 1651 1694  0  1 90 10  0
 0  2 6393748 166948   2984 165232 28508 23496 28828 24196 2825 2614  0  1 94  5  0
 0  3 6407828 172492   2984 164556 16596 30984 16860 31268 1693 1549  0  1 92  7  0
 0  1 6400208 162916   2984 164084 51988 44048 51988 44048 2763 3783  0  1 94  5  0
 0  1 6389140 162940   2940 164420 24432 13340 24820 13340 2013 2295  0  1 94  5  0
 0  3 6388116 168224   2936 164168 17596 16508 17712 16596 1778 1872  0  1 90  9  0
 0  1 6390420 162588   2928 163852 39136 41156 40048 41156 2902 3256  0  1 91  7  0
 0  1 6394772 166400   2792 163220 38292 42756 38292 42756 2717 2931  0  1 93  5  0
 0  1 6384532 160864   2792 163080 26404 16112 26404 17144 1837 2293  0  1 94  5  0
 1  0 6379156 164392   2680 162100 43532 37836 43532 37836 2911 3417  0  2 94  4  0
 0  2 6394260 167424   2568 160504 42192 56972 42416 56972 3342 3359  0  2 91  7  0
 0  2 6389116 169440   2576 160504 27276 21728 27276 21800 1815 2249  0  1 91  8  0
 0  1 6410132 187324   2548 158560 18224 39148 18224 39148 1642 1930  0  1 90  8  0
 0  1 6391444 183040   2544 156788 51028 32400 51028 32400 3655 3746  0  2 94  4  0
 0  1 6430868 222388   2412 152516 34748 73860 34748 73860 2370 2654  0  2 92  6  0
 0  4 6419348 208452   3840 153900 11948    0 14796     0 1613 2049  0  0 90  9  0
 0  2 6412948 196952   5220 155712 6372    0  9440     0 1481 1516  0  1 92  8  0
procs -----------memory---------- ---swap-- -----io---- -system-- ------cpu-----
 r  b   swpd   free   buff  cache   si   so    bi    bo   in   cs us sy id wa st
 0  1 6384788 167688   5228 156844 28096    0 29248   488 2077 2516  0  1 91  8  0
 0  3 6382484 166340   5412 157404 22328 20052 23216 20052 2060 2208  0  1 88 11  0
 1  3 6403732 172640   5664 156988 16712 37828 17704 38176 2254 1780  0  1 85 14  0
 0  1 6396820 178436   5656 156184 35032 27908 35032 28104 2379 2799  0  1 90  8  0
 0  4 6373524 155584   5664 156492 23620    0 24092    72 1851 2115  0  1 89 10  0
 0  1 6394004 168688   5660 156420 37556 57572 38376 57572 2982 3242  0  2 91  7  0
 1  0 6370708 154828   5660 155896 49232 26284 49376 26284 2817 3608  0  1 95  3  0
 0  1 6388884 169948   5656 155312 37932 55908 37932 55908 2627 2962  0  2 93  5  0
 0  1 6371220 153144   5656 155676 36680 18816 37220 18816 2372 2936  0  1 95  4  0
 0  1 6374292 160168   5652 155004 49804 52748 49976 52748 3201 3792  0  2 92  5  0
 0  1 6366844 155300   5660 156304 23844 16308 25544 16360 1932 2153  0  1 91  8  0
 0  2 6389396 172940   6052 162828 2200 24776  9348 24776 1393 1169  0  1 89 10  0
 0  1 6384532 159080   6188 171376 5076    0 13624     0  903 1115  0  0 94  6  0
 0  1 6392468 163176   6180 170720 28220 36368 28548 36368 2361 2528  0  1 93  5  0
 0  3 6474900 247336   4084 164296 15052 97392 15056 97392 1708 1409  0  2 81 17  0
 0  1 6458004 242212   5764 165348 16960  124 19576   124 1893 2057  0  1 93  6  0
 1  2 6381972 168124   5768 164980 92920 16948 92920 17004 4315 6491  0  2 94  4  0
 0  1 6382740 165864   5504 164592 35380 35480 35664 35480 2776 3473  0  1 93  5  0
 0  2 6381460 165580   5336 163664 33580 32708 33580 33376 2480 2779  0  1 92  6  0
 0  2 6414996 192228   4764 162116 14568 47916 14568 48344 1537 1290  0  1 92  7  0
 0  1 6381460 159524   4780 162532 33536   12 33900    12 2212 2815  0  1 93  6  0
 0  1 6368932 153996   4780 162164 25524 12640 25524 12640 2515 3193  0  1 94  5  0
 0  1 6373516 160556   4772 159508 43244 47368 43244 47436 2878 3293  0  2 94  4  0
 1  1 6378040 175896   4384 154412 45104 49912 45104 49912 2829 3360  0  2 93  5  0
 1  0 6370708 157752   4392 154576 34344 26816 34488 26880 1846 2537  0  1 93  6  0
 0  2 6397024 197316   3612 148264 45612 71848 45804 71904 3116 3472  0  2 94  4  0
 0  1 6352480 157312   4132 149448 44844    0 46324     0 3070 3905  0  1 93  6  0
 0  1 6363796 155264   4060 148704 43728 54876 43728 54876 3161 3358  0  2 93  4  0
 0  1 6353812 155168   4016 148616 31144 20600 31144 20600 2171 2577  0  1 94  5  0
 0  1 6351264 153908   3956 148356 34208 31968 34208 31968 2953 3082  0  1 94  4  0
 0  1 6349972 155388   3892 147904 37964 36140 37964 36140 2632 3025  0  2 94  4  0
 0  1 6350740 153168   3848 147584 27004 27248 27168 27248 2972 2841  0  1 94  5  0
 0  1 6349724 154672   3772 147328 41016 39644 41016 39644 3284 3583  0  2 94  4  0
 0  1 6349204 154924   3704 147088 32640 32312 32640 32312 2665 2799  0  1 94  5  0
 0  1 6349320 152908   3620 146736 46416 46356 46416 46356 3658 4023  0  2 93  4  0
 1  0 6350740 156940   3620 146196 52572 53928 52572 53928 3677 3911  0  2 94  4  0
 1  0 6346900 152372   3520 146160 39168 35204 39528 35204 3238 3417  0  2 93  4  0
 1  0 6346644 152624   3364 145452 52788 52352 52788 52352 3771 4205  0  2 93  4  0
 0  1 6345248 151868   3332 145356 37580 35984 37580 35984 2864 3233  0  2 95  4  0
 2  1 6348436 155144   3272 145352 41592 44808 41592 44808 3063 3113  0  2 95  3  0
 0  2 6347668 155388   3156 145272 37564 36916 38012 36916 3246 3414  0  2 93  5  0
 0  2 6347924 154608   4028 148432 4752 5024  9072  5024 1445 1048  0  1 90  9  0
 0  3 6378900 172216   4488 151980 3872 35076  8392 35076 1267  920  0  1 88 11  0
 0  2 6374548 160844   4984 157592 4404    0 10420     0 1406 1175  0  0 88 11  0
 0  1 6361748 152536   5384 159624 13076    0 15204     0 1927 2135  0  0 92  7  0
 0  1 6356372 154552   5072 152480 33588 27788 33588 27788 3094 3178  0  1 94  5  0
 0  3 6359188 154120   5880 153160 10024 12856 11780 12856 1715 1616  0  1 94  5  0
 0  3 6359700 155176   6300 154188 10712 10508 12056 10956 2158 1797  0  1 90 10  0
 0  2 6366356 155560   6308 154316 5180 11784  5276 11972 1386 1586  0  1 83 16  0
 0  2 6360724 156144   6308 155336 7892    0  9088     0 2010 2304  0  1 89 10  0
 0  2 6364820 152364   6308 155516 8720 11432  9052 11432 1915 2389  0  1 90 10  0
 0  2 6360980 153876   6308 155460 9144 4420  9144  4420 2021 2224  0  1 86 13  0
 1  0 6361676 151852   6304 155384 22064 22416 22144 22416 2927 2811  0  1 91  8  0
 0  4 6386580 165972   6312 154852 29652 54812 29664 55204 2553 2390  0  2 87 11  0
 1  1 6364564 155404   6312 154012 49300 27348 49328 27484 3152 3721  0  1 93  5  0
 1  0 6361492 153136   6312 153424 51004 47920 51004 47920 3775 3871  0  2 94  4  0
 1  1 6363028 155152   6312 152448 44904 46288 44904 46288 3643 3899  0  2 93  5  0
 1  0 6359956 153388   6304 152352 42164 39028 42276 39028 3491 3326  0  2 94  4  0
 0  1 6367892 155656   6012 151836 39104 47080 39104 47080 3135 3423  0  2 95  3  0
 0  2 6362260 156916   5828 151752 31788 25796 31788 25836 2307 2626  0  1 93  6  0
 1  1 6371476 161452   4828 150576 46808 56032 46808 56032 2869 3817  0  2 93  5  0
 1  0 6361320 153860   4384 150052 47664 36980 47664 36980 3351 4207  0  1 95  3  0
 1  0 6373260 162712   4304 149484 35584 47680 35828 47680 2787 2925  0  1 95  4  0
 0  1 6370452 165736   4276 149236 17036 12896 17036 12896 1945 2468  0  1 95  4  0
 1  1 6390420 191692   3056 146852 16204 37612 16204 37668 1941 1672  0  1 93  6  0
 0  1 6395796 198496   3056 147052 42372 47704 42372 47704 2513 3191  0  1 92  6  0
 0  1 6358164 160192   3056 147012 39348    0 39348     0 2808 3985  0  1 95  4  0
 0  2 6366232 161672   3144 146300 31000 40272 31976 40272 2767 2913  0  1 93  6  0
 0  1 6363028 166712   3880 146756 16020 12308 17008 12308 2444 2602  0  1 93  6  0
 0  2 6363028 156884   3880 146468 15456 15616 15456 15616 1859 1819  0  1 94  5  0
 0  1 6362260 164444   3856 145692 54912 54384 54912 54384 2894 3904  0  2 94  4  0
 0  2 6353800 154868   3856 147224 32828 24248 34184 24248 2476 2680  0  1 93  5  0
procs -----------memory---------- ---swap-- -----io---- -system-- ------cpu-----
 r  b   swpd   free   buff  cache   si   so    bi    bo   in   cs us sy id wa st
 0  3 6399892 189896   3708 146732 3008 49016  9196 49016  954  729  0  1 89 10  0
 0  3 6458260 256164   3712 149560 1004 59328  3832 59328 1147  912  0  1 86 13  0
 0  1 6454164 242012   3716 158108 4508    0 13328     0 1360 1275  0  0 90 10  0
 0  2 6420628 204984   4356 161148 33456    0 36820     0 2304 3143  0  1 95  4  0
 0  4 6416020 194864   5496 165076 4684    0  9752     0 1453 1096  0  0 90 10  0
 0  3 6410644 181696   5760 171576 5728    0 12144     0 1537 1262  0  0 88 12  0
 0  2 6404500 173128   5760 173860 6900    0  8800     0 1423 1243  0  0 88 11  0
 0  5 6401428 163668   6196 176560 3572    0  6440   592 1492 1260  0  0 83 17  0
 0  2 6398100 154140   6680 181232 3224    0  8232     0 1226  969  0  0 90 10  0
 0  2 6401940 153220   7440 180272 5324 8988 11052  8988 2291 1437  0  1 91  8  0
 1  2 6450068 204340   7980 176108 4476 52568  8128 52568 1603  999  0  1 86 13  0
 0  3 6476180 221308   7996 179976 3456 29764  7100 29764 1438  819  0  1 83 16  0
 0  6 6466452 206736   8624 181956 10132    0 12788   104 2915 2603  1  1 81 17  0
 0  2 6464404 201592   9020 184884 2084    0  4920   280 1802 1130  0  1 86 13  0
 1  0 6438548 175936   9024 187096 25856    0 27240     0 3227 2692  0  1 89 10  0
 0  1 6405268 153792   8876 183596 55224 21316 55324 21316 3881 4944  0  2 94  4  0
 0  2 6403988 155052   8388 181132 32332 30828 32336 30828 3043 3028  0  1 94  4  0
 0  1 6396564 152792   8036 178348 37312 30080 37676 30080 3167 3290  0  2 93  5  0
 0  2 6401940 159840   7376 177244 23912 29240 24196 30172 1883 2035  0  1 87 12  0
 0  1 6405780 157612   6856 176368 26956 31016 28052 31016 2360 2502  0  1 92  6  0
 1  1 6391000 153076   6772 174172 33924 18456 33924 18456 2715 3410  0  1 94  4  0
 0  2 6403732 157360   6516 172896 7560 20184  7560 20676 1279 1127  0  1 94  5  0
 0  1 6396052 153564   6512 173188 7600    0  8400   216 1175 1064  0  0 92  7  0
 0  1 6394516 155188   5824 169000 46452 44780 46452 44780 4026 4635  0  2 94  4  0
 0  4 6386492 154920   5700 168696 36064 27948 36256 28028 2569 2852  0  1 89 10  0
 0  1 6391204 155724   5636 170064 8644 12532  9740 12532 2034 2327  0  1 88 11  0
 0  2 6393248 154352   5500 169712 39068 42132 39392 42628 3335 3421  1  2 91  7  0
 0  1 6385556 152372   5432 169724 15868 8060 16272  8604 1813 1798  0  1 90  9  0
 0  1 6399892 158132   5268 169388 38204 52392 38204 52392 3149 3104  0  2 94  4  0
 0  2 6393236 158716   5080 169004 40832 34000 41208 34072 2715 3254  0  1 94  5  0
 0  1 6381460 152488   5056 169632 16948 4652 17300  4652 1642 2003  0  0 94  6  0
 0  1 6384848 156528   4908 169112 31872 36072 31872 36860 2666 2669  0  1 93  6  0
 0  1 6390676 155520   4560 168220 54884 60632 54884 60632 3899 4181  0  2 94  3  0
 0  1 6381408 154724   4452 167732 42092 32344 42092 32344 3120 3558  0  2 94  4  0
 0  1 6381260 155732   4212 167252 37660 37564 37660 37564 3060 3359  0  2 94  4  0
 0  2 6414896 190224   3200 163680 43652 77368 43652 77440 3468 3778  0  2 93  4  0
 1  1 6375232 155700   3060 162408 47756 7948 47756  7952 2752 3940  0  1 94  5  0
 0  2 6400148 180712   3100 157928 38836 63588 38992 63588 3059 3543  0  2 93  5  0
 0  1 6371732 155284   3520 158352 39760 11416 40804 11416 3080 3708  0  1 94  5  0
 0  1 6371240 155040   3520 157476 50240 49544 50240 49544 3796 4196  0  2 95  3  0
 0  1 6375572 158536   3500 156576 26320 29944 26320 29944 2693 3066  0  1 95  4  0
 0  1 6379432 172144   3480 153092 36664 41160 36664 41228 2709 2912  0  1 93  5  0
 2  1 6358696 152236   3480 152072 20816   68 20816    68 1995 2747  0  1 95  4  0
 0  1 6366100 151544   3460 151664 26344 32960 26964 32960 2789 2523  0  1 93  6  0
 0  1 6369172 153056   3452 151588 12464 15548 12464 15548 1738 2150  0  1 95  4  0
 0  1 6388536 171452   3364 149136 51292 70448 51292 70448 3362 3810  0  2 93  5  0
 0  1 6364052 153560   3304 147188 56472 32080 56472 32080 3096 4065  0  1 94  4  0
 0  1 6377364 174780   3060 144392 37940 51308 37940 51308 2349 2943  0  1 93  5  0
 0  2 6378388 172212   3696 144832 26608 27296 28288 27296 2883 3150  0  1 93  6  0
 0  1 6377876 179552   3980 144896 26656 25908 27360 25908 2364 2872  0  1 91  8  0
 0  1 6350996 153172   3928 145264 41656 14232 41656 14232 2805 3795  0  1 95  4  0
 0  1 6352020 152668   3848 145348 33196 34648 33196 34648 2417 2747  0  1 94  4  0
 0  2 6359956 155180   3808 145512 12648 20340 13148 20340 1704 1829  0  1 96  3  0
 0  2 6389864 183152   5028 148164 3488 33152  8644 33152 1173  844  0  1 91  8  0
 0  2 6382952 169716   5464 154864 6576    0 13168     0 1463 1256  0  1 88 11  0
 0  3 6454420 236432   5332 150136 24988 96144 25532 96144 2075 2103  0  2 89  8  0
 0  2 6465172 251340   5732 151576 2904 13664  4792 13664  658  609  0  0 90  9  0
 0  1 6426516 211524   6004 153180 39020    0 40872     0 2578 3273  0  1 93  5  0
 0  2 6427424 211524   4456 147772 63104 63952 63104 63952 3550 4560  0  2 92  6  0
 0  3 6456212 253380   4620 149212 2412 30936  3844 31524 1175  949  0  1 85 14  0
 0  2 6450836 239740   4808 159840 4860    0 15508     0 1378 1217  0  0 90 10  0
 0  3 6448532 233304   4940 165180 2828    0  8136     0  894  711  0  0 89 11  0
 0  1 6442644 220092   5872 170396 5904    0 12112     0 1345 1218  0  0 92  8  0
 0  1 6391956 167920   5872 171472 50884    0 51876     0 3055 3982  0  1 94  5  0
 0  3 6376492 154572   4596 164844 22988 7168 24820  7944 1973 2132  0  1 92  7  0
 0  1 6389396 170660   4616 165296 38740 52064 39908 52064 3293 3550  0  2 89  9  0
 0  1 6384020 162376   4616 164776 42688 37236 42688 37236 2918 3542  0  1 93  5  0
 0  1 6398868 173212   4616 164028 23808 38280 23952 38280 2037 2047  0  1 92  7  0
 0  1 6389140 162376   4616 162952 65888 55992 65888 55992 4213 4700  1  2 95  3  0
 1  3 6386836 170440   4616 162456 57296 55252 57944 55252 3544 4257  0  2 92  6  0
 0  1 6401428 183372   4624 163176 29800 44208 31320 44264 2835 2836  0  1 89  9  0
 1  0 6381460 156652   4624 161980 60128 39840 60128 39840 3475 4424  0  2 94  5  0
procs -----------memory---------- ---swap-- -----io---- -system-- ------cpu-----
 r  b   swpd   free   buff  cache   si   so    bi    bo   in   cs us sy id wa st
 2  2 6409620 199996   3784 157352 47916 75728 47916 76136 3549 3628  0  2 92  6  0
 1  0 6386580 171520   3784 157472 36024 12988 36024 13192 2021 2823  0  1 93  6  0
 0  1 6382740 166952   3648 156016 43500 39500 43500 39500 2787 3348  0  2 94  4  0
 0  2 6368916 159100   3076 154556 48348 34540 48584 34604 3097 3839  0  2 93  5  0
 0  2 6400092 183324   2500 152380 41904 72720 41904 72720 2669 3146  0  2 92  6  0
 1  1 6371476 167268   2472 148524 49404 20476 49404 20532 2780 3785  0  1 95  4  0
 0  1 6381204 173316   2472 148704 49712 59324 49712 59324 2740 3694  0  2 95  3  0
 1  0 6371916 167236   2472 147444 59444 50420 59444 50420 3246 4290  0  2 94  3  0
 0  2 6375572 168592   2468 146416 56944 60436 57188 60436 3539 4429  0  2 93  5  0
 0  1 6366356 157148   2460 146516 40192 31092 40556 31092 2743 3248  0  1 92  6  0
 0  1 6373012 169496   2456 145548 66176 72940 66176 72940 3856 4699  1  2 94  3  0
 0  2 6368916 162692   2456 144704 53596 49292 53596 49292 3085 3964  0  2 94  4  0
 1  0 6352276 156392   2456 144304 56136 39140 56136 39140 3053 4062  0  2 94  4  0
 1  1 6365844 164960   2456 143472 64464 77764 64464 77764 3762 4653  1  2 94  4  0
 0  3 6376716 180048   2456 144992 33544 44640 35560 44640 2440 2763  0  2 92  7  0
 0  2 6372876 169180   3984 148960 3912    0  9304     0 1380 1171  0  0 91  9  0
 1  1 6383764 174384   4376 150904 12648 22944 19296 22944 2152 1801  0  1 89 10  0
 0  4 6465684 252488   4376 152168 2016 84032  3336 84032 1099  619  0  2 73 26  0
 0  4 6465172 243132   5196 156900  852    0  6404     0 1106 1004  0  0 86 13  0
 0  3 6463636 235004   5372 161160 2000    0  5988     0 2008 1882  1  1 84 15  0
 1  0 6383764 154284   5504 161212 79524    0 79920     0 4257 6000  1  2 94  4  0
 0  4 6410388 188344   5500 161036 5392 32048  5680 33192 1298  956  0  1 82 17  0
 1  1 6404500 189992   4872 154712 41696 35396 42264 35508 3010 3617  0  1 90  8  0
 1  0 3970792 235144   4876 154888 25756 73752 25760 73752 2512 2179  0  2 92  6  0
 0  0 814380 15620640   6068 156152  504    0  3224     0 2766 1388  0  5 92  3  0
 1  0 814380 15620292   6068 156152    0    0     0     0  161  101  0  0 100  0  0
 0  0 814380 15620452   6076 156396    0    0    60    56  177  162  0  0 100  0  0
 0  0 814380 15620452   6076 156396    0    0     0  1048  256  119  0  0 100  0  0
 1  0 814380 15620420   6076 156464    0    0     0     0   61   83  0  0 100  0  0
